[11.384s] Invoking command in '/home/E14Raspberry/ScooperBot/tennisbot_ws/build/ball_tracker': PYTHONPATH=/home/E14Raspberry/ScooperBot/tennisbot_ws/build/ball_tracker/prefix_override:/usr/lib/python3/dist-packages/colcon_core/task/python/colcon_distutils_commands:/home/E14Raspberry/ScooperBot/tennisbot_ws/install/ball_tracker/lib/python3.12/site-packages:${PYTHONPATH} /usr/bin/python3 -W ignore:setup.py install is deprecated setup.py develop --editable --build-directory /home/E14Raspberry/ScooperBot/tennisbot_ws/build/ball_tracker/build --no-deps symlink_data
[16.180s] running develop
[16.181s] /usr/lib/python3/dist-packages/setuptools/command/develop.py:40: EasyInstallDeprecationWarning: easy_install command is deprecated.
[16.183s] !!
[16.185s] 
[16.187s]         ********************************************************************************
[16.188s]         Please avoid running ``setup.py`` and ``easy_install``.
[16.189s]         Instead, use pypa/build, pypa/installer or other
[16.191s]         standards-based tools.
[16.192s] 
[16.193s]         See https://github.com/pypa/setuptools/issues/917 for details.
[16.194s]         ********************************************************************************
[16.196s] 
[16.197s] !!
[16.198s]   easy_install.initialize_options(self)
[19.451s] running egg_info
[19.765s] writing ball_tracker.egg-info/PKG-INFO
[19.768s] writing dependency_links to ball_tracker.egg-info/dependency_links.txt
[19.772s] writing entry points to ball_tracker.egg-info/entry_points.txt
[19.781s] writing requirements to ball_tracker.egg-info/requires.txt
[19.783s] writing top-level names to ball_tracker.egg-info/top_level.txt
[20.376s] reading manifest file 'ball_tracker.egg-info/SOURCES.txt'
[20.391s] writing manifest file 'ball_tracker.egg-info/SOURCES.txt'
[20.698s] running build_ext
[20.700s] Creating /home/E14Raspberry/ScooperBot/tennisbot_ws/install/ball_tracker/lib/python3.12/site-packages/ball-tracker.egg-link (link to .)
[20.707s] Installing detect_ball script to /home/E14Raspberry/ScooperBot/tennisbot_ws/install/ball_tracker/lib/ball_tracker
[20.716s] Installing detect_ball_3d script to /home/E14Raspberry/ScooperBot/tennisbot_ws/install/ball_tracker/lib/ball_tracker
[20.725s] Installing detect_ball_nn script to /home/E14Raspberry/ScooperBot/tennisbot_ws/install/ball_tracker/lib/ball_tracker
[20.727s] Installing detect_ball_nn_offload script to /home/E14Raspberry/ScooperBot/tennisbot_ws/install/ball_tracker/lib/ball_tracker
[20.730s] Installing follow_ball script to /home/E14Raspberry/ScooperBot/tennisbot_ws/install/ball_tracker/lib/ball_tracker
[20.733s] Installing follow_ball_action_server script to /home/E14Raspberry/ScooperBot/tennisbot_ws/install/ball_tracker/lib/ball_tracker
[20.738s] 
[20.742s] Installed /home/E14Raspberry/ScooperBot/tennisbot_ws/build/ball_tracker
[20.745s] running symlink_data
[21.028s] Invoked command in '/home/E14Raspberry/ScooperBot/tennisbot_ws/build/ball_tracker' returned '0': PYTHONPATH=/home/E14Raspberry/ScooperBot/tennisbot_ws/build/ball_tracker/prefix_override:/usr/lib/python3/dist-packages/colcon_core/task/python/colcon_distutils_commands:/home/E14Raspberry/ScooperBot/tennisbot_ws/install/ball_tracker/lib/python3.12/site-packages:${PYTHONPATH} /usr/bin/python3 -W ignore:setup.py install is deprecated setup.py develop --editable --build-directory /home/E14Raspberry/ScooperBot/tennisbot_ws/build/ball_tracker/build --no-deps symlink_data
