[12.769s] Invoking command in '/home/E14Raspberry/ScooperBot/tennisbot_ws/build/ball_tracker': PYTHONPATH=/home/E14Raspberry/ScooperBot/tennisbot_ws/build/ball_tracker/prefix_override:/usr/lib/python3/dist-packages/colcon_core/task/python/colcon_distutils_commands:/home/E14Raspberry/ScooperBot/tennisbot_ws/install/ball_tracker/lib/python3.12/site-packages:${PYTHONPATH} /usr/bin/python3 -W ignore:setup.py install is deprecated setup.py develop --editable --build-directory /home/E14Raspberry/ScooperBot/tennisbot_ws/build/ball_tracker/build --no-deps symlink_data
[14.455s] /usr/lib/python3/dist-packages/setuptools/dist.py:744: SetuptoolsDeprecationWarning: Invalid dash-separated options
[14.456s] !!
[14.457s] 
[14.458s]         ********************************************************************************
[14.459s]         Usage of dash-separated 'script-dir' will not be supported in future
[14.461s]         versions. Please use the underscore name 'script_dir' instead.
[14.462s] 
[14.463s]         This deprecation is overdue, please update your project and remove deprecated
[14.464s]         calls to avoid build errors in the future.
[14.467s] 
[14.469s]         See https://setuptools.pypa.io/en/latest/userguide/declarative_config.html for details.
[14.470s]         ********************************************************************************
[14.472s] 
[14.473s] !!
[14.474s]   opt = self.warn_dash_deprecation(opt, section)
[17.394s] running develop
[17.402s] /usr/lib/python3/dist-packages/setuptools/command/develop.py:40: EasyInstallDeprecationWarning: easy_install command is deprecated.
[17.407s] !!
[17.412s] 
[17.413s]         ********************************************************************************
[17.415s]         Please avoid running ``setup.py`` and ``easy_install``.
[17.417s]         Instead, use pypa/build, pypa/installer or other
[17.418s]         standards-based tools.
[17.420s] 
[17.421s]         See https://github.com/pypa/setuptools/issues/917 for details.
[17.423s]         ********************************************************************************
[17.424s] 
[17.426s] !!
[17.428s]   easy_install.initialize_options(self)
[20.537s] running egg_info
[20.803s] writing ball_tracker.egg-info/PKG-INFO
[20.805s] writing dependency_links to ball_tracker.egg-info/dependency_links.txt
[20.808s] writing entry points to ball_tracker.egg-info/entry_points.txt
[20.811s] writing requirements to ball_tracker.egg-info/requires.txt
[20.813s] writing top-level names to ball_tracker.egg-info/top_level.txt
[21.364s] reading manifest file 'ball_tracker.egg-info/SOURCES.txt'
[21.369s] writing manifest file 'ball_tracker.egg-info/SOURCES.txt'
[21.649s] running build_ext
[21.651s] Creating /home/E14Raspberry/ScooperBot/tennisbot_ws/install/ball_tracker/lib/python3.12/site-packages/ball-tracker.egg-link (link to .)
[21.659s] Installing detect_ball script to /home/E14Raspberry/ScooperBot/tennisbot_ws/install/ball_tracker/lib/ball_tracker
[21.663s] Installing detect_ball_3d script to /home/E14Raspberry/ScooperBot/tennisbot_ws/install/ball_tracker/lib/ball_tracker
[21.666s] Installing detect_ball_nn script to /home/E14Raspberry/ScooperBot/tennisbot_ws/install/ball_tracker/lib/ball_tracker
[21.669s] Installing follow_ball script to /home/E14Raspberry/ScooperBot/tennisbot_ws/install/ball_tracker/lib/ball_tracker
[21.672s] 
[21.674s] Installed /home/E14Raspberry/ScooperBot/tennisbot_ws/build/ball_tracker
[21.675s] running symlink_data
[21.985s] Invoked command in '/home/E14Raspberry/ScooperBot/tennisbot_ws/build/ball_tracker' returned '0': PYTHONPATH=/home/E14Raspberry/ScooperBot/tennisbot_ws/build/ball_tracker/prefix_override:/usr/lib/python3/dist-packages/colcon_core/task/python/colcon_distutils_commands:/home/E14Raspberry/ScooperBot/tennisbot_ws/install/ball_tracker/lib/python3.12/site-packages:${PYTHONPATH} /usr/bin/python3 -W ignore:setup.py install is deprecated setup.py develop --editable --build-directory /home/E14Raspberry/ScooperBot/tennisbot_ws/build/ball_tracker/build --no-deps symlink_data
