[0.434s] DEBUG:colcon:Command line arguments: ['/usr/bin/colcon', 'build', '--symlink-install']
[0.435s] DEBUG:colcon:Parsed command line arguments: Namespace(log_base=None, log_level=None, verb_name='build', build_base='build', install_base='install', merge_install=False, symlink_install=True, test_result_base=None, continue_on_error=False, executor='parallel', parallel_workers=4, event_handlers=None, ignore_user_meta=False, metas=['./colcon.meta'], base_paths=['.'], packages_ignore=None, packages_ignore_regex=None, paths=None, packages_up_to=None, packages_up_to_regex=None, packages_above=None, packages_above_and_dependencies=None, packages_above_depth=None, packages_select_by_dep=None, packages_skip_by_dep=None, packages_skip_up_to=None, packages_select_build_failed=False, packages_skip_build_finished=False, packages_select_test_failures=False, packages_skip_test_passed=False, packages_select=None, packages_skip=None, packages_select_regex=None, packages_skip_regex=None, packages_start=None, packages_end=None, allow_overriding=[], cmake_args=None, cmake_target=None, cmake_target_skip_unavailable=False, cmake_clean_cache=False, cmake_clean_first=False, cmake_force_configure=False, ament_cmake_args=None, catkin_cmake_args=None, catkin_skip_building_tests=False, mixin_files=None, mixin=None, verb_parser=<colcon_mixin.mixin.mixin_argument.MixinArgumentDecorator object at 0xffff95852ae0>, verb_extension=<colcon_core.verb.build.BuildVerb object at 0xffff95a04fb0>, main=<bound method BuildVerb.main of <colcon_core.verb.build.BuildVerb object at 0xffff95a04fb0>>, mixin_verb=('build',))
[0.582s] Level 1:colcon.colcon_core.package_discovery:discover_packages(colcon_meta) check parameters
[0.582s] Level 1:colcon.colcon_core.package_discovery:discover_packages(recursive) check parameters
[0.583s] Level 1:colcon.colcon_core.package_discovery:discover_packages(ignore) check parameters
[0.583s] Level 1:colcon.colcon_core.package_discovery:discover_packages(path) check parameters
[0.583s] Level 1:colcon.colcon_core.package_discovery:discover_packages(colcon_meta) discover
[0.583s] Level 1:colcon.colcon_core.package_discovery:discover_packages(recursive) discover
[0.583s] INFO:colcon.colcon_core.package_discovery:Crawling recursively for packages in '/home/E14Raspberry/ScooperBot/tennisbot_ws'
[0.583s] Level 1:colcon.colcon_core.package_identification:_identify(.) by extensions ['ignore', 'ignore_ament_install']
[0.584s] Level 1:colcon.colcon_core.package_identification:_identify(.) by extension 'ignore'
[0.584s] Level 1:colcon.colcon_core.package_identification:_identify(.) by extension 'ignore_ament_install'
[0.584s] Level 1:colcon.colcon_core.package_identification:_identify(.) by extensions ['colcon_pkg']
[0.584s] Level 1:colcon.colcon_core.package_identification:_identify(.) by extension 'colcon_pkg'
[0.584s] Level 1:colcon.colcon_core.package_identification:_identify(.) by extensions ['colcon_meta']
[0.585s] Level 1:colcon.colcon_core.package_identification:_identify(.) by extension 'colcon_meta'
[0.585s] Level 1:colcon.colcon_core.package_identification:_identify(.) by extensions ['ros']
[0.585s] Level 1:colcon.colcon_core.package_identification:_identify(.) by extension 'ros'
[0.688s] Level 1:colcon.colcon_core.package_identification:_identify(.) by extensions ['cmake', 'python']
[0.689s] Level 1:colcon.colcon_core.package_identification:_identify(.) by extension 'cmake'
[0.689s] Level 1:colcon.colcon_core.package_identification:_identify(.) by extension 'python'
[0.689s] Level 1:colcon.colcon_core.package_identification:_identify(.) by extensions ['python_setup_py']
[0.689s] Level 1:colcon.colcon_core.package_identification:_identify(.) by extension 'python_setup_py'
[0.690s] Level 1:colcon.colcon_core.package_identification:_identify(build) by extensions ['ignore', 'ignore_ament_install']
[0.690s] Level 1:colcon.colcon_core.package_identification:_identify(build) by extension 'ignore'
[0.690s] Level 1:colcon.colcon_core.package_identification:_identify(build) ignored
[0.691s] Level 1:colcon.colcon_core.package_identification:_identify(install) by extensions ['ignore', 'ignore_ament_install']
[0.691s] Level 1:colcon.colcon_core.package_identification:_identify(install) by extension 'ignore'
[0.691s] Level 1:colcon.colcon_core.package_identification:_identify(install) ignored
[0.692s] Level 1:colcon.colcon_core.package_identification:_identify(log) by extensions ['ignore', 'ignore_ament_install']
[0.692s] Level 1:colcon.colcon_core.package_identification:_identify(log) by extension 'ignore'
[0.692s] Level 1:colcon.colcon_core.package_identification:_identify(log) ignored
[0.693s] Level 1:colcon.colcon_core.package_identification:_identify(src) by extensions ['ignore', 'ignore_ament_install']
[0.693s] Level 1:colcon.colcon_core.package_identification:_identify(src) by extension 'ignore'
[0.693s] Level 1:colcon.colcon_core.package_identification:_identify(src) by extension 'ignore_ament_install'
[0.693s] Level 1:colcon.colcon_core.package_identification:_identify(src) by extensions ['colcon_pkg']
[0.694s] Level 1:colcon.colcon_core.package_identification:_identify(src) by extension 'colcon_pkg'
[0.694s] Level 1:colcon.colcon_core.package_identification:_identify(src) by extensions ['colcon_meta']
[0.694s] Level 1:colcon.colcon_core.package_identification:_identify(src) by extension 'colcon_meta'
[0.694s] Level 1:colcon.colcon_core.package_identification:_identify(src) by extensions ['ros']
[0.694s] Level 1:colcon.colcon_core.package_identification:_identify(src) by extension 'ros'
[0.694s] Level 1:colcon.colcon_core.package_identification:_identify(src) by extensions ['cmake', 'python']
[0.694s] Level 1:colcon.colcon_core.package_identification:_identify(src) by extension 'cmake'
[0.695s] Level 1:colcon.colcon_core.package_identification:_identify(src) by extension 'python'
[0.695s] Level 1:colcon.colcon_core.package_identification:_identify(src) by extensions ['python_setup_py']
[0.695s] Level 1:colcon.colcon_core.package_identification:_identify(src) by extension 'python_setup_py'
[0.695s] Level 1:colcon.colcon_core.package_identification:_identify(src/diffdrive_arduino) by extensions ['ignore', 'ignore_ament_install']
[0.696s] Level 1:colcon.colcon_core.package_identification:_identify(src/diffdrive_arduino) by extension 'ignore'
[0.696s] Level 1:colcon.colcon_core.package_identification:_identify(src/diffdrive_arduino) by extension 'ignore_ament_install'
[0.696s] Level 1:colcon.colcon_core.package_identification:_identify(src/diffdrive_arduino) by extensions ['colcon_pkg']
[0.696s] Level 1:colcon.colcon_core.package_identification:_identify(src/diffdrive_arduino) by extension 'colcon_pkg'
[0.696s] Level 1:colcon.colcon_core.package_identification:_identify(src/diffdrive_arduino) by extensions ['colcon_meta']
[0.696s] Level 1:colcon.colcon_core.package_identification:_identify(src/diffdrive_arduino) by extension 'colcon_meta'
[0.697s] Level 1:colcon.colcon_core.package_identification:_identify(src/diffdrive_arduino) by extensions ['ros']
[0.697s] Level 1:colcon.colcon_core.package_identification:_identify(src/diffdrive_arduino) by extension 'ros'
[0.706s] DEBUG:colcon.colcon_core.package_identification:Package 'src/diffdrive_arduino' with type 'ros.ament_cmake' and name 'diffdrive_arduino'
[0.707s] Level 1:colcon.colcon_core.package_identification:_identify(src/serial) by extensions ['ignore', 'ignore_ament_install']
[0.707s] Level 1:colcon.colcon_core.package_identification:_identify(src/serial) by extension 'ignore'
[0.707s] Level 1:colcon.colcon_core.package_identification:_identify(src/serial) by extension 'ignore_ament_install'
[0.708s] Level 1:colcon.colcon_core.package_identification:_identify(src/serial) by extensions ['colcon_pkg']
[0.708s] Level 1:colcon.colcon_core.package_identification:_identify(src/serial) by extension 'colcon_pkg'
[0.708s] Level 1:colcon.colcon_core.package_identification:_identify(src/serial) by extensions ['colcon_meta']
[0.708s] Level 1:colcon.colcon_core.package_identification:_identify(src/serial) by extension 'colcon_meta'
[0.708s] Level 1:colcon.colcon_core.package_identification:_identify(src/serial) by extensions ['ros']
[0.708s] Level 1:colcon.colcon_core.package_identification:_identify(src/serial) by extension 'ros'
[0.710s] DEBUG:colcon.colcon_core.package_identification:Package 'src/serial' with type 'ros.ament_cmake' and name 'serial'
[0.711s] Level 1:colcon.colcon_core.package_identification:_identify(src/serial_motor_demo) by extensions ['ignore', 'ignore_ament_install']
[0.711s] Level 1:colcon.colcon_core.package_identification:_identify(src/serial_motor_demo) by extension 'ignore'
[0.711s] Level 1:colcon.colcon_core.package_identification:_identify(src/serial_motor_demo) by extension 'ignore_ament_install'
[0.711s] Level 1:colcon.colcon_core.package_identification:_identify(src/serial_motor_demo) by extensions ['colcon_pkg']
[0.712s] Level 1:colcon.colcon_core.package_identification:_identify(src/serial_motor_demo) by extension 'colcon_pkg'
[0.712s] Level 1:colcon.colcon_core.package_identification:_identify(src/serial_motor_demo) by extensions ['colcon_meta']
[0.712s] Level 1:colcon.colcon_core.package_identification:_identify(src/serial_motor_demo) by extension 'colcon_meta'
[0.712s] Level 1:colcon.colcon_core.package_identification:_identify(src/serial_motor_demo) by extensions ['ros']
[0.712s] Level 1:colcon.colcon_core.package_identification:_identify(src/serial_motor_demo) by extension 'ros'
[0.712s] Level 1:colcon.colcon_core.package_identification:_identify(src/serial_motor_demo) by extensions ['cmake', 'python']
[0.712s] Level 1:colcon.colcon_core.package_identification:_identify(src/serial_motor_demo) by extension 'cmake'
[0.713s] Level 1:colcon.colcon_core.package_identification:_identify(src/serial_motor_demo) by extension 'python'
[0.713s] Level 1:colcon.colcon_core.package_identification:_identify(src/serial_motor_demo) by extensions ['python_setup_py']
[0.713s] Level 1:colcon.colcon_core.package_identification:_identify(src/serial_motor_demo) by extension 'python_setup_py'
[0.713s] Level 1:colcon.colcon_core.package_identification:_identify(src/serial_motor_demo/serial_motor_demo) by extensions ['ignore', 'ignore_ament_install']
[0.714s] Level 1:colcon.colcon_core.package_identification:_identify(src/serial_motor_demo/serial_motor_demo) by extension 'ignore'
[0.714s] Level 1:colcon.colcon_core.package_identification:_identify(src/serial_motor_demo/serial_motor_demo) by extension 'ignore_ament_install'
[0.714s] Level 1:colcon.colcon_core.package_identification:_identify(src/serial_motor_demo/serial_motor_demo) by extensions ['colcon_pkg']
[0.714s] Level 1:colcon.colcon_core.package_identification:_identify(src/serial_motor_demo/serial_motor_demo) by extension 'colcon_pkg'
[0.714s] Level 1:colcon.colcon_core.package_identification:_identify(src/serial_motor_demo/serial_motor_demo) by extensions ['colcon_meta']
[0.715s] Level 1:colcon.colcon_core.package_identification:_identify(src/serial_motor_demo/serial_motor_demo) by extension 'colcon_meta'
[0.715s] Level 1:colcon.colcon_core.package_identification:_identify(src/serial_motor_demo/serial_motor_demo) by extensions ['ros']
[0.715s] Level 1:colcon.colcon_core.package_identification:_identify(src/serial_motor_demo/serial_motor_demo) by extension 'ros'
[0.717s] DEBUG:colcon.colcon_core.package_identification:Package 'src/serial_motor_demo/serial_motor_demo' with type 'ros.ament_python' and name 'serial_motor_demo'
[0.717s] Level 1:colcon.colcon_core.package_identification:_identify(src/serial_motor_demo/serial_motor_demo_msgs) by extensions ['ignore', 'ignore_ament_install']
[0.718s] Level 1:colcon.colcon_core.package_identification:_identify(src/serial_motor_demo/serial_motor_demo_msgs) by extension 'ignore'
[0.718s] Level 1:colcon.colcon_core.package_identification:_identify(src/serial_motor_demo/serial_motor_demo_msgs) by extension 'ignore_ament_install'
[0.719s] Level 1:colcon.colcon_core.package_identification:_identify(src/serial_motor_demo/serial_motor_demo_msgs) by extensions ['colcon_pkg']
[0.719s] Level 1:colcon.colcon_core.package_identification:_identify(src/serial_motor_demo/serial_motor_demo_msgs) by extension 'colcon_pkg'
[0.719s] Level 1:colcon.colcon_core.package_identification:_identify(src/serial_motor_demo/serial_motor_demo_msgs) by extensions ['colcon_meta']
[0.719s] Level 1:colcon.colcon_core.package_identification:_identify(src/serial_motor_demo/serial_motor_demo_msgs) by extension 'colcon_meta'
[0.719s] Level 1:colcon.colcon_core.package_identification:_identify(src/serial_motor_demo/serial_motor_demo_msgs) by extensions ['ros']
[0.719s] Level 1:colcon.colcon_core.package_identification:_identify(src/serial_motor_demo/serial_motor_demo_msgs) by extension 'ros'
[0.721s] DEBUG:colcon.colcon_core.package_identification:Package 'src/serial_motor_demo/serial_motor_demo_msgs' with type 'ros.ament_cmake' and name 'serial_motor_demo_msgs'
[0.721s] Level 1:colcon.colcon_core.package_identification:_identify(src/tennisbotmaster) by extensions ['ignore', 'ignore_ament_install']
[0.722s] Level 1:colcon.colcon_core.package_identification:_identify(src/tennisbotmaster) by extension 'ignore'
[0.722s] Level 1:colcon.colcon_core.package_identification:_identify(src/tennisbotmaster) by extension 'ignore_ament_install'
[0.722s] Level 1:colcon.colcon_core.package_identification:_identify(src/tennisbotmaster) by extensions ['colcon_pkg']
[0.722s] Level 1:colcon.colcon_core.package_identification:_identify(src/tennisbotmaster) by extension 'colcon_pkg'
[0.722s] Level 1:colcon.colcon_core.package_identification:_identify(src/tennisbotmaster) by extensions ['colcon_meta']
[0.723s] Level 1:colcon.colcon_core.package_identification:_identify(src/tennisbotmaster) by extension 'colcon_meta'
[0.723s] Level 1:colcon.colcon_core.package_identification:_identify(src/tennisbotmaster) by extensions ['ros']
[0.723s] Level 1:colcon.colcon_core.package_identification:_identify(src/tennisbotmaster) by extension 'ros'
[0.724s] DEBUG:colcon.colcon_core.package_identification:Package 'src/tennisbotmaster' with type 'ros.ament_cmake' and name 'tennisbotmaster'
[0.725s] Level 1:colcon.colcon_core.package_identification:_identify(src/twist_stamper) by extensions ['ignore', 'ignore_ament_install']
[0.725s] Level 1:colcon.colcon_core.package_identification:_identify(src/twist_stamper) by extension 'ignore'
[0.725s] Level 1:colcon.colcon_core.package_identification:_identify(src/twist_stamper) by extension 'ignore_ament_install'
[0.726s] Level 1:colcon.colcon_core.package_identification:_identify(src/twist_stamper) by extensions ['colcon_pkg']
[0.726s] Level 1:colcon.colcon_core.package_identification:_identify(src/twist_stamper) by extension 'colcon_pkg'
[0.726s] Level 1:colcon.colcon_core.package_identification:_identify(src/twist_stamper) by extensions ['colcon_meta']
[0.726s] Level 1:colcon.colcon_core.package_identification:_identify(src/twist_stamper) by extension 'colcon_meta'
[0.726s] Level 1:colcon.colcon_core.package_identification:_identify(src/twist_stamper) by extensions ['ros']
[0.726s] Level 1:colcon.colcon_core.package_identification:_identify(src/twist_stamper) by extension 'ros'
[0.728s] DEBUG:colcon.colcon_core.package_identification:Package 'src/twist_stamper' with type 'ros.ament_python' and name 'twist_stamper'
[0.728s] Level 1:colcon.colcon_core.package_discovery:discover_packages(recursive) using defaults
[0.729s] Level 1:colcon.colcon_core.package_discovery:discover_packages(ignore) discover
[0.729s] Level 1:colcon.colcon_core.package_discovery:discover_packages(ignore) using defaults
[0.729s] Level 1:colcon.colcon_core.package_discovery:discover_packages(path) discover
[0.729s] Level 1:colcon.colcon_core.package_discovery:discover_packages(path) using defaults
[0.799s] Level 1:colcon.colcon_core.package_discovery:discover_packages(prefix_path) check parameters
[0.799s] Level 1:colcon.colcon_core.package_discovery:discover_packages(prefix_path) discover
[0.808s] DEBUG:colcon.colcon_installed_package_information.package_discovery:Found 5 installed packages in /home/E14Raspberry/ScooperBot/tennisbot_ws/install
[0.817s] DEBUG:colcon.colcon_installed_package_information.package_discovery:Found 250 installed packages in /opt/ros/jazzy
[0.821s] Level 1:colcon.colcon_core.package_discovery:discover_packages(prefix_path) using defaults
[0.973s] Level 5:colcon.colcon_core.verb:set package 'diffdrive_arduino' build argument 'cmake_args' from command line to 'None'
[0.973s] Level 5:colcon.colcon_core.verb:set package 'diffdrive_arduino' build argument 'cmake_target' from command line to 'None'
[0.973s] Level 5:colcon.colcon_core.verb:set package 'diffdrive_arduino' build argument 'cmake_target_skip_unavailable' from command line to 'False'
[0.973s] Level 5:colcon.colcon_core.verb:set package 'diffdrive_arduino' build argument 'cmake_clean_cache' from command line to 'False'
[0.973s] Level 5:colcon.colcon_core.verb:set package 'diffdrive_arduino' build argument 'cmake_clean_first' from command line to 'False'
[0.973s] Level 5:colcon.colcon_core.verb:set package 'diffdrive_arduino' build argument 'cmake_force_configure' from command line to 'False'
[0.973s] Level 5:colcon.colcon_core.verb:set package 'diffdrive_arduino' build argument 'ament_cmake_args' from command line to 'None'
[0.973s] Level 5:colcon.colcon_core.verb:set package 'diffdrive_arduino' build argument 'catkin_cmake_args' from command line to 'None'
[0.974s] Level 5:colcon.colcon_core.verb:set package 'diffdrive_arduino' build argument 'catkin_skip_building_tests' from command line to 'False'
[0.974s] DEBUG:colcon.colcon_core.verb:Building package 'diffdrive_arduino' with the following arguments: {'ament_cmake_args': None, 'build_base': '/home/E14Raspberry/ScooperBot/tennisbot_ws/build/diffdrive_arduino', 'catkin_cmake_args': None, 'catkin_skip_building_tests': False, 'cmake_args': None, 'cmake_clean_cache': False, 'cmake_clean_first': False, 'cmake_force_configure': False, 'cmake_target': None, 'cmake_target_skip_unavailable': False, 'install_base': '/home/E14Raspberry/ScooperBot/tennisbot_ws/install/diffdrive_arduino', 'merge_install': False, 'path': '/home/E14Raspberry/ScooperBot/tennisbot_ws/src/diffdrive_arduino', 'symlink_install': True, 'test_result_base': None}
[0.975s] Level 5:colcon.colcon_core.verb:set package 'serial' build argument 'cmake_args' from command line to 'None'
[0.975s] Level 5:colcon.colcon_core.verb:set package 'serial' build argument 'cmake_target' from command line to 'None'
[0.975s] Level 5:colcon.colcon_core.verb:set package 'serial' build argument 'cmake_target_skip_unavailable' from command line to 'False'
[0.975s] Level 5:colcon.colcon_core.verb:set package 'serial' build argument 'cmake_clean_cache' from command line to 'False'
[0.975s] Level 5:colcon.colcon_core.verb:set package 'serial' build argument 'cmake_clean_first' from command line to 'False'
[0.976s] Level 5:colcon.colcon_core.verb:set package 'serial' build argument 'cmake_force_configure' from command line to 'False'
[0.976s] Level 5:colcon.colcon_core.verb:set package 'serial' build argument 'ament_cmake_args' from command line to 'None'
[0.976s] Level 5:colcon.colcon_core.verb:set package 'serial' build argument 'catkin_cmake_args' from command line to 'None'
[0.976s] Level 5:colcon.colcon_core.verb:set package 'serial' build argument 'catkin_skip_building_tests' from command line to 'False'
[0.976s] DEBUG:colcon.colcon_core.verb:Building package 'serial' with the following arguments: {'ament_cmake_args': None, 'build_base': '/home/E14Raspberry/ScooperBot/tennisbot_ws/build/serial', 'catkin_cmake_args': None, 'catkin_skip_building_tests': False, 'cmake_args': None, 'cmake_clean_cache': False, 'cmake_clean_first': False, 'cmake_force_configure': False, 'cmake_target': None, 'cmake_target_skip_unavailable': False, 'install_base': '/home/E14Raspberry/ScooperBot/tennisbot_ws/install/serial', 'merge_install': False, 'path': '/home/E14Raspberry/ScooperBot/tennisbot_ws/src/serial', 'symlink_install': True, 'test_result_base': None}
[0.977s] Level 5:colcon.colcon_core.verb:set package 'serial_motor_demo_msgs' build argument 'cmake_args' from command line to 'None'
[0.977s] Level 5:colcon.colcon_core.verb:set package 'serial_motor_demo_msgs' build argument 'cmake_target' from command line to 'None'
[0.977s] Level 5:colcon.colcon_core.verb:set package 'serial_motor_demo_msgs' build argument 'cmake_target_skip_unavailable' from command line to 'False'
[0.977s] Level 5:colcon.colcon_core.verb:set package 'serial_motor_demo_msgs' build argument 'cmake_clean_cache' from command line to 'False'
[0.977s] Level 5:colcon.colcon_core.verb:set package 'serial_motor_demo_msgs' build argument 'cmake_clean_first' from command line to 'False'
[0.978s] Level 5:colcon.colcon_core.verb:set package 'serial_motor_demo_msgs' build argument 'cmake_force_configure' from command line to 'False'
[0.978s] Level 5:colcon.colcon_core.verb:set package 'serial_motor_demo_msgs' build argument 'ament_cmake_args' from command line to 'None'
[0.978s] Level 5:colcon.colcon_core.verb:set package 'serial_motor_demo_msgs' build argument 'catkin_cmake_args' from command line to 'None'
[0.978s] Level 5:colcon.colcon_core.verb:set package 'serial_motor_demo_msgs' build argument 'catkin_skip_building_tests' from command line to 'False'
[0.978s] DEBUG:colcon.colcon_core.verb:Building package 'serial_motor_demo_msgs' with the following arguments: {'ament_cmake_args': None, 'build_base': '/home/E14Raspberry/ScooperBot/tennisbot_ws/build/serial_motor_demo_msgs', 'catkin_cmake_args': None, 'catkin_skip_building_tests': False, 'cmake_args': None, 'cmake_clean_cache': False, 'cmake_clean_first': False, 'cmake_force_configure': False, 'cmake_target': None, 'cmake_target_skip_unavailable': False, 'install_base': '/home/E14Raspberry/ScooperBot/tennisbot_ws/install/serial_motor_demo_msgs', 'merge_install': False, 'path': '/home/E14Raspberry/ScooperBot/tennisbot_ws/src/serial_motor_demo/serial_motor_demo_msgs', 'symlink_install': True, 'test_result_base': None}
[0.979s] Level 5:colcon.colcon_core.verb:set package 'tennisbotmaster' build argument 'cmake_args' from command line to 'None'
[0.979s] Level 5:colcon.colcon_core.verb:set package 'tennisbotmaster' build argument 'cmake_target' from command line to 'None'
[0.979s] Level 5:colcon.colcon_core.verb:set package 'tennisbotmaster' build argument 'cmake_target_skip_unavailable' from command line to 'False'
[0.980s] Level 5:colcon.colcon_core.verb:set package 'tennisbotmaster' build argument 'cmake_clean_cache' from command line to 'False'
[0.980s] Level 5:colcon.colcon_core.verb:set package 'tennisbotmaster' build argument 'cmake_clean_first' from command line to 'False'
[0.980s] Level 5:colcon.colcon_core.verb:set package 'tennisbotmaster' build argument 'cmake_force_configure' from command line to 'False'
[0.980s] Level 5:colcon.colcon_core.verb:set package 'tennisbotmaster' build argument 'ament_cmake_args' from command line to 'None'
[0.980s] Level 5:colcon.colcon_core.verb:set package 'tennisbotmaster' build argument 'catkin_cmake_args' from command line to 'None'
[0.980s] Level 5:colcon.colcon_core.verb:set package 'tennisbotmaster' build argument 'catkin_skip_building_tests' from command line to 'False'
[0.980s] DEBUG:colcon.colcon_core.verb:Building package 'tennisbotmaster' with the following arguments: {'ament_cmake_args': None, 'build_base': '/home/E14Raspberry/ScooperBot/tennisbot_ws/build/tennisbotmaster', 'catkin_cmake_args': None, 'catkin_skip_building_tests': False, 'cmake_args': None, 'cmake_clean_cache': False, 'cmake_clean_first': False, 'cmake_force_configure': False, 'cmake_target': None, 'cmake_target_skip_unavailable': False, 'install_base': '/home/E14Raspberry/ScooperBot/tennisbot_ws/install/tennisbotmaster', 'merge_install': False, 'path': '/home/E14Raspberry/ScooperBot/tennisbot_ws/src/tennisbotmaster', 'symlink_install': True, 'test_result_base': None}
[0.981s] Level 5:colcon.colcon_core.verb:set package 'twist_stamper' build argument 'cmake_args' from command line to 'None'
[0.981s] Level 5:colcon.colcon_core.verb:set package 'twist_stamper' build argument 'cmake_target' from command line to 'None'
[0.981s] Level 5:colcon.colcon_core.verb:set package 'twist_stamper' build argument 'cmake_target_skip_unavailable' from command line to 'False'
[0.981s] Level 5:colcon.colcon_core.verb:set package 'twist_stamper' build argument 'cmake_clean_cache' from command line to 'False'
[0.982s] Level 5:colcon.colcon_core.verb:set package 'twist_stamper' build argument 'cmake_clean_first' from command line to 'False'
[0.982s] Level 5:colcon.colcon_core.verb:set package 'twist_stamper' build argument 'cmake_force_configure' from command line to 'False'
[0.982s] Level 5:colcon.colcon_core.verb:set package 'twist_stamper' build argument 'ament_cmake_args' from command line to 'None'
[0.982s] Level 5:colcon.colcon_core.verb:set package 'twist_stamper' build argument 'catkin_cmake_args' from command line to 'None'
[0.982s] Level 5:colcon.colcon_core.verb:set package 'twist_stamper' build argument 'catkin_skip_building_tests' from command line to 'False'
[0.982s] DEBUG:colcon.colcon_core.verb:Building package 'twist_stamper' with the following arguments: {'ament_cmake_args': None, 'build_base': '/home/E14Raspberry/ScooperBot/tennisbot_ws/build/twist_stamper', 'catkin_cmake_args': None, 'catkin_skip_building_tests': False, 'cmake_args': None, 'cmake_clean_cache': False, 'cmake_clean_first': False, 'cmake_force_configure': False, 'cmake_target': None, 'cmake_target_skip_unavailable': False, 'install_base': '/home/E14Raspberry/ScooperBot/tennisbot_ws/install/twist_stamper', 'merge_install': False, 'path': '/home/E14Raspberry/ScooperBot/tennisbot_ws/src/twist_stamper', 'symlink_install': True, 'test_result_base': None}
[0.983s] Level 5:colcon.colcon_core.verb:set package 'serial_motor_demo' build argument 'cmake_args' from command line to 'None'
[0.983s] Level 5:colcon.colcon_core.verb:set package 'serial_motor_demo' build argument 'cmake_target' from command line to 'None'
[0.983s] Level 5:colcon.colcon_core.verb:set package 'serial_motor_demo' build argument 'cmake_target_skip_unavailable' from command line to 'False'
[0.983s] Level 5:colcon.colcon_core.verb:set package 'serial_motor_demo' build argument 'cmake_clean_cache' from command line to 'False'
[0.984s] Level 5:colcon.colcon_core.verb:set package 'serial_motor_demo' build argument 'cmake_clean_first' from command line to 'False'
[0.984s] Level 5:colcon.colcon_core.verb:set package 'serial_motor_demo' build argument 'cmake_force_configure' from command line to 'False'
[0.984s] Level 5:colcon.colcon_core.verb:set package 'serial_motor_demo' build argument 'ament_cmake_args' from command line to 'None'
[0.984s] Level 5:colcon.colcon_core.verb:set package 'serial_motor_demo' build argument 'catkin_cmake_args' from command line to 'None'
[0.984s] Level 5:colcon.colcon_core.verb:set package 'serial_motor_demo' build argument 'catkin_skip_building_tests' from command line to 'False'
[0.984s] DEBUG:colcon.colcon_core.verb:Building package 'serial_motor_demo' with the following arguments: {'ament_cmake_args': None, 'build_base': '/home/E14Raspberry/ScooperBot/tennisbot_ws/build/serial_motor_demo', 'catkin_cmake_args': None, 'catkin_skip_building_tests': False, 'cmake_args': None, 'cmake_clean_cache': False, 'cmake_clean_first': False, 'cmake_force_configure': False, 'cmake_target': None, 'cmake_target_skip_unavailable': False, 'install_base': '/home/E14Raspberry/ScooperBot/tennisbot_ws/install/serial_motor_demo', 'merge_install': False, 'path': '/home/E14Raspberry/ScooperBot/tennisbot_ws/src/serial_motor_demo/serial_motor_demo', 'symlink_install': True, 'test_result_base': None}
[0.984s] INFO:colcon.colcon_core.executor:Executing jobs using 'parallel' executor
[0.987s] DEBUG:colcon.colcon_parallel_executor.executor.parallel:run_until_complete
[0.989s] INFO:colcon.colcon_ros.task.ament_cmake.build:Building ROS package in '/home/E14Raspberry/ScooperBot/tennisbot_ws/src/serial_motor_demo/serial_motor_demo_msgs' with build type 'ament_cmake'
[0.989s] INFO:colcon.colcon_cmake.task.cmake.build:Building CMake package in '/home/E14Raspberry/ScooperBot/tennisbot_ws/src/serial_motor_demo/serial_motor_demo_msgs'
[0.996s] INFO:colcon.colcon_core.plugin_system:Skipping extension 'colcon_core.shell.bat': Not used on non-Windows systems
[0.997s] INFO:colcon.colcon_core.shell:Skip shell extension 'powershell' for command environment: Not usable outside of PowerShell
[0.997s] DEBUG:colcon.colcon_core.shell:Skip shell extension 'dsv' for command environment
[1.016s] INFO:colcon.colcon_ros.task.ament_cmake.build:Building ROS package in '/home/E14Raspberry/ScooperBot/tennisbot_ws/src/diffdrive_arduino' with build type 'ament_cmake'
[1.017s] INFO:colcon.colcon_cmake.task.cmake.build:Building CMake package in '/home/E14Raspberry/ScooperBot/tennisbot_ws/src/diffdrive_arduino'
[1.018s] INFO:colcon.colcon_core.shell:Skip shell extension 'powershell' for command environment: Not usable outside of PowerShell
[1.018s] DEBUG:colcon.colcon_core.shell:Skip shell extension 'dsv' for command environment
[1.037s] INFO:colcon.colcon_ros.task.ament_cmake.build:Building ROS package in '/home/E14Raspberry/ScooperBot/tennisbot_ws/src/serial' with build type 'ament_cmake'
[1.038s] INFO:colcon.colcon_cmake.task.cmake.build:Building CMake package in '/home/E14Raspberry/ScooperBot/tennisbot_ws/src/serial'
[1.039s] INFO:colcon.colcon_core.shell:Skip shell extension 'powershell' for command environment: Not usable outside of PowerShell
[1.039s] DEBUG:colcon.colcon_core.shell:Skip shell extension 'dsv' for command environment
[1.058s] INFO:colcon.colcon_ros.task.ament_cmake.build:Building ROS package in '/home/E14Raspberry/ScooperBot/tennisbot_ws/src/tennisbotmaster' with build type 'ament_cmake'
[1.059s] INFO:colcon.colcon_cmake.task.cmake.build:Building CMake package in '/home/E14Raspberry/ScooperBot/tennisbot_ws/src/tennisbotmaster'
[1.059s] INFO:colcon.colcon_core.shell:Skip shell extension 'powershell' for command environment: Not usable outside of PowerShell
[1.060s] DEBUG:colcon.colcon_core.shell:Skip shell extension 'dsv' for command environment
[1.100s] DEBUG:colcon.colcon_core.event_handler.log_command:Invoking command in '/home/E14Raspberry/ScooperBot/tennisbot_ws/build/serial_motor_demo_msgs': CMAKE_PREFIX_PATH=${CMAKE_PREFIX_PATH}:/home/E14Raspberry/ScooperBot/tennisbot_ws/install/serial_motor_demo:/opt/ros/jazzy /usr/bin/cmake --build /home/E14Raspberry/ScooperBot/tennisbot_ws/build/serial_motor_demo_msgs -- -j4 -l4
[1.114s] DEBUG:colcon.colcon_core.event_handler.log_command:Invoking command in '/home/E14Raspberry/ScooperBot/tennisbot_ws/build/diffdrive_arduino': CMAKE_PREFIX_PATH=${CMAKE_PREFIX_PATH}:/home/E14Raspberry/ScooperBot/tennisbot_ws/install/serial_motor_demo:/opt/ros/jazzy /usr/bin/cmake --build /home/E14Raspberry/ScooperBot/tennisbot_ws/build/diffdrive_arduino -- -j4 -l4
[1.126s] DEBUG:colcon.colcon_core.event_handler.log_command:Invoking command in '/home/E14Raspberry/ScooperBot/tennisbot_ws/build/serial': CMAKE_PREFIX_PATH=${CMAKE_PREFIX_PATH}:/home/E14Raspberry/ScooperBot/tennisbot_ws/install/serial_motor_demo:/opt/ros/jazzy /usr/bin/cmake --build /home/E14Raspberry/ScooperBot/tennisbot_ws/build/serial -- -j4 -l4
[1.156s] DEBUG:colcon.colcon_core.event_handler.log_command:Invoking command in '/home/E14Raspberry/ScooperBot/tennisbot_ws/build/tennisbotmaster': CMAKE_PREFIX_PATH=${CMAKE_PREFIX_PATH}:/home/E14Raspberry/ScooperBot/tennisbot_ws/install/serial_motor_demo:/opt/ros/jazzy /usr/bin/cmake --build /home/E14Raspberry/ScooperBot/tennisbot_ws/build/tennisbotmaster -- -j4 -l4
[1.432s] DEBUG:colcon.colcon_core.event_handler.log_command:Invoked command in '/home/E14Raspberry/ScooperBot/tennisbot_ws/build/tennisbotmaster' returned '0': CMAKE_PREFIX_PATH=${CMAKE_PREFIX_PATH}:/home/E14Raspberry/ScooperBot/tennisbot_ws/install/serial_motor_demo:/opt/ros/jazzy /usr/bin/cmake --build /home/E14Raspberry/ScooperBot/tennisbot_ws/build/tennisbotmaster -- -j4 -l4
[1.731s] DEBUG:colcon.colcon_core.event_handler.log_command:Invoked command in '/home/E14Raspberry/ScooperBot/tennisbot_ws/build/diffdrive_arduino' returned '0': CMAKE_PREFIX_PATH=${CMAKE_PREFIX_PATH}:/home/E14Raspberry/ScooperBot/tennisbot_ws/install/serial_motor_demo:/opt/ros/jazzy /usr/bin/cmake --build /home/E14Raspberry/ScooperBot/tennisbot_ws/build/diffdrive_arduino -- -j4 -l4
[1.847s] DEBUG:colcon.colcon_core.event_handler.log_command:Invoking command in '/home/E14Raspberry/ScooperBot/tennisbot_ws/build/tennisbotmaster': CMAKE_PREFIX_PATH=${CMAKE_PREFIX_PATH}:/home/E14Raspberry/ScooperBot/tennisbot_ws/install/serial_motor_demo:/opt/ros/jazzy /usr/bin/cmake --install /home/E14Raspberry/ScooperBot/tennisbot_ws/build/tennisbotmaster
[1.987s] DEBUG:colcon.colcon_core.event_handler.log_command:Invoked command in '/home/E14Raspberry/ScooperBot/tennisbot_ws/build/serial' returned '0': CMAKE_PREFIX_PATH=${CMAKE_PREFIX_PATH}:/home/E14Raspberry/ScooperBot/tennisbot_ws/install/serial_motor_demo:/opt/ros/jazzy /usr/bin/cmake --build /home/E14Raspberry/ScooperBot/tennisbot_ws/build/serial -- -j4 -l4
[2.073s] DEBUG:colcon.colcon_core.event_handler.log_command:Invoking command in '/home/E14Raspberry/ScooperBot/tennisbot_ws/build/diffdrive_arduino': CMAKE_PREFIX_PATH=${CMAKE_PREFIX_PATH}:/home/E14Raspberry/ScooperBot/tennisbot_ws/install/serial_motor_demo:/opt/ros/jazzy /usr/bin/cmake --install /home/E14Raspberry/ScooperBot/tennisbot_ws/build/diffdrive_arduino
[2.128s] Level 1:colcon.colcon_core.environment:create_environment_scripts_only(tennisbotmaster)
[2.131s] DEBUG:colcon.colcon_core.event_handler.log_command:Invoked command in '/home/E14Raspberry/ScooperBot/tennisbot_ws/build/tennisbotmaster' returned '0': CMAKE_PREFIX_PATH=${CMAKE_PREFIX_PATH}:/home/E14Raspberry/ScooperBot/tennisbot_ws/install/serial_motor_demo:/opt/ros/jazzy /usr/bin/cmake --install /home/E14Raspberry/ScooperBot/tennisbot_ws/build/tennisbotmaster
[2.194s] Level 1:colcon.colcon_core.environment:checking '/home/E14Raspberry/ScooperBot/tennisbot_ws/install/tennisbotmaster' for CMake module files
[2.204s] Level 1:colcon.colcon_core.environment:checking '/home/E14Raspberry/ScooperBot/tennisbot_ws/install/tennisbotmaster' for CMake config files
[2.213s] Level 1:colcon.colcon_core.shell:create_environment_hook('tennisbotmaster', 'cmake_prefix_path')
[2.214s] INFO:colcon.colcon_core.shell:Creating environment hook '/home/E14Raspberry/ScooperBot/tennisbot_ws/install/tennisbotmaster/share/tennisbotmaster/hook/cmake_prefix_path.ps1'
[2.216s] INFO:colcon.colcon_core.shell:Creating environment descriptor '/home/E14Raspberry/ScooperBot/tennisbot_ws/install/tennisbotmaster/share/tennisbotmaster/hook/cmake_prefix_path.dsv'
[2.221s] INFO:colcon.colcon_core.shell:Creating environment hook '/home/E14Raspberry/ScooperBot/tennisbot_ws/install/tennisbotmaster/share/tennisbotmaster/hook/cmake_prefix_path.sh'
[2.232s] Level 1:colcon.colcon_core.environment:checking '/home/E14Raspberry/ScooperBot/tennisbot_ws/install/tennisbotmaster/bin'
[2.235s] Level 1:colcon.colcon_core.environment:checking '/home/E14Raspberry/ScooperBot/tennisbot_ws/install/tennisbotmaster/lib/pkgconfig/tennisbotmaster.pc'
[2.242s] Level 1:colcon.colcon_core.environment:checking '/home/E14Raspberry/ScooperBot/tennisbot_ws/install/tennisbotmaster/lib/python3.12/site-packages'
[2.244s] Level 1:colcon.colcon_core.environment:checking '/home/E14Raspberry/ScooperBot/tennisbot_ws/install/tennisbotmaster/bin'
[2.251s] INFO:colcon.colcon_core.shell:Creating package script '/home/E14Raspberry/ScooperBot/tennisbot_ws/install/tennisbotmaster/share/tennisbotmaster/package.ps1'
[2.265s] INFO:colcon.colcon_core.shell:Creating package descriptor '/home/E14Raspberry/ScooperBot/tennisbot_ws/install/tennisbotmaster/share/tennisbotmaster/package.dsv'
[2.279s] INFO:colcon.colcon_core.shell:Creating package script '/home/E14Raspberry/ScooperBot/tennisbot_ws/install/tennisbotmaster/share/tennisbotmaster/package.sh'
[2.293s] INFO:colcon.colcon_core.shell:Creating package script '/home/E14Raspberry/ScooperBot/tennisbot_ws/install/tennisbotmaster/share/tennisbotmaster/package.bash'
[2.305s] INFO:colcon.colcon_core.shell:Creating package script '/home/E14Raspberry/ScooperBot/tennisbot_ws/install/tennisbotmaster/share/tennisbotmaster/package.zsh'
[2.310s] Level 1:colcon.colcon_core.environment:create_file_with_runtime_dependencies(/home/E14Raspberry/ScooperBot/tennisbot_ws/install/tennisbotmaster/share/colcon-core/packages/tennisbotmaster)
[2.323s] Level 1:colcon.colcon_core.environment:create_environment_scripts_only(diffdrive_arduino)
[2.324s] Level 1:colcon.colcon_core.environment:checking '/home/E14Raspberry/ScooperBot/tennisbot_ws/install/diffdrive_arduino' for CMake module files
[2.326s] DEBUG:colcon.colcon_core.event_handler.log_command:Invoked command in '/home/E14Raspberry/ScooperBot/tennisbot_ws/build/diffdrive_arduino' returned '0': CMAKE_PREFIX_PATH=${CMAKE_PREFIX_PATH}:/home/E14Raspberry/ScooperBot/tennisbot_ws/install/serial_motor_demo:/opt/ros/jazzy /usr/bin/cmake --install /home/E14Raspberry/ScooperBot/tennisbot_ws/build/diffdrive_arduino
[2.331s] Level 1:colcon.colcon_core.environment:checking '/home/E14Raspberry/ScooperBot/tennisbot_ws/install/diffdrive_arduino' for CMake config files
[2.336s] Level 1:colcon.colcon_core.shell:create_environment_hook('diffdrive_arduino', 'cmake_prefix_path')
[2.337s] INFO:colcon.colcon_core.shell:Creating environment hook '/home/E14Raspberry/ScooperBot/tennisbot_ws/install/diffdrive_arduino/share/diffdrive_arduino/hook/cmake_prefix_path.ps1'
[2.340s] INFO:colcon.colcon_core.shell:Creating environment descriptor '/home/E14Raspberry/ScooperBot/tennisbot_ws/install/diffdrive_arduino/share/diffdrive_arduino/hook/cmake_prefix_path.dsv'
[2.342s] INFO:colcon.colcon_core.shell:Creating environment hook '/home/E14Raspberry/ScooperBot/tennisbot_ws/install/diffdrive_arduino/share/diffdrive_arduino/hook/cmake_prefix_path.sh'
[2.345s] Level 1:colcon.colcon_core.environment:checking '/home/E14Raspberry/ScooperBot/tennisbot_ws/install/diffdrive_arduino/lib'
[2.346s] Level 1:colcon.colcon_core.shell:create_environment_hook('diffdrive_arduino', 'ld_library_path_lib')
[2.347s] INFO:colcon.colcon_core.shell:Creating environment hook '/home/E14Raspberry/ScooperBot/tennisbot_ws/install/diffdrive_arduino/share/diffdrive_arduino/hook/ld_library_path_lib.ps1'
[2.349s] INFO:colcon.colcon_core.shell:Creating environment descriptor '/home/E14Raspberry/ScooperBot/tennisbot_ws/install/diffdrive_arduino/share/diffdrive_arduino/hook/ld_library_path_lib.dsv'
[2.352s] INFO:colcon.colcon_core.shell:Creating environment hook '/home/E14Raspberry/ScooperBot/tennisbot_ws/install/diffdrive_arduino/share/diffdrive_arduino/hook/ld_library_path_lib.sh'
[2.357s] Level 1:colcon.colcon_core.environment:checking '/home/E14Raspberry/ScooperBot/tennisbot_ws/install/diffdrive_arduino/bin'
[2.357s] Level 1:colcon.colcon_core.environment:checking '/home/E14Raspberry/ScooperBot/tennisbot_ws/install/diffdrive_arduino/lib/pkgconfig/diffdrive_arduino.pc'
[2.359s] Level 1:colcon.colcon_core.environment:checking '/home/E14Raspberry/ScooperBot/tennisbot_ws/install/diffdrive_arduino/lib/python3.12/site-packages'
[2.360s] Level 1:colcon.colcon_core.environment:checking '/home/E14Raspberry/ScooperBot/tennisbot_ws/install/diffdrive_arduino/bin'
[2.361s] INFO:colcon.colcon_core.shell:Creating package script '/home/E14Raspberry/ScooperBot/tennisbot_ws/install/diffdrive_arduino/share/diffdrive_arduino/package.ps1'
[2.364s] INFO:colcon.colcon_core.shell:Creating package descriptor '/home/E14Raspberry/ScooperBot/tennisbot_ws/install/diffdrive_arduino/share/diffdrive_arduino/package.dsv'
[2.366s] INFO:colcon.colcon_core.shell:Creating package script '/home/E14Raspberry/ScooperBot/tennisbot_ws/install/diffdrive_arduino/share/diffdrive_arduino/package.sh'
[2.369s] INFO:colcon.colcon_core.shell:Creating package script '/home/E14Raspberry/ScooperBot/tennisbot_ws/install/diffdrive_arduino/share/diffdrive_arduino/package.bash'
[2.372s] INFO:colcon.colcon_core.shell:Creating package script '/home/E14Raspberry/ScooperBot/tennisbot_ws/install/diffdrive_arduino/share/diffdrive_arduino/package.zsh'
[2.374s] Level 1:colcon.colcon_core.environment:create_file_with_runtime_dependencies(/home/E14Raspberry/ScooperBot/tennisbot_ws/install/diffdrive_arduino/share/colcon-core/packages/diffdrive_arduino)
[2.436s] DEBUG:colcon.colcon_core.event_handler.log_command:Invoking command in '/home/E14Raspberry/ScooperBot/tennisbot_ws/build/serial': CMAKE_PREFIX_PATH=${CMAKE_PREFIX_PATH}:/home/E14Raspberry/ScooperBot/tennisbot_ws/install/serial_motor_demo:/opt/ros/jazzy /usr/bin/cmake --install /home/E14Raspberry/ScooperBot/tennisbot_ws/build/serial
[2.546s] Level 1:colcon.colcon_core.environment:create_environment_scripts_only(tennisbotmaster)
[2.547s] Level 1:colcon.colcon_core.environment:checking '/home/E14Raspberry/ScooperBot/tennisbot_ws/install/tennisbotmaster' for CMake module files
[2.551s] Level 1:colcon.colcon_core.environment:checking '/home/E14Raspberry/ScooperBot/tennisbot_ws/install/tennisbotmaster' for CMake config files
[2.555s] Level 1:colcon.colcon_core.shell:create_environment_hook('tennisbotmaster', 'cmake_prefix_path')
[2.556s] INFO:colcon.colcon_core.shell:Creating environment hook '/home/E14Raspberry/ScooperBot/tennisbot_ws/install/tennisbotmaster/share/tennisbotmaster/hook/cmake_prefix_path.ps1'
[2.558s] INFO:colcon.colcon_core.shell:Creating environment descriptor '/home/E14Raspberry/ScooperBot/tennisbot_ws/install/tennisbotmaster/share/tennisbotmaster/hook/cmake_prefix_path.dsv'
[2.561s] INFO:colcon.colcon_core.shell:Creating environment hook '/home/E14Raspberry/ScooperBot/tennisbot_ws/install/tennisbotmaster/share/tennisbotmaster/hook/cmake_prefix_path.sh'
[2.565s] Level 1:colcon.colcon_core.environment:checking '/home/E14Raspberry/ScooperBot/tennisbot_ws/install/tennisbotmaster/bin'
[2.566s] Level 1:colcon.colcon_core.environment:checking '/home/E14Raspberry/ScooperBot/tennisbot_ws/install/tennisbotmaster/lib/pkgconfig/tennisbotmaster.pc'
[2.567s] Level 1:colcon.colcon_core.environment:checking '/home/E14Raspberry/ScooperBot/tennisbot_ws/install/tennisbotmaster/lib/python3.12/site-packages'
[2.568s] Level 1:colcon.colcon_core.environment:checking '/home/E14Raspberry/ScooperBot/tennisbot_ws/install/tennisbotmaster/bin'
[2.570s] INFO:colcon.colcon_core.shell:Creating package script '/home/E14Raspberry/ScooperBot/tennisbot_ws/install/tennisbotmaster/share/tennisbotmaster/package.ps1'
[2.574s] INFO:colcon.colcon_core.shell:Creating package descriptor '/home/E14Raspberry/ScooperBot/tennisbot_ws/install/tennisbotmaster/share/tennisbotmaster/package.dsv'
[2.577s] INFO:colcon.colcon_core.shell:Creating package script '/home/E14Raspberry/ScooperBot/tennisbot_ws/install/tennisbotmaster/share/tennisbotmaster/package.sh'
[2.580s] INFO:colcon.colcon_core.shell:Creating package script '/home/E14Raspberry/ScooperBot/tennisbot_ws/install/tennisbotmaster/share/tennisbotmaster/package.bash'
[2.582s] INFO:colcon.colcon_core.shell:Creating package script '/home/E14Raspberry/ScooperBot/tennisbot_ws/install/tennisbotmaster/share/tennisbotmaster/package.zsh'
[2.586s] Level 1:colcon.colcon_core.environment:create_file_with_runtime_dependencies(/home/E14Raspberry/ScooperBot/tennisbot_ws/install/tennisbotmaster/share/colcon-core/packages/tennisbotmaster)
[2.588s] INFO:colcon.colcon_ros.task.ament_python.build:Building ROS package in '/home/E14Raspberry/ScooperBot/tennisbot_ws/src/twist_stamper' with build type 'ament_python'
[2.588s] Level 1:colcon.colcon_core.shell:create_environment_hook('twist_stamper', 'ament_prefix_path')
[2.589s] INFO:colcon.colcon_core.shell:Creating environment hook '/home/E14Raspberry/ScooperBot/tennisbot_ws/install/twist_stamper/share/twist_stamper/hook/ament_prefix_path.ps1'
[2.596s] INFO:colcon.colcon_core.shell:Creating environment descriptor '/home/E14Raspberry/ScooperBot/tennisbot_ws/install/twist_stamper/share/twist_stamper/hook/ament_prefix_path.dsv'
[2.600s] INFO:colcon.colcon_core.shell:Creating environment hook '/home/E14Raspberry/ScooperBot/tennisbot_ws/install/twist_stamper/share/twist_stamper/hook/ament_prefix_path.sh'
[2.608s] INFO:colcon.colcon_core.shell:Skip shell extension 'powershell' for command environment: Not usable outside of PowerShell
[2.609s] DEBUG:colcon.colcon_core.shell:Skip shell extension 'dsv' for command environment
[2.636s] Level 1:colcon.colcon_core.environment:create_environment_scripts_only(diffdrive_arduino)
[2.637s] Level 1:colcon.colcon_core.environment:checking '/home/E14Raspberry/ScooperBot/tennisbot_ws/install/diffdrive_arduino' for CMake module files
[2.642s] Level 1:colcon.colcon_core.environment:checking '/home/E14Raspberry/ScooperBot/tennisbot_ws/install/diffdrive_arduino' for CMake config files
[2.646s] Level 1:colcon.colcon_core.shell:create_environment_hook('diffdrive_arduino', 'cmake_prefix_path')
[2.647s] INFO:colcon.colcon_core.shell:Creating environment hook '/home/E14Raspberry/ScooperBot/tennisbot_ws/install/diffdrive_arduino/share/diffdrive_arduino/hook/cmake_prefix_path.ps1'
[2.649s] INFO:colcon.colcon_core.shell:Creating environment descriptor '/home/E14Raspberry/ScooperBot/tennisbot_ws/install/diffdrive_arduino/share/diffdrive_arduino/hook/cmake_prefix_path.dsv'
[2.651s] INFO:colcon.colcon_core.shell:Creating environment hook '/home/E14Raspberry/ScooperBot/tennisbot_ws/install/diffdrive_arduino/share/diffdrive_arduino/hook/cmake_prefix_path.sh'
[2.654s] Level 1:colcon.colcon_core.environment:checking '/home/E14Raspberry/ScooperBot/tennisbot_ws/install/diffdrive_arduino/lib'
[2.655s] Level 1:colcon.colcon_core.shell:create_environment_hook('diffdrive_arduino', 'ld_library_path_lib')
[2.656s] INFO:colcon.colcon_core.shell:Creating environment hook '/home/E14Raspberry/ScooperBot/tennisbot_ws/install/diffdrive_arduino/share/diffdrive_arduino/hook/ld_library_path_lib.ps1'
[2.658s] INFO:colcon.colcon_core.shell:Creating environment descriptor '/home/E14Raspberry/ScooperBot/tennisbot_ws/install/diffdrive_arduino/share/diffdrive_arduino/hook/ld_library_path_lib.dsv'
[2.660s] INFO:colcon.colcon_core.shell:Creating environment hook '/home/E14Raspberry/ScooperBot/tennisbot_ws/install/diffdrive_arduino/share/diffdrive_arduino/hook/ld_library_path_lib.sh'
[2.662s] Level 1:colcon.colcon_core.environment:checking '/home/E14Raspberry/ScooperBot/tennisbot_ws/install/diffdrive_arduino/bin'
[2.662s] Level 1:colcon.colcon_core.environment:checking '/home/E14Raspberry/ScooperBot/tennisbot_ws/install/diffdrive_arduino/lib/pkgconfig/diffdrive_arduino.pc'
[2.664s] Level 1:colcon.colcon_core.environment:checking '/home/E14Raspberry/ScooperBot/tennisbot_ws/install/diffdrive_arduino/lib/python3.12/site-packages'
[2.666s] Level 1:colcon.colcon_core.environment:checking '/home/E14Raspberry/ScooperBot/tennisbot_ws/install/diffdrive_arduino/bin'
[2.667s] INFO:colcon.colcon_core.shell:Creating package script '/home/E14Raspberry/ScooperBot/tennisbot_ws/install/diffdrive_arduino/share/diffdrive_arduino/package.ps1'
[2.670s] INFO:colcon.colcon_core.shell:Creating package descriptor '/home/E14Raspberry/ScooperBot/tennisbot_ws/install/diffdrive_arduino/share/diffdrive_arduino/package.dsv'
[2.672s] INFO:colcon.colcon_core.shell:Creating package script '/home/E14Raspberry/ScooperBot/tennisbot_ws/install/diffdrive_arduino/share/diffdrive_arduino/package.sh'
[2.674s] INFO:colcon.colcon_core.shell:Creating package script '/home/E14Raspberry/ScooperBot/tennisbot_ws/install/diffdrive_arduino/share/diffdrive_arduino/package.bash'
[2.676s] INFO:colcon.colcon_core.shell:Creating package script '/home/E14Raspberry/ScooperBot/tennisbot_ws/install/diffdrive_arduino/share/diffdrive_arduino/package.zsh'
[2.681s] Level 1:colcon.colcon_core.environment:create_file_with_runtime_dependencies(/home/E14Raspberry/ScooperBot/tennisbot_ws/install/diffdrive_arduino/share/colcon-core/packages/diffdrive_arduino)
[2.684s] Level 1:colcon.colcon_core.environment:create_environment_scripts_only(serial)
[2.685s] Level 1:colcon.colcon_core.environment:checking '/home/E14Raspberry/ScooperBot/tennisbot_ws/install/serial' for CMake module files
[2.688s] DEBUG:colcon.colcon_core.event_handler.log_command:Invoked command in '/home/E14Raspberry/ScooperBot/tennisbot_ws/build/serial' returned '0': CMAKE_PREFIX_PATH=${CMAKE_PREFIX_PATH}:/home/E14Raspberry/ScooperBot/tennisbot_ws/install/serial_motor_demo:/opt/ros/jazzy /usr/bin/cmake --install /home/E14Raspberry/ScooperBot/tennisbot_ws/build/serial
[2.691s] Level 1:colcon.colcon_core.environment:checking '/home/E14Raspberry/ScooperBot/tennisbot_ws/install/serial' for CMake config files
[2.694s] Level 1:colcon.colcon_core.shell:create_environment_hook('serial', 'cmake_prefix_path')
[2.694s] INFO:colcon.colcon_core.shell:Creating environment hook '/home/E14Raspberry/ScooperBot/tennisbot_ws/install/serial/share/serial/hook/cmake_prefix_path.ps1'
[2.696s] INFO:colcon.colcon_core.shell:Creating environment descriptor '/home/E14Raspberry/ScooperBot/tennisbot_ws/install/serial/share/serial/hook/cmake_prefix_path.dsv'
[2.698s] INFO:colcon.colcon_core.shell:Creating environment hook '/home/E14Raspberry/ScooperBot/tennisbot_ws/install/serial/share/serial/hook/cmake_prefix_path.sh'
[2.701s] Level 1:colcon.colcon_core.environment:checking '/home/E14Raspberry/ScooperBot/tennisbot_ws/install/serial/lib'
[2.701s] Level 1:colcon.colcon_core.environment:checking '/home/E14Raspberry/ScooperBot/tennisbot_ws/install/serial/bin'
[2.702s] Level 1:colcon.colcon_core.environment:checking '/home/E14Raspberry/ScooperBot/tennisbot_ws/install/serial/lib/pkgconfig/serial.pc'
[2.703s] Level 1:colcon.colcon_core.environment:checking '/home/E14Raspberry/ScooperBot/tennisbot_ws/install/serial/lib/python3.12/site-packages'
[2.704s] Level 1:colcon.colcon_core.environment:checking '/home/E14Raspberry/ScooperBot/tennisbot_ws/install/serial/bin'
[2.705s] INFO:colcon.colcon_core.shell:Creating package script '/home/E14Raspberry/ScooperBot/tennisbot_ws/install/serial/share/serial/package.ps1'
[2.707s] INFO:colcon.colcon_core.shell:Creating package descriptor '/home/E14Raspberry/ScooperBot/tennisbot_ws/install/serial/share/serial/package.dsv'
[2.710s] INFO:colcon.colcon_core.shell:Creating package script '/home/E14Raspberry/ScooperBot/tennisbot_ws/install/serial/share/serial/package.sh'
[2.712s] INFO:colcon.colcon_core.shell:Creating package script '/home/E14Raspberry/ScooperBot/tennisbot_ws/install/serial/share/serial/package.bash'
[2.715s] INFO:colcon.colcon_core.shell:Creating package script '/home/E14Raspberry/ScooperBot/tennisbot_ws/install/serial/share/serial/package.zsh'
[2.717s] Level 1:colcon.colcon_core.environment:create_file_with_runtime_dependencies(/home/E14Raspberry/ScooperBot/tennisbot_ws/install/serial/share/colcon-core/packages/serial)
[3.845s] INFO:colcon.colcon_core.task.python.build:Building Python package in '/home/E14Raspberry/ScooperBot/tennisbot_ws/src/twist_stamper'
[3.846s] INFO:colcon.colcon_core.shell:Skip shell extension 'powershell' for command environment: Not usable outside of PowerShell
[3.846s] DEBUG:colcon.colcon_core.shell:Skip shell extension 'dsv' for command environment
[3.866s] Level 1:colcon.colcon_core.environment:create_environment_scripts_only(serial)
[3.867s] Level 1:colcon.colcon_core.environment:checking '/home/E14Raspberry/ScooperBot/tennisbot_ws/install/serial' for CMake module files
[3.871s] Level 1:colcon.colcon_core.environment:checking '/home/E14Raspberry/ScooperBot/tennisbot_ws/install/serial' for CMake config files
[3.874s] Level 1:colcon.colcon_core.shell:create_environment_hook('serial', 'cmake_prefix_path')
[3.875s] INFO:colcon.colcon_core.shell:Creating environment hook '/home/E14Raspberry/ScooperBot/tennisbot_ws/install/serial/share/serial/hook/cmake_prefix_path.ps1'
[3.876s] INFO:colcon.colcon_core.shell:Creating environment descriptor '/home/E14Raspberry/ScooperBot/tennisbot_ws/install/serial/share/serial/hook/cmake_prefix_path.dsv'
[3.878s] INFO:colcon.colcon_core.shell:Creating environment hook '/home/E14Raspberry/ScooperBot/tennisbot_ws/install/serial/share/serial/hook/cmake_prefix_path.sh'
[3.880s] Level 1:colcon.colcon_core.environment:checking '/home/E14Raspberry/ScooperBot/tennisbot_ws/install/serial/lib'
[3.881s] Level 1:colcon.colcon_core.environment:checking '/home/E14Raspberry/ScooperBot/tennisbot_ws/install/serial/bin'
[3.881s] Level 1:colcon.colcon_core.environment:checking '/home/E14Raspberry/ScooperBot/tennisbot_ws/install/serial/lib/pkgconfig/serial.pc'
[3.882s] Level 1:colcon.colcon_core.environment:checking '/home/E14Raspberry/ScooperBot/tennisbot_ws/install/serial/lib/python3.12/site-packages'
[3.883s] Level 1:colcon.colcon_core.environment:checking '/home/E14Raspberry/ScooperBot/tennisbot_ws/install/serial/bin'
[3.883s] INFO:colcon.colcon_core.shell:Creating package script '/home/E14Raspberry/ScooperBot/tennisbot_ws/install/serial/share/serial/package.ps1'
[3.886s] INFO:colcon.colcon_core.shell:Creating package descriptor '/home/E14Raspberry/ScooperBot/tennisbot_ws/install/serial/share/serial/package.dsv'
[3.888s] INFO:colcon.colcon_core.shell:Creating package script '/home/E14Raspberry/ScooperBot/tennisbot_ws/install/serial/share/serial/package.sh'
[3.890s] INFO:colcon.colcon_core.shell:Creating package script '/home/E14Raspberry/ScooperBot/tennisbot_ws/install/serial/share/serial/package.bash'
[3.892s] INFO:colcon.colcon_core.shell:Creating package script '/home/E14Raspberry/ScooperBot/tennisbot_ws/install/serial/share/serial/package.zsh'
[3.893s] Level 1:colcon.colcon_core.environment:create_file_with_runtime_dependencies(/home/E14Raspberry/ScooperBot/tennisbot_ws/install/serial/share/colcon-core/packages/serial)
[3.898s] DEBUG:colcon.colcon_core.event_handler.log_command:Invoked command in '/home/E14Raspberry/ScooperBot/tennisbot_ws/build/serial_motor_demo_msgs' returned '0': CMAKE_PREFIX_PATH=${CMAKE_PREFIX_PATH}:/home/E14Raspberry/ScooperBot/tennisbot_ws/install/serial_motor_demo:/opt/ros/jazzy /usr/bin/cmake --build /home/E14Raspberry/ScooperBot/tennisbot_ws/build/serial_motor_demo_msgs -- -j4 -l4
[4.557s] DEBUG:colcon.colcon_core.event_handler.log_command:Invoking command in '/home/E14Raspberry/ScooperBot/tennisbot_ws/build/serial_motor_demo_msgs': CMAKE_PREFIX_PATH=${CMAKE_PREFIX_PATH}:/home/E14Raspberry/ScooperBot/tennisbot_ws/install/serial_motor_demo:/opt/ros/jazzy /usr/bin/cmake --install /home/E14Raspberry/ScooperBot/tennisbot_ws/build/serial_motor_demo_msgs
[5.032s] Level 1:colcon.colcon_core.environment:create_environment_scripts_only(serial_motor_demo_msgs)
[5.033s] Level 1:colcon.colcon_core.environment:checking '/home/E14Raspberry/ScooperBot/tennisbot_ws/install/serial_motor_demo_msgs' for CMake module files
[5.035s] DEBUG:colcon.colcon_core.event_handler.log_command:Invoked command in '/home/E14Raspberry/ScooperBot/tennisbot_ws/build/serial_motor_demo_msgs' returned '0': CMAKE_PREFIX_PATH=${CMAKE_PREFIX_PATH}:/home/E14Raspberry/ScooperBot/tennisbot_ws/install/serial_motor_demo:/opt/ros/jazzy /usr/bin/cmake --install /home/E14Raspberry/ScooperBot/tennisbot_ws/build/serial_motor_demo_msgs
[5.039s] Level 1:colcon.colcon_core.environment:checking '/home/E14Raspberry/ScooperBot/tennisbot_ws/install/serial_motor_demo_msgs' for CMake config files
[5.042s] Level 1:colcon.colcon_core.shell:create_environment_hook('serial_motor_demo_msgs', 'cmake_prefix_path')
[5.043s] INFO:colcon.colcon_core.shell:Creating environment hook '/home/E14Raspberry/ScooperBot/tennisbot_ws/install/serial_motor_demo_msgs/share/serial_motor_demo_msgs/hook/cmake_prefix_path.ps1'
[5.045s] INFO:colcon.colcon_core.shell:Creating environment descriptor '/home/E14Raspberry/ScooperBot/tennisbot_ws/install/serial_motor_demo_msgs/share/serial_motor_demo_msgs/hook/cmake_prefix_path.dsv'
[5.047s] INFO:colcon.colcon_core.shell:Creating environment hook '/home/E14Raspberry/ScooperBot/tennisbot_ws/install/serial_motor_demo_msgs/share/serial_motor_demo_msgs/hook/cmake_prefix_path.sh'
[5.050s] Level 1:colcon.colcon_core.environment:checking '/home/E14Raspberry/ScooperBot/tennisbot_ws/install/serial_motor_demo_msgs/lib'
[5.050s] Level 1:colcon.colcon_core.shell:create_environment_hook('serial_motor_demo_msgs', 'ld_library_path_lib')
[5.051s] INFO:colcon.colcon_core.shell:Creating environment hook '/home/E14Raspberry/ScooperBot/tennisbot_ws/install/serial_motor_demo_msgs/share/serial_motor_demo_msgs/hook/ld_library_path_lib.ps1'
[5.053s] INFO:colcon.colcon_core.shell:Creating environment descriptor '/home/E14Raspberry/ScooperBot/tennisbot_ws/install/serial_motor_demo_msgs/share/serial_motor_demo_msgs/hook/ld_library_path_lib.dsv'
[5.055s] INFO:colcon.colcon_core.shell:Creating environment hook '/home/E14Raspberry/ScooperBot/tennisbot_ws/install/serial_motor_demo_msgs/share/serial_motor_demo_msgs/hook/ld_library_path_lib.sh'
[5.057s] Level 1:colcon.colcon_core.environment:checking '/home/E14Raspberry/ScooperBot/tennisbot_ws/install/serial_motor_demo_msgs/bin'
[5.057s] Level 1:colcon.colcon_core.environment:checking '/home/E14Raspberry/ScooperBot/tennisbot_ws/install/serial_motor_demo_msgs/lib/pkgconfig/serial_motor_demo_msgs.pc'
[5.058s] Level 1:colcon.colcon_core.environment:checking '/home/E14Raspberry/ScooperBot/tennisbot_ws/install/serial_motor_demo_msgs/lib/python3.12/site-packages'
[5.059s] Level 1:colcon.colcon_core.shell:create_environment_hook('serial_motor_demo_msgs', 'pythonpath')
[5.060s] INFO:colcon.colcon_core.shell:Creating environment hook '/home/E14Raspberry/ScooperBot/tennisbot_ws/install/serial_motor_demo_msgs/share/serial_motor_demo_msgs/hook/pythonpath.ps1'
[5.062s] INFO:colcon.colcon_core.shell:Creating environment descriptor '/home/E14Raspberry/ScooperBot/tennisbot_ws/install/serial_motor_demo_msgs/share/serial_motor_demo_msgs/hook/pythonpath.dsv'
[5.063s] INFO:colcon.colcon_core.shell:Creating environment hook '/home/E14Raspberry/ScooperBot/tennisbot_ws/install/serial_motor_demo_msgs/share/serial_motor_demo_msgs/hook/pythonpath.sh'
[5.066s] Level 1:colcon.colcon_core.environment:checking '/home/E14Raspberry/ScooperBot/tennisbot_ws/install/serial_motor_demo_msgs/bin'
[5.067s] INFO:colcon.colcon_core.shell:Creating package script '/home/E14Raspberry/ScooperBot/tennisbot_ws/install/serial_motor_demo_msgs/share/serial_motor_demo_msgs/package.ps1'
[5.069s] INFO:colcon.colcon_core.shell:Creating package descriptor '/home/E14Raspberry/ScooperBot/tennisbot_ws/install/serial_motor_demo_msgs/share/serial_motor_demo_msgs/package.dsv'
[5.072s] INFO:colcon.colcon_core.shell:Creating package script '/home/E14Raspberry/ScooperBot/tennisbot_ws/install/serial_motor_demo_msgs/share/serial_motor_demo_msgs/package.sh'
[5.074s] INFO:colcon.colcon_core.shell:Creating package script '/home/E14Raspberry/ScooperBot/tennisbot_ws/install/serial_motor_demo_msgs/share/serial_motor_demo_msgs/package.bash'
[5.076s] INFO:colcon.colcon_core.shell:Creating package script '/home/E14Raspberry/ScooperBot/tennisbot_ws/install/serial_motor_demo_msgs/share/serial_motor_demo_msgs/package.zsh'
[5.078s] Level 1:colcon.colcon_core.environment:create_file_with_runtime_dependencies(/home/E14Raspberry/ScooperBot/tennisbot_ws/install/serial_motor_demo_msgs/share/colcon-core/packages/serial_motor_demo_msgs)
[5.723s] Level 1:colcon.colcon_core.environment:create_environment_scripts_only(serial_motor_demo_msgs)
[5.724s] Level 1:colcon.colcon_core.environment:checking '/home/E14Raspberry/ScooperBot/tennisbot_ws/install/serial_motor_demo_msgs' for CMake module files
[5.729s] Level 1:colcon.colcon_core.environment:checking '/home/E14Raspberry/ScooperBot/tennisbot_ws/install/serial_motor_demo_msgs' for CMake config files
[5.731s] Level 1:colcon.colcon_core.shell:create_environment_hook('serial_motor_demo_msgs', 'cmake_prefix_path')
[5.732s] INFO:colcon.colcon_core.shell:Creating environment hook '/home/E14Raspberry/ScooperBot/tennisbot_ws/install/serial_motor_demo_msgs/share/serial_motor_demo_msgs/hook/cmake_prefix_path.ps1'
[5.734s] INFO:colcon.colcon_core.shell:Creating environment descriptor '/home/E14Raspberry/ScooperBot/tennisbot_ws/install/serial_motor_demo_msgs/share/serial_motor_demo_msgs/hook/cmake_prefix_path.dsv'
[5.736s] INFO:colcon.colcon_core.shell:Creating environment hook '/home/E14Raspberry/ScooperBot/tennisbot_ws/install/serial_motor_demo_msgs/share/serial_motor_demo_msgs/hook/cmake_prefix_path.sh'
[5.739s] Level 1:colcon.colcon_core.environment:checking '/home/E14Raspberry/ScooperBot/tennisbot_ws/install/serial_motor_demo_msgs/lib'
[5.739s] Level 1:colcon.colcon_core.shell:create_environment_hook('serial_motor_demo_msgs', 'ld_library_path_lib')
[5.740s] INFO:colcon.colcon_core.shell:Creating environment hook '/home/E14Raspberry/ScooperBot/tennisbot_ws/install/serial_motor_demo_msgs/share/serial_motor_demo_msgs/hook/ld_library_path_lib.ps1'
[5.742s] INFO:colcon.colcon_core.shell:Creating environment descriptor '/home/E14Raspberry/ScooperBot/tennisbot_ws/install/serial_motor_demo_msgs/share/serial_motor_demo_msgs/hook/ld_library_path_lib.dsv'
[5.744s] INFO:colcon.colcon_core.shell:Creating environment hook '/home/E14Raspberry/ScooperBot/tennisbot_ws/install/serial_motor_demo_msgs/share/serial_motor_demo_msgs/hook/ld_library_path_lib.sh'
[5.745s] Level 1:colcon.colcon_core.environment:checking '/home/E14Raspberry/ScooperBot/tennisbot_ws/install/serial_motor_demo_msgs/bin'
[5.746s] Level 1:colcon.colcon_core.environment:checking '/home/E14Raspberry/ScooperBot/tennisbot_ws/install/serial_motor_demo_msgs/lib/pkgconfig/serial_motor_demo_msgs.pc'
[5.747s] Level 1:colcon.colcon_core.environment:checking '/home/E14Raspberry/ScooperBot/tennisbot_ws/install/serial_motor_demo_msgs/lib/python3.12/site-packages'
[5.747s] Level 1:colcon.colcon_core.shell:create_environment_hook('serial_motor_demo_msgs', 'pythonpath')
[5.748s] INFO:colcon.colcon_core.shell:Creating environment hook '/home/E14Raspberry/ScooperBot/tennisbot_ws/install/serial_motor_demo_msgs/share/serial_motor_demo_msgs/hook/pythonpath.ps1'
[5.750s] INFO:colcon.colcon_core.shell:Creating environment descriptor '/home/E14Raspberry/ScooperBot/tennisbot_ws/install/serial_motor_demo_msgs/share/serial_motor_demo_msgs/hook/pythonpath.dsv'
[5.754s] INFO:colcon.colcon_core.shell:Creating environment hook '/home/E14Raspberry/ScooperBot/tennisbot_ws/install/serial_motor_demo_msgs/share/serial_motor_demo_msgs/hook/pythonpath.sh'
[5.756s] Level 1:colcon.colcon_core.environment:checking '/home/E14Raspberry/ScooperBot/tennisbot_ws/install/serial_motor_demo_msgs/bin'
[5.758s] INFO:colcon.colcon_core.shell:Creating package script '/home/E14Raspberry/ScooperBot/tennisbot_ws/install/serial_motor_demo_msgs/share/serial_motor_demo_msgs/package.ps1'
[5.760s] INFO:colcon.colcon_core.shell:Creating package descriptor '/home/E14Raspberry/ScooperBot/tennisbot_ws/install/serial_motor_demo_msgs/share/serial_motor_demo_msgs/package.dsv'
[5.763s] INFO:colcon.colcon_core.shell:Creating package script '/home/E14Raspberry/ScooperBot/tennisbot_ws/install/serial_motor_demo_msgs/share/serial_motor_demo_msgs/package.sh'
[5.765s] INFO:colcon.colcon_core.shell:Creating package script '/home/E14Raspberry/ScooperBot/tennisbot_ws/install/serial_motor_demo_msgs/share/serial_motor_demo_msgs/package.bash'
[5.767s] INFO:colcon.colcon_core.shell:Creating package script '/home/E14Raspberry/ScooperBot/tennisbot_ws/install/serial_motor_demo_msgs/share/serial_motor_demo_msgs/package.zsh'
[5.769s] Level 1:colcon.colcon_core.environment:create_file_with_runtime_dependencies(/home/E14Raspberry/ScooperBot/tennisbot_ws/install/serial_motor_demo_msgs/share/colcon-core/packages/serial_motor_demo_msgs)
[5.770s] INFO:colcon.colcon_ros.task.ament_python.build:Building ROS package in '/home/E14Raspberry/ScooperBot/tennisbot_ws/src/serial_motor_demo/serial_motor_demo' with build type 'ament_python'
[5.771s] Level 1:colcon.colcon_core.shell:create_environment_hook('serial_motor_demo', 'ament_prefix_path')
[5.771s] INFO:colcon.colcon_core.shell:Creating environment hook '/home/E14Raspberry/ScooperBot/tennisbot_ws/install/serial_motor_demo/share/serial_motor_demo/hook/ament_prefix_path.ps1'
[5.776s] INFO:colcon.colcon_core.shell:Creating environment descriptor '/home/E14Raspberry/ScooperBot/tennisbot_ws/install/serial_motor_demo/share/serial_motor_demo/hook/ament_prefix_path.dsv'
[5.777s] INFO:colcon.colcon_core.shell:Creating environment hook '/home/E14Raspberry/ScooperBot/tennisbot_ws/install/serial_motor_demo/share/serial_motor_demo/hook/ament_prefix_path.sh'
[5.779s] INFO:colcon.colcon_core.shell:Skip shell extension 'powershell' for command environment: Not usable outside of PowerShell
[5.780s] DEBUG:colcon.colcon_core.shell:Skip shell extension 'dsv' for command environment
[6.895s] INFO:colcon.colcon_core.task.python.build:Building Python package in '/home/E14Raspberry/ScooperBot/tennisbot_ws/src/serial_motor_demo/serial_motor_demo'
[6.895s] INFO:colcon.colcon_core.shell:Skip shell extension 'powershell' for command environment: Not usable outside of PowerShell
[6.896s] DEBUG:colcon.colcon_core.shell:Skip shell extension 'dsv' for command environment
[6.928s] DEBUG:colcon.colcon_core.event_handler.log_command:Invoking command in '/home/E14Raspberry/ScooperBot/tennisbot_ws/build/twist_stamper': PYTHONPATH=/home/E14Raspberry/ScooperBot/tennisbot_ws/build/twist_stamper/prefix_override:/usr/lib/python3/dist-packages/colcon_core/task/python/colcon_distutils_commands:/home/E14Raspberry/ScooperBot/tennisbot_ws/install/twist_stamper/lib/python3.12/site-packages:${PYTHONPATH} /usr/bin/python3 -W ignore:setup.py install is deprecated setup.py develop --editable --build-directory /home/E14Raspberry/ScooperBot/tennisbot_ws/build/twist_stamper/build --no-deps symlink_data
[9.511s] DEBUG:colcon.colcon_core.event_handler.log_command:Invoking command in '/home/E14Raspberry/ScooperBot/tennisbot_ws/build/serial_motor_demo': CMAKE_PREFIX_PATH=/home/E14Raspberry/ScooperBot/tennisbot_ws/install/serial_motor_demo_msgs:/home/E14Raspberry/ScooperBot/tennisbot_ws/install/tennisbotmaster:/home/E14Raspberry/ScooperBot/tennisbot_ws/install/serial:/home/E14Raspberry/ScooperBot/tennisbot_ws/install/diffdrive_arduino PYTHONPATH=/home/E14Raspberry/ScooperBot/tennisbot_ws/build/serial_motor_demo/prefix_override:/usr/lib/python3/dist-packages/colcon_core/task/python/colcon_distutils_commands:/home/E14Raspberry/ScooperBot/tennisbot_ws/install/serial_motor_demo/lib/python3.12/site-packages:/home/E14Raspberry/ScooperBot/tennisbot_ws/install/serial_motor_demo_msgs/lib/python3.12/site-packages:/home/E14Raspberry/ScooperBot/tennisbot_ws/build/serial_motor_demo:/home/E14Raspberry/ScooperBot/tennisbot_ws/install/serial_motor_demo/lib/python3.12/site-packages:/opt/ros/jazzy/lib/python3.12/site-packages /usr/bin/python3 -W ignore:setup.py install is deprecated setup.py develop --editable --build-directory /home/E14Raspberry/ScooperBot/tennisbot_ws/build/serial_motor_demo/build --no-deps symlink_data
[10.032s] Level 1:colcon.colcon_core.shell:create_environment_hook('twist_stamper', 'pythonpath_develop')
[10.033s] INFO:colcon.colcon_core.shell:Creating environment hook '/home/E14Raspberry/ScooperBot/tennisbot_ws/build/twist_stamper/share/twist_stamper/hook/pythonpath_develop.ps1'
[10.033s] DEBUG:colcon.colcon_core.event_handler.log_command:Invoked command in '/home/E14Raspberry/ScooperBot/tennisbot_ws/build/twist_stamper' returned '0': PYTHONPATH=/home/E14Raspberry/ScooperBot/tennisbot_ws/build/twist_stamper/prefix_override:/usr/lib/python3/dist-packages/colcon_core/task/python/colcon_distutils_commands:/home/E14Raspberry/ScooperBot/tennisbot_ws/install/twist_stamper/lib/python3.12/site-packages:${PYTHONPATH} /usr/bin/python3 -W ignore:setup.py install is deprecated setup.py develop --editable --build-directory /home/E14Raspberry/ScooperBot/tennisbot_ws/build/twist_stamper/build --no-deps symlink_data
[10.036s] INFO:colcon.colcon_core.shell:Creating environment descriptor '/home/E14Raspberry/ScooperBot/tennisbot_ws/build/twist_stamper/share/twist_stamper/hook/pythonpath_develop.dsv'
[10.037s] INFO:colcon.colcon_core.shell:Creating environment hook '/home/E14Raspberry/ScooperBot/tennisbot_ws/build/twist_stamper/share/twist_stamper/hook/pythonpath_develop.sh'
[10.040s] Level 1:colcon.colcon_core.environment:checking '/home/E14Raspberry/ScooperBot/tennisbot_ws/install/twist_stamper' for CMake module files
[10.042s] Level 1:colcon.colcon_core.environment:checking '/home/E14Raspberry/ScooperBot/tennisbot_ws/install/twist_stamper' for CMake config files
[10.045s] Level 1:colcon.colcon_core.environment:checking '/home/E14Raspberry/ScooperBot/tennisbot_ws/install/twist_stamper/lib'
[10.046s] Level 1:colcon.colcon_core.environment:checking '/home/E14Raspberry/ScooperBot/tennisbot_ws/install/twist_stamper/bin'
[10.046s] Level 1:colcon.colcon_core.environment:checking '/home/E14Raspberry/ScooperBot/tennisbot_ws/install/twist_stamper/lib/pkgconfig/twist_stamper.pc'
[10.047s] Level 1:colcon.colcon_core.environment:checking '/home/E14Raspberry/ScooperBot/tennisbot_ws/install/twist_stamper/lib/python3.12/site-packages'
[10.047s] Level 1:colcon.colcon_core.shell:create_environment_hook('twist_stamper', 'pythonpath')
[10.048s] INFO:colcon.colcon_core.shell:Creating environment hook '/home/E14Raspberry/ScooperBot/tennisbot_ws/install/twist_stamper/share/twist_stamper/hook/pythonpath.ps1'
[10.050s] INFO:colcon.colcon_core.shell:Creating environment descriptor '/home/E14Raspberry/ScooperBot/tennisbot_ws/install/twist_stamper/share/twist_stamper/hook/pythonpath.dsv'
[10.051s] INFO:colcon.colcon_core.shell:Creating environment hook '/home/E14Raspberry/ScooperBot/tennisbot_ws/install/twist_stamper/share/twist_stamper/hook/pythonpath.sh'
[10.053s] Level 1:colcon.colcon_core.environment:checking '/home/E14Raspberry/ScooperBot/tennisbot_ws/install/twist_stamper/bin'
[10.054s] Level 1:colcon.colcon_core.environment:create_environment_scripts_only(twist_stamper)
[10.055s] INFO:colcon.colcon_core.shell:Creating package script '/home/E14Raspberry/ScooperBot/tennisbot_ws/install/twist_stamper/share/twist_stamper/package.ps1'
[10.057s] INFO:colcon.colcon_core.shell:Creating package descriptor '/home/E14Raspberry/ScooperBot/tennisbot_ws/install/twist_stamper/share/twist_stamper/package.dsv'
[10.059s] INFO:colcon.colcon_core.shell:Creating package script '/home/E14Raspberry/ScooperBot/tennisbot_ws/install/twist_stamper/share/twist_stamper/package.sh'
[10.061s] INFO:colcon.colcon_core.shell:Creating package script '/home/E14Raspberry/ScooperBot/tennisbot_ws/install/twist_stamper/share/twist_stamper/package.bash'
[10.062s] INFO:colcon.colcon_core.shell:Creating package script '/home/E14Raspberry/ScooperBot/tennisbot_ws/install/twist_stamper/share/twist_stamper/package.zsh'
[10.063s] Level 1:colcon.colcon_core.environment:create_file_with_runtime_dependencies(/home/E14Raspberry/ScooperBot/tennisbot_ws/install/twist_stamper/share/colcon-core/packages/twist_stamper)
[12.170s] Level 1:colcon.colcon_core.shell:create_environment_hook('serial_motor_demo', 'pythonpath_develop')
[12.171s] INFO:colcon.colcon_core.shell:Creating environment hook '/home/E14Raspberry/ScooperBot/tennisbot_ws/build/serial_motor_demo/share/serial_motor_demo/hook/pythonpath_develop.ps1'
[12.172s] DEBUG:colcon.colcon_core.event_handler.log_command:Invoked command in '/home/E14Raspberry/ScooperBot/tennisbot_ws/build/serial_motor_demo' returned '0': CMAKE_PREFIX_PATH=/home/E14Raspberry/ScooperBot/tennisbot_ws/install/serial_motor_demo_msgs:/home/E14Raspberry/ScooperBot/tennisbot_ws/install/tennisbotmaster:/home/E14Raspberry/ScooperBot/tennisbot_ws/install/serial:/home/E14Raspberry/ScooperBot/tennisbot_ws/install/diffdrive_arduino PYTHONPATH=/home/E14Raspberry/ScooperBot/tennisbot_ws/build/serial_motor_demo/prefix_override:/usr/lib/python3/dist-packages/colcon_core/task/python/colcon_distutils_commands:/home/E14Raspberry/ScooperBot/tennisbot_ws/install/serial_motor_demo/lib/python3.12/site-packages:/home/E14Raspberry/ScooperBot/tennisbot_ws/install/serial_motor_demo_msgs/lib/python3.12/site-packages:/home/E14Raspberry/ScooperBot/tennisbot_ws/build/serial_motor_demo:/home/E14Raspberry/ScooperBot/tennisbot_ws/install/serial_motor_demo/lib/python3.12/site-packages:/opt/ros/jazzy/lib/python3.12/site-packages /usr/bin/python3 -W ignore:setup.py install is deprecated setup.py develop --editable --build-directory /home/E14Raspberry/ScooperBot/tennisbot_ws/build/serial_motor_demo/build --no-deps symlink_data
[12.173s] INFO:colcon.colcon_core.shell:Creating environment descriptor '/home/E14Raspberry/ScooperBot/tennisbot_ws/build/serial_motor_demo/share/serial_motor_demo/hook/pythonpath_develop.dsv'
[12.175s] INFO:colcon.colcon_core.shell:Creating environment hook '/home/E14Raspberry/ScooperBot/tennisbot_ws/build/serial_motor_demo/share/serial_motor_demo/hook/pythonpath_develop.sh'
[12.178s] Level 1:colcon.colcon_core.environment:checking '/home/E14Raspberry/ScooperBot/tennisbot_ws/install/serial_motor_demo' for CMake module files
[12.182s] Level 1:colcon.colcon_core.environment:checking '/home/E14Raspberry/ScooperBot/tennisbot_ws/install/serial_motor_demo' for CMake config files
[12.186s] Level 1:colcon.colcon_core.environment:checking '/home/E14Raspberry/ScooperBot/tennisbot_ws/install/serial_motor_demo/lib'
[12.187s] Level 1:colcon.colcon_core.environment:checking '/home/E14Raspberry/ScooperBot/tennisbot_ws/install/serial_motor_demo/bin'
[12.187s] Level 1:colcon.colcon_core.environment:checking '/home/E14Raspberry/ScooperBot/tennisbot_ws/install/serial_motor_demo/lib/pkgconfig/serial_motor_demo.pc'
[12.188s] Level 1:colcon.colcon_core.environment:checking '/home/E14Raspberry/ScooperBot/tennisbot_ws/install/serial_motor_demo/lib/python3.12/site-packages'
[12.189s] Level 1:colcon.colcon_core.shell:create_environment_hook('serial_motor_demo', 'pythonpath')
[12.189s] INFO:colcon.colcon_core.shell:Creating environment hook '/home/E14Raspberry/ScooperBot/tennisbot_ws/install/serial_motor_demo/share/serial_motor_demo/hook/pythonpath.ps1'
[12.191s] INFO:colcon.colcon_core.shell:Creating environment descriptor '/home/E14Raspberry/ScooperBot/tennisbot_ws/install/serial_motor_demo/share/serial_motor_demo/hook/pythonpath.dsv'
[12.192s] INFO:colcon.colcon_core.shell:Creating environment hook '/home/E14Raspberry/ScooperBot/tennisbot_ws/install/serial_motor_demo/share/serial_motor_demo/hook/pythonpath.sh'
[12.195s] Level 1:colcon.colcon_core.environment:checking '/home/E14Raspberry/ScooperBot/tennisbot_ws/install/serial_motor_demo/bin'
[12.195s] Level 1:colcon.colcon_core.environment:create_environment_scripts_only(serial_motor_demo)
[12.196s] INFO:colcon.colcon_core.shell:Creating package script '/home/E14Raspberry/ScooperBot/tennisbot_ws/install/serial_motor_demo/share/serial_motor_demo/package.ps1'
[12.198s] INFO:colcon.colcon_core.shell:Creating package descriptor '/home/E14Raspberry/ScooperBot/tennisbot_ws/install/serial_motor_demo/share/serial_motor_demo/package.dsv'
[12.200s] INFO:colcon.colcon_core.shell:Creating package script '/home/E14Raspberry/ScooperBot/tennisbot_ws/install/serial_motor_demo/share/serial_motor_demo/package.sh'
[12.202s] INFO:colcon.colcon_core.shell:Creating package script '/home/E14Raspberry/ScooperBot/tennisbot_ws/install/serial_motor_demo/share/serial_motor_demo/package.bash'
[12.204s] INFO:colcon.colcon_core.shell:Creating package script '/home/E14Raspberry/ScooperBot/tennisbot_ws/install/serial_motor_demo/share/serial_motor_demo/package.zsh'
[12.205s] Level 1:colcon.colcon_core.environment:create_file_with_runtime_dependencies(/home/E14Raspberry/ScooperBot/tennisbot_ws/install/serial_motor_demo/share/colcon-core/packages/serial_motor_demo)
[12.207s] DEBUG:colcon.colcon_parallel_executor.executor.parallel:closing loop
[12.209s] DEBUG:colcon.colcon_parallel_executor.executor.parallel:loop closed
[12.209s] DEBUG:colcon.colcon_parallel_executor.executor.parallel:run_until_complete finished with '0'
[12.209s] DEBUG:colcon.colcon_core.event_reactor:joining thread
[12.233s] INFO:colcon.colcon_core.plugin_system:Skipping extension 'colcon_notification.desktop_notification.notify_send': Could not find 'notify-send'
[12.233s] INFO:colcon.colcon_core.plugin_system:Skipping extension 'colcon_notification.desktop_notification.terminal_notifier': Not used on non-Darwin systems
[12.233s] INFO:colcon.colcon_core.plugin_system:Skipping extension 'colcon_notification.desktop_notification.win32': Not used on non-Windows systems
[12.234s] INFO:colcon.colcon_notification.desktop_notification:Sending desktop notification using 'notify2'
[12.236s] DEBUG:colcon.colcon_notification.desktop_notification.notify2:Failed to initialize notify2: org.freedesktop.DBus.Error.ServiceUnknown: The name org.freedesktop.Notifications was not provided by any .service files
[12.237s] DEBUG:colcon.colcon_core.event_reactor:joined thread
[12.238s] INFO:colcon.colcon_core.shell:Creating prefix script '/home/E14Raspberry/ScooperBot/tennisbot_ws/install/local_setup.ps1'
[12.241s] INFO:colcon.colcon_core.shell:Creating prefix util module '/home/E14Raspberry/ScooperBot/tennisbot_ws/install/_local_setup_util_ps1.py'
[12.245s] INFO:colcon.colcon_core.shell:Creating prefix chain script '/home/E14Raspberry/ScooperBot/tennisbot_ws/install/setup.ps1'
[12.250s] INFO:colcon.colcon_core.shell:Creating prefix script '/home/E14Raspberry/ScooperBot/tennisbot_ws/install/local_setup.sh'
[12.252s] INFO:colcon.colcon_core.shell:Creating prefix util module '/home/E14Raspberry/ScooperBot/tennisbot_ws/install/_local_setup_util_sh.py'
[12.256s] INFO:colcon.colcon_core.shell:Creating prefix chain script '/home/E14Raspberry/ScooperBot/tennisbot_ws/install/setup.sh'
[12.261s] INFO:colcon.colcon_core.shell:Creating prefix script '/home/E14Raspberry/ScooperBot/tennisbot_ws/install/local_setup.bash'
[12.263s] INFO:colcon.colcon_core.shell:Creating prefix chain script '/home/E14Raspberry/ScooperBot/tennisbot_ws/install/setup.bash'
[12.269s] INFO:colcon.colcon_core.shell:Creating prefix script '/home/E14Raspberry/ScooperBot/tennisbot_ws/install/local_setup.zsh'
[12.271s] INFO:colcon.colcon_core.shell:Creating prefix chain script '/home/E14Raspberry/ScooperBot/tennisbot_ws/install/setup.zsh'
