[0.225s] Invoking command in '/home/E14Raspberry/ScooperBot/tennisbot_ws/build/yasmin_viewer': AMENT_PREFIX_PATH=/home/E14Raspberry/ScooperBot/tennisbot_ws/install/yasmin_ros:/home/E14Raspberry/ScooperBot/tennisbot_ws/install/yasmin_msgs:/home/E14Raspberry/ScooperBot/tennisbot_ws/install/yasmin:${AMENT_PREFIX_PATH} CMAKE_PREFIX_PATH=/home/E14Raspberry/ScooperBot/tennisbot_ws/install/yasmin_ros:/home/E14Raspberry/ScooperBot/tennisbot_ws/install/yasmin_msgs:/home/E14Raspberry/ScooperBot/tennisbot_ws/install/yasmin:/opt/ros/jazzy/opt/gz_sim_vendor:/opt/ros/jazzy/opt/gz_sensors_vendor:/opt/ros/jazzy/opt/gz_physics_vendor:/opt/ros/jazzy/opt/sdformat_vendor:/opt/ros/jazzy/opt/gz_gui_vendor:/opt/ros/jazzy/opt/gz_transport_vendor:/opt/ros/jazzy/opt/gz_rendering_vendor:/opt/ros/jazzy/opt/gz_plugin_vendor:/opt/ros/jazzy/opt/gz_fuel_tools_vendor:/opt/ros/jazzy/opt/gz_msgs_vendor:/opt/ros/jazzy/opt/gz_common_vendor:/opt/ros/jazzy/opt/gz_math_vendor:/opt/ros/jazzy/opt/gz_utils_vendor:/opt/ros/jazzy/opt/gz_tools_vendor:/opt/ros/jazzy/opt/gz_ogre_next_vendor:/opt/ros/jazzy/opt/gz_dartsim_vendor:/opt/ros/jazzy/opt/gz_cmake_vendor:/opt/ros/jazzy LD_LIBRARY_PATH=/home/E14Raspberry/ScooperBot/tennisbot_ws/install/yasmin_ros/lib:/home/E14Raspberry/ScooperBot/tennisbot_ws/install/yasmin_msgs/lib:/home/E14Raspberry/ScooperBot/tennisbot_ws/install/yasmin/lib:${LD_LIBRARY_PATH} PYTHONPATH=/home/E14Raspberry/ScooperBot/tennisbot_ws/install/yasmin_ros/lib/python3.12/site-packages:/home/E14Raspberry/ScooperBot/tennisbot_ws/install/yasmin_msgs/lib/python3.12/site-packages:/home/E14Raspberry/ScooperBot/tennisbot_ws/install/yasmin/lib/python3.12/site-packages:${PYTHONPATH} /usr/bin/cmake /home/E14Raspberry/ScooperBot/tennisbot_ws/src/yasmin/yasmin_viewer -DAMENT_CMAKE_SYMLINK_INSTALL=1 -DCMAKE_INSTALL_PREFIX=/home/E14Raspberry/ScooperBot/tennisbot_ws/install/yasmin_viewer
[1.076s] -- The C compiler identification is GNU 13.2.0
[1.887s] -- The CXX compiler identification is GNU 13.2.0
[2.125s] -- Detecting C compiler ABI info
[3.588s] -- Detecting C compiler ABI info - done
[3.718s] -- Check for working C compiler: /usr/bin/cc - skipped
[3.720s] -- Detecting C compile features
[3.725s] -- Detecting C compile features - done
[3.872s] -- Detecting CXX compiler ABI info
[5.465s] -- Detecting CXX compiler ABI info - done
[5.576s] -- Check for working CXX compiler: /usr/bin/c++ - skipped
[5.578s] -- Detecting CXX compile features
[5.583s] -- Detecting CXX compile features - done
[5.760s] -- Found ament_cmake: 2.5.2 (/opt/ros/jazzy/share/ament_cmake/cmake)
[8.304s] -- Found Python3: /usr/bin/python3 (found version "3.12.3") found components: Interpreter 
[9.359s] -- Override CMake install command with custom implementation using symlinks instead of copying resources
[11.579s] -- Found rclcpp: 28.1.3 (/opt/ros/jazzy/share/rclcpp/cmake)
[13.365s] -- Found rosidl_generator_c: 4.6.3 (/opt/ros/jazzy/share/rosidl_generator_c/cmake)
[13.935s] -- Found rosidl_generator_cpp: 4.6.3 (/opt/ros/jazzy/share/rosidl_generator_cpp/cmake)
[14.533s] -- Using all available rosidl_typesupport_c: rosidl_typesupport_fastrtps_c;rosidl_typesupport_introspection_c
[15.158s] -- Using all available rosidl_typesupport_cpp: rosidl_typesupport_fastrtps_cpp;rosidl_typesupport_introspection_cpp
[17.393s] -- Found rmw_implementation_cmake: 7.3.1 (/opt/ros/jazzy/share/rmw_implementation_cmake/cmake)
[17.562s] -- Found rmw_fastrtps_cpp: 8.4.1 (/opt/ros/jazzy/share/rmw_fastrtps_cpp/cmake)
[19.566s] -- Found OpenSSL: /usr/lib/aarch64-linux-gnu/libcrypto.so (found version "3.0.13")  
[19.845s] -- Found FastRTPS: /opt/ros/jazzy/include (Required is at least version "2.13") 
[20.112s] -- Using RMW implementation 'rmw_fastrtps_cpp' as default
[21.859s] -- Found rclpy: 7.1.1 (/opt/ros/jazzy/share/rclpy/cmake)
[21.876s] -- Found yasmin: 2.3.1 (/home/E14Raspberry/ScooperBot/tennisbot_ws/install/yasmin/share/yasmin/cmake)
[21.913s] -- Found yasmin_ros: 2.3.1 (/home/E14Raspberry/ScooperBot/tennisbot_ws/install/yasmin_ros/share/yasmin_ros/cmake)
[23.004s] -- Found yasmin_msgs: 2.3.1 (/home/E14Raspberry/ScooperBot/tennisbot_ws/install/yasmin_msgs/share/yasmin_msgs/cmake)
[25.601s] -- Configuring done (25.2s)
[25.904s] -- Generating done (0.2s)
[25.930s] -- Build files have been written to: /home/E14Raspberry/ScooperBot/tennisbot_ws/build/yasmin_viewer
[26.013s] Invoked command in '/home/E14Raspberry/ScooperBot/tennisbot_ws/build/yasmin_viewer' returned '0': AMENT_PREFIX_PATH=/home/E14Raspberry/ScooperBot/tennisbot_ws/install/yasmin_ros:/home/E14Raspberry/ScooperBot/tennisbot_ws/install/yasmin_msgs:/home/E14Raspberry/ScooperBot/tennisbot_ws/install/yasmin:${AMENT_PREFIX_PATH} CMAKE_PREFIX_PATH=/home/E14Raspberry/ScooperBot/tennisbot_ws/install/yasmin_ros:/home/E14Raspberry/ScooperBot/tennisbot_ws/install/yasmin_msgs:/home/E14Raspberry/ScooperBot/tennisbot_ws/install/yasmin:/opt/ros/jazzy/opt/gz_sim_vendor:/opt/ros/jazzy/opt/gz_sensors_vendor:/opt/ros/jazzy/opt/gz_physics_vendor:/opt/ros/jazzy/opt/sdformat_vendor:/opt/ros/jazzy/opt/gz_gui_vendor:/opt/ros/jazzy/opt/gz_transport_vendor:/opt/ros/jazzy/opt/gz_rendering_vendor:/opt/ros/jazzy/opt/gz_plugin_vendor:/opt/ros/jazzy/opt/gz_fuel_tools_vendor:/opt/ros/jazzy/opt/gz_msgs_vendor:/opt/ros/jazzy/opt/gz_common_vendor:/opt/ros/jazzy/opt/gz_math_vendor:/opt/ros/jazzy/opt/gz_utils_vendor:/opt/ros/jazzy/opt/gz_tools_vendor:/opt/ros/jazzy/opt/gz_ogre_next_vendor:/opt/ros/jazzy/opt/gz_dartsim_vendor:/opt/ros/jazzy/opt/gz_cmake_vendor:/opt/ros/jazzy LD_LIBRARY_PATH=/home/E14Raspberry/ScooperBot/tennisbot_ws/install/yasmin_ros/lib:/home/E14Raspberry/ScooperBot/tennisbot_ws/install/yasmin_msgs/lib:/home/E14Raspberry/ScooperBot/tennisbot_ws/install/yasmin/lib:${LD_LIBRARY_PATH} PYTHONPATH=/home/E14Raspberry/ScooperBot/tennisbot_ws/install/yasmin_ros/lib/python3.12/site-packages:/home/E14Raspberry/ScooperBot/tennisbot_ws/install/yasmin_msgs/lib/python3.12/site-packages:/home/E14Raspberry/ScooperBot/tennisbot_ws/install/yasmin/lib/python3.12/site-packages:${PYTHONPATH} /usr/bin/cmake /home/E14Raspberry/ScooperBot/tennisbot_ws/src/yasmin/yasmin_viewer -DAMENT_CMAKE_SYMLINK_INSTALL=1 -DCMAKE_INSTALL_PREFIX=/home/E14Raspberry/ScooperBot/tennisbot_ws/install/yasmin_viewer
[26.026s] Invoking command in '/home/E14Raspberry/ScooperBot/tennisbot_ws/build/yasmin_viewer': AMENT_PREFIX_PATH=/home/E14Raspberry/ScooperBot/tennisbot_ws/install/yasmin_ros:/home/E14Raspberry/ScooperBot/tennisbot_ws/install/yasmin_msgs:/home/E14Raspberry/ScooperBot/tennisbot_ws/install/yasmin:${AMENT_PREFIX_PATH} CMAKE_PREFIX_PATH=/home/E14Raspberry/ScooperBot/tennisbot_ws/install/yasmin_ros:/home/E14Raspberry/ScooperBot/tennisbot_ws/install/yasmin_msgs:/home/E14Raspberry/ScooperBot/tennisbot_ws/install/yasmin:/opt/ros/jazzy/opt/gz_sim_vendor:/opt/ros/jazzy/opt/gz_sensors_vendor:/opt/ros/jazzy/opt/gz_physics_vendor:/opt/ros/jazzy/opt/sdformat_vendor:/opt/ros/jazzy/opt/gz_gui_vendor:/opt/ros/jazzy/opt/gz_transport_vendor:/opt/ros/jazzy/opt/gz_rendering_vendor:/opt/ros/jazzy/opt/gz_plugin_vendor:/opt/ros/jazzy/opt/gz_fuel_tools_vendor:/opt/ros/jazzy/opt/gz_msgs_vendor:/opt/ros/jazzy/opt/gz_common_vendor:/opt/ros/jazzy/opt/gz_math_vendor:/opt/ros/jazzy/opt/gz_utils_vendor:/opt/ros/jazzy/opt/gz_tools_vendor:/opt/ros/jazzy/opt/gz_ogre_next_vendor:/opt/ros/jazzy/opt/gz_dartsim_vendor:/opt/ros/jazzy/opt/gz_cmake_vendor:/opt/ros/jazzy LD_LIBRARY_PATH=/home/E14Raspberry/ScooperBot/tennisbot_ws/install/yasmin_ros/lib:/home/E14Raspberry/ScooperBot/tennisbot_ws/install/yasmin_msgs/lib:/home/E14Raspberry/ScooperBot/tennisbot_ws/install/yasmin/lib:${LD_LIBRARY_PATH} PYTHONPATH=/home/E14Raspberry/ScooperBot/tennisbot_ws/install/yasmin_ros/lib/python3.12/site-packages:/home/E14Raspberry/ScooperBot/tennisbot_ws/install/yasmin_msgs/lib/python3.12/site-packages:/home/E14Raspberry/ScooperBot/tennisbot_ws/install/yasmin/lib/python3.12/site-packages:${PYTHONPATH} /usr/bin/cmake --build /home/E14Raspberry/ScooperBot/tennisbot_ws/build/yasmin_viewer -- -j4 -l4
[26.950s] [ 50%] [32mBuilding CXX object CMakeFiles/yasmin_viewer_lib.dir/src/yasmin_viewer/yasmin_viewer_pub.cpp.o[0m
[27.088s] [ 50%] Built target ament_cmake_python_symlink_yasmin_viewer
[29.956s] running egg_info
[29.966s] creating yasmin_viewer.egg-info
[30.228s] writing yasmin_viewer.egg-info/PKG-INFO
[30.230s] writing dependency_links to yasmin_viewer.egg-info/dependency_links.txt
[30.236s] writing top-level names to yasmin_viewer.egg-info/top_level.txt
[30.245s] writing manifest file 'yasmin_viewer.egg-info/SOURCES.txt'
[31.036s] reading manifest file 'yasmin_viewer.egg-info/SOURCES.txt'
[31.042s] writing manifest file 'yasmin_viewer.egg-info/SOURCES.txt'
[31.391s] [ 50%] Built target ament_cmake_python_build_yasmin_viewer_egg
[88.222s] [100%] [32m[1mLinking CXX static library libyasmin_viewer_lib.a[0m
[89.441s] [100%] Built target yasmin_viewer_lib
[89.615s] Invoked command in '/home/E14Raspberry/ScooperBot/tennisbot_ws/build/yasmin_viewer' returned '0': AMENT_PREFIX_PATH=/home/E14Raspberry/ScooperBot/tennisbot_ws/install/yasmin_ros:/home/E14Raspberry/ScooperBot/tennisbot_ws/install/yasmin_msgs:/home/E14Raspberry/ScooperBot/tennisbot_ws/install/yasmin:${AMENT_PREFIX_PATH} CMAKE_PREFIX_PATH=/home/E14Raspberry/ScooperBot/tennisbot_ws/install/yasmin_ros:/home/E14Raspberry/ScooperBot/tennisbot_ws/install/yasmin_msgs:/home/E14Raspberry/ScooperBot/tennisbot_ws/install/yasmin:/opt/ros/jazzy/opt/gz_sim_vendor:/opt/ros/jazzy/opt/gz_sensors_vendor:/opt/ros/jazzy/opt/gz_physics_vendor:/opt/ros/jazzy/opt/sdformat_vendor:/opt/ros/jazzy/opt/gz_gui_vendor:/opt/ros/jazzy/opt/gz_transport_vendor:/opt/ros/jazzy/opt/gz_rendering_vendor:/opt/ros/jazzy/opt/gz_plugin_vendor:/opt/ros/jazzy/opt/gz_fuel_tools_vendor:/opt/ros/jazzy/opt/gz_msgs_vendor:/opt/ros/jazzy/opt/gz_common_vendor:/opt/ros/jazzy/opt/gz_math_vendor:/opt/ros/jazzy/opt/gz_utils_vendor:/opt/ros/jazzy/opt/gz_tools_vendor:/opt/ros/jazzy/opt/gz_ogre_next_vendor:/opt/ros/jazzy/opt/gz_dartsim_vendor:/opt/ros/jazzy/opt/gz_cmake_vendor:/opt/ros/jazzy LD_LIBRARY_PATH=/home/E14Raspberry/ScooperBot/tennisbot_ws/install/yasmin_ros/lib:/home/E14Raspberry/ScooperBot/tennisbot_ws/install/yasmin_msgs/lib:/home/E14Raspberry/ScooperBot/tennisbot_ws/install/yasmin/lib:${LD_LIBRARY_PATH} PYTHONPATH=/home/E14Raspberry/ScooperBot/tennisbot_ws/install/yasmin_ros/lib/python3.12/site-packages:/home/E14Raspberry/ScooperBot/tennisbot_ws/install/yasmin_msgs/lib/python3.12/site-packages:/home/E14Raspberry/ScooperBot/tennisbot_ws/install/yasmin/lib/python3.12/site-packages:${PYTHONPATH} /usr/bin/cmake --build /home/E14Raspberry/ScooperBot/tennisbot_ws/build/yasmin_viewer -- -j4 -l4
[90.093s] Invoking command in '/home/E14Raspberry/ScooperBot/tennisbot_ws/build/yasmin_viewer': AMENT_PREFIX_PATH=/home/E14Raspberry/ScooperBot/tennisbot_ws/install/yasmin_ros:/home/E14Raspberry/ScooperBot/tennisbot_ws/install/yasmin_msgs:/home/E14Raspberry/ScooperBot/tennisbot_ws/install/yasmin:${AMENT_PREFIX_PATH} CMAKE_PREFIX_PATH=/home/E14Raspberry/ScooperBot/tennisbot_ws/install/yasmin_ros:/home/E14Raspberry/ScooperBot/tennisbot_ws/install/yasmin_msgs:/home/E14Raspberry/ScooperBot/tennisbot_ws/install/yasmin:/opt/ros/jazzy/opt/gz_sim_vendor:/opt/ros/jazzy/opt/gz_sensors_vendor:/opt/ros/jazzy/opt/gz_physics_vendor:/opt/ros/jazzy/opt/sdformat_vendor:/opt/ros/jazzy/opt/gz_gui_vendor:/opt/ros/jazzy/opt/gz_transport_vendor:/opt/ros/jazzy/opt/gz_rendering_vendor:/opt/ros/jazzy/opt/gz_plugin_vendor:/opt/ros/jazzy/opt/gz_fuel_tools_vendor:/opt/ros/jazzy/opt/gz_msgs_vendor:/opt/ros/jazzy/opt/gz_common_vendor:/opt/ros/jazzy/opt/gz_math_vendor:/opt/ros/jazzy/opt/gz_utils_vendor:/opt/ros/jazzy/opt/gz_tools_vendor:/opt/ros/jazzy/opt/gz_ogre_next_vendor:/opt/ros/jazzy/opt/gz_dartsim_vendor:/opt/ros/jazzy/opt/gz_cmake_vendor:/opt/ros/jazzy LD_LIBRARY_PATH=/home/E14Raspberry/ScooperBot/tennisbot_ws/install/yasmin_ros/lib:/home/E14Raspberry/ScooperBot/tennisbot_ws/install/yasmin_msgs/lib:/home/E14Raspberry/ScooperBot/tennisbot_ws/install/yasmin/lib:${LD_LIBRARY_PATH} PYTHONPATH=/home/E14Raspberry/ScooperBot/tennisbot_ws/install/yasmin_ros/lib/python3.12/site-packages:/home/E14Raspberry/ScooperBot/tennisbot_ws/install/yasmin_msgs/lib/python3.12/site-packages:/home/E14Raspberry/ScooperBot/tennisbot_ws/install/yasmin/lib/python3.12/site-packages:${PYTHONPATH} /usr/bin/cmake --install /home/E14Raspberry/ScooperBot/tennisbot_ws/build/yasmin_viewer
[90.239s] -- Install configuration: ""
[90.242s] -- Execute custom install script
[90.246s] -- Symlinking: /home/E14Raspberry/ScooperBot/tennisbot_ws/install/yasmin_viewer/lib/libyasmin_viewer_lib.a
[90.408s] -- Symlinking: /home/E14Raspberry/ScooperBot/tennisbot_ws/install/yasmin_viewer/include//yasmin_viewer/yasmin_viewer_pub.hpp
[90.573s] -- Symlinking: /home/E14Raspberry/ScooperBot/tennisbot_ws/install/yasmin_viewer/share/yasmin_viewer/yasmin_viewer_web_client//asset-manifest.json
[90.731s] -- Symlinking: /home/E14Raspberry/ScooperBot/tennisbot_ws/install/yasmin_viewer/share/yasmin_viewer/yasmin_viewer_web_client//favicon.ico
[90.889s] -- Symlinking: /home/E14Raspberry/ScooperBot/tennisbot_ws/install/yasmin_viewer/share/yasmin_viewer/yasmin_viewer_web_client//index.html
[91.046s] -- Symlinking: /home/E14Raspberry/ScooperBot/tennisbot_ws/install/yasmin_viewer/share/yasmin_viewer/yasmin_viewer_web_client//logo192.png
[91.202s] -- Symlinking: /home/E14Raspberry/ScooperBot/tennisbot_ws/install/yasmin_viewer/share/yasmin_viewer/yasmin_viewer_web_client//logo512.png
[91.359s] -- Symlinking: /home/E14Raspberry/ScooperBot/tennisbot_ws/install/yasmin_viewer/share/yasmin_viewer/yasmin_viewer_web_client//manifest.json
[91.515s] -- Symlinking: /home/E14Raspberry/ScooperBot/tennisbot_ws/install/yasmin_viewer/share/yasmin_viewer/yasmin_viewer_web_client//robots.txt
[91.676s] -- Symlinking: /home/E14Raspberry/ScooperBot/tennisbot_ws/install/yasmin_viewer/share/yasmin_viewer/yasmin_viewer_web_client//static/css/main.073c9b0a.css
[91.831s] -- Symlinking: /home/E14Raspberry/ScooperBot/tennisbot_ws/install/yasmin_viewer/share/yasmin_viewer/yasmin_viewer_web_client//static/css/main.073c9b0a.css.map
[91.988s] -- Symlinking: /home/E14Raspberry/ScooperBot/tennisbot_ws/install/yasmin_viewer/share/yasmin_viewer/yasmin_viewer_web_client//static/js/787.d1eb2cfc.chunk.js
[92.164s] -- Symlinking: /home/E14Raspberry/ScooperBot/tennisbot_ws/install/yasmin_viewer/share/yasmin_viewer/yasmin_viewer_web_client//static/js/787.d1eb2cfc.chunk.js.map
[92.347s] -- Symlinking: /home/E14Raspberry/ScooperBot/tennisbot_ws/install/yasmin_viewer/share/yasmin_viewer/yasmin_viewer_web_client//static/js/main.713a3c3e.js
[92.518s] -- Symlinking: /home/E14Raspberry/ScooperBot/tennisbot_ws/install/yasmin_viewer/share/yasmin_viewer/yasmin_viewer_web_client//static/js/main.713a3c3e.js.LICENSE.txt
[92.675s] -- Symlinking: /home/E14Raspberry/ScooperBot/tennisbot_ws/install/yasmin_viewer/share/yasmin_viewer/yasmin_viewer_web_client//static/js/main.713a3c3e.js.map
[92.832s] -- Symlinking: /home/E14Raspberry/ScooperBot/tennisbot_ws/install/yasmin_viewer/share/yasmin_viewer/environment/library_path.sh
[92.989s] -- Symlinking: /home/E14Raspberry/ScooperBot/tennisbot_ws/install/yasmin_viewer/share/yasmin_viewer/environment/library_path.dsv
[93.148s] -- Symlinking: /home/E14Raspberry/ScooperBot/tennisbot_ws/install/yasmin_viewer/share/yasmin_viewer/environment/pythonpath.sh
[93.305s] -- Symlinking: /home/E14Raspberry/ScooperBot/tennisbot_ws/install/yasmin_viewer/share/yasmin_viewer/environment/pythonpath.dsv
[93.465s] -- Symlinking: /home/E14Raspberry/ScooperBot/tennisbot_ws/install/yasmin_viewer/lib/python3.12/site-packages/yasmin_viewer-2.3.1-py3.12.egg-info/PKG-INFO
[93.621s] -- Symlinking: /home/E14Raspberry/ScooperBot/tennisbot_ws/install/yasmin_viewer/lib/python3.12/site-packages/yasmin_viewer-2.3.1-py3.12.egg-info/SOURCES.txt
[93.778s] -- Symlinking: /home/E14Raspberry/ScooperBot/tennisbot_ws/install/yasmin_viewer/lib/python3.12/site-packages/yasmin_viewer-2.3.1-py3.12.egg-info/dependency_links.txt
[93.934s] -- Symlinking: /home/E14Raspberry/ScooperBot/tennisbot_ws/install/yasmin_viewer/lib/python3.12/site-packages/yasmin_viewer-2.3.1-py3.12.egg-info/top_level.txt
[94.096s] -- Symlinking: /home/E14Raspberry/ScooperBot/tennisbot_ws/install/yasmin_viewer/lib/python3.12/site-packages/yasmin_viewer/__init__.py
[94.256s] -- Symlinking: /home/E14Raspberry/ScooperBot/tennisbot_ws/install/yasmin_viewer/lib/python3.12/site-packages/yasmin_viewer/yasmin_viewer_node.py
[94.438s] -- Symlinking: /home/E14Raspberry/ScooperBot/tennisbot_ws/install/yasmin_viewer/lib/python3.12/site-packages/yasmin_viewer/yasmin_viewer_pub.py
[94.624s] -- Symlinking: /home/E14Raspberry/ScooperBot/tennisbot_ws/install/yasmin_viewer/share/ament_index/resource_index/package_run_dependencies/yasmin_viewer
[94.813s] -- Symlinking: /home/E14Raspberry/ScooperBot/tennisbot_ws/install/yasmin_viewer/share/ament_index/resource_index/parent_prefix_path/yasmin_viewer
[94.977s] -- Symlinking: /home/E14Raspberry/ScooperBot/tennisbot_ws/install/yasmin_viewer/share/yasmin_viewer/environment/ament_prefix_path.sh
[95.164s] -- Symlinking: /home/E14Raspberry/ScooperBot/tennisbot_ws/install/yasmin_viewer/share/yasmin_viewer/environment/ament_prefix_path.dsv
[95.331s] -- Symlinking: /home/E14Raspberry/ScooperBot/tennisbot_ws/install/yasmin_viewer/share/yasmin_viewer/environment/path.sh
[95.490s] -- Symlinking: /home/E14Raspberry/ScooperBot/tennisbot_ws/install/yasmin_viewer/share/yasmin_viewer/environment/path.dsv
[95.679s] -- Symlinking: /home/E14Raspberry/ScooperBot/tennisbot_ws/install/yasmin_viewer/share/yasmin_viewer/local_setup.bash
[95.865s] -- Symlinking: /home/E14Raspberry/ScooperBot/tennisbot_ws/install/yasmin_viewer/share/yasmin_viewer/local_setup.sh
[96.049s] -- Symlinking: /home/E14Raspberry/ScooperBot/tennisbot_ws/install/yasmin_viewer/share/yasmin_viewer/local_setup.zsh
[96.208s] -- Symlinking: /home/E14Raspberry/ScooperBot/tennisbot_ws/install/yasmin_viewer/share/yasmin_viewer/local_setup.dsv
[96.364s] -- Symlinking: /home/E14Raspberry/ScooperBot/tennisbot_ws/install/yasmin_viewer/share/yasmin_viewer/package.dsv
[96.523s] -- Symlinking: /home/E14Raspberry/ScooperBot/tennisbot_ws/install/yasmin_viewer/share/ament_index/resource_index/packages/yasmin_viewer
[96.682s] -- Symlinking: /home/E14Raspberry/ScooperBot/tennisbot_ws/install/yasmin_viewer/share/yasmin_viewer/cmake/ament_cmake_export_include_directories-extras.cmake
[96.839s] -- Symlinking: /home/E14Raspberry/ScooperBot/tennisbot_ws/install/yasmin_viewer/share/yasmin_viewer/cmake/ament_cmake_export_libraries-extras.cmake
[96.997s] -- Symlinking: /home/E14Raspberry/ScooperBot/tennisbot_ws/install/yasmin_viewer/share/yasmin_viewer/cmake/ament_cmake_export_dependencies-extras.cmake
[97.156s] -- Symlinking: /home/E14Raspberry/ScooperBot/tennisbot_ws/install/yasmin_viewer/share/yasmin_viewer/cmake/yasmin_viewerConfig.cmake
[97.344s] -- Symlinking: /home/E14Raspberry/ScooperBot/tennisbot_ws/install/yasmin_viewer/share/yasmin_viewer/cmake/yasmin_viewerConfig-version.cmake
[97.540s] -- Symlinking: /home/E14Raspberry/ScooperBot/tennisbot_ws/install/yasmin_viewer/share/yasmin_viewer/package.xml
[98.283s] Listing '/home/E14Raspberry/ScooperBot/tennisbot_ws/install/yasmin_viewer/lib/python3.12/site-packages/yasmin_viewer'...
[98.286s] Compiling '/home/E14Raspberry/ScooperBot/tennisbot_ws/install/yasmin_viewer/lib/python3.12/site-packages/yasmin_viewer/__init__.py'...
[98.288s] Compiling '/home/E14Raspberry/ScooperBot/tennisbot_ws/install/yasmin_viewer/lib/python3.12/site-packages/yasmin_viewer/yasmin_viewer_node.py'...
[98.290s] Compiling '/home/E14Raspberry/ScooperBot/tennisbot_ws/install/yasmin_viewer/lib/python3.12/site-packages/yasmin_viewer/yasmin_viewer_pub.py'...
[98.355s] -- Installing: /home/E14Raspberry/ScooperBot/tennisbot_ws/install/yasmin_viewer/lib/yasmin_viewer/yasmin_viewer_node
[98.375s] Invoked command in '/home/E14Raspberry/ScooperBot/tennisbot_ws/build/yasmin_viewer' returned '0': AMENT_PREFIX_PATH=/home/E14Raspberry/ScooperBot/tennisbot_ws/install/yasmin_ros:/home/E14Raspberry/ScooperBot/tennisbot_ws/install/yasmin_msgs:/home/E14Raspberry/ScooperBot/tennisbot_ws/install/yasmin:${AMENT_PREFIX_PATH} CMAKE_PREFIX_PATH=/home/E14Raspberry/ScooperBot/tennisbot_ws/install/yasmin_ros:/home/E14Raspberry/ScooperBot/tennisbot_ws/install/yasmin_msgs:/home/E14Raspberry/ScooperBot/tennisbot_ws/install/yasmin:/opt/ros/jazzy/opt/gz_sim_vendor:/opt/ros/jazzy/opt/gz_sensors_vendor:/opt/ros/jazzy/opt/gz_physics_vendor:/opt/ros/jazzy/opt/sdformat_vendor:/opt/ros/jazzy/opt/gz_gui_vendor:/opt/ros/jazzy/opt/gz_transport_vendor:/opt/ros/jazzy/opt/gz_rendering_vendor:/opt/ros/jazzy/opt/gz_plugin_vendor:/opt/ros/jazzy/opt/gz_fuel_tools_vendor:/opt/ros/jazzy/opt/gz_msgs_vendor:/opt/ros/jazzy/opt/gz_common_vendor:/opt/ros/jazzy/opt/gz_math_vendor:/opt/ros/jazzy/opt/gz_utils_vendor:/opt/ros/jazzy/opt/gz_tools_vendor:/opt/ros/jazzy/opt/gz_ogre_next_vendor:/opt/ros/jazzy/opt/gz_dartsim_vendor:/opt/ros/jazzy/opt/gz_cmake_vendor:/opt/ros/jazzy LD_LIBRARY_PATH=/home/E14Raspberry/ScooperBot/tennisbot_ws/install/yasmin_ros/lib:/home/E14Raspberry/ScooperBot/tennisbot_ws/install/yasmin_msgs/lib:/home/E14Raspberry/ScooperBot/tennisbot_ws/install/yasmin/lib:${LD_LIBRARY_PATH} PYTHONPATH=/home/E14Raspberry/ScooperBot/tennisbot_ws/install/yasmin_ros/lib/python3.12/site-packages:/home/E14Raspberry/ScooperBot/tennisbot_ws/install/yasmin_msgs/lib/python3.12/site-packages:/home/E14Raspberry/ScooperBot/tennisbot_ws/install/yasmin/lib/python3.12/site-packages:${PYTHONPATH} /usr/bin/cmake --install /home/E14Raspberry/ScooperBot/tennisbot_ws/build/yasmin_viewer
