[0.237s] Invoking command in '/home/E14Raspberry/ScooperBot/tennisbot_ws/build/serial_motor_demo_msgs': CMAKE_PREFIX_PATH=${CMAKE_PREFIX_PATH}:/opt/ros/jazzy /usr/bin/cmake --build /home/E14Raspberry/ScooperBot/tennisbot_ws/build/serial_motor_demo_msgs -- -j4 -l4
[1.375s] [  1%] Built target serial_motor_demo_msgs__rosidl_generator_type_description
[1.549s] [  1%] Built target ament_cmake_python_symlink_serial_motor_demo_msgs
[1.872s] [  3%] Built target serial_motor_demo_msgs__cpp
[2.113s] [ 24%] Built target serial_motor_demo_msgs__rosidl_generator_c
[2.931s] [ 33%] Built target serial_motor_demo_msgs__rosidl_typesupport_introspection_cpp
[2.979s] [ 42%] Built target serial_motor_demo_msgs__rosidl_typesupport_fastrtps_c
[3.183s] [ 51%] Built target serial_motor_demo_msgs__rosidl_typesupport_cpp
[3.819s] [ 61%] Built target serial_motor_demo_msgs__rosidl_typesupport_c
[3.839s] [ 70%] Built target serial_motor_demo_msgs__rosidl_typesupport_introspection_c
[3.936s] [ 79%] Built target serial_motor_demo_msgs__rosidl_typesupport_fastrtps_cpp
[4.380s] [ 79%] Built target serial_motor_demo_msgs
[5.040s] [ 81%] Built target serial_motor_demo_msgs__py
[5.677s] [ 88%] Built target serial_motor_demo_msgs__rosidl_generator_py
[6.698s] [ 92%] Built target serial_motor_demo_msgs_s__rosidl_typesupport_fastrtps_c
[6.724s] [ 96%] Built target serial_motor_demo_msgs_s__rosidl_typesupport_introspection_c
[6.763s] running egg_info
[7.074s] [100%] Built target serial_motor_demo_msgs_s__rosidl_typesupport_c
[7.226s] writing serial_motor_demo_msgs.egg-info/PKG-INFO
[7.234s] writing dependency_links to serial_motor_demo_msgs.egg-info/dependency_links.txt
[7.236s] writing top-level names to serial_motor_demo_msgs.egg-info/top_level.txt
[8.886s] reading manifest file 'serial_motor_demo_msgs.egg-info/SOURCES.txt'
[8.907s] writing manifest file 'serial_motor_demo_msgs.egg-info/SOURCES.txt'
[9.361s] [100%] Built target ament_cmake_python_build_serial_motor_demo_msgs_egg
[9.625s] Invoked command in '/home/E14Raspberry/ScooperBot/tennisbot_ws/build/serial_motor_demo_msgs' returned '0': CMAKE_PREFIX_PATH=${CMAKE_PREFIX_PATH}:/opt/ros/jazzy /usr/bin/cmake --build /home/E14Raspberry/ScooperBot/tennisbot_ws/build/serial_motor_demo_msgs -- -j4 -l4
[12.804s] Invoking command in '/home/E14Raspberry/ScooperBot/tennisbot_ws/build/serial_motor_demo_msgs': CMAKE_PREFIX_PATH=${CMAKE_PREFIX_PATH}:/opt/ros/jazzy /usr/bin/cmake --install /home/E14Raspberry/ScooperBot/tennisbot_ws/build/serial_motor_demo_msgs
[13.079s] -- Install configuration: ""
[13.094s] -- Execute custom install script
[13.115s] -- Up-to-date symlink: /home/E14Raspberry/ScooperBot/tennisbot_ws/install/serial_motor_demo_msgs/share/ament_index/resource_index/rosidl_interfaces/serial_motor_demo_msgs
[13.122s] -- Up-to-date symlink: /home/E14Raspberry/ScooperBot/tennisbot_ws/install/serial_motor_demo_msgs/share/serial_motor_demo_msgs/msg/MotorCommand.json
[13.152s] -- Up-to-date symlink: /home/E14Raspberry/ScooperBot/tennisbot_ws/install/serial_motor_demo_msgs/share/serial_motor_demo_msgs/msg/MotorVels.json
[13.164s] -- Up-to-date symlink: /home/E14Raspberry/ScooperBot/tennisbot_ws/install/serial_motor_demo_msgs/share/serial_motor_demo_msgs/msg/EncoderVals.json
[13.182s] -- Up-to-date symlink: /home/E14Raspberry/ScooperBot/tennisbot_ws/install/serial_motor_demo_msgs/include/serial_motor_demo_msgs/serial_motor_demo_msgs/msg/detail/encoder_vals__functions.h
[13.190s] -- Up-to-date symlink: /home/E14Raspberry/ScooperBot/tennisbot_ws/install/serial_motor_demo_msgs/include/serial_motor_demo_msgs/serial_motor_demo_msgs/msg/detail/encoder_vals__struct.h
[13.217s] -- Up-to-date symlink: /home/E14Raspberry/ScooperBot/tennisbot_ws/install/serial_motor_demo_msgs/include/serial_motor_demo_msgs/serial_motor_demo_msgs/msg/detail/encoder_vals__type_support.h
[13.240s] -- Up-to-date symlink: /home/E14Raspberry/ScooperBot/tennisbot_ws/install/serial_motor_demo_msgs/include/serial_motor_demo_msgs/serial_motor_demo_msgs/msg/detail/motor_command__functions.h
[13.258s] -- Up-to-date symlink: /home/E14Raspberry/ScooperBot/tennisbot_ws/install/serial_motor_demo_msgs/include/serial_motor_demo_msgs/serial_motor_demo_msgs/msg/detail/motor_command__struct.h
[13.270s] -- Up-to-date symlink: /home/E14Raspberry/ScooperBot/tennisbot_ws/install/serial_motor_demo_msgs/include/serial_motor_demo_msgs/serial_motor_demo_msgs/msg/detail/motor_command__type_support.h
[13.282s] -- Up-to-date symlink: /home/E14Raspberry/ScooperBot/tennisbot_ws/install/serial_motor_demo_msgs/include/serial_motor_demo_msgs/serial_motor_demo_msgs/msg/detail/motor_vels__functions.h
[13.289s] -- Up-to-date symlink: /home/E14Raspberry/ScooperBot/tennisbot_ws/install/serial_motor_demo_msgs/include/serial_motor_demo_msgs/serial_motor_demo_msgs/msg/detail/motor_vels__struct.h
[13.293s] -- Up-to-date symlink: /home/E14Raspberry/ScooperBot/tennisbot_ws/install/serial_motor_demo_msgs/include/serial_motor_demo_msgs/serial_motor_demo_msgs/msg/detail/motor_vels__type_support.h
[13.295s] -- Up-to-date symlink: /home/E14Raspberry/ScooperBot/tennisbot_ws/install/serial_motor_demo_msgs/include/serial_motor_demo_msgs/serial_motor_demo_msgs/msg/encoder_vals.h
[13.296s] -- Up-to-date symlink: /home/E14Raspberry/ScooperBot/tennisbot_ws/install/serial_motor_demo_msgs/include/serial_motor_demo_msgs/serial_motor_demo_msgs/msg/motor_command.h
[13.298s] -- Up-to-date symlink: /home/E14Raspberry/ScooperBot/tennisbot_ws/install/serial_motor_demo_msgs/include/serial_motor_demo_msgs/serial_motor_demo_msgs/msg/motor_vels.h
[13.299s] -- Up-to-date symlink: /home/E14Raspberry/ScooperBot/tennisbot_ws/install/serial_motor_demo_msgs/include/serial_motor_demo_msgs/serial_motor_demo_msgs/msg/rosidl_generator_c__visibility_control.h
[13.300s] -- Up-to-date symlink: /home/E14Raspberry/ScooperBot/tennisbot_ws/install/serial_motor_demo_msgs/share/serial_motor_demo_msgs/environment/library_path.sh
[13.301s] -- Up-to-date symlink: /home/E14Raspberry/ScooperBot/tennisbot_ws/install/serial_motor_demo_msgs/share/serial_motor_demo_msgs/environment/library_path.dsv
[13.303s] -- Up-to-date symlink: /home/E14Raspberry/ScooperBot/tennisbot_ws/install/serial_motor_demo_msgs/include/serial_motor_demo_msgs/serial_motor_demo_msgs/msg/detail/encoder_vals__rosidl_typesupport_fastrtps_c.h
[13.310s] -- Up-to-date symlink: /home/E14Raspberry/ScooperBot/tennisbot_ws/install/serial_motor_demo_msgs/include/serial_motor_demo_msgs/serial_motor_demo_msgs/msg/detail/motor_command__rosidl_typesupport_fastrtps_c.h
[13.320s] -- Up-to-date symlink: /home/E14Raspberry/ScooperBot/tennisbot_ws/install/serial_motor_demo_msgs/include/serial_motor_demo_msgs/serial_motor_demo_msgs/msg/detail/motor_vels__rosidl_typesupport_fastrtps_c.h
[13.321s] -- Up-to-date symlink: /home/E14Raspberry/ScooperBot/tennisbot_ws/install/serial_motor_demo_msgs/include/serial_motor_demo_msgs/serial_motor_demo_msgs/msg/rosidl_typesupport_fastrtps_c__visibility_control.h
[13.338s] -- Up-to-date symlink: /home/E14Raspberry/ScooperBot/tennisbot_ws/install/serial_motor_demo_msgs/include/serial_motor_demo_msgs/serial_motor_demo_msgs/msg/detail/encoder_vals__rosidl_typesupport_introspection_c.h
[13.351s] -- Up-to-date symlink: /home/E14Raspberry/ScooperBot/tennisbot_ws/install/serial_motor_demo_msgs/include/serial_motor_demo_msgs/serial_motor_demo_msgs/msg/detail/motor_command__rosidl_typesupport_introspection_c.h
[13.353s] -- Up-to-date symlink: /home/E14Raspberry/ScooperBot/tennisbot_ws/install/serial_motor_demo_msgs/include/serial_motor_demo_msgs/serial_motor_demo_msgs/msg/detail/motor_vels__rosidl_typesupport_introspection_c.h
[13.355s] -- Up-to-date symlink: /home/E14Raspberry/ScooperBot/tennisbot_ws/install/serial_motor_demo_msgs/include/serial_motor_demo_msgs/serial_motor_demo_msgs/msg/rosidl_typesupport_introspection_c__visibility_control.h
[13.356s] -- Up-to-date symlink: /home/E14Raspberry/ScooperBot/tennisbot_ws/install/serial_motor_demo_msgs/include/serial_motor_demo_msgs/serial_motor_demo_msgs/msg/detail/encoder_vals__builder.hpp
[13.358s] -- Up-to-date symlink: /home/E14Raspberry/ScooperBot/tennisbot_ws/install/serial_motor_demo_msgs/include/serial_motor_demo_msgs/serial_motor_demo_msgs/msg/detail/encoder_vals__struct.hpp
[13.359s] -- Up-to-date symlink: /home/E14Raspberry/ScooperBot/tennisbot_ws/install/serial_motor_demo_msgs/include/serial_motor_demo_msgs/serial_motor_demo_msgs/msg/detail/encoder_vals__traits.hpp
[13.361s] -- Up-to-date symlink: /home/E14Raspberry/ScooperBot/tennisbot_ws/install/serial_motor_demo_msgs/include/serial_motor_demo_msgs/serial_motor_demo_msgs/msg/detail/encoder_vals__type_support.hpp
[13.362s] -- Up-to-date symlink: /home/E14Raspberry/ScooperBot/tennisbot_ws/install/serial_motor_demo_msgs/include/serial_motor_demo_msgs/serial_motor_demo_msgs/msg/detail/motor_command__builder.hpp
[13.379s] -- Up-to-date symlink: /home/E14Raspberry/ScooperBot/tennisbot_ws/install/serial_motor_demo_msgs/include/serial_motor_demo_msgs/serial_motor_demo_msgs/msg/detail/motor_command__struct.hpp
[13.380s] -- Up-to-date symlink: /home/E14Raspberry/ScooperBot/tennisbot_ws/install/serial_motor_demo_msgs/include/serial_motor_demo_msgs/serial_motor_demo_msgs/msg/detail/motor_command__traits.hpp
[13.381s] -- Up-to-date symlink: /home/E14Raspberry/ScooperBot/tennisbot_ws/install/serial_motor_demo_msgs/include/serial_motor_demo_msgs/serial_motor_demo_msgs/msg/detail/motor_command__type_support.hpp
[13.389s] -- Up-to-date symlink: /home/E14Raspberry/ScooperBot/tennisbot_ws/install/serial_motor_demo_msgs/include/serial_motor_demo_msgs/serial_motor_demo_msgs/msg/detail/motor_vels__builder.hpp
[13.390s] -- Up-to-date symlink: /home/E14Raspberry/ScooperBot/tennisbot_ws/install/serial_motor_demo_msgs/include/serial_motor_demo_msgs/serial_motor_demo_msgs/msg/detail/motor_vels__struct.hpp
[13.398s] -- Up-to-date symlink: /home/E14Raspberry/ScooperBot/tennisbot_ws/install/serial_motor_demo_msgs/include/serial_motor_demo_msgs/serial_motor_demo_msgs/msg/detail/motor_vels__traits.hpp
[13.399s] -- Up-to-date symlink: /home/E14Raspberry/ScooperBot/tennisbot_ws/install/serial_motor_demo_msgs/include/serial_motor_demo_msgs/serial_motor_demo_msgs/msg/detail/motor_vels__type_support.hpp
[13.400s] -- Up-to-date symlink: /home/E14Raspberry/ScooperBot/tennisbot_ws/install/serial_motor_demo_msgs/include/serial_motor_demo_msgs/serial_motor_demo_msgs/msg/encoder_vals.hpp
[13.401s] -- Up-to-date symlink: /home/E14Raspberry/ScooperBot/tennisbot_ws/install/serial_motor_demo_msgs/include/serial_motor_demo_msgs/serial_motor_demo_msgs/msg/motor_command.hpp
[13.403s] -- Up-to-date symlink: /home/E14Raspberry/ScooperBot/tennisbot_ws/install/serial_motor_demo_msgs/include/serial_motor_demo_msgs/serial_motor_demo_msgs/msg/motor_vels.hpp
[13.405s] -- Up-to-date symlink: /home/E14Raspberry/ScooperBot/tennisbot_ws/install/serial_motor_demo_msgs/include/serial_motor_demo_msgs/serial_motor_demo_msgs/msg/rosidl_generator_cpp__visibility_control.hpp
[13.406s] -- Up-to-date symlink: /home/E14Raspberry/ScooperBot/tennisbot_ws/install/serial_motor_demo_msgs/include/serial_motor_demo_msgs/serial_motor_demo_msgs/msg/detail/encoder_vals__rosidl_typesupport_fastrtps_cpp.hpp
[13.408s] -- Up-to-date symlink: /home/E14Raspberry/ScooperBot/tennisbot_ws/install/serial_motor_demo_msgs/include/serial_motor_demo_msgs/serial_motor_demo_msgs/msg/detail/motor_command__rosidl_typesupport_fastrtps_cpp.hpp
[13.409s] -- Up-to-date symlink: /home/E14Raspberry/ScooperBot/tennisbot_ws/install/serial_motor_demo_msgs/include/serial_motor_demo_msgs/serial_motor_demo_msgs/msg/detail/motor_vels__rosidl_typesupport_fastrtps_cpp.hpp
[13.410s] -- Up-to-date symlink: /home/E14Raspberry/ScooperBot/tennisbot_ws/install/serial_motor_demo_msgs/include/serial_motor_demo_msgs/serial_motor_demo_msgs/msg/rosidl_typesupport_fastrtps_cpp__visibility_control.h
[13.417s] -- Up-to-date symlink: /home/E14Raspberry/ScooperBot/tennisbot_ws/install/serial_motor_demo_msgs/include/serial_motor_demo_msgs/serial_motor_demo_msgs/msg/detail/encoder_vals__rosidl_typesupport_introspection_cpp.hpp
[13.423s] -- Up-to-date symlink: /home/E14Raspberry/ScooperBot/tennisbot_ws/install/serial_motor_demo_msgs/include/serial_motor_demo_msgs/serial_motor_demo_msgs/msg/detail/motor_command__rosidl_typesupport_introspection_cpp.hpp
[13.435s] -- Up-to-date symlink: /home/E14Raspberry/ScooperBot/tennisbot_ws/install/serial_motor_demo_msgs/include/serial_motor_demo_msgs/serial_motor_demo_msgs/msg/detail/motor_vels__rosidl_typesupport_introspection_cpp.hpp
[13.436s] -- Up-to-date symlink: /home/E14Raspberry/ScooperBot/tennisbot_ws/install/serial_motor_demo_msgs/share/serial_motor_demo_msgs/environment/pythonpath.sh
[13.440s] -- Up-to-date symlink: /home/E14Raspberry/ScooperBot/tennisbot_ws/install/serial_motor_demo_msgs/share/serial_motor_demo_msgs/environment/pythonpath.dsv
[13.441s] -- Up-to-date symlink: /home/E14Raspberry/ScooperBot/tennisbot_ws/install/serial_motor_demo_msgs/lib/python3.12/site-packages/serial_motor_demo_msgs-0.0.0-py3.12.egg-info/PKG-INFO
[13.452s] -- Up-to-date symlink: /home/E14Raspberry/ScooperBot/tennisbot_ws/install/serial_motor_demo_msgs/lib/python3.12/site-packages/serial_motor_demo_msgs-0.0.0-py3.12.egg-info/SOURCES.txt
[13.453s] -- Up-to-date symlink: /home/E14Raspberry/ScooperBot/tennisbot_ws/install/serial_motor_demo_msgs/lib/python3.12/site-packages/serial_motor_demo_msgs-0.0.0-py3.12.egg-info/dependency_links.txt
[13.454s] -- Up-to-date symlink: /home/E14Raspberry/ScooperBot/tennisbot_ws/install/serial_motor_demo_msgs/lib/python3.12/site-packages/serial_motor_demo_msgs-0.0.0-py3.12.egg-info/top_level.txt
[13.472s] -- Up-to-date symlink: /home/E14Raspberry/ScooperBot/tennisbot_ws/install/serial_motor_demo_msgs/lib/python3.12/site-packages/serial_motor_demo_msgs/__init__.py
[13.482s] -- Up-to-date symlink: /home/E14Raspberry/ScooperBot/tennisbot_ws/install/serial_motor_demo_msgs/lib/python3.12/site-packages/serial_motor_demo_msgs/_serial_motor_demo_msgs_s.ep.rosidl_typesupport_c.c
[13.484s] -- Up-to-date symlink: /home/E14Raspberry/ScooperBot/tennisbot_ws/install/serial_motor_demo_msgs/lib/python3.12/site-packages/serial_motor_demo_msgs/_serial_motor_demo_msgs_s.ep.rosidl_typesupport_fastrtps_c.c
[13.485s] -- Up-to-date symlink: /home/E14Raspberry/ScooperBot/tennisbot_ws/install/serial_motor_demo_msgs/lib/python3.12/site-packages/serial_motor_demo_msgs/_serial_motor_demo_msgs_s.ep.rosidl_typesupport_introspection_c.c
[13.490s] -- Up-to-date symlink: /home/E14Raspberry/ScooperBot/tennisbot_ws/install/serial_motor_demo_msgs/lib/python3.12/site-packages/serial_motor_demo_msgs/msg/__init__.py
[13.494s] -- Up-to-date symlink: /home/E14Raspberry/ScooperBot/tennisbot_ws/install/serial_motor_demo_msgs/lib/python3.12/site-packages/serial_motor_demo_msgs/msg/_encoder_vals.py
[13.495s] -- Up-to-date symlink: /home/E14Raspberry/ScooperBot/tennisbot_ws/install/serial_motor_demo_msgs/lib/python3.12/site-packages/serial_motor_demo_msgs/msg/_encoder_vals_s.c
[13.499s] -- Up-to-date symlink: /home/E14Raspberry/ScooperBot/tennisbot_ws/install/serial_motor_demo_msgs/lib/python3.12/site-packages/serial_motor_demo_msgs/msg/_motor_command.py
[13.507s] -- Up-to-date symlink: /home/E14Raspberry/ScooperBot/tennisbot_ws/install/serial_motor_demo_msgs/lib/python3.12/site-packages/serial_motor_demo_msgs/msg/_motor_command_s.c
[13.509s] -- Up-to-date symlink: /home/E14Raspberry/ScooperBot/tennisbot_ws/install/serial_motor_demo_msgs/lib/python3.12/site-packages/serial_motor_demo_msgs/msg/_motor_vels.py
[13.513s] -- Up-to-date symlink: /home/E14Raspberry/ScooperBot/tennisbot_ws/install/serial_motor_demo_msgs/lib/python3.12/site-packages/serial_motor_demo_msgs/msg/_motor_vels_s.c
[13.515s] -- Up-to-date symlink: /home/E14Raspberry/ScooperBot/tennisbot_ws/install/serial_motor_demo_msgs/lib/python3.12/site-packages/serial_motor_demo_msgs/serial_motor_demo_msgs_s__rosidl_typesupport_c.so
[13.519s] -- Up-to-date symlink: /home/E14Raspberry/ScooperBot/tennisbot_ws/install/serial_motor_demo_msgs/lib/python3.12/site-packages/serial_motor_demo_msgs/serial_motor_demo_msgs_s__rosidl_typesupport_fastrtps_c.so
[13.521s] -- Up-to-date symlink: /home/E14Raspberry/ScooperBot/tennisbot_ws/install/serial_motor_demo_msgs/lib/python3.12/site-packages/serial_motor_demo_msgs/serial_motor_demo_msgs_s__rosidl_typesupport_introspection_c.so
[13.526s] -- Up-to-date symlink: /home/E14Raspberry/ScooperBot/tennisbot_ws/install/serial_motor_demo_msgs/lib/python3.12/site-packages/serial_motor_demo_msgs/serial_motor_demo_msgs_s__rosidl_typesupport_fastrtps_c.so
[13.528s] -- Up-to-date symlink: /home/E14Raspberry/ScooperBot/tennisbot_ws/install/serial_motor_demo_msgs/lib/python3.12/site-packages/serial_motor_demo_msgs/serial_motor_demo_msgs_s__rosidl_typesupport_introspection_c.so
[13.536s] -- Up-to-date symlink: /home/E14Raspberry/ScooperBot/tennisbot_ws/install/serial_motor_demo_msgs/lib/python3.12/site-packages/serial_motor_demo_msgs/serial_motor_demo_msgs_s__rosidl_typesupport_c.so
[13.541s] -- Up-to-date symlink: /home/E14Raspberry/ScooperBot/tennisbot_ws/install/serial_motor_demo_msgs/share/serial_motor_demo_msgs/msg/MotorCommand.idl
[13.542s] -- Up-to-date symlink: /home/E14Raspberry/ScooperBot/tennisbot_ws/install/serial_motor_demo_msgs/share/serial_motor_demo_msgs/msg/MotorVels.idl
[13.547s] -- Up-to-date symlink: /home/E14Raspberry/ScooperBot/tennisbot_ws/install/serial_motor_demo_msgs/share/serial_motor_demo_msgs/msg/EncoderVals.idl
[13.553s] -- Up-to-date symlink: /home/E14Raspberry/ScooperBot/tennisbot_ws/install/serial_motor_demo_msgs/share/serial_motor_demo_msgs/msg/MotorCommand.msg
[13.558s] -- Up-to-date symlink: /home/E14Raspberry/ScooperBot/tennisbot_ws/install/serial_motor_demo_msgs/share/serial_motor_demo_msgs/msg/MotorVels.msg
[13.560s] -- Up-to-date symlink: /home/E14Raspberry/ScooperBot/tennisbot_ws/install/serial_motor_demo_msgs/share/serial_motor_demo_msgs/msg/EncoderVals.msg
[13.564s] -- Up-to-date symlink: /home/E14Raspberry/ScooperBot/tennisbot_ws/install/serial_motor_demo_msgs/share/ament_index/resource_index/package_run_dependencies/serial_motor_demo_msgs
[13.570s] -- Up-to-date symlink: /home/E14Raspberry/ScooperBot/tennisbot_ws/install/serial_motor_demo_msgs/share/ament_index/resource_index/parent_prefix_path/serial_motor_demo_msgs
[13.572s] -- Up-to-date symlink: /home/E14Raspberry/ScooperBot/tennisbot_ws/install/serial_motor_demo_msgs/share/serial_motor_demo_msgs/environment/ament_prefix_path.sh
[13.576s] -- Up-to-date symlink: /home/E14Raspberry/ScooperBot/tennisbot_ws/install/serial_motor_demo_msgs/share/serial_motor_demo_msgs/environment/ament_prefix_path.dsv
[13.581s] -- Up-to-date symlink: /home/E14Raspberry/ScooperBot/tennisbot_ws/install/serial_motor_demo_msgs/share/serial_motor_demo_msgs/environment/path.sh
[13.589s] -- Up-to-date symlink: /home/E14Raspberry/ScooperBot/tennisbot_ws/install/serial_motor_demo_msgs/share/serial_motor_demo_msgs/environment/path.dsv
[13.591s] -- Up-to-date symlink: /home/E14Raspberry/ScooperBot/tennisbot_ws/install/serial_motor_demo_msgs/share/serial_motor_demo_msgs/local_setup.bash
[13.597s] -- Up-to-date symlink: /home/E14Raspberry/ScooperBot/tennisbot_ws/install/serial_motor_demo_msgs/share/serial_motor_demo_msgs/local_setup.sh
[13.600s] -- Up-to-date symlink: /home/E14Raspberry/ScooperBot/tennisbot_ws/install/serial_motor_demo_msgs/share/serial_motor_demo_msgs/local_setup.zsh
[13.604s] -- Up-to-date symlink: /home/E14Raspberry/ScooperBot/tennisbot_ws/install/serial_motor_demo_msgs/share/serial_motor_demo_msgs/local_setup.dsv
[13.606s] -- Symlinking: /home/E14Raspberry/ScooperBot/tennisbot_ws/install/serial_motor_demo_msgs/share/serial_motor_demo_msgs/package.dsv
[13.878s] -- Up-to-date symlink: /home/E14Raspberry/ScooperBot/tennisbot_ws/install/serial_motor_demo_msgs/share/ament_index/resource_index/packages/serial_motor_demo_msgs
[13.885s] -- Up-to-date symlink: /home/E14Raspberry/ScooperBot/tennisbot_ws/install/serial_motor_demo_msgs/share/serial_motor_demo_msgs/cmake/rosidl_cmake-extras.cmake
[13.890s] -- Up-to-date symlink: /home/E14Raspberry/ScooperBot/tennisbot_ws/install/serial_motor_demo_msgs/share/serial_motor_demo_msgs/cmake/ament_cmake_export_include_directories-extras.cmake
[13.897s] -- Up-to-date symlink: /home/E14Raspberry/ScooperBot/tennisbot_ws/install/serial_motor_demo_msgs/share/serial_motor_demo_msgs/cmake/ament_cmake_export_libraries-extras.cmake
[13.902s] -- Up-to-date symlink: /home/E14Raspberry/ScooperBot/tennisbot_ws/install/serial_motor_demo_msgs/share/serial_motor_demo_msgs/cmake/ament_cmake_export_targets-extras.cmake
[13.918s] -- Up-to-date symlink: /home/E14Raspberry/ScooperBot/tennisbot_ws/install/serial_motor_demo_msgs/share/serial_motor_demo_msgs/cmake/rosidl_cmake_export_typesupport_targets-extras.cmake
[13.924s] -- Up-to-date symlink: /home/E14Raspberry/ScooperBot/tennisbot_ws/install/serial_motor_demo_msgs/share/serial_motor_demo_msgs/cmake/ament_cmake_export_dependencies-extras.cmake
[13.933s] -- Up-to-date symlink: /home/E14Raspberry/ScooperBot/tennisbot_ws/install/serial_motor_demo_msgs/share/serial_motor_demo_msgs/cmake/rosidl_cmake_export_typesupport_libraries-extras.cmake
[13.936s] -- Up-to-date symlink: /home/E14Raspberry/ScooperBot/tennisbot_ws/install/serial_motor_demo_msgs/share/serial_motor_demo_msgs/cmake/serial_motor_demo_msgsConfig.cmake
[13.945s] -- Up-to-date symlink: /home/E14Raspberry/ScooperBot/tennisbot_ws/install/serial_motor_demo_msgs/share/serial_motor_demo_msgs/cmake/serial_motor_demo_msgsConfig-version.cmake
[13.952s] -- Up-to-date symlink: /home/E14Raspberry/ScooperBot/tennisbot_ws/install/serial_motor_demo_msgs/share/serial_motor_demo_msgs/package.xml
[13.962s] -- Up-to-date: /home/E14Raspberry/ScooperBot/tennisbot_ws/install/serial_motor_demo_msgs/lib/libserial_motor_demo_msgs__rosidl_generator_c.so
[13.984s] -- Up-to-date: /home/E14Raspberry/ScooperBot/tennisbot_ws/install/serial_motor_demo_msgs/lib/libserial_motor_demo_msgs__rosidl_typesupport_fastrtps_c.so
[13.995s] -- Up-to-date: /home/E14Raspberry/ScooperBot/tennisbot_ws/install/serial_motor_demo_msgs/lib/libserial_motor_demo_msgs__rosidl_typesupport_introspection_c.so
[14.007s] -- Up-to-date: /home/E14Raspberry/ScooperBot/tennisbot_ws/install/serial_motor_demo_msgs/lib/libserial_motor_demo_msgs__rosidl_typesupport_c.so
[14.016s] -- Up-to-date: /home/E14Raspberry/ScooperBot/tennisbot_ws/install/serial_motor_demo_msgs/lib/libserial_motor_demo_msgs__rosidl_typesupport_fastrtps_cpp.so
[14.037s] -- Up-to-date: /home/E14Raspberry/ScooperBot/tennisbot_ws/install/serial_motor_demo_msgs/lib/libserial_motor_demo_msgs__rosidl_typesupport_introspection_cpp.so
[14.056s] -- Up-to-date: /home/E14Raspberry/ScooperBot/tennisbot_ws/install/serial_motor_demo_msgs/lib/libserial_motor_demo_msgs__rosidl_typesupport_cpp.so
[14.973s] Listing '/home/E14Raspberry/ScooperBot/tennisbot_ws/install/serial_motor_demo_msgs/lib/python3.12/site-packages/serial_motor_demo_msgs'...
[14.974s] Listing '/home/E14Raspberry/ScooperBot/tennisbot_ws/install/serial_motor_demo_msgs/lib/python3.12/site-packages/serial_motor_demo_msgs/msg'...
[15.161s] -- Up-to-date: /home/E14Raspberry/ScooperBot/tennisbot_ws/install/serial_motor_demo_msgs/lib/libserial_motor_demo_msgs__rosidl_generator_py.so
[15.162s] -- Up-to-date: /home/E14Raspberry/ScooperBot/tennisbot_ws/install/serial_motor_demo_msgs/share/serial_motor_demo_msgs/cmake/export_serial_motor_demo_msgs__rosidl_generator_cExport.cmake
[15.164s] -- Up-to-date: /home/E14Raspberry/ScooperBot/tennisbot_ws/install/serial_motor_demo_msgs/share/serial_motor_demo_msgs/cmake/export_serial_motor_demo_msgs__rosidl_generator_cExport-noconfig.cmake
[15.165s] -- Up-to-date: /home/E14Raspberry/ScooperBot/tennisbot_ws/install/serial_motor_demo_msgs/share/serial_motor_demo_msgs/cmake/export_serial_motor_demo_msgs__rosidl_typesupport_fastrtps_cExport.cmake
[15.172s] -- Up-to-date: /home/E14Raspberry/ScooperBot/tennisbot_ws/install/serial_motor_demo_msgs/share/serial_motor_demo_msgs/cmake/export_serial_motor_demo_msgs__rosidl_typesupport_fastrtps_cExport-noconfig.cmake
[15.173s] -- Up-to-date: /home/E14Raspberry/ScooperBot/tennisbot_ws/install/serial_motor_demo_msgs/share/serial_motor_demo_msgs/cmake/serial_motor_demo_msgs__rosidl_typesupport_introspection_cExport.cmake
[15.185s] -- Up-to-date: /home/E14Raspberry/ScooperBot/tennisbot_ws/install/serial_motor_demo_msgs/share/serial_motor_demo_msgs/cmake/serial_motor_demo_msgs__rosidl_typesupport_introspection_cExport-noconfig.cmake
[15.187s] -- Up-to-date: /home/E14Raspberry/ScooperBot/tennisbot_ws/install/serial_motor_demo_msgs/share/serial_motor_demo_msgs/cmake/serial_motor_demo_msgs__rosidl_typesupport_cExport.cmake
[15.188s] -- Up-to-date: /home/E14Raspberry/ScooperBot/tennisbot_ws/install/serial_motor_demo_msgs/share/serial_motor_demo_msgs/cmake/serial_motor_demo_msgs__rosidl_typesupport_cExport-noconfig.cmake
[15.190s] -- Up-to-date: /home/E14Raspberry/ScooperBot/tennisbot_ws/install/serial_motor_demo_msgs/share/serial_motor_demo_msgs/cmake/export_serial_motor_demo_msgs__rosidl_generator_cppExport.cmake
[15.192s] -- Up-to-date: /home/E14Raspberry/ScooperBot/tennisbot_ws/install/serial_motor_demo_msgs/share/serial_motor_demo_msgs/cmake/export_serial_motor_demo_msgs__rosidl_typesupport_fastrtps_cppExport.cmake
[15.193s] -- Up-to-date: /home/E14Raspberry/ScooperBot/tennisbot_ws/install/serial_motor_demo_msgs/share/serial_motor_demo_msgs/cmake/export_serial_motor_demo_msgs__rosidl_typesupport_fastrtps_cppExport-noconfig.cmake
[15.198s] -- Up-to-date: /home/E14Raspberry/ScooperBot/tennisbot_ws/install/serial_motor_demo_msgs/share/serial_motor_demo_msgs/cmake/serial_motor_demo_msgs__rosidl_typesupport_introspection_cppExport.cmake
[15.206s] -- Up-to-date: /home/E14Raspberry/ScooperBot/tennisbot_ws/install/serial_motor_demo_msgs/share/serial_motor_demo_msgs/cmake/serial_motor_demo_msgs__rosidl_typesupport_introspection_cppExport-noconfig.cmake
[15.207s] -- Up-to-date: /home/E14Raspberry/ScooperBot/tennisbot_ws/install/serial_motor_demo_msgs/share/serial_motor_demo_msgs/cmake/serial_motor_demo_msgs__rosidl_typesupport_cppExport.cmake
[15.214s] -- Up-to-date: /home/E14Raspberry/ScooperBot/tennisbot_ws/install/serial_motor_demo_msgs/share/serial_motor_demo_msgs/cmake/serial_motor_demo_msgs__rosidl_typesupport_cppExport-noconfig.cmake
[15.216s] -- Up-to-date: /home/E14Raspberry/ScooperBot/tennisbot_ws/install/serial_motor_demo_msgs/share/serial_motor_demo_msgs/cmake/export_serial_motor_demo_msgs__rosidl_generator_pyExport.cmake
[15.221s] -- Up-to-date: /home/E14Raspberry/ScooperBot/tennisbot_ws/install/serial_motor_demo_msgs/share/serial_motor_demo_msgs/cmake/export_serial_motor_demo_msgs__rosidl_generator_pyExport-noconfig.cmake
[15.258s] Invoked command in '/home/E14Raspberry/ScooperBot/tennisbot_ws/build/serial_motor_demo_msgs' returned '0': CMAKE_PREFIX_PATH=${CMAKE_PREFIX_PATH}:/opt/ros/jazzy /usr/bin/cmake --install /home/E14Raspberry/ScooperBot/tennisbot_ws/build/serial_motor_demo_msgs
