[9.408s] Invoking command in '/home/E14Raspberry/ScooperBot/tennisbot_ws/build/ball_tracker': PYTHONPATH=/home/E14Raspberry/ScooperBot/tennisbot_ws/build/ball_tracker/prefix_override:/usr/lib/python3/dist-packages/colcon_core/task/python/colcon_distutils_commands:/home/E14Raspberry/ScooperBot/tennisbot_ws/install/ball_tracker/lib/python3.12/site-packages:${PYTHONPATH} /usr/bin/python3 -W ignore:setup.py install is deprecated setup.py develop --editable --build-directory /home/E14Raspberry/ScooperBot/tennisbot_ws/build/ball_tracker/build --no-deps symlink_data
[13.492s] running develop
[13.494s] /usr/lib/python3/dist-packages/setuptools/command/develop.py:40: EasyInstallDeprecationWarning: easy_install command is deprecated.
[13.495s] !!
[13.496s] 
[13.497s]         ********************************************************************************
[13.498s]         Please avoid running ``setup.py`` and ``easy_install``.
[13.500s]         Instead, use pypa/build, pypa/installer or other
[13.501s]         standards-based tools.
[13.502s] 
[13.503s]         See https://github.com/pypa/setuptools/issues/917 for details.
[13.504s]         ********************************************************************************
[13.505s] 
[13.506s] !!
[13.507s]   easy_install.initialize_options(self)
[15.627s] running egg_info
[15.898s] writing ball_tracker.egg-info/PKG-INFO
[15.900s] writing dependency_links to ball_tracker.egg-info/dependency_links.txt
[15.903s] writing entry points to ball_tracker.egg-info/entry_points.txt
[15.905s] writing requirements to ball_tracker.egg-info/requires.txt
[15.907s] writing top-level names to ball_tracker.egg-info/top_level.txt
[16.463s] reading manifest file 'ball_tracker.egg-info/SOURCES.txt'
[16.474s] writing manifest file 'ball_tracker.egg-info/SOURCES.txt'
[16.767s] running build_ext
[16.769s] Creating /home/E14Raspberry/ScooperBot/tennisbot_ws/install/ball_tracker/lib/python3.12/site-packages/ball-tracker.egg-link (link to .)
[16.776s] Installing detect_ball script to /home/E14Raspberry/ScooperBot/tennisbot_ws/install/ball_tracker/lib/ball_tracker
[16.778s] Installing detect_ball_3d script to /home/E14Raspberry/ScooperBot/tennisbot_ws/install/ball_tracker/lib/ball_tracker
[16.785s] Installing detect_ball_nn script to /home/E14Raspberry/ScooperBot/tennisbot_ws/install/ball_tracker/lib/ball_tracker
[16.787s] Installing detect_ball_nn_offload script to /home/E14Raspberry/ScooperBot/tennisbot_ws/install/ball_tracker/lib/ball_tracker
[16.788s] Installing follow_ball script to /home/E14Raspberry/ScooperBot/tennisbot_ws/install/ball_tracker/lib/ball_tracker
[16.789s] Installing follow_ball_action_server script to /home/E14Raspberry/ScooperBot/tennisbot_ws/install/ball_tracker/lib/ball_tracker
[16.793s] 
[16.794s] Installed /home/E14Raspberry/ScooperBot/tennisbot_ws/build/ball_tracker
[16.796s] running symlink_data
[17.084s] Invoked command in '/home/E14Raspberry/ScooperBot/tennisbot_ws/build/ball_tracker' returned '0': PYTHONPATH=/home/E14Raspberry/ScooperBot/tennisbot_ws/build/ball_tracker/prefix_override:/usr/lib/python3/dist-packages/colcon_core/task/python/colcon_distutils_commands:/home/E14Raspberry/ScooperBot/tennisbot_ws/install/ball_tracker/lib/python3.12/site-packages:${PYTHONPATH} /usr/bin/python3 -W ignore:setup.py install is deprecated setup.py develop --editable --build-directory /home/E14Raspberry/ScooperBot/tennisbot_ws/build/ball_tracker/build --no-deps symlink_data
