[20.266s] Invoking command in '/home/E14Raspberry/ScooperBot/tennisbot_ws/build/twist_stamper': PYTHONPATH=/home/E14Raspberry/ScooperBot/tennisbot_ws/build/twist_stamper/prefix_override:/usr/lib/python3/dist-packages/colcon_core/task/python/colcon_distutils_commands:/home/E14Raspberry/ScooperBot/tennisbot_ws/install/twist_stamper/lib/python3.12/site-packages:${PYTHONPATH} /usr/bin/python3 -W ignore:setup.py install is deprecated setup.py develop --editable --build-directory /home/E14Raspberry/ScooperBot/tennisbot_ws/build/twist_stamper/build --no-deps symlink_data
[25.906s] running develop
[25.909s] /usr/lib/python3/dist-packages/setuptools/command/develop.py:40: EasyInstallDeprecationWarning: easy_install command is deprecated.
[25.921s] !!
[25.923s] 
[25.935s]         ********************************************************************************
[25.937s]         Please avoid running ``setup.py`` and ``easy_install``.
[25.939s]         Instead, use pypa/build, pypa/installer or other
[25.946s]         standards-based tools.
[25.947s] 
[25.951s]         See https://github.com/pypa/setuptools/issues/917 for details.
[25.955s]         ********************************************************************************
[25.958s] 
[25.960s] !!
[25.963s]   easy_install.initialize_options(self)
[30.032s] running egg_info
[30.380s] writing twist_stamper.egg-info/PKG-INFO
[30.386s] writing dependency_links to twist_stamper.egg-info/dependency_links.txt
[30.387s] writing entry points to twist_stamper.egg-info/entry_points.txt
[30.396s] writing requirements to twist_stamper.egg-info/requires.txt
[30.397s] writing top-level names to twist_stamper.egg-info/top_level.txt
[31.351s] reading manifest file 'twist_stamper.egg-info/SOURCES.txt'
[31.375s] writing manifest file 'twist_stamper.egg-info/SOURCES.txt'
[31.843s] running build_ext
[31.849s] Creating /home/E14Raspberry/ScooperBot/tennisbot_ws/install/twist_stamper/lib/python3.12/site-packages/twist-stamper.egg-link (link to .)
[31.859s] Installing twist_stamper script to /home/E14Raspberry/ScooperBot/tennisbot_ws/install/twist_stamper/lib/twist_stamper
[31.870s] Installing twist_unstamper script to /home/E14Raspberry/ScooperBot/tennisbot_ws/install/twist_stamper/lib/twist_stamper
[31.877s] 
[31.886s] Installed /home/E14Raspberry/ScooperBot/tennisbot_ws/build/twist_stamper
[31.894s] running symlink_data
[32.321s] Invoked command in '/home/E14Raspberry/ScooperBot/tennisbot_ws/build/twist_stamper' returned '0': PYTHONPATH=/home/E14Raspberry/ScooperBot/tennisbot_ws/build/twist_stamper/prefix_override:/usr/lib/python3/dist-packages/colcon_core/task/python/colcon_distutils_commands:/home/E14Raspberry/ScooperBot/tennisbot_ws/install/twist_stamper/lib/python3.12/site-packages:${PYTHONPATH} /usr/bin/python3 -W ignore:setup.py install is deprecated setup.py develop --editable --build-directory /home/E14Raspberry/ScooperBot/tennisbot_ws/build/twist_stamper/build --no-deps symlink_data
