[0.093s] Invoking command in '/home/E14Raspberry/ScooperBot/tennisbot_ws/build/diffdrive_arduino': CMAKE_PREFIX_PATH=${CMAKE_PREFIX_PATH}:/home/E14Raspberry/ScooperBot/tennisbot_ws/install/serial_motor_demo:/opt/ros/jazzy /usr/bin/cmake --build /home/E14Raspberry/ScooperBot/tennisbot_ws/build/diffdrive_arduino -- -j4 -l4
[0.573s] [100%] Built target diffdrive_arduino
[0.757s] Invoked command in '/home/E14Raspberry/ScooperBot/tennisbot_ws/build/diffdrive_arduino' returned '0': CMAKE_PREFIX_PATH=${CMAKE_PREFIX_PATH}:/home/E14Raspberry/ScooperBot/tennisbot_ws/install/serial_motor_demo:/opt/ros/jazzy /usr/bin/cmake --build /home/E14Raspberry/ScooperBot/tennisbot_ws/build/diffdrive_arduino -- -j4 -l4
[1.098s] Invoking command in '/home/E14Raspberry/ScooperBot/tennisbot_ws/build/diffdrive_arduino': CMAKE_PREFIX_PATH=${CMAKE_PREFIX_PATH}:/home/E14Raspberry/ScooperBot/tennisbot_ws/install/serial_motor_demo:/opt/ros/jazzy /usr/bin/cmake --install /home/E14Raspberry/ScooperBot/tennisbot_ws/build/diffdrive_arduino
[1.163s] -- Install configuration: ""
[1.171s] -- Execute custom install script
[1.176s] -- Up-to-date symlink: /home/E14Raspberry/ScooperBot/tennisbot_ws/install/diffdrive_arduino/share/diffdrive_arduino//diffdrive_arduino.xml
[1.181s] -- Up-to-date symlink: /home/E14Raspberry/ScooperBot/tennisbot_ws/install/diffdrive_arduino/include/diffdrive_arduino/diffdrive_arduino/arduino_comms.hpp
[1.188s] -- Up-to-date symlink: /home/E14Raspberry/ScooperBot/tennisbot_ws/install/diffdrive_arduino/include/diffdrive_arduino/diffdrive_arduino/diffbot_system.hpp
[1.191s] -- Up-to-date symlink: /home/E14Raspberry/ScooperBot/tennisbot_ws/install/diffdrive_arduino/include/diffdrive_arduino/diffdrive_arduino/visibility_control.h
[1.201s] -- Up-to-date symlink: /home/E14Raspberry/ScooperBot/tennisbot_ws/install/diffdrive_arduino/include/diffdrive_arduino/diffdrive_arduino/wheel.hpp
[1.204s] -- Up-to-date symlink: /home/E14Raspberry/ScooperBot/tennisbot_ws/install/diffdrive_arduino/share/diffdrive_arduino/launch/view_robot.launch.py
[1.209s] -- Up-to-date symlink: /home/E14Raspberry/ScooperBot/tennisbot_ws/install/diffdrive_arduino/share/diffdrive_arduino/ros2_control/diffbot.ros2_control.xacro
[1.217s] -- Up-to-date symlink: /home/E14Raspberry/ScooperBot/tennisbot_ws/install/diffdrive_arduino/share/diffdrive_arduino/urdf/diffbot.materials.xacro
[1.218s] -- Up-to-date symlink: /home/E14Raspberry/ScooperBot/tennisbot_ws/install/diffdrive_arduino/share/diffdrive_arduino/urdf/diffbot.urdf.xacro
[1.229s] -- Up-to-date symlink: /home/E14Raspberry/ScooperBot/tennisbot_ws/install/diffdrive_arduino/share/diffdrive_arduino/urdf/diffbot_description.urdf.xacro
[1.230s] -- Up-to-date symlink: /home/E14Raspberry/ScooperBot/tennisbot_ws/install/diffdrive_arduino/share/diffdrive_arduino/rviz/diffbot.rviz
[1.233s] -- Up-to-date symlink: /home/E14Raspberry/ScooperBot/tennisbot_ws/install/diffdrive_arduino/share/diffdrive_arduino/rviz/diffbot_view.rviz
[1.241s] -- Up-to-date symlink: /home/E14Raspberry/ScooperBot/tennisbot_ws/install/diffdrive_arduino/share/diffdrive_arduino/launch/diffbot.launch.py
[1.250s] -- Up-to-date symlink: /home/E14Raspberry/ScooperBot/tennisbot_ws/install/diffdrive_arduino/share/diffdrive_arduino/config/diffbot_controllers.yaml
[1.251s] -- Up-to-date symlink: /home/E14Raspberry/ScooperBot/tennisbot_ws/install/diffdrive_arduino/share/diffdrive_arduino/environment/library_path.sh
[1.251s] -- Up-to-date symlink: /home/E14Raspberry/ScooperBot/tennisbot_ws/install/diffdrive_arduino/share/diffdrive_arduino/environment/library_path.dsv
[1.252s] -- Up-to-date symlink: /home/E14Raspberry/ScooperBot/tennisbot_ws/install/diffdrive_arduino/share/ament_index/resource_index/package_run_dependencies/diffdrive_arduino
[1.254s] -- Up-to-date symlink: /home/E14Raspberry/ScooperBot/tennisbot_ws/install/diffdrive_arduino/share/ament_index/resource_index/parent_prefix_path/diffdrive_arduino
[1.257s] -- Up-to-date symlink: /home/E14Raspberry/ScooperBot/tennisbot_ws/install/diffdrive_arduino/share/diffdrive_arduino/environment/ament_prefix_path.sh
[1.260s] -- Up-to-date symlink: /home/E14Raspberry/ScooperBot/tennisbot_ws/install/diffdrive_arduino/share/diffdrive_arduino/environment/ament_prefix_path.dsv
[1.266s] -- Up-to-date symlink: /home/E14Raspberry/ScooperBot/tennisbot_ws/install/diffdrive_arduino/share/diffdrive_arduino/environment/path.sh
[1.271s] -- Up-to-date symlink: /home/E14Raspberry/ScooperBot/tennisbot_ws/install/diffdrive_arduino/share/diffdrive_arduino/environment/path.dsv
[1.274s] -- Up-to-date symlink: /home/E14Raspberry/ScooperBot/tennisbot_ws/install/diffdrive_arduino/share/diffdrive_arduino/local_setup.bash
[1.275s] -- Up-to-date symlink: /home/E14Raspberry/ScooperBot/tennisbot_ws/install/diffdrive_arduino/share/diffdrive_arduino/local_setup.sh
[1.275s] -- Up-to-date symlink: /home/E14Raspberry/ScooperBot/tennisbot_ws/install/diffdrive_arduino/share/diffdrive_arduino/local_setup.zsh
[1.276s] -- Up-to-date symlink: /home/E14Raspberry/ScooperBot/tennisbot_ws/install/diffdrive_arduino/share/diffdrive_arduino/local_setup.dsv
[1.277s] -- Symlinking: /home/E14Raspberry/ScooperBot/tennisbot_ws/install/diffdrive_arduino/share/diffdrive_arduino/package.dsv
[1.368s] -- Up-to-date symlink: /home/E14Raspberry/ScooperBot/tennisbot_ws/install/diffdrive_arduino/share/ament_index/resource_index/packages/diffdrive_arduino
[1.371s] -- Up-to-date symlink: /home/E14Raspberry/ScooperBot/tennisbot_ws/install/diffdrive_arduino/share/ament_index/resource_index/hardware_interface__pluginlib__plugin/diffdrive_arduino
[1.373s] -- Up-to-date symlink: /home/E14Raspberry/ScooperBot/tennisbot_ws/install/diffdrive_arduino/share/diffdrive_arduino/cmake/ament_cmake_export_targets-extras.cmake
[1.373s] -- Up-to-date symlink: /home/E14Raspberry/ScooperBot/tennisbot_ws/install/diffdrive_arduino/share/diffdrive_arduino/cmake/ament_cmake_export_dependencies-extras.cmake
[1.376s] -- Up-to-date symlink: /home/E14Raspberry/ScooperBot/tennisbot_ws/install/diffdrive_arduino/share/diffdrive_arduino/cmake/diffdrive_arduinoConfig.cmake
[1.377s] -- Up-to-date symlink: /home/E14Raspberry/ScooperBot/tennisbot_ws/install/diffdrive_arduino/share/diffdrive_arduino/cmake/diffdrive_arduinoConfig-version.cmake
[1.382s] -- Up-to-date symlink: /home/E14Raspberry/ScooperBot/tennisbot_ws/install/diffdrive_arduino/share/diffdrive_arduino/package.xml
[1.382s] -- Up-to-date: /home/E14Raspberry/ScooperBot/tennisbot_ws/install/diffdrive_arduino/lib/libdiffdrive_arduino.so
[1.383s] -- Up-to-date: /home/E14Raspberry/ScooperBot/tennisbot_ws/install/diffdrive_arduino/share/diffdrive_arduino/cmake/export_diffdrive_arduinoExport.cmake
[1.385s] -- Up-to-date: /home/E14Raspberry/ScooperBot/tennisbot_ws/install/diffdrive_arduino/share/diffdrive_arduino/cmake/export_diffdrive_arduinoExport-noconfig.cmake
[1.394s] Invoked command in '/home/E14Raspberry/ScooperBot/tennisbot_ws/build/diffdrive_arduino' returned '0': CMAKE_PREFIX_PATH=${CMAKE_PREFIX_PATH}:/home/E14Raspberry/ScooperBot/tennisbot_ws/install/serial_motor_demo:/opt/ros/jazzy /usr/bin/cmake --install /home/E14Raspberry/ScooperBot/tennisbot_ws/build/diffdrive_arduino
