[0.461s] Invoking command in '/home/E14Raspberry/ScooperBot/tennisbot_ws/build/ros2_nav_to_pose_msgs': CMAKE_PREFIX_PATH=${CMAKE_PREFIX_PATH}:/home/E14Raspberry/ScooperBot/tennisbot_ws/install/twist_stamper:/home/E14Raspberry/ScooperBot/tennisbot_ws/install/serial_motor_demo:/home/E14Raspberry/ScooperBot/tennisbot_ws/install/ros2_nav_to_pose:/home/E14Raspberry/ScooperBot/tennisbot_ws/install/ball_tracker:/opt/ros/jazzy /usr/bin/cmake --build /home/E14Raspberry/ScooperBot/tennisbot_ws/build/ros2_nav_to_pose_msgs -- -j4 -l4
[2.712s] [  2%] Built target ros2_nav_to_pose_msgs__rosidl_generator_type_description
[3.764s] [  2%] Built target ament_cmake_python_symlink_ros2_nav_to_pose_msgs
[5.385s] [ 17%] Built target ros2_nav_to_pose_msgs__rosidl_generator_c
[10.732s] running egg_info
[11.093s] writing ros2_nav_to_pose_msgs.egg-info/PKG-INFO
[11.099s] writing dependency_links to ros2_nav_to_pose_msgs.egg-info/dependency_links.txt
[11.100s] writing top-level names to ros2_nav_to_pose_msgs.egg-info/top_level.txt
[12.841s] reading manifest file 'ros2_nav_to_pose_msgs.egg-info/SOURCES.txt'
[12.845s] writing manifest file 'ros2_nav_to_pose_msgs.egg-info/SOURCES.txt'
[13.497s] [ 17%] Built target ament_cmake_python_build_ros2_nav_to_pose_msgs_egg
[14.181s] [ 26%] Built target ros2_nav_to_pose_msgs__rosidl_typesupport_introspection_c
[14.918s] [ 35%] Built target ros2_nav_to_pose_msgs__rosidl_typesupport_c
[15.654s] [ 44%] Built target ros2_nav_to_pose_msgs__rosidl_typesupport_fastrtps_c
[16.648s] [ 47%] Built target ros2_nav_to_pose_msgs__cpp
[17.673s] [ 55%] Built target ros2_nav_to_pose_msgs__rosidl_typesupport_cpp
[18.741s] [ 64%] Built target ros2_nav_to_pose_msgs__rosidl_typesupport_introspection_cpp
[20.186s] [ 73%] Built target ros2_nav_to_pose_msgs__rosidl_typesupport_fastrtps_cpp
[21.072s] [ 73%] Built target ros2_nav_to_pose_msgs
[21.843s] [ 76%] Built target ros2_nav_to_pose_msgs__py
[22.714s] [ 82%] Built target ros2_nav_to_pose_msgs__rosidl_generator_py
[23.883s] [ 88%] Built target ros2_nav_to_pose_msgs_s__rosidl_typesupport_fastrtps_c
[25.115s] [ 94%] Built target ros2_nav_to_pose_msgs_s__rosidl_typesupport_c
[27.037s] [100%] Built target ros2_nav_to_pose_msgs_s__rosidl_typesupport_introspection_c
[27.951s] Invoked command in '/home/E14Raspberry/ScooperBot/tennisbot_ws/build/ros2_nav_to_pose_msgs' returned '0': CMAKE_PREFIX_PATH=${CMAKE_PREFIX_PATH}:/home/E14Raspberry/ScooperBot/tennisbot_ws/install/twist_stamper:/home/E14Raspberry/ScooperBot/tennisbot_ws/install/serial_motor_demo:/home/E14Raspberry/ScooperBot/tennisbot_ws/install/ros2_nav_to_pose:/home/E14Raspberry/ScooperBot/tennisbot_ws/install/ball_tracker:/opt/ros/jazzy /usr/bin/cmake --build /home/E14Raspberry/ScooperBot/tennisbot_ws/build/ros2_nav_to_pose_msgs -- -j4 -l4
[31.489s] Invoking command in '/home/E14Raspberry/ScooperBot/tennisbot_ws/build/ros2_nav_to_pose_msgs': CMAKE_PREFIX_PATH=${CMAKE_PREFIX_PATH}:/home/E14Raspberry/ScooperBot/tennisbot_ws/install/twist_stamper:/home/E14Raspberry/ScooperBot/tennisbot_ws/install/serial_motor_demo:/home/E14Raspberry/ScooperBot/tennisbot_ws/install/ros2_nav_to_pose:/home/E14Raspberry/ScooperBot/tennisbot_ws/install/ball_tracker:/opt/ros/jazzy /usr/bin/cmake --install /home/E14Raspberry/ScooperBot/tennisbot_ws/build/ros2_nav_to_pose_msgs
[32.388s] -- Install configuration: ""
[32.434s] -- Execute custom install script
[32.473s] -- Up-to-date symlink: /home/E14Raspberry/ScooperBot/tennisbot_ws/install/ros2_nav_to_pose_msgs/share/ament_index/resource_index/rosidl_interfaces/ros2_nav_to_pose_msgs
[32.494s] -- Up-to-date symlink: /home/E14Raspberry/ScooperBot/tennisbot_ws/install/ros2_nav_to_pose_msgs/share/ros2_nav_to_pose_msgs/action/NavigateToPose.json
[32.557s] -- Up-to-date symlink: /home/E14Raspberry/ScooperBot/tennisbot_ws/install/ros2_nav_to_pose_msgs/include/ros2_nav_to_pose_msgs/ros2_nav_to_pose_msgs/action/detail/navigate_to_pose__functions.h
[32.580s] -- Up-to-date symlink: /home/E14Raspberry/ScooperBot/tennisbot_ws/install/ros2_nav_to_pose_msgs/include/ros2_nav_to_pose_msgs/ros2_nav_to_pose_msgs/action/detail/navigate_to_pose__struct.h
[32.594s] -- Up-to-date symlink: /home/E14Raspberry/ScooperBot/tennisbot_ws/install/ros2_nav_to_pose_msgs/include/ros2_nav_to_pose_msgs/ros2_nav_to_pose_msgs/action/detail/navigate_to_pose__type_support.h
[32.606s] -- Up-to-date symlink: /home/E14Raspberry/ScooperBot/tennisbot_ws/install/ros2_nav_to_pose_msgs/include/ros2_nav_to_pose_msgs/ros2_nav_to_pose_msgs/action/navigate_to_pose.h
[32.624s] -- Up-to-date symlink: /home/E14Raspberry/ScooperBot/tennisbot_ws/install/ros2_nav_to_pose_msgs/include/ros2_nav_to_pose_msgs/ros2_nav_to_pose_msgs/msg/rosidl_generator_c__visibility_control.h
[32.642s] -- Up-to-date symlink: /home/E14Raspberry/ScooperBot/tennisbot_ws/install/ros2_nav_to_pose_msgs/share/ros2_nav_to_pose_msgs/environment/library_path.sh
[32.683s] -- Up-to-date symlink: /home/E14Raspberry/ScooperBot/tennisbot_ws/install/ros2_nav_to_pose_msgs/share/ros2_nav_to_pose_msgs/environment/library_path.dsv
[32.737s] -- Up-to-date symlink: /home/E14Raspberry/ScooperBot/tennisbot_ws/install/ros2_nav_to_pose_msgs/include/ros2_nav_to_pose_msgs/ros2_nav_to_pose_msgs/action/detail/navigate_to_pose__rosidl_typesupport_fastrtps_c.h
[32.767s] -- Up-to-date symlink: /home/E14Raspberry/ScooperBot/tennisbot_ws/install/ros2_nav_to_pose_msgs/include/ros2_nav_to_pose_msgs/ros2_nav_to_pose_msgs/msg/rosidl_typesupport_fastrtps_c__visibility_control.h
[32.799s] -- Up-to-date symlink: /home/E14Raspberry/ScooperBot/tennisbot_ws/install/ros2_nav_to_pose_msgs/include/ros2_nav_to_pose_msgs/ros2_nav_to_pose_msgs/action/detail/navigate_to_pose__builder.hpp
[32.814s] -- Up-to-date symlink: /home/E14Raspberry/ScooperBot/tennisbot_ws/install/ros2_nav_to_pose_msgs/include/ros2_nav_to_pose_msgs/ros2_nav_to_pose_msgs/action/detail/navigate_to_pose__struct.hpp
[32.836s] -- Up-to-date symlink: /home/E14Raspberry/ScooperBot/tennisbot_ws/install/ros2_nav_to_pose_msgs/include/ros2_nav_to_pose_msgs/ros2_nav_to_pose_msgs/action/detail/navigate_to_pose__traits.hpp
[32.843s] -- Up-to-date symlink: /home/E14Raspberry/ScooperBot/tennisbot_ws/install/ros2_nav_to_pose_msgs/include/ros2_nav_to_pose_msgs/ros2_nav_to_pose_msgs/action/detail/navigate_to_pose__type_support.hpp
[32.849s] -- Up-to-date symlink: /home/E14Raspberry/ScooperBot/tennisbot_ws/install/ros2_nav_to_pose_msgs/include/ros2_nav_to_pose_msgs/ros2_nav_to_pose_msgs/action/navigate_to_pose.hpp
[32.873s] -- Up-to-date symlink: /home/E14Raspberry/ScooperBot/tennisbot_ws/install/ros2_nav_to_pose_msgs/include/ros2_nav_to_pose_msgs/ros2_nav_to_pose_msgs/msg/rosidl_generator_cpp__visibility_control.hpp
[32.917s] -- Up-to-date symlink: /home/E14Raspberry/ScooperBot/tennisbot_ws/install/ros2_nav_to_pose_msgs/include/ros2_nav_to_pose_msgs/ros2_nav_to_pose_msgs/action/detail/navigate_to_pose__rosidl_typesupport_fastrtps_cpp.hpp
[32.930s] -- Up-to-date symlink: /home/E14Raspberry/ScooperBot/tennisbot_ws/install/ros2_nav_to_pose_msgs/include/ros2_nav_to_pose_msgs/ros2_nav_to_pose_msgs/msg/rosidl_typesupport_fastrtps_cpp__visibility_control.h
[32.944s] -- Up-to-date symlink: /home/E14Raspberry/ScooperBot/tennisbot_ws/install/ros2_nav_to_pose_msgs/include/ros2_nav_to_pose_msgs/ros2_nav_to_pose_msgs/action/detail/navigate_to_pose__rosidl_typesupport_introspection_c.h
[32.968s] -- Up-to-date symlink: /home/E14Raspberry/ScooperBot/tennisbot_ws/install/ros2_nav_to_pose_msgs/include/ros2_nav_to_pose_msgs/ros2_nav_to_pose_msgs/msg/rosidl_typesupport_introspection_c__visibility_control.h
[32.987s] -- Up-to-date symlink: /home/E14Raspberry/ScooperBot/tennisbot_ws/install/ros2_nav_to_pose_msgs/include/ros2_nav_to_pose_msgs/ros2_nav_to_pose_msgs/action/detail/navigate_to_pose__rosidl_typesupport_introspection_cpp.hpp
[33.038s] -- Up-to-date symlink: /home/E14Raspberry/ScooperBot/tennisbot_ws/install/ros2_nav_to_pose_msgs/share/ros2_nav_to_pose_msgs/environment/pythonpath.sh
[33.062s] -- Up-to-date symlink: /home/E14Raspberry/ScooperBot/tennisbot_ws/install/ros2_nav_to_pose_msgs/share/ros2_nav_to_pose_msgs/environment/pythonpath.dsv
[33.099s] -- Up-to-date symlink: /home/E14Raspberry/ScooperBot/tennisbot_ws/install/ros2_nav_to_pose_msgs/lib/python3.12/site-packages/ros2_nav_to_pose_msgs-0.1.0-py3.12.egg-info/PKG-INFO
[33.117s] -- Up-to-date symlink: /home/E14Raspberry/ScooperBot/tennisbot_ws/install/ros2_nav_to_pose_msgs/lib/python3.12/site-packages/ros2_nav_to_pose_msgs-0.1.0-py3.12.egg-info/SOURCES.txt
[33.137s] -- Up-to-date symlink: /home/E14Raspberry/ScooperBot/tennisbot_ws/install/ros2_nav_to_pose_msgs/lib/python3.12/site-packages/ros2_nav_to_pose_msgs-0.1.0-py3.12.egg-info/dependency_links.txt
[33.138s] -- Up-to-date symlink: /home/E14Raspberry/ScooperBot/tennisbot_ws/install/ros2_nav_to_pose_msgs/lib/python3.12/site-packages/ros2_nav_to_pose_msgs-0.1.0-py3.12.egg-info/top_level.txt
[33.200s] -- Up-to-date symlink: /home/E14Raspberry/ScooperBot/tennisbot_ws/install/ros2_nav_to_pose_msgs/lib/python3.12/site-packages/ros2_nav_to_pose_msgs/__init__.py
[33.213s] -- Up-to-date symlink: /home/E14Raspberry/ScooperBot/tennisbot_ws/install/ros2_nav_to_pose_msgs/lib/python3.12/site-packages/ros2_nav_to_pose_msgs/_ros2_nav_to_pose_msgs_s.ep.rosidl_typesupport_c.c
[33.231s] -- Up-to-date symlink: /home/E14Raspberry/ScooperBot/tennisbot_ws/install/ros2_nav_to_pose_msgs/lib/python3.12/site-packages/ros2_nav_to_pose_msgs/_ros2_nav_to_pose_msgs_s.ep.rosidl_typesupport_fastrtps_c.c
[33.232s] -- Up-to-date symlink: /home/E14Raspberry/ScooperBot/tennisbot_ws/install/ros2_nav_to_pose_msgs/lib/python3.12/site-packages/ros2_nav_to_pose_msgs/_ros2_nav_to_pose_msgs_s.ep.rosidl_typesupport_introspection_c.c
[33.271s] -- Up-to-date symlink: /home/E14Raspberry/ScooperBot/tennisbot_ws/install/ros2_nav_to_pose_msgs/lib/python3.12/site-packages/ros2_nav_to_pose_msgs/action/__init__.py
[33.299s] -- Up-to-date symlink: /home/E14Raspberry/ScooperBot/tennisbot_ws/install/ros2_nav_to_pose_msgs/lib/python3.12/site-packages/ros2_nav_to_pose_msgs/action/_navigate_to_pose.py
[33.307s] -- Up-to-date symlink: /home/E14Raspberry/ScooperBot/tennisbot_ws/install/ros2_nav_to_pose_msgs/lib/python3.12/site-packages/ros2_nav_to_pose_msgs/action/_navigate_to_pose_s.c
[33.330s] -- Up-to-date symlink: /home/E14Raspberry/ScooperBot/tennisbot_ws/install/ros2_nav_to_pose_msgs/lib/python3.12/site-packages/ros2_nav_to_pose_msgs/ros2_nav_to_pose_msgs_s__rosidl_typesupport_c.so
[33.344s] -- Up-to-date symlink: /home/E14Raspberry/ScooperBot/tennisbot_ws/install/ros2_nav_to_pose_msgs/lib/python3.12/site-packages/ros2_nav_to_pose_msgs/ros2_nav_to_pose_msgs_s__rosidl_typesupport_fastrtps_c.so
[33.361s] -- Up-to-date symlink: /home/E14Raspberry/ScooperBot/tennisbot_ws/install/ros2_nav_to_pose_msgs/lib/python3.12/site-packages/ros2_nav_to_pose_msgs/ros2_nav_to_pose_msgs_s__rosidl_typesupport_introspection_c.so
[33.363s] -- Up-to-date symlink: /home/E14Raspberry/ScooperBot/tennisbot_ws/install/ros2_nav_to_pose_msgs/lib/python3.12/site-packages/ros2_nav_to_pose_msgs/ros2_nav_to_pose_msgs_s__rosidl_typesupport_fastrtps_c.so
[33.385s] -- Up-to-date symlink: /home/E14Raspberry/ScooperBot/tennisbot_ws/install/ros2_nav_to_pose_msgs/lib/python3.12/site-packages/ros2_nav_to_pose_msgs/ros2_nav_to_pose_msgs_s__rosidl_typesupport_introspection_c.so
[33.411s] -- Up-to-date symlink: /home/E14Raspberry/ScooperBot/tennisbot_ws/install/ros2_nav_to_pose_msgs/lib/python3.12/site-packages/ros2_nav_to_pose_msgs/ros2_nav_to_pose_msgs_s__rosidl_typesupport_c.so
[33.433s] -- Up-to-date symlink: /home/E14Raspberry/ScooperBot/tennisbot_ws/install/ros2_nav_to_pose_msgs/share/ros2_nav_to_pose_msgs/action/NavigateToPose.idl
[33.453s] -- Up-to-date symlink: /home/E14Raspberry/ScooperBot/tennisbot_ws/install/ros2_nav_to_pose_msgs/share/ros2_nav_to_pose_msgs/action/NavigateToPose.action
[33.461s] -- Up-to-date symlink: /home/E14Raspberry/ScooperBot/tennisbot_ws/install/ros2_nav_to_pose_msgs/share/ament_index/resource_index/package_run_dependencies/ros2_nav_to_pose_msgs
[33.481s] -- Up-to-date symlink: /home/E14Raspberry/ScooperBot/tennisbot_ws/install/ros2_nav_to_pose_msgs/share/ament_index/resource_index/parent_prefix_path/ros2_nav_to_pose_msgs
[33.482s] -- Up-to-date symlink: /home/E14Raspberry/ScooperBot/tennisbot_ws/install/ros2_nav_to_pose_msgs/share/ros2_nav_to_pose_msgs/environment/ament_prefix_path.sh
[33.517s] -- Up-to-date symlink: /home/E14Raspberry/ScooperBot/tennisbot_ws/install/ros2_nav_to_pose_msgs/share/ros2_nav_to_pose_msgs/environment/ament_prefix_path.dsv
[33.530s] -- Up-to-date symlink: /home/E14Raspberry/ScooperBot/tennisbot_ws/install/ros2_nav_to_pose_msgs/share/ros2_nav_to_pose_msgs/environment/path.sh
[33.539s] -- Up-to-date symlink: /home/E14Raspberry/ScooperBot/tennisbot_ws/install/ros2_nav_to_pose_msgs/share/ros2_nav_to_pose_msgs/environment/path.dsv
[33.565s] -- Up-to-date symlink: /home/E14Raspberry/ScooperBot/tennisbot_ws/install/ros2_nav_to_pose_msgs/share/ros2_nav_to_pose_msgs/local_setup.bash
[33.576s] -- Up-to-date symlink: /home/E14Raspberry/ScooperBot/tennisbot_ws/install/ros2_nav_to_pose_msgs/share/ros2_nav_to_pose_msgs/local_setup.sh
[33.594s] -- Up-to-date symlink: /home/E14Raspberry/ScooperBot/tennisbot_ws/install/ros2_nav_to_pose_msgs/share/ros2_nav_to_pose_msgs/local_setup.zsh
[33.610s] -- Up-to-date symlink: /home/E14Raspberry/ScooperBot/tennisbot_ws/install/ros2_nav_to_pose_msgs/share/ros2_nav_to_pose_msgs/local_setup.dsv
[33.619s] -- Symlinking: /home/E14Raspberry/ScooperBot/tennisbot_ws/install/ros2_nav_to_pose_msgs/share/ros2_nav_to_pose_msgs/package.dsv
[34.021s] -- Up-to-date symlink: /home/E14Raspberry/ScooperBot/tennisbot_ws/install/ros2_nav_to_pose_msgs/share/ament_index/resource_index/packages/ros2_nav_to_pose_msgs
[34.046s] -- Up-to-date symlink: /home/E14Raspberry/ScooperBot/tennisbot_ws/install/ros2_nav_to_pose_msgs/share/ros2_nav_to_pose_msgs/cmake/rosidl_cmake-extras.cmake
[34.063s] -- Up-to-date symlink: /home/E14Raspberry/ScooperBot/tennisbot_ws/install/ros2_nav_to_pose_msgs/share/ros2_nav_to_pose_msgs/cmake/ament_cmake_export_dependencies-extras.cmake
[34.094s] -- Up-to-date symlink: /home/E14Raspberry/ScooperBot/tennisbot_ws/install/ros2_nav_to_pose_msgs/share/ros2_nav_to_pose_msgs/cmake/ament_cmake_export_include_directories-extras.cmake
[34.135s] -- Up-to-date symlink: /home/E14Raspberry/ScooperBot/tennisbot_ws/install/ros2_nav_to_pose_msgs/share/ros2_nav_to_pose_msgs/cmake/ament_cmake_export_libraries-extras.cmake
[34.171s] -- Up-to-date symlink: /home/E14Raspberry/ScooperBot/tennisbot_ws/install/ros2_nav_to_pose_msgs/share/ros2_nav_to_pose_msgs/cmake/ament_cmake_export_targets-extras.cmake
[34.204s] -- Up-to-date symlink: /home/E14Raspberry/ScooperBot/tennisbot_ws/install/ros2_nav_to_pose_msgs/share/ros2_nav_to_pose_msgs/cmake/rosidl_cmake_export_typesupport_targets-extras.cmake
[34.224s] -- Up-to-date symlink: /home/E14Raspberry/ScooperBot/tennisbot_ws/install/ros2_nav_to_pose_msgs/share/ros2_nav_to_pose_msgs/cmake/rosidl_cmake_export_typesupport_libraries-extras.cmake
[34.260s] -- Up-to-date symlink: /home/E14Raspberry/ScooperBot/tennisbot_ws/install/ros2_nav_to_pose_msgs/share/ros2_nav_to_pose_msgs/cmake/ros2_nav_to_pose_msgsConfig.cmake
[34.267s] -- Up-to-date symlink: /home/E14Raspberry/ScooperBot/tennisbot_ws/install/ros2_nav_to_pose_msgs/share/ros2_nav_to_pose_msgs/cmake/ros2_nav_to_pose_msgsConfig-version.cmake
[34.303s] -- Up-to-date symlink: /home/E14Raspberry/ScooperBot/tennisbot_ws/install/ros2_nav_to_pose_msgs/share/ros2_nav_to_pose_msgs/package.xml
[34.319s] -- Up-to-date: /home/E14Raspberry/ScooperBot/tennisbot_ws/install/ros2_nav_to_pose_msgs/lib/libros2_nav_to_pose_msgs__rosidl_generator_c.so
[34.353s] -- Up-to-date: /home/E14Raspberry/ScooperBot/tennisbot_ws/install/ros2_nav_to_pose_msgs/lib/libros2_nav_to_pose_msgs__rosidl_typesupport_fastrtps_c.so
[34.361s] -- Up-to-date: /home/E14Raspberry/ScooperBot/tennisbot_ws/install/ros2_nav_to_pose_msgs/lib/libros2_nav_to_pose_msgs__rosidl_typesupport_fastrtps_cpp.so
[34.371s] -- Up-to-date: /home/E14Raspberry/ScooperBot/tennisbot_ws/install/ros2_nav_to_pose_msgs/lib/libros2_nav_to_pose_msgs__rosidl_typesupport_introspection_c.so
[34.378s] -- Up-to-date: /home/E14Raspberry/ScooperBot/tennisbot_ws/install/ros2_nav_to_pose_msgs/lib/libros2_nav_to_pose_msgs__rosidl_typesupport_c.so
[34.385s] -- Up-to-date: /home/E14Raspberry/ScooperBot/tennisbot_ws/install/ros2_nav_to_pose_msgs/lib/libros2_nav_to_pose_msgs__rosidl_typesupport_introspection_cpp.so
[34.392s] -- Up-to-date: /home/E14Raspberry/ScooperBot/tennisbot_ws/install/ros2_nav_to_pose_msgs/lib/libros2_nav_to_pose_msgs__rosidl_typesupport_cpp.so
[34.996s] Listing '/home/E14Raspberry/ScooperBot/tennisbot_ws/install/ros2_nav_to_pose_msgs/lib/python3.12/site-packages/ros2_nav_to_pose_msgs'...
[35.006s] Listing '/home/E14Raspberry/ScooperBot/tennisbot_ws/install/ros2_nav_to_pose_msgs/lib/python3.12/site-packages/ros2_nav_to_pose_msgs/action'...
[35.363s] -- Up-to-date: /home/E14Raspberry/ScooperBot/tennisbot_ws/install/ros2_nav_to_pose_msgs/lib/libros2_nav_to_pose_msgs__rosidl_generator_py.so
[35.399s] -- Up-to-date: /home/E14Raspberry/ScooperBot/tennisbot_ws/install/ros2_nav_to_pose_msgs/share/ros2_nav_to_pose_msgs/cmake/export_ros2_nav_to_pose_msgs__rosidl_generator_cExport.cmake
[35.405s] -- Up-to-date: /home/E14Raspberry/ScooperBot/tennisbot_ws/install/ros2_nav_to_pose_msgs/share/ros2_nav_to_pose_msgs/cmake/export_ros2_nav_to_pose_msgs__rosidl_generator_cExport-noconfig.cmake
[35.439s] -- Up-to-date: /home/E14Raspberry/ScooperBot/tennisbot_ws/install/ros2_nav_to_pose_msgs/share/ros2_nav_to_pose_msgs/cmake/export_ros2_nav_to_pose_msgs__rosidl_typesupport_fastrtps_cExport.cmake
[35.459s] -- Up-to-date: /home/E14Raspberry/ScooperBot/tennisbot_ws/install/ros2_nav_to_pose_msgs/share/ros2_nav_to_pose_msgs/cmake/export_ros2_nav_to_pose_msgs__rosidl_typesupport_fastrtps_cExport-noconfig.cmake
[35.507s] -- Up-to-date: /home/E14Raspberry/ScooperBot/tennisbot_ws/install/ros2_nav_to_pose_msgs/share/ros2_nav_to_pose_msgs/cmake/export_ros2_nav_to_pose_msgs__rosidl_generator_cppExport.cmake
[35.535s] -- Up-to-date: /home/E14Raspberry/ScooperBot/tennisbot_ws/install/ros2_nav_to_pose_msgs/share/ros2_nav_to_pose_msgs/cmake/export_ros2_nav_to_pose_msgs__rosidl_typesupport_fastrtps_cppExport.cmake
[35.548s] -- Up-to-date: /home/E14Raspberry/ScooperBot/tennisbot_ws/install/ros2_nav_to_pose_msgs/share/ros2_nav_to_pose_msgs/cmake/export_ros2_nav_to_pose_msgs__rosidl_typesupport_fastrtps_cppExport-noconfig.cmake
[35.577s] -- Up-to-date: /home/E14Raspberry/ScooperBot/tennisbot_ws/install/ros2_nav_to_pose_msgs/share/ros2_nav_to_pose_msgs/cmake/ros2_nav_to_pose_msgs__rosidl_typesupport_introspection_cExport.cmake
[35.592s] -- Up-to-date: /home/E14Raspberry/ScooperBot/tennisbot_ws/install/ros2_nav_to_pose_msgs/share/ros2_nav_to_pose_msgs/cmake/ros2_nav_to_pose_msgs__rosidl_typesupport_introspection_cExport-noconfig.cmake
[35.634s] -- Up-to-date: /home/E14Raspberry/ScooperBot/tennisbot_ws/install/ros2_nav_to_pose_msgs/share/ros2_nav_to_pose_msgs/cmake/ros2_nav_to_pose_msgs__rosidl_typesupport_cExport.cmake
[35.653s] -- Up-to-date: /home/E14Raspberry/ScooperBot/tennisbot_ws/install/ros2_nav_to_pose_msgs/share/ros2_nav_to_pose_msgs/cmake/ros2_nav_to_pose_msgs__rosidl_typesupport_cExport-noconfig.cmake
[35.675s] -- Up-to-date: /home/E14Raspberry/ScooperBot/tennisbot_ws/install/ros2_nav_to_pose_msgs/share/ros2_nav_to_pose_msgs/cmake/ros2_nav_to_pose_msgs__rosidl_typesupport_introspection_cppExport.cmake
[35.698s] -- Up-to-date: /home/E14Raspberry/ScooperBot/tennisbot_ws/install/ros2_nav_to_pose_msgs/share/ros2_nav_to_pose_msgs/cmake/ros2_nav_to_pose_msgs__rosidl_typesupport_introspection_cppExport-noconfig.cmake
[35.712s] -- Up-to-date: /home/E14Raspberry/ScooperBot/tennisbot_ws/install/ros2_nav_to_pose_msgs/share/ros2_nav_to_pose_msgs/cmake/ros2_nav_to_pose_msgs__rosidl_typesupport_cppExport.cmake
[35.736s] -- Up-to-date: /home/E14Raspberry/ScooperBot/tennisbot_ws/install/ros2_nav_to_pose_msgs/share/ros2_nav_to_pose_msgs/cmake/ros2_nav_to_pose_msgs__rosidl_typesupport_cppExport-noconfig.cmake
[35.765s] -- Up-to-date: /home/E14Raspberry/ScooperBot/tennisbot_ws/install/ros2_nav_to_pose_msgs/share/ros2_nav_to_pose_msgs/cmake/export_ros2_nav_to_pose_msgs__rosidl_generator_pyExport.cmake
[35.786s] -- Up-to-date: /home/E14Raspberry/ScooperBot/tennisbot_ws/install/ros2_nav_to_pose_msgs/share/ros2_nav_to_pose_msgs/cmake/export_ros2_nav_to_pose_msgs__rosidl_generator_pyExport-noconfig.cmake
[35.907s] Invoked command in '/home/E14Raspberry/ScooperBot/tennisbot_ws/build/ros2_nav_to_pose_msgs' returned '0': CMAKE_PREFIX_PATH=${CMAKE_PREFIX_PATH}:/home/E14Raspberry/ScooperBot/tennisbot_ws/install/twist_stamper:/home/E14Raspberry/ScooperBot/tennisbot_ws/install/serial_motor_demo:/home/E14Raspberry/ScooperBot/tennisbot_ws/install/ros2_nav_to_pose:/home/E14Raspberry/ScooperBot/tennisbot_ws/install/ball_tracker:/opt/ros/jazzy /usr/bin/cmake --install /home/E14Raspberry/ScooperBot/tennisbot_ws/build/ros2_nav_to_pose_msgs
