running develop
/usr/lib/python3/dist-packages/setuptools/command/develop.py:40: EasyInstallDeprecationWarning: easy_install command is deprecated.
!!

        ********************************************************************************
        Please avoid running ``setup.py`` and ``easy_install``.
        Instead, use pypa/build, pypa/installer or other
        standards-based tools.

        See https://github.com/pypa/setuptools/issues/917 for details.
        ********************************************************************************

!!
  easy_install.initialize_options(self)
running egg_info
writing twist_stamper.egg-info/PKG-INFO
writing dependency_links to twist_stamper.egg-info/dependency_links.txt
writing entry points to twist_stamper.egg-info/entry_points.txt
writing requirements to twist_stamper.egg-info/requires.txt
writing top-level names to twist_stamper.egg-info/top_level.txt
reading manifest file 'twist_stamper.egg-info/SOURCES.txt'
writing manifest file 'twist_stamper.egg-info/SOURCES.txt'
running build_ext
Creating /home/E14Raspberry/ScooperBot/tennisbot_ws/install/twist_stamper/lib/python3.12/site-packages/twist-stamper.egg-link (link to .)
Installing twist_stamper script to /home/E14Raspberry/ScooperBot/tennisbot_ws/install/twist_stamper/lib/twist_stamper
Installing twist_unstamper script to /home/E14Raspberry/ScooperBot/tennisbot_ws/install/twist_stamper/lib/twist_stamper

Installed /home/E14Raspberry/ScooperBot/tennisbot_ws/build/twist_stamper
running symlink_data
creating /home/E14Raspberry/ScooperBot/tennisbot_ws/install/twist_stamper/share/ament_index
creating /home/E14Raspberry/ScooperBot/tennisbot_ws/install/twist_stamper/share/ament_index/resource_index
creating /home/E14Raspberry/ScooperBot/tennisbot_ws/install/twist_stamper/share/ament_index/resource_index/packages
symbolically linking /home/E14Raspberry/ScooperBot/tennisbot_ws/build/twist_stamper/resource/twist_stamper -> /home/E14Raspberry/ScooperBot/tennisbot_ws/install/twist_stamper/share/ament_index/resource_index/packages
symbolically linking /home/E14Raspberry/ScooperBot/tennisbot_ws/build/twist_stamper/package.xml -> /home/E14Raspberry/ScooperBot/tennisbot_ws/install/twist_stamper/share/twist_stamper
