[0.433s] DEBUG:colcon:Command line arguments: ['/usr/bin/colcon', 'build', '--symlink-install']
[0.433s] DEBUG:colcon:Parsed command line arguments: Namespace(log_base=None, log_level=None, verb_name='build', build_base='build', install_base='install', merge_install=False, symlink_install=True, test_result_base=None, continue_on_error=False, executor='parallel', parallel_workers=4, event_handlers=None, ignore_user_meta=False, metas=['./colcon.meta'], base_paths=['.'], packages_ignore=None, packages_ignore_regex=None, paths=None, packages_up_to=None, packages_up_to_regex=None, packages_above=None, packages_above_and_dependencies=None, packages_above_depth=None, packages_select_by_dep=None, packages_skip_by_dep=None, packages_skip_up_to=None, packages_select_build_failed=False, packages_skip_build_finished=False, packages_select_test_failures=False, packages_skip_test_passed=False, packages_select=None, packages_skip=None, packages_select_regex=None, packages_skip_regex=None, packages_start=None, packages_end=None, allow_overriding=[], cmake_args=None, cmake_target=None, cmake_target_skip_unavailable=False, cmake_clean_cache=False, cmake_clean_first=False, cmake_force_configure=False, ament_cmake_args=None, catkin_cmake_args=None, catkin_skip_building_tests=False, mixin_files=None, mixin=None, verb_parser=<colcon_mixin.mixin.mixin_argument.MixinArgumentDecorator object at 0xffff8241ec00>, verb_extension=<colcon_core.verb.build.BuildVerb object at 0xffff825d59a0>, main=<bound method BuildVerb.main of <colcon_core.verb.build.BuildVerb object at 0xffff825d59a0>>, mixin_verb=('build',))
[0.580s] Level 1:colcon.colcon_core.package_discovery:discover_packages(colcon_meta) check parameters
[0.580s] Level 1:colcon.colcon_core.package_discovery:discover_packages(recursive) check parameters
[0.580s] Level 1:colcon.colcon_core.package_discovery:discover_packages(ignore) check parameters
[0.580s] Level 1:colcon.colcon_core.package_discovery:discover_packages(path) check parameters
[0.581s] Level 1:colcon.colcon_core.package_discovery:discover_packages(colcon_meta) discover
[0.581s] Level 1:colcon.colcon_core.package_discovery:discover_packages(recursive) discover
[0.581s] INFO:colcon.colcon_core.package_discovery:Crawling recursively for packages in '/home/E14Raspberry/ScooperBot/tennisbot_ws'
[0.581s] Level 1:colcon.colcon_core.package_identification:_identify(.) by extensions ['ignore', 'ignore_ament_install']
[0.582s] Level 1:colcon.colcon_core.package_identification:_identify(.) by extension 'ignore'
[0.582s] Level 1:colcon.colcon_core.package_identification:_identify(.) by extension 'ignore_ament_install'
[0.582s] Level 1:colcon.colcon_core.package_identification:_identify(.) by extensions ['colcon_pkg']
[0.582s] Level 1:colcon.colcon_core.package_identification:_identify(.) by extension 'colcon_pkg'
[0.582s] Level 1:colcon.colcon_core.package_identification:_identify(.) by extensions ['colcon_meta']
[0.582s] Level 1:colcon.colcon_core.package_identification:_identify(.) by extension 'colcon_meta'
[0.583s] Level 1:colcon.colcon_core.package_identification:_identify(.) by extensions ['ros']
[0.583s] Level 1:colcon.colcon_core.package_identification:_identify(.) by extension 'ros'
[0.685s] Level 1:colcon.colcon_core.package_identification:_identify(.) by extensions ['cmake', 'python']
[0.686s] Level 1:colcon.colcon_core.package_identification:_identify(.) by extension 'cmake'
[0.686s] Level 1:colcon.colcon_core.package_identification:_identify(.) by extension 'python'
[0.686s] Level 1:colcon.colcon_core.package_identification:_identify(.) by extensions ['python_setup_py']
[0.686s] Level 1:colcon.colcon_core.package_identification:_identify(.) by extension 'python_setup_py'
[0.687s] Level 1:colcon.colcon_core.package_identification:_identify(build) by extensions ['ignore', 'ignore_ament_install']
[0.687s] Level 1:colcon.colcon_core.package_identification:_identify(build) by extension 'ignore'
[0.687s] Level 1:colcon.colcon_core.package_identification:_identify(build) ignored
[0.688s] Level 1:colcon.colcon_core.package_identification:_identify(install) by extensions ['ignore', 'ignore_ament_install']
[0.688s] Level 1:colcon.colcon_core.package_identification:_identify(install) by extension 'ignore'
[0.688s] Level 1:colcon.colcon_core.package_identification:_identify(install) ignored
[0.689s] Level 1:colcon.colcon_core.package_identification:_identify(log) by extensions ['ignore', 'ignore_ament_install']
[0.689s] Level 1:colcon.colcon_core.package_identification:_identify(log) by extension 'ignore'
[0.689s] Level 1:colcon.colcon_core.package_identification:_identify(log) ignored
[0.690s] Level 1:colcon.colcon_core.package_identification:_identify(src) by extensions ['ignore', 'ignore_ament_install']
[0.690s] Level 1:colcon.colcon_core.package_identification:_identify(src) by extension 'ignore'
[0.690s] Level 1:colcon.colcon_core.package_identification:_identify(src) by extension 'ignore_ament_install'
[0.690s] Level 1:colcon.colcon_core.package_identification:_identify(src) by extensions ['colcon_pkg']
[0.690s] Level 1:colcon.colcon_core.package_identification:_identify(src) by extension 'colcon_pkg'
[0.691s] Level 1:colcon.colcon_core.package_identification:_identify(src) by extensions ['colcon_meta']
[0.691s] Level 1:colcon.colcon_core.package_identification:_identify(src) by extension 'colcon_meta'
[0.691s] Level 1:colcon.colcon_core.package_identification:_identify(src) by extensions ['ros']
[0.691s] Level 1:colcon.colcon_core.package_identification:_identify(src) by extension 'ros'
[0.691s] Level 1:colcon.colcon_core.package_identification:_identify(src) by extensions ['cmake', 'python']
[0.691s] Level 1:colcon.colcon_core.package_identification:_identify(src) by extension 'cmake'
[0.691s] Level 1:colcon.colcon_core.package_identification:_identify(src) by extension 'python'
[0.692s] Level 1:colcon.colcon_core.package_identification:_identify(src) by extensions ['python_setup_py']
[0.692s] Level 1:colcon.colcon_core.package_identification:_identify(src) by extension 'python_setup_py'
[0.692s] Level 1:colcon.colcon_core.package_identification:_identify(src/diffdrive_arduino) by extensions ['ignore', 'ignore_ament_install']
[0.692s] Level 1:colcon.colcon_core.package_identification:_identify(src/diffdrive_arduino) by extension 'ignore'
[0.693s] Level 1:colcon.colcon_core.package_identification:_identify(src/diffdrive_arduino) by extension 'ignore_ament_install'
[0.693s] Level 1:colcon.colcon_core.package_identification:_identify(src/diffdrive_arduino) by extensions ['colcon_pkg']
[0.693s] Level 1:colcon.colcon_core.package_identification:_identify(src/diffdrive_arduino) by extension 'colcon_pkg'
[0.693s] Level 1:colcon.colcon_core.package_identification:_identify(src/diffdrive_arduino) by extensions ['colcon_meta']
[0.693s] Level 1:colcon.colcon_core.package_identification:_identify(src/diffdrive_arduino) by extension 'colcon_meta'
[0.693s] Level 1:colcon.colcon_core.package_identification:_identify(src/diffdrive_arduino) by extensions ['ros']
[0.693s] Level 1:colcon.colcon_core.package_identification:_identify(src/diffdrive_arduino) by extension 'ros'
[0.703s] DEBUG:colcon.colcon_core.package_identification:Package 'src/diffdrive_arduino' with type 'ros.ament_cmake' and name 'diffdrive_arduino'
[0.704s] Level 1:colcon.colcon_core.package_identification:_identify(src/serial) by extensions ['ignore', 'ignore_ament_install']
[0.704s] Level 1:colcon.colcon_core.package_identification:_identify(src/serial) by extension 'ignore'
[0.704s] Level 1:colcon.colcon_core.package_identification:_identify(src/serial) by extension 'ignore_ament_install'
[0.704s] Level 1:colcon.colcon_core.package_identification:_identify(src/serial) by extensions ['colcon_pkg']
[0.704s] Level 1:colcon.colcon_core.package_identification:_identify(src/serial) by extension 'colcon_pkg'
[0.705s] Level 1:colcon.colcon_core.package_identification:_identify(src/serial) by extensions ['colcon_meta']
[0.705s] Level 1:colcon.colcon_core.package_identification:_identify(src/serial) by extension 'colcon_meta'
[0.705s] Level 1:colcon.colcon_core.package_identification:_identify(src/serial) by extensions ['ros']
[0.705s] Level 1:colcon.colcon_core.package_identification:_identify(src/serial) by extension 'ros'
[0.707s] DEBUG:colcon.colcon_core.package_identification:Package 'src/serial' with type 'ros.ament_cmake' and name 'serial'
[0.707s] Level 1:colcon.colcon_core.package_identification:_identify(src/serial_motor_demo) by extensions ['ignore', 'ignore_ament_install']
[0.708s] Level 1:colcon.colcon_core.package_identification:_identify(src/serial_motor_demo) by extension 'ignore'
[0.708s] Level 1:colcon.colcon_core.package_identification:_identify(src/serial_motor_demo) by extension 'ignore_ament_install'
[0.708s] Level 1:colcon.colcon_core.package_identification:_identify(src/serial_motor_demo) by extensions ['colcon_pkg']
[0.708s] Level 1:colcon.colcon_core.package_identification:_identify(src/serial_motor_demo) by extension 'colcon_pkg'
[0.708s] Level 1:colcon.colcon_core.package_identification:_identify(src/serial_motor_demo) by extensions ['colcon_meta']
[0.708s] Level 1:colcon.colcon_core.package_identification:_identify(src/serial_motor_demo) by extension 'colcon_meta'
[0.709s] Level 1:colcon.colcon_core.package_identification:_identify(src/serial_motor_demo) by extensions ['ros']
[0.709s] Level 1:colcon.colcon_core.package_identification:_identify(src/serial_motor_demo) by extension 'ros'
[0.709s] Level 1:colcon.colcon_core.package_identification:_identify(src/serial_motor_demo) by extensions ['cmake', 'python']
[0.709s] Level 1:colcon.colcon_core.package_identification:_identify(src/serial_motor_demo) by extension 'cmake'
[0.709s] Level 1:colcon.colcon_core.package_identification:_identify(src/serial_motor_demo) by extension 'python'
[0.710s] Level 1:colcon.colcon_core.package_identification:_identify(src/serial_motor_demo) by extensions ['python_setup_py']
[0.710s] Level 1:colcon.colcon_core.package_identification:_identify(src/serial_motor_demo) by extension 'python_setup_py'
[0.710s] Level 1:colcon.colcon_core.package_identification:_identify(src/serial_motor_demo/serial_motor_demo) by extensions ['ignore', 'ignore_ament_install']
[0.710s] Level 1:colcon.colcon_core.package_identification:_identify(src/serial_motor_demo/serial_motor_demo) by extension 'ignore'
[0.711s] Level 1:colcon.colcon_core.package_identification:_identify(src/serial_motor_demo/serial_motor_demo) by extension 'ignore_ament_install'
[0.711s] Level 1:colcon.colcon_core.package_identification:_identify(src/serial_motor_demo/serial_motor_demo) by extensions ['colcon_pkg']
[0.711s] Level 1:colcon.colcon_core.package_identification:_identify(src/serial_motor_demo/serial_motor_demo) by extension 'colcon_pkg'
[0.711s] Level 1:colcon.colcon_core.package_identification:_identify(src/serial_motor_demo/serial_motor_demo) by extensions ['colcon_meta']
[0.711s] Level 1:colcon.colcon_core.package_identification:_identify(src/serial_motor_demo/serial_motor_demo) by extension 'colcon_meta'
[0.711s] Level 1:colcon.colcon_core.package_identification:_identify(src/serial_motor_demo/serial_motor_demo) by extensions ['ros']
[0.711s] Level 1:colcon.colcon_core.package_identification:_identify(src/serial_motor_demo/serial_motor_demo) by extension 'ros'
[0.713s] DEBUG:colcon.colcon_core.package_identification:Package 'src/serial_motor_demo/serial_motor_demo' with type 'ros.ament_python' and name 'serial_motor_demo'
[0.714s] Level 1:colcon.colcon_core.package_identification:_identify(src/serial_motor_demo/serial_motor_demo_msgs) by extensions ['ignore', 'ignore_ament_install']
[0.715s] Level 1:colcon.colcon_core.package_identification:_identify(src/serial_motor_demo/serial_motor_demo_msgs) by extension 'ignore'
[0.715s] Level 1:colcon.colcon_core.package_identification:_identify(src/serial_motor_demo/serial_motor_demo_msgs) by extension 'ignore_ament_install'
[0.715s] Level 1:colcon.colcon_core.package_identification:_identify(src/serial_motor_demo/serial_motor_demo_msgs) by extensions ['colcon_pkg']
[0.715s] Level 1:colcon.colcon_core.package_identification:_identify(src/serial_motor_demo/serial_motor_demo_msgs) by extension 'colcon_pkg'
[0.715s] Level 1:colcon.colcon_core.package_identification:_identify(src/serial_motor_demo/serial_motor_demo_msgs) by extensions ['colcon_meta']
[0.715s] Level 1:colcon.colcon_core.package_identification:_identify(src/serial_motor_demo/serial_motor_demo_msgs) by extension 'colcon_meta'
[0.716s] Level 1:colcon.colcon_core.package_identification:_identify(src/serial_motor_demo/serial_motor_demo_msgs) by extensions ['ros']
[0.716s] Level 1:colcon.colcon_core.package_identification:_identify(src/serial_motor_demo/serial_motor_demo_msgs) by extension 'ros'
[0.717s] DEBUG:colcon.colcon_core.package_identification:Package 'src/serial_motor_demo/serial_motor_demo_msgs' with type 'ros.ament_cmake' and name 'serial_motor_demo_msgs'
[0.718s] Level 1:colcon.colcon_core.package_identification:_identify(src/tennisbotmaster) by extensions ['ignore', 'ignore_ament_install']
[0.718s] Level 1:colcon.colcon_core.package_identification:_identify(src/tennisbotmaster) by extension 'ignore'
[0.718s] Level 1:colcon.colcon_core.package_identification:_identify(src/tennisbotmaster) by extension 'ignore_ament_install'
[0.719s] Level 1:colcon.colcon_core.package_identification:_identify(src/tennisbotmaster) by extensions ['colcon_pkg']
[0.719s] Level 1:colcon.colcon_core.package_identification:_identify(src/tennisbotmaster) by extension 'colcon_pkg'
[0.719s] Level 1:colcon.colcon_core.package_identification:_identify(src/tennisbotmaster) by extensions ['colcon_meta']
[0.719s] Level 1:colcon.colcon_core.package_identification:_identify(src/tennisbotmaster) by extension 'colcon_meta'
[0.719s] Level 1:colcon.colcon_core.package_identification:_identify(src/tennisbotmaster) by extensions ['ros']
[0.719s] Level 1:colcon.colcon_core.package_identification:_identify(src/tennisbotmaster) by extension 'ros'
[0.721s] DEBUG:colcon.colcon_core.package_identification:Package 'src/tennisbotmaster' with type 'ros.ament_cmake' and name 'tennisbotmaster'
[0.721s] Level 1:colcon.colcon_core.package_identification:_identify(src/twist_stamper) by extensions ['ignore', 'ignore_ament_install']
[0.722s] Level 1:colcon.colcon_core.package_identification:_identify(src/twist_stamper) by extension 'ignore'
[0.722s] Level 1:colcon.colcon_core.package_identification:_identify(src/twist_stamper) by extension 'ignore_ament_install'
[0.722s] Level 1:colcon.colcon_core.package_identification:_identify(src/twist_stamper) by extensions ['colcon_pkg']
[0.722s] Level 1:colcon.colcon_core.package_identification:_identify(src/twist_stamper) by extension 'colcon_pkg'
[0.722s] Level 1:colcon.colcon_core.package_identification:_identify(src/twist_stamper) by extensions ['colcon_meta']
[0.722s] Level 1:colcon.colcon_core.package_identification:_identify(src/twist_stamper) by extension 'colcon_meta'
[0.723s] Level 1:colcon.colcon_core.package_identification:_identify(src/twist_stamper) by extensions ['ros']
[0.723s] Level 1:colcon.colcon_core.package_identification:_identify(src/twist_stamper) by extension 'ros'
[0.724s] DEBUG:colcon.colcon_core.package_identification:Package 'src/twist_stamper' with type 'ros.ament_python' and name 'twist_stamper'
[0.725s] Level 1:colcon.colcon_core.package_discovery:discover_packages(recursive) using defaults
[0.725s] Level 1:colcon.colcon_core.package_discovery:discover_packages(ignore) discover
[0.725s] Level 1:colcon.colcon_core.package_discovery:discover_packages(ignore) using defaults
[0.725s] Level 1:colcon.colcon_core.package_discovery:discover_packages(path) discover
[0.725s] Level 1:colcon.colcon_core.package_discovery:discover_packages(path) using defaults
[0.796s] Level 1:colcon.colcon_core.package_discovery:discover_packages(prefix_path) check parameters
[0.796s] Level 1:colcon.colcon_core.package_discovery:discover_packages(prefix_path) discover
[0.806s] DEBUG:colcon.colcon_installed_package_information.package_discovery:Found 6 installed packages in /home/E14Raspberry/ScooperBot/tennisbot_ws/install
[0.815s] DEBUG:colcon.colcon_installed_package_information.package_discovery:Found 250 installed packages in /opt/ros/jazzy
[0.818s] Level 1:colcon.colcon_core.package_discovery:discover_packages(prefix_path) using defaults
[0.971s] Level 5:colcon.colcon_core.verb:set package 'diffdrive_arduino' build argument 'cmake_args' from command line to 'None'
[0.971s] Level 5:colcon.colcon_core.verb:set package 'diffdrive_arduino' build argument 'cmake_target' from command line to 'None'
[0.971s] Level 5:colcon.colcon_core.verb:set package 'diffdrive_arduino' build argument 'cmake_target_skip_unavailable' from command line to 'False'
[0.971s] Level 5:colcon.colcon_core.verb:set package 'diffdrive_arduino' build argument 'cmake_clean_cache' from command line to 'False'
[0.972s] Level 5:colcon.colcon_core.verb:set package 'diffdrive_arduino' build argument 'cmake_clean_first' from command line to 'False'
[0.972s] Level 5:colcon.colcon_core.verb:set package 'diffdrive_arduino' build argument 'cmake_force_configure' from command line to 'False'
[0.972s] Level 5:colcon.colcon_core.verb:set package 'diffdrive_arduino' build argument 'ament_cmake_args' from command line to 'None'
[0.972s] Level 5:colcon.colcon_core.verb:set package 'diffdrive_arduino' build argument 'catkin_cmake_args' from command line to 'None'
[0.972s] Level 5:colcon.colcon_core.verb:set package 'diffdrive_arduino' build argument 'catkin_skip_building_tests' from command line to 'False'
[0.972s] DEBUG:colcon.colcon_core.verb:Building package 'diffdrive_arduino' with the following arguments: {'ament_cmake_args': None, 'build_base': '/home/E14Raspberry/ScooperBot/tennisbot_ws/build/diffdrive_arduino', 'catkin_cmake_args': None, 'catkin_skip_building_tests': False, 'cmake_args': None, 'cmake_clean_cache': False, 'cmake_clean_first': False, 'cmake_force_configure': False, 'cmake_target': None, 'cmake_target_skip_unavailable': False, 'install_base': '/home/E14Raspberry/ScooperBot/tennisbot_ws/install/diffdrive_arduino', 'merge_install': False, 'path': '/home/E14Raspberry/ScooperBot/tennisbot_ws/src/diffdrive_arduino', 'symlink_install': True, 'test_result_base': None}
[0.973s] Level 5:colcon.colcon_core.verb:set package 'serial' build argument 'cmake_args' from command line to 'None'
[0.973s] Level 5:colcon.colcon_core.verb:set package 'serial' build argument 'cmake_target' from command line to 'None'
[0.973s] Level 5:colcon.colcon_core.verb:set package 'serial' build argument 'cmake_target_skip_unavailable' from command line to 'False'
[0.974s] Level 5:colcon.colcon_core.verb:set package 'serial' build argument 'cmake_clean_cache' from command line to 'False'
[0.974s] Level 5:colcon.colcon_core.verb:set package 'serial' build argument 'cmake_clean_first' from command line to 'False'
[0.974s] Level 5:colcon.colcon_core.verb:set package 'serial' build argument 'cmake_force_configure' from command line to 'False'
[0.974s] Level 5:colcon.colcon_core.verb:set package 'serial' build argument 'ament_cmake_args' from command line to 'None'
[0.974s] Level 5:colcon.colcon_core.verb:set package 'serial' build argument 'catkin_cmake_args' from command line to 'None'
[0.974s] Level 5:colcon.colcon_core.verb:set package 'serial' build argument 'catkin_skip_building_tests' from command line to 'False'
[0.974s] DEBUG:colcon.colcon_core.verb:Building package 'serial' with the following arguments: {'ament_cmake_args': None, 'build_base': '/home/E14Raspberry/ScooperBot/tennisbot_ws/build/serial', 'catkin_cmake_args': None, 'catkin_skip_building_tests': False, 'cmake_args': None, 'cmake_clean_cache': False, 'cmake_clean_first': False, 'cmake_force_configure': False, 'cmake_target': None, 'cmake_target_skip_unavailable': False, 'install_base': '/home/E14Raspberry/ScooperBot/tennisbot_ws/install/serial', 'merge_install': False, 'path': '/home/E14Raspberry/ScooperBot/tennisbot_ws/src/serial', 'symlink_install': True, 'test_result_base': None}
[0.975s] Level 5:colcon.colcon_core.verb:set package 'serial_motor_demo_msgs' build argument 'cmake_args' from command line to 'None'
[0.975s] Level 5:colcon.colcon_core.verb:set package 'serial_motor_demo_msgs' build argument 'cmake_target' from command line to 'None'
[0.975s] Level 5:colcon.colcon_core.verb:set package 'serial_motor_demo_msgs' build argument 'cmake_target_skip_unavailable' from command line to 'False'
[0.976s] Level 5:colcon.colcon_core.verb:set package 'serial_motor_demo_msgs' build argument 'cmake_clean_cache' from command line to 'False'
[0.976s] Level 5:colcon.colcon_core.verb:set package 'serial_motor_demo_msgs' build argument 'cmake_clean_first' from command line to 'False'
[0.976s] Level 5:colcon.colcon_core.verb:set package 'serial_motor_demo_msgs' build argument 'cmake_force_configure' from command line to 'False'
[0.976s] Level 5:colcon.colcon_core.verb:set package 'serial_motor_demo_msgs' build argument 'ament_cmake_args' from command line to 'None'
[0.976s] Level 5:colcon.colcon_core.verb:set package 'serial_motor_demo_msgs' build argument 'catkin_cmake_args' from command line to 'None'
[0.976s] Level 5:colcon.colcon_core.verb:set package 'serial_motor_demo_msgs' build argument 'catkin_skip_building_tests' from command line to 'False'
[0.976s] DEBUG:colcon.colcon_core.verb:Building package 'serial_motor_demo_msgs' with the following arguments: {'ament_cmake_args': None, 'build_base': '/home/E14Raspberry/ScooperBot/tennisbot_ws/build/serial_motor_demo_msgs', 'catkin_cmake_args': None, 'catkin_skip_building_tests': False, 'cmake_args': None, 'cmake_clean_cache': False, 'cmake_clean_first': False, 'cmake_force_configure': False, 'cmake_target': None, 'cmake_target_skip_unavailable': False, 'install_base': '/home/E14Raspberry/ScooperBot/tennisbot_ws/install/serial_motor_demo_msgs', 'merge_install': False, 'path': '/home/E14Raspberry/ScooperBot/tennisbot_ws/src/serial_motor_demo/serial_motor_demo_msgs', 'symlink_install': True, 'test_result_base': None}
[0.977s] Level 5:colcon.colcon_core.verb:set package 'tennisbotmaster' build argument 'cmake_args' from command line to 'None'
[0.977s] Level 5:colcon.colcon_core.verb:set package 'tennisbotmaster' build argument 'cmake_target' from command line to 'None'
[0.977s] Level 5:colcon.colcon_core.verb:set package 'tennisbotmaster' build argument 'cmake_target_skip_unavailable' from command line to 'False'
[0.978s] Level 5:colcon.colcon_core.verb:set package 'tennisbotmaster' build argument 'cmake_clean_cache' from command line to 'False'
[0.978s] Level 5:colcon.colcon_core.verb:set package 'tennisbotmaster' build argument 'cmake_clean_first' from command line to 'False'
[0.978s] Level 5:colcon.colcon_core.verb:set package 'tennisbotmaster' build argument 'cmake_force_configure' from command line to 'False'
[0.978s] Level 5:colcon.colcon_core.verb:set package 'tennisbotmaster' build argument 'ament_cmake_args' from command line to 'None'
[0.978s] Level 5:colcon.colcon_core.verb:set package 'tennisbotmaster' build argument 'catkin_cmake_args' from command line to 'None'
[0.978s] Level 5:colcon.colcon_core.verb:set package 'tennisbotmaster' build argument 'catkin_skip_building_tests' from command line to 'False'
[0.978s] DEBUG:colcon.colcon_core.verb:Building package 'tennisbotmaster' with the following arguments: {'ament_cmake_args': None, 'build_base': '/home/E14Raspberry/ScooperBot/tennisbot_ws/build/tennisbotmaster', 'catkin_cmake_args': None, 'catkin_skip_building_tests': False, 'cmake_args': None, 'cmake_clean_cache': False, 'cmake_clean_first': False, 'cmake_force_configure': False, 'cmake_target': None, 'cmake_target_skip_unavailable': False, 'install_base': '/home/E14Raspberry/ScooperBot/tennisbot_ws/install/tennisbotmaster', 'merge_install': False, 'path': '/home/E14Raspberry/ScooperBot/tennisbot_ws/src/tennisbotmaster', 'symlink_install': True, 'test_result_base': None}
[0.979s] Level 5:colcon.colcon_core.verb:set package 'twist_stamper' build argument 'cmake_args' from command line to 'None'
[0.979s] Level 5:colcon.colcon_core.verb:set package 'twist_stamper' build argument 'cmake_target' from command line to 'None'
[0.979s] Level 5:colcon.colcon_core.verb:set package 'twist_stamper' build argument 'cmake_target_skip_unavailable' from command line to 'False'
[0.979s] Level 5:colcon.colcon_core.verb:set package 'twist_stamper' build argument 'cmake_clean_cache' from command line to 'False'
[0.980s] Level 5:colcon.colcon_core.verb:set package 'twist_stamper' build argument 'cmake_clean_first' from command line to 'False'
[0.980s] Level 5:colcon.colcon_core.verb:set package 'twist_stamper' build argument 'cmake_force_configure' from command line to 'False'
[0.980s] Level 5:colcon.colcon_core.verb:set package 'twist_stamper' build argument 'ament_cmake_args' from command line to 'None'
[0.980s] Level 5:colcon.colcon_core.verb:set package 'twist_stamper' build argument 'catkin_cmake_args' from command line to 'None'
[0.980s] Level 5:colcon.colcon_core.verb:set package 'twist_stamper' build argument 'catkin_skip_building_tests' from command line to 'False'
[0.980s] DEBUG:colcon.colcon_core.verb:Building package 'twist_stamper' with the following arguments: {'ament_cmake_args': None, 'build_base': '/home/E14Raspberry/ScooperBot/tennisbot_ws/build/twist_stamper', 'catkin_cmake_args': None, 'catkin_skip_building_tests': False, 'cmake_args': None, 'cmake_clean_cache': False, 'cmake_clean_first': False, 'cmake_force_configure': False, 'cmake_target': None, 'cmake_target_skip_unavailable': False, 'install_base': '/home/E14Raspberry/ScooperBot/tennisbot_ws/install/twist_stamper', 'merge_install': False, 'path': '/home/E14Raspberry/ScooperBot/tennisbot_ws/src/twist_stamper', 'symlink_install': True, 'test_result_base': None}
[0.981s] Level 5:colcon.colcon_core.verb:set package 'serial_motor_demo' build argument 'cmake_args' from command line to 'None'
[0.981s] Level 5:colcon.colcon_core.verb:set package 'serial_motor_demo' build argument 'cmake_target' from command line to 'None'
[0.981s] Level 5:colcon.colcon_core.verb:set package 'serial_motor_demo' build argument 'cmake_target_skip_unavailable' from command line to 'False'
[0.982s] Level 5:colcon.colcon_core.verb:set package 'serial_motor_demo' build argument 'cmake_clean_cache' from command line to 'False'
[0.982s] Level 5:colcon.colcon_core.verb:set package 'serial_motor_demo' build argument 'cmake_clean_first' from command line to 'False'
[0.982s] Level 5:colcon.colcon_core.verb:set package 'serial_motor_demo' build argument 'cmake_force_configure' from command line to 'False'
[0.982s] Level 5:colcon.colcon_core.verb:set package 'serial_motor_demo' build argument 'ament_cmake_args' from command line to 'None'
[0.982s] Level 5:colcon.colcon_core.verb:set package 'serial_motor_demo' build argument 'catkin_cmake_args' from command line to 'None'
[0.982s] Level 5:colcon.colcon_core.verb:set package 'serial_motor_demo' build argument 'catkin_skip_building_tests' from command line to 'False'
[0.982s] DEBUG:colcon.colcon_core.verb:Building package 'serial_motor_demo' with the following arguments: {'ament_cmake_args': None, 'build_base': '/home/E14Raspberry/ScooperBot/tennisbot_ws/build/serial_motor_demo', 'catkin_cmake_args': None, 'catkin_skip_building_tests': False, 'cmake_args': None, 'cmake_clean_cache': False, 'cmake_clean_first': False, 'cmake_force_configure': False, 'cmake_target': None, 'cmake_target_skip_unavailable': False, 'install_base': '/home/E14Raspberry/ScooperBot/tennisbot_ws/install/serial_motor_demo', 'merge_install': False, 'path': '/home/E14Raspberry/ScooperBot/tennisbot_ws/src/serial_motor_demo/serial_motor_demo', 'symlink_install': True, 'test_result_base': None}
[0.982s] INFO:colcon.colcon_core.executor:Executing jobs using 'parallel' executor
[0.985s] DEBUG:colcon.colcon_parallel_executor.executor.parallel:run_until_complete
[0.986s] INFO:colcon.colcon_ros.task.ament_cmake.build:Building ROS package in '/home/E14Raspberry/ScooperBot/tennisbot_ws/src/serial_motor_demo/serial_motor_demo_msgs' with build type 'ament_cmake'
[0.987s] INFO:colcon.colcon_cmake.task.cmake.build:Building CMake package in '/home/E14Raspberry/ScooperBot/tennisbot_ws/src/serial_motor_demo/serial_motor_demo_msgs'
[0.995s] INFO:colcon.colcon_core.plugin_system:Skipping extension 'colcon_core.shell.bat': Not used on non-Windows systems
[0.996s] INFO:colcon.colcon_core.shell:Skip shell extension 'powershell' for command environment: Not usable outside of PowerShell
[0.996s] DEBUG:colcon.colcon_core.shell:Skip shell extension 'dsv' for command environment
[1.015s] INFO:colcon.colcon_ros.task.ament_cmake.build:Building ROS package in '/home/E14Raspberry/ScooperBot/tennisbot_ws/src/diffdrive_arduino' with build type 'ament_cmake'
[1.015s] INFO:colcon.colcon_cmake.task.cmake.build:Building CMake package in '/home/E14Raspberry/ScooperBot/tennisbot_ws/src/diffdrive_arduino'
[1.016s] INFO:colcon.colcon_core.shell:Skip shell extension 'powershell' for command environment: Not usable outside of PowerShell
[1.017s] DEBUG:colcon.colcon_core.shell:Skip shell extension 'dsv' for command environment
[1.037s] INFO:colcon.colcon_ros.task.ament_cmake.build:Building ROS package in '/home/E14Raspberry/ScooperBot/tennisbot_ws/src/serial' with build type 'ament_cmake'
[1.037s] INFO:colcon.colcon_cmake.task.cmake.build:Building CMake package in '/home/E14Raspberry/ScooperBot/tennisbot_ws/src/serial'
[1.038s] INFO:colcon.colcon_core.shell:Skip shell extension 'powershell' for command environment: Not usable outside of PowerShell
[1.039s] DEBUG:colcon.colcon_core.shell:Skip shell extension 'dsv' for command environment
[1.058s] INFO:colcon.colcon_ros.task.ament_cmake.build:Building ROS package in '/home/E14Raspberry/ScooperBot/tennisbot_ws/src/tennisbotmaster' with build type 'ament_cmake'
[1.058s] INFO:colcon.colcon_cmake.task.cmake.build:Building CMake package in '/home/E14Raspberry/ScooperBot/tennisbot_ws/src/tennisbotmaster'
[1.059s] INFO:colcon.colcon_core.shell:Skip shell extension 'powershell' for command environment: Not usable outside of PowerShell
[1.059s] DEBUG:colcon.colcon_core.shell:Skip shell extension 'dsv' for command environment
[1.096s] DEBUG:colcon.colcon_core.event_handler.log_command:Invoking command in '/home/E14Raspberry/ScooperBot/tennisbot_ws/build/serial_motor_demo_msgs': CMAKE_PREFIX_PATH=${CMAKE_PREFIX_PATH}:/home/E14Raspberry/ScooperBot/tennisbot_ws/install/twist_stamper:/home/E14Raspberry/ScooperBot/tennisbot_ws/install/serial_motor_demo:/opt/ros/jazzy /usr/bin/cmake --build /home/E14Raspberry/ScooperBot/tennisbot_ws/build/serial_motor_demo_msgs -- -j4 -l4
[1.114s] DEBUG:colcon.colcon_core.event_handler.log_command:Invoking command in '/home/E14Raspberry/ScooperBot/tennisbot_ws/build/diffdrive_arduino': CMAKE_PREFIX_PATH=${CMAKE_PREFIX_PATH}:/home/E14Raspberry/ScooperBot/tennisbot_ws/install/twist_stamper:/home/E14Raspberry/ScooperBot/tennisbot_ws/install/serial_motor_demo:/opt/ros/jazzy /usr/bin/cmake --build /home/E14Raspberry/ScooperBot/tennisbot_ws/build/diffdrive_arduino -- -j4 -l4
[1.131s] DEBUG:colcon.colcon_core.event_handler.log_command:Invoking command in '/home/E14Raspberry/ScooperBot/tennisbot_ws/build/serial': CMAKE_PREFIX_PATH=${CMAKE_PREFIX_PATH}:/home/E14Raspberry/ScooperBot/tennisbot_ws/install/twist_stamper:/home/E14Raspberry/ScooperBot/tennisbot_ws/install/serial_motor_demo:/opt/ros/jazzy /usr/bin/cmake --build /home/E14Raspberry/ScooperBot/tennisbot_ws/build/serial -- -j4 -l4
[1.156s] DEBUG:colcon.colcon_core.event_handler.log_command:Invoking command in '/home/E14Raspberry/ScooperBot/tennisbot_ws/build/tennisbotmaster': CMAKE_PREFIX_PATH=${CMAKE_PREFIX_PATH}:/home/E14Raspberry/ScooperBot/tennisbot_ws/install/twist_stamper:/home/E14Raspberry/ScooperBot/tennisbot_ws/install/serial_motor_demo:/opt/ros/jazzy /usr/bin/cmake --build /home/E14Raspberry/ScooperBot/tennisbot_ws/build/tennisbotmaster -- -j4 -l4
[1.432s] DEBUG:colcon.colcon_core.event_handler.log_command:Invoked command in '/home/E14Raspberry/ScooperBot/tennisbot_ws/build/tennisbotmaster' returned '0': CMAKE_PREFIX_PATH=${CMAKE_PREFIX_PATH}:/home/E14Raspberry/ScooperBot/tennisbot_ws/install/twist_stamper:/home/E14Raspberry/ScooperBot/tennisbot_ws/install/serial_motor_demo:/opt/ros/jazzy /usr/bin/cmake --build /home/E14Raspberry/ScooperBot/tennisbot_ws/build/tennisbotmaster -- -j4 -l4
[1.678s] DEBUG:colcon.colcon_core.event_handler.log_command:Invoked command in '/home/E14Raspberry/ScooperBot/tennisbot_ws/build/diffdrive_arduino' returned '0': CMAKE_PREFIX_PATH=${CMAKE_PREFIX_PATH}:/home/E14Raspberry/ScooperBot/tennisbot_ws/install/twist_stamper:/home/E14Raspberry/ScooperBot/tennisbot_ws/install/serial_motor_demo:/opt/ros/jazzy /usr/bin/cmake --build /home/E14Raspberry/ScooperBot/tennisbot_ws/build/diffdrive_arduino -- -j4 -l4
[1.796s] DEBUG:colcon.colcon_core.event_handler.log_command:Invoking command in '/home/E14Raspberry/ScooperBot/tennisbot_ws/build/tennisbotmaster': CMAKE_PREFIX_PATH=${CMAKE_PREFIX_PATH}:/home/E14Raspberry/ScooperBot/tennisbot_ws/install/twist_stamper:/home/E14Raspberry/ScooperBot/tennisbot_ws/install/serial_motor_demo:/opt/ros/jazzy /usr/bin/cmake --install /home/E14Raspberry/ScooperBot/tennisbot_ws/build/tennisbotmaster
[1.920s] DEBUG:colcon.colcon_core.event_handler.log_command:Invoked command in '/home/E14Raspberry/ScooperBot/tennisbot_ws/build/serial' returned '0': CMAKE_PREFIX_PATH=${CMAKE_PREFIX_PATH}:/home/E14Raspberry/ScooperBot/tennisbot_ws/install/twist_stamper:/home/E14Raspberry/ScooperBot/tennisbot_ws/install/serial_motor_demo:/opt/ros/jazzy /usr/bin/cmake --build /home/E14Raspberry/ScooperBot/tennisbot_ws/build/serial -- -j4 -l4
[2.007s] DEBUG:colcon.colcon_core.event_handler.log_command:Invoking command in '/home/E14Raspberry/ScooperBot/tennisbot_ws/build/diffdrive_arduino': CMAKE_PREFIX_PATH=${CMAKE_PREFIX_PATH}:/home/E14Raspberry/ScooperBot/tennisbot_ws/install/twist_stamper:/home/E14Raspberry/ScooperBot/tennisbot_ws/install/serial_motor_demo:/opt/ros/jazzy /usr/bin/cmake --install /home/E14Raspberry/ScooperBot/tennisbot_ws/build/diffdrive_arduino
[2.052s] Level 1:colcon.colcon_core.environment:create_environment_scripts_only(tennisbotmaster)
[2.055s] DEBUG:colcon.colcon_core.event_handler.log_command:Invoked command in '/home/E14Raspberry/ScooperBot/tennisbot_ws/build/tennisbotmaster' returned '0': CMAKE_PREFIX_PATH=${CMAKE_PREFIX_PATH}:/home/E14Raspberry/ScooperBot/tennisbot_ws/install/twist_stamper:/home/E14Raspberry/ScooperBot/tennisbot_ws/install/serial_motor_demo:/opt/ros/jazzy /usr/bin/cmake --install /home/E14Raspberry/ScooperBot/tennisbot_ws/build/tennisbotmaster
[2.085s] Level 1:colcon.colcon_core.environment:checking '/home/E14Raspberry/ScooperBot/tennisbot_ws/install/tennisbotmaster' for CMake module files
[2.094s] Level 1:colcon.colcon_core.environment:checking '/home/E14Raspberry/ScooperBot/tennisbot_ws/install/tennisbotmaster' for CMake config files
[2.098s] Level 1:colcon.colcon_core.shell:create_environment_hook('tennisbotmaster', 'cmake_prefix_path')
[2.099s] INFO:colcon.colcon_core.shell:Creating environment hook '/home/E14Raspberry/ScooperBot/tennisbot_ws/install/tennisbotmaster/share/tennisbotmaster/hook/cmake_prefix_path.ps1'
[2.106s] INFO:colcon.colcon_core.shell:Creating environment descriptor '/home/E14Raspberry/ScooperBot/tennisbot_ws/install/tennisbotmaster/share/tennisbotmaster/hook/cmake_prefix_path.dsv'
[2.112s] INFO:colcon.colcon_core.shell:Creating environment hook '/home/E14Raspberry/ScooperBot/tennisbot_ws/install/tennisbotmaster/share/tennisbotmaster/hook/cmake_prefix_path.sh'
[2.122s] Level 1:colcon.colcon_core.environment:checking '/home/E14Raspberry/ScooperBot/tennisbot_ws/install/tennisbotmaster/bin'
[2.123s] Level 1:colcon.colcon_core.environment:checking '/home/E14Raspberry/ScooperBot/tennisbot_ws/install/tennisbotmaster/lib/pkgconfig/tennisbotmaster.pc'
[2.132s] Level 1:colcon.colcon_core.environment:checking '/home/E14Raspberry/ScooperBot/tennisbot_ws/install/tennisbotmaster/lib/python3.12/site-packages'
[2.136s] Level 1:colcon.colcon_core.environment:checking '/home/E14Raspberry/ScooperBot/tennisbot_ws/install/tennisbotmaster/bin'
[2.141s] INFO:colcon.colcon_core.shell:Creating package script '/home/E14Raspberry/ScooperBot/tennisbot_ws/install/tennisbotmaster/share/tennisbotmaster/package.ps1'
[2.156s] INFO:colcon.colcon_core.shell:Creating package descriptor '/home/E14Raspberry/ScooperBot/tennisbot_ws/install/tennisbotmaster/share/tennisbotmaster/package.dsv'
[2.171s] INFO:colcon.colcon_core.shell:Creating package script '/home/E14Raspberry/ScooperBot/tennisbot_ws/install/tennisbotmaster/share/tennisbotmaster/package.sh'
[2.177s] INFO:colcon.colcon_core.shell:Creating package script '/home/E14Raspberry/ScooperBot/tennisbot_ws/install/tennisbotmaster/share/tennisbotmaster/package.bash'
[2.184s] INFO:colcon.colcon_core.shell:Creating package script '/home/E14Raspberry/ScooperBot/tennisbot_ws/install/tennisbotmaster/share/tennisbotmaster/package.zsh'
[2.193s] Level 1:colcon.colcon_core.environment:create_file_with_runtime_dependencies(/home/E14Raspberry/ScooperBot/tennisbot_ws/install/tennisbotmaster/share/colcon-core/packages/tennisbotmaster)
[2.283s] DEBUG:colcon.colcon_core.event_handler.log_command:Invoking command in '/home/E14Raspberry/ScooperBot/tennisbot_ws/build/serial': CMAKE_PREFIX_PATH=${CMAKE_PREFIX_PATH}:/home/E14Raspberry/ScooperBot/tennisbot_ws/install/twist_stamper:/home/E14Raspberry/ScooperBot/tennisbot_ws/install/serial_motor_demo:/opt/ros/jazzy /usr/bin/cmake --install /home/E14Raspberry/ScooperBot/tennisbot_ws/build/serial
[2.342s] Level 1:colcon.colcon_core.environment:create_environment_scripts_only(diffdrive_arduino)
[2.344s] Level 1:colcon.colcon_core.environment:checking '/home/E14Raspberry/ScooperBot/tennisbot_ws/install/diffdrive_arduino' for CMake module files
[2.347s] DEBUG:colcon.colcon_core.event_handler.log_command:Invoked command in '/home/E14Raspberry/ScooperBot/tennisbot_ws/build/diffdrive_arduino' returned '0': CMAKE_PREFIX_PATH=${CMAKE_PREFIX_PATH}:/home/E14Raspberry/ScooperBot/tennisbot_ws/install/twist_stamper:/home/E14Raspberry/ScooperBot/tennisbot_ws/install/serial_motor_demo:/opt/ros/jazzy /usr/bin/cmake --install /home/E14Raspberry/ScooperBot/tennisbot_ws/build/diffdrive_arduino
[2.360s] Level 1:colcon.colcon_core.environment:checking '/home/E14Raspberry/ScooperBot/tennisbot_ws/install/diffdrive_arduino' for CMake config files
[2.368s] Level 1:colcon.colcon_core.shell:create_environment_hook('diffdrive_arduino', 'cmake_prefix_path')
[2.370s] INFO:colcon.colcon_core.shell:Creating environment hook '/home/E14Raspberry/ScooperBot/tennisbot_ws/install/diffdrive_arduino/share/diffdrive_arduino/hook/cmake_prefix_path.ps1'
[2.375s] INFO:colcon.colcon_core.shell:Creating environment descriptor '/home/E14Raspberry/ScooperBot/tennisbot_ws/install/diffdrive_arduino/share/diffdrive_arduino/hook/cmake_prefix_path.dsv'
[2.377s] INFO:colcon.colcon_core.shell:Creating environment hook '/home/E14Raspberry/ScooperBot/tennisbot_ws/install/diffdrive_arduino/share/diffdrive_arduino/hook/cmake_prefix_path.sh'
[2.382s] Level 1:colcon.colcon_core.environment:checking '/home/E14Raspberry/ScooperBot/tennisbot_ws/install/diffdrive_arduino/lib'
[2.383s] Level 1:colcon.colcon_core.shell:create_environment_hook('diffdrive_arduino', 'ld_library_path_lib')
[2.384s] INFO:colcon.colcon_core.shell:Creating environment hook '/home/E14Raspberry/ScooperBot/tennisbot_ws/install/diffdrive_arduino/share/diffdrive_arduino/hook/ld_library_path_lib.ps1'
[2.387s] INFO:colcon.colcon_core.shell:Creating environment descriptor '/home/E14Raspberry/ScooperBot/tennisbot_ws/install/diffdrive_arduino/share/diffdrive_arduino/hook/ld_library_path_lib.dsv'
[2.389s] INFO:colcon.colcon_core.shell:Creating environment hook '/home/E14Raspberry/ScooperBot/tennisbot_ws/install/diffdrive_arduino/share/diffdrive_arduino/hook/ld_library_path_lib.sh'
[2.393s] Level 1:colcon.colcon_core.environment:checking '/home/E14Raspberry/ScooperBot/tennisbot_ws/install/diffdrive_arduino/bin'
[2.393s] Level 1:colcon.colcon_core.environment:checking '/home/E14Raspberry/ScooperBot/tennisbot_ws/install/diffdrive_arduino/lib/pkgconfig/diffdrive_arduino.pc'
[2.395s] Level 1:colcon.colcon_core.environment:checking '/home/E14Raspberry/ScooperBot/tennisbot_ws/install/diffdrive_arduino/lib/python3.12/site-packages'
[2.396s] Level 1:colcon.colcon_core.environment:checking '/home/E14Raspberry/ScooperBot/tennisbot_ws/install/diffdrive_arduino/bin'
[2.397s] INFO:colcon.colcon_core.shell:Creating package script '/home/E14Raspberry/ScooperBot/tennisbot_ws/install/diffdrive_arduino/share/diffdrive_arduino/package.ps1'
[2.404s] INFO:colcon.colcon_core.shell:Creating package descriptor '/home/E14Raspberry/ScooperBot/tennisbot_ws/install/diffdrive_arduino/share/diffdrive_arduino/package.dsv'
[2.410s] INFO:colcon.colcon_core.shell:Creating package script '/home/E14Raspberry/ScooperBot/tennisbot_ws/install/diffdrive_arduino/share/diffdrive_arduino/package.sh'
[2.413s] INFO:colcon.colcon_core.shell:Creating package script '/home/E14Raspberry/ScooperBot/tennisbot_ws/install/diffdrive_arduino/share/diffdrive_arduino/package.bash'
[2.419s] INFO:colcon.colcon_core.shell:Creating package script '/home/E14Raspberry/ScooperBot/tennisbot_ws/install/diffdrive_arduino/share/diffdrive_arduino/package.zsh'
[2.426s] Level 1:colcon.colcon_core.environment:create_file_with_runtime_dependencies(/home/E14Raspberry/ScooperBot/tennisbot_ws/install/diffdrive_arduino/share/colcon-core/packages/diffdrive_arduino)
[2.435s] Level 1:colcon.colcon_core.environment:create_environment_scripts_only(tennisbotmaster)
[2.437s] Level 1:colcon.colcon_core.environment:checking '/home/E14Raspberry/ScooperBot/tennisbot_ws/install/tennisbotmaster' for CMake module files
[2.441s] Level 1:colcon.colcon_core.environment:checking '/home/E14Raspberry/ScooperBot/tennisbot_ws/install/tennisbotmaster' for CMake config files
[2.446s] Level 1:colcon.colcon_core.shell:create_environment_hook('tennisbotmaster', 'cmake_prefix_path')
[2.447s] INFO:colcon.colcon_core.shell:Creating environment hook '/home/E14Raspberry/ScooperBot/tennisbot_ws/install/tennisbotmaster/share/tennisbotmaster/hook/cmake_prefix_path.ps1'
[2.449s] INFO:colcon.colcon_core.shell:Creating environment descriptor '/home/E14Raspberry/ScooperBot/tennisbot_ws/install/tennisbotmaster/share/tennisbotmaster/hook/cmake_prefix_path.dsv'
[2.453s] INFO:colcon.colcon_core.shell:Creating environment hook '/home/E14Raspberry/ScooperBot/tennisbot_ws/install/tennisbotmaster/share/tennisbotmaster/hook/cmake_prefix_path.sh'
[2.457s] Level 1:colcon.colcon_core.environment:checking '/home/E14Raspberry/ScooperBot/tennisbot_ws/install/tennisbotmaster/bin'
[2.458s] Level 1:colcon.colcon_core.environment:checking '/home/E14Raspberry/ScooperBot/tennisbot_ws/install/tennisbotmaster/lib/pkgconfig/tennisbotmaster.pc'
[2.460s] Level 1:colcon.colcon_core.environment:checking '/home/E14Raspberry/ScooperBot/tennisbot_ws/install/tennisbotmaster/lib/python3.12/site-packages'
[2.462s] Level 1:colcon.colcon_core.environment:checking '/home/E14Raspberry/ScooperBot/tennisbot_ws/install/tennisbotmaster/bin'
[2.463s] INFO:colcon.colcon_core.shell:Creating package script '/home/E14Raspberry/ScooperBot/tennisbot_ws/install/tennisbotmaster/share/tennisbotmaster/package.ps1'
[2.466s] INFO:colcon.colcon_core.shell:Creating package descriptor '/home/E14Raspberry/ScooperBot/tennisbot_ws/install/tennisbotmaster/share/tennisbotmaster/package.dsv'
[2.469s] INFO:colcon.colcon_core.shell:Creating package script '/home/E14Raspberry/ScooperBot/tennisbot_ws/install/tennisbotmaster/share/tennisbotmaster/package.sh'
[2.472s] INFO:colcon.colcon_core.shell:Creating package script '/home/E14Raspberry/ScooperBot/tennisbot_ws/install/tennisbotmaster/share/tennisbotmaster/package.bash'
[2.474s] INFO:colcon.colcon_core.shell:Creating package script '/home/E14Raspberry/ScooperBot/tennisbot_ws/install/tennisbotmaster/share/tennisbotmaster/package.zsh'
[2.477s] Level 1:colcon.colcon_core.environment:create_file_with_runtime_dependencies(/home/E14Raspberry/ScooperBot/tennisbot_ws/install/tennisbotmaster/share/colcon-core/packages/tennisbotmaster)
[2.478s] INFO:colcon.colcon_ros.task.ament_python.build:Building ROS package in '/home/E14Raspberry/ScooperBot/tennisbot_ws/src/twist_stamper' with build type 'ament_python'
[2.479s] Level 1:colcon.colcon_core.shell:create_environment_hook('twist_stamper', 'ament_prefix_path')
[2.480s] INFO:colcon.colcon_core.shell:Creating environment hook '/home/E14Raspberry/ScooperBot/tennisbot_ws/install/twist_stamper/share/twist_stamper/hook/ament_prefix_path.ps1'
[2.486s] INFO:colcon.colcon_core.shell:Creating environment descriptor '/home/E14Raspberry/ScooperBot/tennisbot_ws/install/twist_stamper/share/twist_stamper/hook/ament_prefix_path.dsv'
[2.488s] INFO:colcon.colcon_core.shell:Creating environment hook '/home/E14Raspberry/ScooperBot/tennisbot_ws/install/twist_stamper/share/twist_stamper/hook/ament_prefix_path.sh'
[2.491s] INFO:colcon.colcon_core.shell:Skip shell extension 'powershell' for command environment: Not usable outside of PowerShell
[2.491s] DEBUG:colcon.colcon_core.shell:Skip shell extension 'dsv' for command environment
[2.516s] Level 1:colcon.colcon_core.environment:create_environment_scripts_only(serial)
[2.516s] Level 1:colcon.colcon_core.environment:checking '/home/E14Raspberry/ScooperBot/tennisbot_ws/install/serial' for CMake module files
[2.519s] DEBUG:colcon.colcon_core.event_handler.log_command:Invoked command in '/home/E14Raspberry/ScooperBot/tennisbot_ws/build/serial' returned '0': CMAKE_PREFIX_PATH=${CMAKE_PREFIX_PATH}:/home/E14Raspberry/ScooperBot/tennisbot_ws/install/twist_stamper:/home/E14Raspberry/ScooperBot/tennisbot_ws/install/serial_motor_demo:/opt/ros/jazzy /usr/bin/cmake --install /home/E14Raspberry/ScooperBot/tennisbot_ws/build/serial
[2.525s] Level 1:colcon.colcon_core.environment:checking '/home/E14Raspberry/ScooperBot/tennisbot_ws/install/serial' for CMake config files
[2.529s] Level 1:colcon.colcon_core.shell:create_environment_hook('serial', 'cmake_prefix_path')
[2.530s] INFO:colcon.colcon_core.shell:Creating environment hook '/home/E14Raspberry/ScooperBot/tennisbot_ws/install/serial/share/serial/hook/cmake_prefix_path.ps1'
[2.532s] INFO:colcon.colcon_core.shell:Creating environment descriptor '/home/E14Raspberry/ScooperBot/tennisbot_ws/install/serial/share/serial/hook/cmake_prefix_path.dsv'
[2.535s] INFO:colcon.colcon_core.shell:Creating environment hook '/home/E14Raspberry/ScooperBot/tennisbot_ws/install/serial/share/serial/hook/cmake_prefix_path.sh'
[2.540s] Level 1:colcon.colcon_core.environment:checking '/home/E14Raspberry/ScooperBot/tennisbot_ws/install/serial/lib'
[2.541s] Level 1:colcon.colcon_core.environment:checking '/home/E14Raspberry/ScooperBot/tennisbot_ws/install/serial/bin'
[2.541s] Level 1:colcon.colcon_core.environment:checking '/home/E14Raspberry/ScooperBot/tennisbot_ws/install/serial/lib/pkgconfig/serial.pc'
[2.542s] Level 1:colcon.colcon_core.environment:checking '/home/E14Raspberry/ScooperBot/tennisbot_ws/install/serial/lib/python3.12/site-packages'
[2.544s] Level 1:colcon.colcon_core.environment:checking '/home/E14Raspberry/ScooperBot/tennisbot_ws/install/serial/bin'
[2.545s] INFO:colcon.colcon_core.shell:Creating package script '/home/E14Raspberry/ScooperBot/tennisbot_ws/install/serial/share/serial/package.ps1'
[2.548s] INFO:colcon.colcon_core.shell:Creating package descriptor '/home/E14Raspberry/ScooperBot/tennisbot_ws/install/serial/share/serial/package.dsv'
[2.551s] INFO:colcon.colcon_core.shell:Creating package script '/home/E14Raspberry/ScooperBot/tennisbot_ws/install/serial/share/serial/package.sh'
[2.553s] INFO:colcon.colcon_core.shell:Creating package script '/home/E14Raspberry/ScooperBot/tennisbot_ws/install/serial/share/serial/package.bash'
[2.557s] INFO:colcon.colcon_core.shell:Creating package script '/home/E14Raspberry/ScooperBot/tennisbot_ws/install/serial/share/serial/package.zsh'
[2.560s] Level 1:colcon.colcon_core.environment:create_file_with_runtime_dependencies(/home/E14Raspberry/ScooperBot/tennisbot_ws/install/serial/share/colcon-core/packages/serial)
[3.621s] INFO:colcon.colcon_core.task.python.build:Building Python package in '/home/E14Raspberry/ScooperBot/tennisbot_ws/src/twist_stamper'
[3.622s] INFO:colcon.colcon_core.shell:Skip shell extension 'powershell' for command environment: Not usable outside of PowerShell
[3.633s] DEBUG:colcon.colcon_core.shell:Skip shell extension 'dsv' for command environment
[3.661s] Level 1:colcon.colcon_core.environment:create_environment_scripts_only(diffdrive_arduino)
[3.663s] Level 1:colcon.colcon_core.environment:checking '/home/E14Raspberry/ScooperBot/tennisbot_ws/install/diffdrive_arduino' for CMake module files
[3.668s] Level 1:colcon.colcon_core.environment:checking '/home/E14Raspberry/ScooperBot/tennisbot_ws/install/diffdrive_arduino' for CMake config files
[3.673s] Level 1:colcon.colcon_core.shell:create_environment_hook('diffdrive_arduino', 'cmake_prefix_path')
[3.675s] INFO:colcon.colcon_core.shell:Creating environment hook '/home/E14Raspberry/ScooperBot/tennisbot_ws/install/diffdrive_arduino/share/diffdrive_arduino/hook/cmake_prefix_path.ps1'
[3.678s] INFO:colcon.colcon_core.shell:Creating environment descriptor '/home/E14Raspberry/ScooperBot/tennisbot_ws/install/diffdrive_arduino/share/diffdrive_arduino/hook/cmake_prefix_path.dsv'
[3.681s] INFO:colcon.colcon_core.shell:Creating environment hook '/home/E14Raspberry/ScooperBot/tennisbot_ws/install/diffdrive_arduino/share/diffdrive_arduino/hook/cmake_prefix_path.sh'
[3.685s] Level 1:colcon.colcon_core.environment:checking '/home/E14Raspberry/ScooperBot/tennisbot_ws/install/diffdrive_arduino/lib'
[3.686s] Level 1:colcon.colcon_core.shell:create_environment_hook('diffdrive_arduino', 'ld_library_path_lib')
[3.687s] INFO:colcon.colcon_core.shell:Creating environment hook '/home/E14Raspberry/ScooperBot/tennisbot_ws/install/diffdrive_arduino/share/diffdrive_arduino/hook/ld_library_path_lib.ps1'
[3.690s] INFO:colcon.colcon_core.shell:Creating environment descriptor '/home/E14Raspberry/ScooperBot/tennisbot_ws/install/diffdrive_arduino/share/diffdrive_arduino/hook/ld_library_path_lib.dsv'
[3.693s] INFO:colcon.colcon_core.shell:Creating environment hook '/home/E14Raspberry/ScooperBot/tennisbot_ws/install/diffdrive_arduino/share/diffdrive_arduino/hook/ld_library_path_lib.sh'
[3.695s] Level 1:colcon.colcon_core.environment:checking '/home/E14Raspberry/ScooperBot/tennisbot_ws/install/diffdrive_arduino/bin'
[3.696s] Level 1:colcon.colcon_core.environment:checking '/home/E14Raspberry/ScooperBot/tennisbot_ws/install/diffdrive_arduino/lib/pkgconfig/diffdrive_arduino.pc'
[3.697s] Level 1:colcon.colcon_core.environment:checking '/home/E14Raspberry/ScooperBot/tennisbot_ws/install/diffdrive_arduino/lib/python3.12/site-packages'
[3.698s] Level 1:colcon.colcon_core.environment:checking '/home/E14Raspberry/ScooperBot/tennisbot_ws/install/diffdrive_arduino/bin'
[3.700s] INFO:colcon.colcon_core.shell:Creating package script '/home/E14Raspberry/ScooperBot/tennisbot_ws/install/diffdrive_arduino/share/diffdrive_arduino/package.ps1'
[3.703s] INFO:colcon.colcon_core.shell:Creating package descriptor '/home/E14Raspberry/ScooperBot/tennisbot_ws/install/diffdrive_arduino/share/diffdrive_arduino/package.dsv'
[3.707s] INFO:colcon.colcon_core.shell:Creating package script '/home/E14Raspberry/ScooperBot/tennisbot_ws/install/diffdrive_arduino/share/diffdrive_arduino/package.sh'
[3.711s] INFO:colcon.colcon_core.shell:Creating package script '/home/E14Raspberry/ScooperBot/tennisbot_ws/install/diffdrive_arduino/share/diffdrive_arduino/package.bash'
[3.715s] INFO:colcon.colcon_core.shell:Creating package script '/home/E14Raspberry/ScooperBot/tennisbot_ws/install/diffdrive_arduino/share/diffdrive_arduino/package.zsh'
[3.718s] Level 1:colcon.colcon_core.environment:create_file_with_runtime_dependencies(/home/E14Raspberry/ScooperBot/tennisbot_ws/install/diffdrive_arduino/share/colcon-core/packages/diffdrive_arduino)
[3.720s] Level 1:colcon.colcon_core.environment:create_environment_scripts_only(serial)
[3.722s] Level 1:colcon.colcon_core.environment:checking '/home/E14Raspberry/ScooperBot/tennisbot_ws/install/serial' for CMake module files
[3.730s] Level 1:colcon.colcon_core.environment:checking '/home/E14Raspberry/ScooperBot/tennisbot_ws/install/serial' for CMake config files
[3.733s] Level 1:colcon.colcon_core.shell:create_environment_hook('serial', 'cmake_prefix_path')
[3.734s] INFO:colcon.colcon_core.shell:Creating environment hook '/home/E14Raspberry/ScooperBot/tennisbot_ws/install/serial/share/serial/hook/cmake_prefix_path.ps1'
[3.737s] INFO:colcon.colcon_core.shell:Creating environment descriptor '/home/E14Raspberry/ScooperBot/tennisbot_ws/install/serial/share/serial/hook/cmake_prefix_path.dsv'
[3.739s] INFO:colcon.colcon_core.shell:Creating environment hook '/home/E14Raspberry/ScooperBot/tennisbot_ws/install/serial/share/serial/hook/cmake_prefix_path.sh'
[3.745s] Level 1:colcon.colcon_core.environment:checking '/home/E14Raspberry/ScooperBot/tennisbot_ws/install/serial/lib'
[3.745s] Level 1:colcon.colcon_core.environment:checking '/home/E14Raspberry/ScooperBot/tennisbot_ws/install/serial/bin'
[3.746s] Level 1:colcon.colcon_core.environment:checking '/home/E14Raspberry/ScooperBot/tennisbot_ws/install/serial/lib/pkgconfig/serial.pc'
[3.748s] Level 1:colcon.colcon_core.environment:checking '/home/E14Raspberry/ScooperBot/tennisbot_ws/install/serial/lib/python3.12/site-packages'
[3.749s] Level 1:colcon.colcon_core.environment:checking '/home/E14Raspberry/ScooperBot/tennisbot_ws/install/serial/bin'
[3.750s] INFO:colcon.colcon_core.shell:Creating package script '/home/E14Raspberry/ScooperBot/tennisbot_ws/install/serial/share/serial/package.ps1'
[3.753s] INFO:colcon.colcon_core.shell:Creating package descriptor '/home/E14Raspberry/ScooperBot/tennisbot_ws/install/serial/share/serial/package.dsv'
[3.756s] INFO:colcon.colcon_core.shell:Creating package script '/home/E14Raspberry/ScooperBot/tennisbot_ws/install/serial/share/serial/package.sh'
[3.758s] INFO:colcon.colcon_core.shell:Creating package script '/home/E14Raspberry/ScooperBot/tennisbot_ws/install/serial/share/serial/package.bash'
[3.760s] INFO:colcon.colcon_core.shell:Creating package script '/home/E14Raspberry/ScooperBot/tennisbot_ws/install/serial/share/serial/package.zsh'
[3.762s] Level 1:colcon.colcon_core.environment:create_file_with_runtime_dependencies(/home/E14Raspberry/ScooperBot/tennisbot_ws/install/serial/share/colcon-core/packages/serial)
[3.859s] DEBUG:colcon.colcon_core.event_handler.log_command:Invoked command in '/home/E14Raspberry/ScooperBot/tennisbot_ws/build/serial_motor_demo_msgs' returned '0': CMAKE_PREFIX_PATH=${CMAKE_PREFIX_PATH}:/home/E14Raspberry/ScooperBot/tennisbot_ws/install/twist_stamper:/home/E14Raspberry/ScooperBot/tennisbot_ws/install/serial_motor_demo:/opt/ros/jazzy /usr/bin/cmake --build /home/E14Raspberry/ScooperBot/tennisbot_ws/build/serial_motor_demo_msgs -- -j4 -l4
[4.520s] DEBUG:colcon.colcon_core.event_handler.log_command:Invoking command in '/home/E14Raspberry/ScooperBot/tennisbot_ws/build/serial_motor_demo_msgs': CMAKE_PREFIX_PATH=${CMAKE_PREFIX_PATH}:/home/E14Raspberry/ScooperBot/tennisbot_ws/install/twist_stamper:/home/E14Raspberry/ScooperBot/tennisbot_ws/install/serial_motor_demo:/opt/ros/jazzy /usr/bin/cmake --install /home/E14Raspberry/ScooperBot/tennisbot_ws/build/serial_motor_demo_msgs
[4.998s] Level 1:colcon.colcon_core.environment:create_environment_scripts_only(serial_motor_demo_msgs)
[4.999s] Level 1:colcon.colcon_core.environment:checking '/home/E14Raspberry/ScooperBot/tennisbot_ws/install/serial_motor_demo_msgs' for CMake module files
[5.000s] DEBUG:colcon.colcon_core.event_handler.log_command:Invoked command in '/home/E14Raspberry/ScooperBot/tennisbot_ws/build/serial_motor_demo_msgs' returned '0': CMAKE_PREFIX_PATH=${CMAKE_PREFIX_PATH}:/home/E14Raspberry/ScooperBot/tennisbot_ws/install/twist_stamper:/home/E14Raspberry/ScooperBot/tennisbot_ws/install/serial_motor_demo:/opt/ros/jazzy /usr/bin/cmake --install /home/E14Raspberry/ScooperBot/tennisbot_ws/build/serial_motor_demo_msgs
[5.005s] Level 1:colcon.colcon_core.environment:checking '/home/E14Raspberry/ScooperBot/tennisbot_ws/install/serial_motor_demo_msgs' for CMake config files
[5.007s] Level 1:colcon.colcon_core.shell:create_environment_hook('serial_motor_demo_msgs', 'cmake_prefix_path')
[5.008s] INFO:colcon.colcon_core.shell:Creating environment hook '/home/E14Raspberry/ScooperBot/tennisbot_ws/install/serial_motor_demo_msgs/share/serial_motor_demo_msgs/hook/cmake_prefix_path.ps1'
[5.010s] INFO:colcon.colcon_core.shell:Creating environment descriptor '/home/E14Raspberry/ScooperBot/tennisbot_ws/install/serial_motor_demo_msgs/share/serial_motor_demo_msgs/hook/cmake_prefix_path.dsv'
[5.011s] INFO:colcon.colcon_core.shell:Creating environment hook '/home/E14Raspberry/ScooperBot/tennisbot_ws/install/serial_motor_demo_msgs/share/serial_motor_demo_msgs/hook/cmake_prefix_path.sh'
[5.014s] Level 1:colcon.colcon_core.environment:checking '/home/E14Raspberry/ScooperBot/tennisbot_ws/install/serial_motor_demo_msgs/lib'
[5.014s] Level 1:colcon.colcon_core.shell:create_environment_hook('serial_motor_demo_msgs', 'ld_library_path_lib')
[5.015s] INFO:colcon.colcon_core.shell:Creating environment hook '/home/E14Raspberry/ScooperBot/tennisbot_ws/install/serial_motor_demo_msgs/share/serial_motor_demo_msgs/hook/ld_library_path_lib.ps1'
[5.017s] INFO:colcon.colcon_core.shell:Creating environment descriptor '/home/E14Raspberry/ScooperBot/tennisbot_ws/install/serial_motor_demo_msgs/share/serial_motor_demo_msgs/hook/ld_library_path_lib.dsv'
[5.018s] INFO:colcon.colcon_core.shell:Creating environment hook '/home/E14Raspberry/ScooperBot/tennisbot_ws/install/serial_motor_demo_msgs/share/serial_motor_demo_msgs/hook/ld_library_path_lib.sh'
[5.020s] Level 1:colcon.colcon_core.environment:checking '/home/E14Raspberry/ScooperBot/tennisbot_ws/install/serial_motor_demo_msgs/bin'
[5.020s] Level 1:colcon.colcon_core.environment:checking '/home/E14Raspberry/ScooperBot/tennisbot_ws/install/serial_motor_demo_msgs/lib/pkgconfig/serial_motor_demo_msgs.pc'
[5.021s] Level 1:colcon.colcon_core.environment:checking '/home/E14Raspberry/ScooperBot/tennisbot_ws/install/serial_motor_demo_msgs/lib/python3.12/site-packages'
[5.022s] Level 1:colcon.colcon_core.shell:create_environment_hook('serial_motor_demo_msgs', 'pythonpath')
[5.023s] INFO:colcon.colcon_core.shell:Creating environment hook '/home/E14Raspberry/ScooperBot/tennisbot_ws/install/serial_motor_demo_msgs/share/serial_motor_demo_msgs/hook/pythonpath.ps1'
[5.024s] INFO:colcon.colcon_core.shell:Creating environment descriptor '/home/E14Raspberry/ScooperBot/tennisbot_ws/install/serial_motor_demo_msgs/share/serial_motor_demo_msgs/hook/pythonpath.dsv'
[5.026s] INFO:colcon.colcon_core.shell:Creating environment hook '/home/E14Raspberry/ScooperBot/tennisbot_ws/install/serial_motor_demo_msgs/share/serial_motor_demo_msgs/hook/pythonpath.sh'
[5.028s] Level 1:colcon.colcon_core.environment:checking '/home/E14Raspberry/ScooperBot/tennisbot_ws/install/serial_motor_demo_msgs/bin'
[5.030s] INFO:colcon.colcon_core.shell:Creating package script '/home/E14Raspberry/ScooperBot/tennisbot_ws/install/serial_motor_demo_msgs/share/serial_motor_demo_msgs/package.ps1'
[5.032s] INFO:colcon.colcon_core.shell:Creating package descriptor '/home/E14Raspberry/ScooperBot/tennisbot_ws/install/serial_motor_demo_msgs/share/serial_motor_demo_msgs/package.dsv'
[5.034s] INFO:colcon.colcon_core.shell:Creating package script '/home/E14Raspberry/ScooperBot/tennisbot_ws/install/serial_motor_demo_msgs/share/serial_motor_demo_msgs/package.sh'
[5.037s] INFO:colcon.colcon_core.shell:Creating package script '/home/E14Raspberry/ScooperBot/tennisbot_ws/install/serial_motor_demo_msgs/share/serial_motor_demo_msgs/package.bash'
[5.041s] INFO:colcon.colcon_core.shell:Creating package script '/home/E14Raspberry/ScooperBot/tennisbot_ws/install/serial_motor_demo_msgs/share/serial_motor_demo_msgs/package.zsh'
[5.042s] Level 1:colcon.colcon_core.environment:create_file_with_runtime_dependencies(/home/E14Raspberry/ScooperBot/tennisbot_ws/install/serial_motor_demo_msgs/share/colcon-core/packages/serial_motor_demo_msgs)
[5.688s] Level 1:colcon.colcon_core.environment:create_environment_scripts_only(serial_motor_demo_msgs)
[5.689s] Level 1:colcon.colcon_core.environment:checking '/home/E14Raspberry/ScooperBot/tennisbot_ws/install/serial_motor_demo_msgs' for CMake module files
[5.694s] Level 1:colcon.colcon_core.environment:checking '/home/E14Raspberry/ScooperBot/tennisbot_ws/install/serial_motor_demo_msgs' for CMake config files
[5.697s] Level 1:colcon.colcon_core.shell:create_environment_hook('serial_motor_demo_msgs', 'cmake_prefix_path')
[5.697s] INFO:colcon.colcon_core.shell:Creating environment hook '/home/E14Raspberry/ScooperBot/tennisbot_ws/install/serial_motor_demo_msgs/share/serial_motor_demo_msgs/hook/cmake_prefix_path.ps1'
[5.699s] INFO:colcon.colcon_core.shell:Creating environment descriptor '/home/E14Raspberry/ScooperBot/tennisbot_ws/install/serial_motor_demo_msgs/share/serial_motor_demo_msgs/hook/cmake_prefix_path.dsv'
[5.701s] INFO:colcon.colcon_core.shell:Creating environment hook '/home/E14Raspberry/ScooperBot/tennisbot_ws/install/serial_motor_demo_msgs/share/serial_motor_demo_msgs/hook/cmake_prefix_path.sh'
[5.703s] Level 1:colcon.colcon_core.environment:checking '/home/E14Raspberry/ScooperBot/tennisbot_ws/install/serial_motor_demo_msgs/lib'
[5.704s] Level 1:colcon.colcon_core.shell:create_environment_hook('serial_motor_demo_msgs', 'ld_library_path_lib')
[5.705s] INFO:colcon.colcon_core.shell:Creating environment hook '/home/E14Raspberry/ScooperBot/tennisbot_ws/install/serial_motor_demo_msgs/share/serial_motor_demo_msgs/hook/ld_library_path_lib.ps1'
[5.706s] INFO:colcon.colcon_core.shell:Creating environment descriptor '/home/E14Raspberry/ScooperBot/tennisbot_ws/install/serial_motor_demo_msgs/share/serial_motor_demo_msgs/hook/ld_library_path_lib.dsv'
[5.708s] INFO:colcon.colcon_core.shell:Creating environment hook '/home/E14Raspberry/ScooperBot/tennisbot_ws/install/serial_motor_demo_msgs/share/serial_motor_demo_msgs/hook/ld_library_path_lib.sh'
[5.710s] Level 1:colcon.colcon_core.environment:checking '/home/E14Raspberry/ScooperBot/tennisbot_ws/install/serial_motor_demo_msgs/bin'
[5.710s] Level 1:colcon.colcon_core.environment:checking '/home/E14Raspberry/ScooperBot/tennisbot_ws/install/serial_motor_demo_msgs/lib/pkgconfig/serial_motor_demo_msgs.pc'
[5.711s] Level 1:colcon.colcon_core.environment:checking '/home/E14Raspberry/ScooperBot/tennisbot_ws/install/serial_motor_demo_msgs/lib/python3.12/site-packages'
[5.711s] Level 1:colcon.colcon_core.shell:create_environment_hook('serial_motor_demo_msgs', 'pythonpath')
[5.712s] INFO:colcon.colcon_core.shell:Creating environment hook '/home/E14Raspberry/ScooperBot/tennisbot_ws/install/serial_motor_demo_msgs/share/serial_motor_demo_msgs/hook/pythonpath.ps1'
[5.714s] INFO:colcon.colcon_core.shell:Creating environment descriptor '/home/E14Raspberry/ScooperBot/tennisbot_ws/install/serial_motor_demo_msgs/share/serial_motor_demo_msgs/hook/pythonpath.dsv'
[5.715s] INFO:colcon.colcon_core.shell:Creating environment hook '/home/E14Raspberry/ScooperBot/tennisbot_ws/install/serial_motor_demo_msgs/share/serial_motor_demo_msgs/hook/pythonpath.sh'
[5.718s] Level 1:colcon.colcon_core.environment:checking '/home/E14Raspberry/ScooperBot/tennisbot_ws/install/serial_motor_demo_msgs/bin'
[5.719s] INFO:colcon.colcon_core.shell:Creating package script '/home/E14Raspberry/ScooperBot/tennisbot_ws/install/serial_motor_demo_msgs/share/serial_motor_demo_msgs/package.ps1'
[5.721s] INFO:colcon.colcon_core.shell:Creating package descriptor '/home/E14Raspberry/ScooperBot/tennisbot_ws/install/serial_motor_demo_msgs/share/serial_motor_demo_msgs/package.dsv'
[5.724s] INFO:colcon.colcon_core.shell:Creating package script '/home/E14Raspberry/ScooperBot/tennisbot_ws/install/serial_motor_demo_msgs/share/serial_motor_demo_msgs/package.sh'
[5.726s] INFO:colcon.colcon_core.shell:Creating package script '/home/E14Raspberry/ScooperBot/tennisbot_ws/install/serial_motor_demo_msgs/share/serial_motor_demo_msgs/package.bash'
[5.728s] INFO:colcon.colcon_core.shell:Creating package script '/home/E14Raspberry/ScooperBot/tennisbot_ws/install/serial_motor_demo_msgs/share/serial_motor_demo_msgs/package.zsh'
[5.729s] Level 1:colcon.colcon_core.environment:create_file_with_runtime_dependencies(/home/E14Raspberry/ScooperBot/tennisbot_ws/install/serial_motor_demo_msgs/share/colcon-core/packages/serial_motor_demo_msgs)
[5.731s] INFO:colcon.colcon_ros.task.ament_python.build:Building ROS package in '/home/E14Raspberry/ScooperBot/tennisbot_ws/src/serial_motor_demo/serial_motor_demo' with build type 'ament_python'
[5.732s] Level 1:colcon.colcon_core.shell:create_environment_hook('serial_motor_demo', 'ament_prefix_path')
[5.733s] INFO:colcon.colcon_core.shell:Creating environment hook '/home/E14Raspberry/ScooperBot/tennisbot_ws/install/serial_motor_demo/share/serial_motor_demo/hook/ament_prefix_path.ps1'
[5.736s] INFO:colcon.colcon_core.shell:Creating environment descriptor '/home/E14Raspberry/ScooperBot/tennisbot_ws/install/serial_motor_demo/share/serial_motor_demo/hook/ament_prefix_path.dsv'
[5.738s] INFO:colcon.colcon_core.shell:Creating environment hook '/home/E14Raspberry/ScooperBot/tennisbot_ws/install/serial_motor_demo/share/serial_motor_demo/hook/ament_prefix_path.sh'
[5.740s] INFO:colcon.colcon_core.shell:Skip shell extension 'powershell' for command environment: Not usable outside of PowerShell
[5.740s] DEBUG:colcon.colcon_core.shell:Skip shell extension 'dsv' for command environment
[6.790s] INFO:colcon.colcon_core.task.python.build:Building Python package in '/home/E14Raspberry/ScooperBot/tennisbot_ws/src/serial_motor_demo/serial_motor_demo'
[6.791s] INFO:colcon.colcon_core.shell:Skip shell extension 'powershell' for command environment: Not usable outside of PowerShell
[6.791s] DEBUG:colcon.colcon_core.shell:Skip shell extension 'dsv' for command environment
[6.818s] DEBUG:colcon.colcon_core.event_handler.log_command:Invoking command in '/home/E14Raspberry/ScooperBot/tennisbot_ws/build/twist_stamper': PYTHONPATH=/home/E14Raspberry/ScooperBot/tennisbot_ws/build/twist_stamper/prefix_override:/usr/lib/python3/dist-packages/colcon_core/task/python/colcon_distutils_commands:/home/E14Raspberry/ScooperBot/tennisbot_ws/install/twist_stamper/lib/python3.12/site-packages:${PYTHONPATH} /usr/bin/python3 -W ignore:setup.py install is deprecated setup.py develop --editable --build-directory /home/E14Raspberry/ScooperBot/tennisbot_ws/build/twist_stamper/build --no-deps symlink_data
[9.424s] DEBUG:colcon.colcon_core.event_handler.log_command:Invoking command in '/home/E14Raspberry/ScooperBot/tennisbot_ws/build/serial_motor_demo': CMAKE_PREFIX_PATH=/home/E14Raspberry/ScooperBot/tennisbot_ws/install/serial_motor_demo_msgs:/home/E14Raspberry/ScooperBot/tennisbot_ws/install/tennisbotmaster:/home/E14Raspberry/ScooperBot/tennisbot_ws/install/serial:/home/E14Raspberry/ScooperBot/tennisbot_ws/install/diffdrive_arduino PYTHONPATH=/home/E14Raspberry/ScooperBot/tennisbot_ws/build/serial_motor_demo/prefix_override:/usr/lib/python3/dist-packages/colcon_core/task/python/colcon_distutils_commands:/home/E14Raspberry/ScooperBot/tennisbot_ws/install/serial_motor_demo/lib/python3.12/site-packages:/home/E14Raspberry/ScooperBot/tennisbot_ws/install/serial_motor_demo_msgs/lib/python3.12/site-packages:/home/E14Raspberry/ScooperBot/tennisbot_ws/build/twist_stamper:/home/E14Raspberry/ScooperBot/tennisbot_ws/install/twist_stamper/lib/python3.12/site-packages:/home/E14Raspberry/ScooperBot/tennisbot_ws/build/serial_motor_demo:/home/E14Raspberry/ScooperBot/tennisbot_ws/install/serial_motor_demo/lib/python3.12/site-packages:/opt/ros/jazzy/lib/python3.12/site-packages /usr/bin/python3 -W ignore:setup.py install is deprecated setup.py develop --editable --build-directory /home/E14Raspberry/ScooperBot/tennisbot_ws/build/serial_motor_demo/build --no-deps symlink_data
[9.901s] Level 1:colcon.colcon_core.shell:create_environment_hook('twist_stamper', 'pythonpath_develop')
[9.902s] INFO:colcon.colcon_core.shell:Creating environment hook '/home/E14Raspberry/ScooperBot/tennisbot_ws/build/twist_stamper/share/twist_stamper/hook/pythonpath_develop.ps1'
[9.903s] DEBUG:colcon.colcon_core.event_handler.log_command:Invoked command in '/home/E14Raspberry/ScooperBot/tennisbot_ws/build/twist_stamper' returned '0': PYTHONPATH=/home/E14Raspberry/ScooperBot/tennisbot_ws/build/twist_stamper/prefix_override:/usr/lib/python3/dist-packages/colcon_core/task/python/colcon_distutils_commands:/home/E14Raspberry/ScooperBot/tennisbot_ws/install/twist_stamper/lib/python3.12/site-packages:${PYTHONPATH} /usr/bin/python3 -W ignore:setup.py install is deprecated setup.py develop --editable --build-directory /home/E14Raspberry/ScooperBot/tennisbot_ws/build/twist_stamper/build --no-deps symlink_data
[9.905s] INFO:colcon.colcon_core.shell:Creating environment descriptor '/home/E14Raspberry/ScooperBot/tennisbot_ws/build/twist_stamper/share/twist_stamper/hook/pythonpath_develop.dsv'
[9.907s] INFO:colcon.colcon_core.shell:Creating environment hook '/home/E14Raspberry/ScooperBot/tennisbot_ws/build/twist_stamper/share/twist_stamper/hook/pythonpath_develop.sh'
[9.909s] Level 1:colcon.colcon_core.environment:checking '/home/E14Raspberry/ScooperBot/tennisbot_ws/install/twist_stamper' for CMake module files
[9.912s] Level 1:colcon.colcon_core.environment:checking '/home/E14Raspberry/ScooperBot/tennisbot_ws/install/twist_stamper' for CMake config files
[9.915s] Level 1:colcon.colcon_core.environment:checking '/home/E14Raspberry/ScooperBot/tennisbot_ws/install/twist_stamper/lib'
[9.916s] Level 1:colcon.colcon_core.environment:checking '/home/E14Raspberry/ScooperBot/tennisbot_ws/install/twist_stamper/bin'
[9.916s] Level 1:colcon.colcon_core.environment:checking '/home/E14Raspberry/ScooperBot/tennisbot_ws/install/twist_stamper/lib/pkgconfig/twist_stamper.pc'
[9.917s] Level 1:colcon.colcon_core.environment:checking '/home/E14Raspberry/ScooperBot/tennisbot_ws/install/twist_stamper/lib/python3.12/site-packages'
[9.918s] Level 1:colcon.colcon_core.shell:create_environment_hook('twist_stamper', 'pythonpath')
[9.919s] INFO:colcon.colcon_core.shell:Creating environment hook '/home/E14Raspberry/ScooperBot/tennisbot_ws/install/twist_stamper/share/twist_stamper/hook/pythonpath.ps1'
[9.921s] INFO:colcon.colcon_core.shell:Creating environment descriptor '/home/E14Raspberry/ScooperBot/tennisbot_ws/install/twist_stamper/share/twist_stamper/hook/pythonpath.dsv'
[9.922s] INFO:colcon.colcon_core.shell:Creating environment hook '/home/E14Raspberry/ScooperBot/tennisbot_ws/install/twist_stamper/share/twist_stamper/hook/pythonpath.sh'
[9.925s] Level 1:colcon.colcon_core.environment:checking '/home/E14Raspberry/ScooperBot/tennisbot_ws/install/twist_stamper/bin'
[9.926s] Level 1:colcon.colcon_core.environment:create_environment_scripts_only(twist_stamper)
[9.928s] INFO:colcon.colcon_core.shell:Creating package script '/home/E14Raspberry/ScooperBot/tennisbot_ws/install/twist_stamper/share/twist_stamper/package.ps1'
[9.930s] INFO:colcon.colcon_core.shell:Creating package descriptor '/home/E14Raspberry/ScooperBot/tennisbot_ws/install/twist_stamper/share/twist_stamper/package.dsv'
[9.933s] INFO:colcon.colcon_core.shell:Creating package script '/home/E14Raspberry/ScooperBot/tennisbot_ws/install/twist_stamper/share/twist_stamper/package.sh'
[9.935s] INFO:colcon.colcon_core.shell:Creating package script '/home/E14Raspberry/ScooperBot/tennisbot_ws/install/twist_stamper/share/twist_stamper/package.bash'
[9.937s] INFO:colcon.colcon_core.shell:Creating package script '/home/E14Raspberry/ScooperBot/tennisbot_ws/install/twist_stamper/share/twist_stamper/package.zsh'
[9.939s] Level 1:colcon.colcon_core.environment:create_file_with_runtime_dependencies(/home/E14Raspberry/ScooperBot/tennisbot_ws/install/twist_stamper/share/colcon-core/packages/twist_stamper)
[12.114s] Level 1:colcon.colcon_core.shell:create_environment_hook('serial_motor_demo', 'pythonpath_develop')
[12.115s] INFO:colcon.colcon_core.shell:Creating environment hook '/home/E14Raspberry/ScooperBot/tennisbot_ws/build/serial_motor_demo/share/serial_motor_demo/hook/pythonpath_develop.ps1'
[12.116s] DEBUG:colcon.colcon_core.event_handler.log_command:Invoked command in '/home/E14Raspberry/ScooperBot/tennisbot_ws/build/serial_motor_demo' returned '0': CMAKE_PREFIX_PATH=/home/E14Raspberry/ScooperBot/tennisbot_ws/install/serial_motor_demo_msgs:/home/E14Raspberry/ScooperBot/tennisbot_ws/install/tennisbotmaster:/home/E14Raspberry/ScooperBot/tennisbot_ws/install/serial:/home/E14Raspberry/ScooperBot/tennisbot_ws/install/diffdrive_arduino PYTHONPATH=/home/E14Raspberry/ScooperBot/tennisbot_ws/build/serial_motor_demo/prefix_override:/usr/lib/python3/dist-packages/colcon_core/task/python/colcon_distutils_commands:/home/E14Raspberry/ScooperBot/tennisbot_ws/install/serial_motor_demo/lib/python3.12/site-packages:/home/E14Raspberry/ScooperBot/tennisbot_ws/install/serial_motor_demo_msgs/lib/python3.12/site-packages:/home/E14Raspberry/ScooperBot/tennisbot_ws/build/twist_stamper:/home/E14Raspberry/ScooperBot/tennisbot_ws/install/twist_stamper/lib/python3.12/site-packages:/home/E14Raspberry/ScooperBot/tennisbot_ws/build/serial_motor_demo:/home/E14Raspberry/ScooperBot/tennisbot_ws/install/serial_motor_demo/lib/python3.12/site-packages:/opt/ros/jazzy/lib/python3.12/site-packages /usr/bin/python3 -W ignore:setup.py install is deprecated setup.py develop --editable --build-directory /home/E14Raspberry/ScooperBot/tennisbot_ws/build/serial_motor_demo/build --no-deps symlink_data
[12.117s] INFO:colcon.colcon_core.shell:Creating environment descriptor '/home/E14Raspberry/ScooperBot/tennisbot_ws/build/serial_motor_demo/share/serial_motor_demo/hook/pythonpath_develop.dsv'
[12.121s] INFO:colcon.colcon_core.shell:Creating environment hook '/home/E14Raspberry/ScooperBot/tennisbot_ws/build/serial_motor_demo/share/serial_motor_demo/hook/pythonpath_develop.sh'
[12.124s] Level 1:colcon.colcon_core.environment:checking '/home/E14Raspberry/ScooperBot/tennisbot_ws/install/serial_motor_demo' for CMake module files
[12.127s] Level 1:colcon.colcon_core.environment:checking '/home/E14Raspberry/ScooperBot/tennisbot_ws/install/serial_motor_demo' for CMake config files
[12.130s] Level 1:colcon.colcon_core.environment:checking '/home/E14Raspberry/ScooperBot/tennisbot_ws/install/serial_motor_demo/lib'
[12.131s] Level 1:colcon.colcon_core.environment:checking '/home/E14Raspberry/ScooperBot/tennisbot_ws/install/serial_motor_demo/bin'
[12.131s] Level 1:colcon.colcon_core.environment:checking '/home/E14Raspberry/ScooperBot/tennisbot_ws/install/serial_motor_demo/lib/pkgconfig/serial_motor_demo.pc'
[12.132s] Level 1:colcon.colcon_core.environment:checking '/home/E14Raspberry/ScooperBot/tennisbot_ws/install/serial_motor_demo/lib/python3.12/site-packages'
[12.132s] Level 1:colcon.colcon_core.shell:create_environment_hook('serial_motor_demo', 'pythonpath')
[12.133s] INFO:colcon.colcon_core.shell:Creating environment hook '/home/E14Raspberry/ScooperBot/tennisbot_ws/install/serial_motor_demo/share/serial_motor_demo/hook/pythonpath.ps1'
[12.135s] INFO:colcon.colcon_core.shell:Creating environment descriptor '/home/E14Raspberry/ScooperBot/tennisbot_ws/install/serial_motor_demo/share/serial_motor_demo/hook/pythonpath.dsv'
[12.137s] INFO:colcon.colcon_core.shell:Creating environment hook '/home/E14Raspberry/ScooperBot/tennisbot_ws/install/serial_motor_demo/share/serial_motor_demo/hook/pythonpath.sh'
[12.139s] Level 1:colcon.colcon_core.environment:checking '/home/E14Raspberry/ScooperBot/tennisbot_ws/install/serial_motor_demo/bin'
[12.139s] Level 1:colcon.colcon_core.environment:create_environment_scripts_only(serial_motor_demo)
[12.140s] INFO:colcon.colcon_core.shell:Creating package script '/home/E14Raspberry/ScooperBot/tennisbot_ws/install/serial_motor_demo/share/serial_motor_demo/package.ps1'
[12.143s] INFO:colcon.colcon_core.shell:Creating package descriptor '/home/E14Raspberry/ScooperBot/tennisbot_ws/install/serial_motor_demo/share/serial_motor_demo/package.dsv'
[12.145s] INFO:colcon.colcon_core.shell:Creating package script '/home/E14Raspberry/ScooperBot/tennisbot_ws/install/serial_motor_demo/share/serial_motor_demo/package.sh'
[12.147s] INFO:colcon.colcon_core.shell:Creating package script '/home/E14Raspberry/ScooperBot/tennisbot_ws/install/serial_motor_demo/share/serial_motor_demo/package.bash'
[12.148s] INFO:colcon.colcon_core.shell:Creating package script '/home/E14Raspberry/ScooperBot/tennisbot_ws/install/serial_motor_demo/share/serial_motor_demo/package.zsh'
[12.150s] Level 1:colcon.colcon_core.environment:create_file_with_runtime_dependencies(/home/E14Raspberry/ScooperBot/tennisbot_ws/install/serial_motor_demo/share/colcon-core/packages/serial_motor_demo)
[12.151s] DEBUG:colcon.colcon_parallel_executor.executor.parallel:closing loop
[12.153s] DEBUG:colcon.colcon_parallel_executor.executor.parallel:loop closed
[12.153s] DEBUG:colcon.colcon_parallel_executor.executor.parallel:run_until_complete finished with '0'
[12.153s] DEBUG:colcon.colcon_core.event_reactor:joining thread
[12.177s] INFO:colcon.colcon_core.plugin_system:Skipping extension 'colcon_notification.desktop_notification.notify_send': Could not find 'notify-send'
[12.177s] INFO:colcon.colcon_core.plugin_system:Skipping extension 'colcon_notification.desktop_notification.terminal_notifier': Not used on non-Darwin systems
[12.177s] INFO:colcon.colcon_core.plugin_system:Skipping extension 'colcon_notification.desktop_notification.win32': Not used on non-Windows systems
[12.177s] INFO:colcon.colcon_notification.desktop_notification:Sending desktop notification using 'notify2'
[12.180s] DEBUG:colcon.colcon_notification.desktop_notification.notify2:Failed to initialize notify2: org.freedesktop.DBus.Error.ServiceUnknown: The name org.freedesktop.Notifications was not provided by any .service files
[12.181s] DEBUG:colcon.colcon_core.event_reactor:joined thread
[12.181s] INFO:colcon.colcon_core.shell:Creating prefix script '/home/E14Raspberry/ScooperBot/tennisbot_ws/install/local_setup.ps1'
[12.184s] INFO:colcon.colcon_core.shell:Creating prefix util module '/home/E14Raspberry/ScooperBot/tennisbot_ws/install/_local_setup_util_ps1.py'
[12.188s] INFO:colcon.colcon_core.shell:Creating prefix chain script '/home/E14Raspberry/ScooperBot/tennisbot_ws/install/setup.ps1'
[12.194s] INFO:colcon.colcon_core.shell:Creating prefix script '/home/E14Raspberry/ScooperBot/tennisbot_ws/install/local_setup.sh'
[12.197s] INFO:colcon.colcon_core.shell:Creating prefix util module '/home/E14Raspberry/ScooperBot/tennisbot_ws/install/_local_setup_util_sh.py'
[12.199s] INFO:colcon.colcon_core.shell:Creating prefix chain script '/home/E14Raspberry/ScooperBot/tennisbot_ws/install/setup.sh'
[12.204s] INFO:colcon.colcon_core.shell:Creating prefix script '/home/E14Raspberry/ScooperBot/tennisbot_ws/install/local_setup.bash'
[12.206s] INFO:colcon.colcon_core.shell:Creating prefix chain script '/home/E14Raspberry/ScooperBot/tennisbot_ws/install/setup.bash'
[12.211s] INFO:colcon.colcon_core.shell:Creating prefix script '/home/E14Raspberry/ScooperBot/tennisbot_ws/install/local_setup.zsh'
[12.212s] INFO:colcon.colcon_core.shell:Creating prefix chain script '/home/E14Raspberry/ScooperBot/tennisbot_ws/install/setup.zsh'
