running develop
/usr/lib/python3/dist-packages/setuptools/command/develop.py:40: EasyInstallDeprecationWarning: easy_install command is deprecated.
!!

        ********************************************************************************
        Please avoid running ``setup.py`` and ``easy_install``.
        Instead, use pypa/build, pypa/installer or other
        standards-based tools.

        See https://github.com/pypa/setuptools/issues/917 for details.
        ********************************************************************************

!!
  easy_install.initialize_options(self)
running egg_info
writing ball_tracker.egg-info/PKG-INFO
writing dependency_links to ball_tracker.egg-info/dependency_links.txt
writing entry points to ball_tracker.egg-info/entry_points.txt
writing requirements to ball_tracker.egg-info/requires.txt
writing top-level names to ball_tracker.egg-info/top_level.txt
reading manifest file 'ball_tracker.egg-info/SOURCES.txt'
writing manifest file 'ball_tracker.egg-info/SOURCES.txt'
running build_ext
Creating /home/E14Raspberry/ScooperBot/tennisbot_ws/install/ball_tracker/lib/python3.12/site-packages/ball-tracker.egg-link (link to .)
Installing detect_ball script to /home/E14Raspberry/ScooperBot/tennisbot_ws/install/ball_tracker/lib/ball_tracker
Installing detect_ball_3d script to /home/E14Raspberry/ScooperBot/tennisbot_ws/install/ball_tracker/lib/ball_tracker
Installing detect_ball_nn script to /home/E14Raspberry/ScooperBot/tennisbot_ws/install/ball_tracker/lib/ball_tracker
Installing follow_ball script to /home/E14Raspberry/ScooperBot/tennisbot_ws/install/ball_tracker/lib/ball_tracker

Installed /home/E14Raspberry/ScooperBot/tennisbot_ws/build/ball_tracker
running symlink_data
symbolically linking /home/E14Raspberry/ScooperBot/tennisbot_ws/build/ball_tracker/launch/ball_tracker_offload.launch.py -> /home/E14Raspberry/ScooperBot/tennisbot_ws/install/ball_tracker/share/ball_tracker/launch
