[9.987s] Invoking command in '/home/E14Raspberry/ScooperBot/tennisbot_ws/build/ball_tracker': PYTHONPATH=/home/E14Raspberry/ScooperBot/tennisbot_ws/build/ball_tracker/prefix_override:/usr/lib/python3/dist-packages/colcon_core/task/python/colcon_distutils_commands:/home/E14Raspberry/ScooperBot/tennisbot_ws/install/ball_tracker/lib/python3.12/site-packages:${PYTHONPATH} /usr/bin/python3 -W ignore:setup.py install is deprecated setup.py develop --editable --build-directory /home/E14Raspberry/ScooperBot/tennisbot_ws/build/ball_tracker/build --no-deps symlink_data
[13.752s] running develop
[13.753s] /usr/lib/python3/dist-packages/setuptools/command/develop.py:40: EasyInstallDeprecationWarning: easy_install command is deprecated.
[13.753s] !!
[13.754s] 
[13.754s]         ********************************************************************************
[13.754s]         Please avoid running ``setup.py`` and ``easy_install``.
[13.755s]         Instead, use pypa/build, pypa/installer or other
[13.755s]         standards-based tools.
[13.755s] 
[13.756s]         See https://github.com/pypa/setuptools/issues/917 for details.
[13.756s]         ********************************************************************************
[13.756s] 
[13.757s] !!
[13.757s]   easy_install.initialize_options(self)
[16.684s] running egg_info
[16.947s] writing ball_tracker.egg-info/PKG-INFO
[16.950s] writing dependency_links to ball_tracker.egg-info/dependency_links.txt
[16.952s] writing entry points to ball_tracker.egg-info/entry_points.txt
[16.953s] writing requirements to ball_tracker.egg-info/requires.txt
[16.955s] writing top-level names to ball_tracker.egg-info/top_level.txt
[17.239s] reading manifest file 'ball_tracker.egg-info/SOURCES.txt'
[17.244s] writing manifest file 'ball_tracker.egg-info/SOURCES.txt'
[17.400s] running build_ext
[17.401s] Creating /home/E14Raspberry/ScooperBot/tennisbot_ws/install/ball_tracker/lib/python3.12/site-packages/ball-tracker.egg-link (link to .)
[17.408s] Installing detect_ball script to /home/E14Raspberry/ScooperBot/tennisbot_ws/install/ball_tracker/lib/ball_tracker
[17.411s] Installing detect_ball_3d script to /home/E14Raspberry/ScooperBot/tennisbot_ws/install/ball_tracker/lib/ball_tracker
[17.415s] Installing detect_ball_nn script to /home/E14Raspberry/ScooperBot/tennisbot_ws/install/ball_tracker/lib/ball_tracker
[17.418s] Installing detect_ball_nn_offload script to /home/E14Raspberry/ScooperBot/tennisbot_ws/install/ball_tracker/lib/ball_tracker
[17.419s] Installing follow_ball script to /home/E14Raspberry/ScooperBot/tennisbot_ws/install/ball_tracker/lib/ball_tracker
[17.421s] Installing follow_ball_action_server script to /home/E14Raspberry/ScooperBot/tennisbot_ws/install/ball_tracker/lib/ball_tracker
[17.423s] 
[17.425s] Installed /home/E14Raspberry/ScooperBot/tennisbot_ws/build/ball_tracker
[17.426s] running symlink_data
[17.709s] Invoked command in '/home/E14Raspberry/ScooperBot/tennisbot_ws/build/ball_tracker' returned '0': PYTHONPATH=/home/E14Raspberry/ScooperBot/tennisbot_ws/build/ball_tracker/prefix_override:/usr/lib/python3/dist-packages/colcon_core/task/python/colcon_distutils_commands:/home/E14Raspberry/ScooperBot/tennisbot_ws/install/ball_tracker/lib/python3.12/site-packages:${PYTHONPATH} /usr/bin/python3 -W ignore:setup.py install is deprecated setup.py develop --editable --build-directory /home/E14Raspberry/ScooperBot/tennisbot_ws/build/ball_tracker/build --no-deps symlink_data
