[0.392s] Invoking command in '/home/E14Raspberry/ScooperBot/tennisbot_ws/build/ros2_nav_to_pose_msgs': CMAKE_PREFIX_PATH=${CMAKE_PREFIX_PATH}:/home/E14Raspberry/ScooperBot/tennisbot_ws/install/twist_stamper:/home/E14Raspberry/ScooperBot/tennisbot_ws/install/serial_motor_demo:/home/E14Raspberry/ScooperBot/tennisbot_ws/install/ros2_nav_to_pose:/home/E14Raspberry/ScooperBot/tennisbot_ws/install/ball_tracker:/opt/ros/jazzy /usr/bin/cmake --build /home/E14Raspberry/ScooperBot/tennisbot_ws/build/ros2_nav_to_pose_msgs -- -j4 -l4
[2.186s] [  2%] Built target ros2_nav_to_pose_msgs__rosidl_generator_type_description
[3.221s] [  2%] Built target ament_cmake_python_symlink_ros2_nav_to_pose_msgs
[4.300s] [ 17%] Built target ros2_nav_to_pose_msgs__rosidl_generator_c
[11.403s] running egg_info
[11.844s] writing ros2_nav_to_pose_msgs.egg-info/PKG-INFO
[11.846s] writing dependency_links to ros2_nav_to_pose_msgs.egg-info/dependency_links.txt
[11.851s] writing top-level names to ros2_nav_to_pose_msgs.egg-info/top_level.txt
[12.997s] reading manifest file 'ros2_nav_to_pose_msgs.egg-info/SOURCES.txt'
[13.033s] writing manifest file 'ros2_nav_to_pose_msgs.egg-info/SOURCES.txt'
[13.703s] [ 17%] Built target ament_cmake_python_build_ros2_nav_to_pose_msgs_egg
[14.576s] [ 26%] Built target ros2_nav_to_pose_msgs__rosidl_typesupport_introspection_c
[15.364s] [ 35%] Built target ros2_nav_to_pose_msgs__rosidl_typesupport_c
[16.212s] [ 44%] Built target ros2_nav_to_pose_msgs__rosidl_typesupport_fastrtps_c
[16.912s] [ 47%] Built target ros2_nav_to_pose_msgs__cpp
[17.745s] [ 55%] Built target ros2_nav_to_pose_msgs__rosidl_typesupport_cpp
[18.401s] [ 64%] Built target ros2_nav_to_pose_msgs__rosidl_typesupport_introspection_cpp
[19.691s] [ 73%] Built target ros2_nav_to_pose_msgs__rosidl_typesupport_fastrtps_cpp
[20.563s] [ 73%] Built target ros2_nav_to_pose_msgs
[21.202s] [ 76%] Built target ros2_nav_to_pose_msgs__py
[22.142s] [ 82%] Built target ros2_nav_to_pose_msgs__rosidl_generator_py
[22.772s] [ 88%] Built target ros2_nav_to_pose_msgs_s__rosidl_typesupport_fastrtps_c
[23.399s] [ 94%] Built target ros2_nav_to_pose_msgs_s__rosidl_typesupport_c
[24.051s] [100%] Built target ros2_nav_to_pose_msgs_s__rosidl_typesupport_introspection_c
[26.055s] Invoked command in '/home/E14Raspberry/ScooperBot/tennisbot_ws/build/ros2_nav_to_pose_msgs' returned '0': CMAKE_PREFIX_PATH=${CMAKE_PREFIX_PATH}:/home/E14Raspberry/ScooperBot/tennisbot_ws/install/twist_stamper:/home/E14Raspberry/ScooperBot/tennisbot_ws/install/serial_motor_demo:/home/E14Raspberry/ScooperBot/tennisbot_ws/install/ros2_nav_to_pose:/home/E14Raspberry/ScooperBot/tennisbot_ws/install/ball_tracker:/opt/ros/jazzy /usr/bin/cmake --build /home/E14Raspberry/ScooperBot/tennisbot_ws/build/ros2_nav_to_pose_msgs -- -j4 -l4
[32.039s] Invoking command in '/home/E14Raspberry/ScooperBot/tennisbot_ws/build/ros2_nav_to_pose_msgs': CMAKE_PREFIX_PATH=${CMAKE_PREFIX_PATH}:/home/E14Raspberry/ScooperBot/tennisbot_ws/install/twist_stamper:/home/E14Raspberry/ScooperBot/tennisbot_ws/install/serial_motor_demo:/home/E14Raspberry/ScooperBot/tennisbot_ws/install/ros2_nav_to_pose:/home/E14Raspberry/ScooperBot/tennisbot_ws/install/ball_tracker:/opt/ros/jazzy /usr/bin/cmake --install /home/E14Raspberry/ScooperBot/tennisbot_ws/build/ros2_nav_to_pose_msgs
[32.297s] -- Install configuration: ""
[32.312s] -- Execute custom install script
[32.323s] -- Up-to-date symlink: /home/E14Raspberry/ScooperBot/tennisbot_ws/install/ros2_nav_to_pose_msgs/share/ament_index/resource_index/rosidl_interfaces/ros2_nav_to_pose_msgs
[32.328s] -- Up-to-date symlink: /home/E14Raspberry/ScooperBot/tennisbot_ws/install/ros2_nav_to_pose_msgs/share/ros2_nav_to_pose_msgs/action/NavigateToPose.json
[32.335s] -- Up-to-date symlink: /home/E14Raspberry/ScooperBot/tennisbot_ws/install/ros2_nav_to_pose_msgs/include/ros2_nav_to_pose_msgs/ros2_nav_to_pose_msgs/action/detail/navigate_to_pose__functions.h
[32.347s] -- Up-to-date symlink: /home/E14Raspberry/ScooperBot/tennisbot_ws/install/ros2_nav_to_pose_msgs/include/ros2_nav_to_pose_msgs/ros2_nav_to_pose_msgs/action/detail/navigate_to_pose__struct.h
[32.363s] -- Up-to-date symlink: /home/E14Raspberry/ScooperBot/tennisbot_ws/install/ros2_nav_to_pose_msgs/include/ros2_nav_to_pose_msgs/ros2_nav_to_pose_msgs/action/detail/navigate_to_pose__type_support.h
[32.364s] -- Up-to-date symlink: /home/E14Raspberry/ScooperBot/tennisbot_ws/install/ros2_nav_to_pose_msgs/include/ros2_nav_to_pose_msgs/ros2_nav_to_pose_msgs/action/navigate_to_pose.h
[32.378s] -- Up-to-date symlink: /home/E14Raspberry/ScooperBot/tennisbot_ws/install/ros2_nav_to_pose_msgs/include/ros2_nav_to_pose_msgs/ros2_nav_to_pose_msgs/msg/rosidl_generator_c__visibility_control.h
[32.391s] -- Up-to-date symlink: /home/E14Raspberry/ScooperBot/tennisbot_ws/install/ros2_nav_to_pose_msgs/share/ros2_nav_to_pose_msgs/environment/library_path.sh
[32.405s] -- Up-to-date symlink: /home/E14Raspberry/ScooperBot/tennisbot_ws/install/ros2_nav_to_pose_msgs/share/ros2_nav_to_pose_msgs/environment/library_path.dsv
[32.413s] -- Up-to-date symlink: /home/E14Raspberry/ScooperBot/tennisbot_ws/install/ros2_nav_to_pose_msgs/include/ros2_nav_to_pose_msgs/ros2_nav_to_pose_msgs/action/detail/navigate_to_pose__rosidl_typesupport_fastrtps_c.h
[32.422s] -- Up-to-date symlink: /home/E14Raspberry/ScooperBot/tennisbot_ws/install/ros2_nav_to_pose_msgs/include/ros2_nav_to_pose_msgs/ros2_nav_to_pose_msgs/msg/rosidl_typesupport_fastrtps_c__visibility_control.h
[32.428s] -- Up-to-date symlink: /home/E14Raspberry/ScooperBot/tennisbot_ws/install/ros2_nav_to_pose_msgs/include/ros2_nav_to_pose_msgs/ros2_nav_to_pose_msgs/action/detail/navigate_to_pose__builder.hpp
[32.434s] -- Up-to-date symlink: /home/E14Raspberry/ScooperBot/tennisbot_ws/install/ros2_nav_to_pose_msgs/include/ros2_nav_to_pose_msgs/ros2_nav_to_pose_msgs/action/detail/navigate_to_pose__struct.hpp
[32.460s] -- Up-to-date symlink: /home/E14Raspberry/ScooperBot/tennisbot_ws/install/ros2_nav_to_pose_msgs/include/ros2_nav_to_pose_msgs/ros2_nav_to_pose_msgs/action/detail/navigate_to_pose__traits.hpp
[32.475s] -- Up-to-date symlink: /home/E14Raspberry/ScooperBot/tennisbot_ws/install/ros2_nav_to_pose_msgs/include/ros2_nav_to_pose_msgs/ros2_nav_to_pose_msgs/action/detail/navigate_to_pose__type_support.hpp
[32.486s] -- Up-to-date symlink: /home/E14Raspberry/ScooperBot/tennisbot_ws/install/ros2_nav_to_pose_msgs/include/ros2_nav_to_pose_msgs/ros2_nav_to_pose_msgs/action/navigate_to_pose.hpp
[32.488s] -- Up-to-date symlink: /home/E14Raspberry/ScooperBot/tennisbot_ws/install/ros2_nav_to_pose_msgs/include/ros2_nav_to_pose_msgs/ros2_nav_to_pose_msgs/msg/rosidl_generator_cpp__visibility_control.hpp
[32.504s] -- Up-to-date symlink: /home/E14Raspberry/ScooperBot/tennisbot_ws/install/ros2_nav_to_pose_msgs/include/ros2_nav_to_pose_msgs/ros2_nav_to_pose_msgs/action/detail/navigate_to_pose__rosidl_typesupport_fastrtps_cpp.hpp
[32.511s] -- Up-to-date symlink: /home/E14Raspberry/ScooperBot/tennisbot_ws/install/ros2_nav_to_pose_msgs/include/ros2_nav_to_pose_msgs/ros2_nav_to_pose_msgs/msg/rosidl_typesupport_fastrtps_cpp__visibility_control.h
[32.517s] -- Up-to-date symlink: /home/E14Raspberry/ScooperBot/tennisbot_ws/install/ros2_nav_to_pose_msgs/include/ros2_nav_to_pose_msgs/ros2_nav_to_pose_msgs/action/detail/navigate_to_pose__rosidl_typesupport_introspection_c.h
[32.522s] -- Up-to-date symlink: /home/E14Raspberry/ScooperBot/tennisbot_ws/install/ros2_nav_to_pose_msgs/include/ros2_nav_to_pose_msgs/ros2_nav_to_pose_msgs/msg/rosidl_typesupport_introspection_c__visibility_control.h
[32.524s] -- Up-to-date symlink: /home/E14Raspberry/ScooperBot/tennisbot_ws/install/ros2_nav_to_pose_msgs/include/ros2_nav_to_pose_msgs/ros2_nav_to_pose_msgs/action/detail/navigate_to_pose__rosidl_typesupport_introspection_cpp.hpp
[32.525s] -- Up-to-date symlink: /home/E14Raspberry/ScooperBot/tennisbot_ws/install/ros2_nav_to_pose_msgs/share/ros2_nav_to_pose_msgs/environment/pythonpath.sh
[32.530s] -- Up-to-date symlink: /home/E14Raspberry/ScooperBot/tennisbot_ws/install/ros2_nav_to_pose_msgs/share/ros2_nav_to_pose_msgs/environment/pythonpath.dsv
[32.536s] -- Up-to-date symlink: /home/E14Raspberry/ScooperBot/tennisbot_ws/install/ros2_nav_to_pose_msgs/lib/python3.12/site-packages/ros2_nav_to_pose_msgs-0.1.0-py3.12.egg-info/PKG-INFO
[32.538s] -- Up-to-date symlink: /home/E14Raspberry/ScooperBot/tennisbot_ws/install/ros2_nav_to_pose_msgs/lib/python3.12/site-packages/ros2_nav_to_pose_msgs-0.1.0-py3.12.egg-info/SOURCES.txt
[32.545s] -- Up-to-date symlink: /home/E14Raspberry/ScooperBot/tennisbot_ws/install/ros2_nav_to_pose_msgs/lib/python3.12/site-packages/ros2_nav_to_pose_msgs-0.1.0-py3.12.egg-info/dependency_links.txt
[32.547s] -- Up-to-date symlink: /home/E14Raspberry/ScooperBot/tennisbot_ws/install/ros2_nav_to_pose_msgs/lib/python3.12/site-packages/ros2_nav_to_pose_msgs-0.1.0-py3.12.egg-info/top_level.txt
[32.553s] -- Up-to-date symlink: /home/E14Raspberry/ScooperBot/tennisbot_ws/install/ros2_nav_to_pose_msgs/lib/python3.12/site-packages/ros2_nav_to_pose_msgs/__init__.py
[32.559s] -- Up-to-date symlink: /home/E14Raspberry/ScooperBot/tennisbot_ws/install/ros2_nav_to_pose_msgs/lib/python3.12/site-packages/ros2_nav_to_pose_msgs/_ros2_nav_to_pose_msgs_s.ep.rosidl_typesupport_c.c
[32.561s] -- Up-to-date symlink: /home/E14Raspberry/ScooperBot/tennisbot_ws/install/ros2_nav_to_pose_msgs/lib/python3.12/site-packages/ros2_nav_to_pose_msgs/_ros2_nav_to_pose_msgs_s.ep.rosidl_typesupport_fastrtps_c.c
[32.563s] -- Up-to-date symlink: /home/E14Raspberry/ScooperBot/tennisbot_ws/install/ros2_nav_to_pose_msgs/lib/python3.12/site-packages/ros2_nav_to_pose_msgs/_ros2_nav_to_pose_msgs_s.ep.rosidl_typesupport_introspection_c.c
[32.577s] -- Up-to-date symlink: /home/E14Raspberry/ScooperBot/tennisbot_ws/install/ros2_nav_to_pose_msgs/lib/python3.12/site-packages/ros2_nav_to_pose_msgs/action/__init__.py
[32.602s] -- Up-to-date symlink: /home/E14Raspberry/ScooperBot/tennisbot_ws/install/ros2_nav_to_pose_msgs/lib/python3.12/site-packages/ros2_nav_to_pose_msgs/action/_navigate_to_pose.py
[32.637s] -- Up-to-date symlink: /home/E14Raspberry/ScooperBot/tennisbot_ws/install/ros2_nav_to_pose_msgs/lib/python3.12/site-packages/ros2_nav_to_pose_msgs/action/_navigate_to_pose_s.c
[32.650s] -- Up-to-date symlink: /home/E14Raspberry/ScooperBot/tennisbot_ws/install/ros2_nav_to_pose_msgs/lib/python3.12/site-packages/ros2_nav_to_pose_msgs/ros2_nav_to_pose_msgs_s__rosidl_typesupport_c.so
[32.655s] -- Up-to-date symlink: /home/E14Raspberry/ScooperBot/tennisbot_ws/install/ros2_nav_to_pose_msgs/lib/python3.12/site-packages/ros2_nav_to_pose_msgs/ros2_nav_to_pose_msgs_s__rosidl_typesupport_fastrtps_c.so
[32.656s] -- Up-to-date symlink: /home/E14Raspberry/ScooperBot/tennisbot_ws/install/ros2_nav_to_pose_msgs/lib/python3.12/site-packages/ros2_nav_to_pose_msgs/ros2_nav_to_pose_msgs_s__rosidl_typesupport_introspection_c.so
[32.662s] -- Up-to-date symlink: /home/E14Raspberry/ScooperBot/tennisbot_ws/install/ros2_nav_to_pose_msgs/lib/python3.12/site-packages/ros2_nav_to_pose_msgs/ros2_nav_to_pose_msgs_s__rosidl_typesupport_fastrtps_c.so
[32.667s] -- Up-to-date symlink: /home/E14Raspberry/ScooperBot/tennisbot_ws/install/ros2_nav_to_pose_msgs/lib/python3.12/site-packages/ros2_nav_to_pose_msgs/ros2_nav_to_pose_msgs_s__rosidl_typesupport_introspection_c.so
[32.670s] -- Up-to-date symlink: /home/E14Raspberry/ScooperBot/tennisbot_ws/install/ros2_nav_to_pose_msgs/lib/python3.12/site-packages/ros2_nav_to_pose_msgs/ros2_nav_to_pose_msgs_s__rosidl_typesupport_c.so
[32.671s] -- Up-to-date symlink: /home/E14Raspberry/ScooperBot/tennisbot_ws/install/ros2_nav_to_pose_msgs/share/ros2_nav_to_pose_msgs/action/NavigateToPose.idl
[32.681s] -- Up-to-date symlink: /home/E14Raspberry/ScooperBot/tennisbot_ws/install/ros2_nav_to_pose_msgs/share/ros2_nav_to_pose_msgs/action/NavigateToPose.action
[32.682s] -- Up-to-date symlink: /home/E14Raspberry/ScooperBot/tennisbot_ws/install/ros2_nav_to_pose_msgs/share/ament_index/resource_index/package_run_dependencies/ros2_nav_to_pose_msgs
[32.684s] -- Up-to-date symlink: /home/E14Raspberry/ScooperBot/tennisbot_ws/install/ros2_nav_to_pose_msgs/share/ament_index/resource_index/parent_prefix_path/ros2_nav_to_pose_msgs
[32.685s] -- Up-to-date symlink: /home/E14Raspberry/ScooperBot/tennisbot_ws/install/ros2_nav_to_pose_msgs/share/ros2_nav_to_pose_msgs/environment/ament_prefix_path.sh
[32.690s] -- Up-to-date symlink: /home/E14Raspberry/ScooperBot/tennisbot_ws/install/ros2_nav_to_pose_msgs/share/ros2_nav_to_pose_msgs/environment/ament_prefix_path.dsv
[32.693s] -- Up-to-date symlink: /home/E14Raspberry/ScooperBot/tennisbot_ws/install/ros2_nav_to_pose_msgs/share/ros2_nav_to_pose_msgs/environment/path.sh
[32.701s] -- Up-to-date symlink: /home/E14Raspberry/ScooperBot/tennisbot_ws/install/ros2_nav_to_pose_msgs/share/ros2_nav_to_pose_msgs/environment/path.dsv
[32.702s] -- Up-to-date symlink: /home/E14Raspberry/ScooperBot/tennisbot_ws/install/ros2_nav_to_pose_msgs/share/ros2_nav_to_pose_msgs/local_setup.bash
[32.704s] -- Up-to-date symlink: /home/E14Raspberry/ScooperBot/tennisbot_ws/install/ros2_nav_to_pose_msgs/share/ros2_nav_to_pose_msgs/local_setup.sh
[32.709s] -- Up-to-date symlink: /home/E14Raspberry/ScooperBot/tennisbot_ws/install/ros2_nav_to_pose_msgs/share/ros2_nav_to_pose_msgs/local_setup.zsh
[32.713s] -- Up-to-date symlink: /home/E14Raspberry/ScooperBot/tennisbot_ws/install/ros2_nav_to_pose_msgs/share/ros2_nav_to_pose_msgs/local_setup.dsv
[32.724s] -- Symlinking: /home/E14Raspberry/ScooperBot/tennisbot_ws/install/ros2_nav_to_pose_msgs/share/ros2_nav_to_pose_msgs/package.dsv
[33.207s] -- Up-to-date symlink: /home/E14Raspberry/ScooperBot/tennisbot_ws/install/ros2_nav_to_pose_msgs/share/ament_index/resource_index/packages/ros2_nav_to_pose_msgs
[33.264s] -- Up-to-date symlink: /home/E14Raspberry/ScooperBot/tennisbot_ws/install/ros2_nav_to_pose_msgs/share/ros2_nav_to_pose_msgs/cmake/rosidl_cmake-extras.cmake
[33.271s] -- Up-to-date symlink: /home/E14Raspberry/ScooperBot/tennisbot_ws/install/ros2_nav_to_pose_msgs/share/ros2_nav_to_pose_msgs/cmake/ament_cmake_export_dependencies-extras.cmake
[33.278s] -- Up-to-date symlink: /home/E14Raspberry/ScooperBot/tennisbot_ws/install/ros2_nav_to_pose_msgs/share/ros2_nav_to_pose_msgs/cmake/ament_cmake_export_include_directories-extras.cmake
[33.292s] -- Up-to-date symlink: /home/E14Raspberry/ScooperBot/tennisbot_ws/install/ros2_nav_to_pose_msgs/share/ros2_nav_to_pose_msgs/cmake/ament_cmake_export_libraries-extras.cmake
[33.301s] -- Up-to-date symlink: /home/E14Raspberry/ScooperBot/tennisbot_ws/install/ros2_nav_to_pose_msgs/share/ros2_nav_to_pose_msgs/cmake/ament_cmake_export_targets-extras.cmake
[33.313s] -- Up-to-date symlink: /home/E14Raspberry/ScooperBot/tennisbot_ws/install/ros2_nav_to_pose_msgs/share/ros2_nav_to_pose_msgs/cmake/rosidl_cmake_export_typesupport_targets-extras.cmake
[33.324s] -- Up-to-date symlink: /home/E14Raspberry/ScooperBot/tennisbot_ws/install/ros2_nav_to_pose_msgs/share/ros2_nav_to_pose_msgs/cmake/rosidl_cmake_export_typesupport_libraries-extras.cmake
[33.325s] -- Up-to-date symlink: /home/E14Raspberry/ScooperBot/tennisbot_ws/install/ros2_nav_to_pose_msgs/share/ros2_nav_to_pose_msgs/cmake/ros2_nav_to_pose_msgsConfig.cmake
[33.333s] -- Up-to-date symlink: /home/E14Raspberry/ScooperBot/tennisbot_ws/install/ros2_nav_to_pose_msgs/share/ros2_nav_to_pose_msgs/cmake/ros2_nav_to_pose_msgsConfig-version.cmake
[33.339s] -- Up-to-date symlink: /home/E14Raspberry/ScooperBot/tennisbot_ws/install/ros2_nav_to_pose_msgs/share/ros2_nav_to_pose_msgs/package.xml
[33.341s] -- Up-to-date: /home/E14Raspberry/ScooperBot/tennisbot_ws/install/ros2_nav_to_pose_msgs/lib/libros2_nav_to_pose_msgs__rosidl_generator_c.so
[33.348s] -- Up-to-date: /home/E14Raspberry/ScooperBot/tennisbot_ws/install/ros2_nav_to_pose_msgs/lib/libros2_nav_to_pose_msgs__rosidl_typesupport_fastrtps_c.so
[33.355s] -- Up-to-date: /home/E14Raspberry/ScooperBot/tennisbot_ws/install/ros2_nav_to_pose_msgs/lib/libros2_nav_to_pose_msgs__rosidl_typesupport_fastrtps_cpp.so
[33.379s] -- Up-to-date: /home/E14Raspberry/ScooperBot/tennisbot_ws/install/ros2_nav_to_pose_msgs/lib/libros2_nav_to_pose_msgs__rosidl_typesupport_introspection_c.so
[33.415s] -- Up-to-date: /home/E14Raspberry/ScooperBot/tennisbot_ws/install/ros2_nav_to_pose_msgs/lib/libros2_nav_to_pose_msgs__rosidl_typesupport_c.so
[33.456s] -- Up-to-date: /home/E14Raspberry/ScooperBot/tennisbot_ws/install/ros2_nav_to_pose_msgs/lib/libros2_nav_to_pose_msgs__rosidl_typesupport_introspection_cpp.so
[33.475s] -- Up-to-date: /home/E14Raspberry/ScooperBot/tennisbot_ws/install/ros2_nav_to_pose_msgs/lib/libros2_nav_to_pose_msgs__rosidl_typesupport_cpp.so
[35.096s] Listing '/home/E14Raspberry/ScooperBot/tennisbot_ws/install/ros2_nav_to_pose_msgs/lib/python3.12/site-packages/ros2_nav_to_pose_msgs'...
[35.097s] Listing '/home/E14Raspberry/ScooperBot/tennisbot_ws/install/ros2_nav_to_pose_msgs/lib/python3.12/site-packages/ros2_nav_to_pose_msgs/action'...
[35.228s] -- Up-to-date: /home/E14Raspberry/ScooperBot/tennisbot_ws/install/ros2_nav_to_pose_msgs/lib/libros2_nav_to_pose_msgs__rosidl_generator_py.so
[35.287s] -- Up-to-date: /home/E14Raspberry/ScooperBot/tennisbot_ws/install/ros2_nav_to_pose_msgs/share/ros2_nav_to_pose_msgs/cmake/export_ros2_nav_to_pose_msgs__rosidl_generator_cExport.cmake
[35.296s] -- Up-to-date: /home/E14Raspberry/ScooperBot/tennisbot_ws/install/ros2_nav_to_pose_msgs/share/ros2_nav_to_pose_msgs/cmake/export_ros2_nav_to_pose_msgs__rosidl_generator_cExport-noconfig.cmake
[35.310s] -- Up-to-date: /home/E14Raspberry/ScooperBot/tennisbot_ws/install/ros2_nav_to_pose_msgs/share/ros2_nav_to_pose_msgs/cmake/export_ros2_nav_to_pose_msgs__rosidl_typesupport_fastrtps_cExport.cmake
[35.317s] -- Up-to-date: /home/E14Raspberry/ScooperBot/tennisbot_ws/install/ros2_nav_to_pose_msgs/share/ros2_nav_to_pose_msgs/cmake/export_ros2_nav_to_pose_msgs__rosidl_typesupport_fastrtps_cExport-noconfig.cmake
[35.333s] -- Up-to-date: /home/E14Raspberry/ScooperBot/tennisbot_ws/install/ros2_nav_to_pose_msgs/share/ros2_nav_to_pose_msgs/cmake/export_ros2_nav_to_pose_msgs__rosidl_generator_cppExport.cmake
[35.352s] -- Up-to-date: /home/E14Raspberry/ScooperBot/tennisbot_ws/install/ros2_nav_to_pose_msgs/share/ros2_nav_to_pose_msgs/cmake/export_ros2_nav_to_pose_msgs__rosidl_typesupport_fastrtps_cppExport.cmake
[35.370s] -- Up-to-date: /home/E14Raspberry/ScooperBot/tennisbot_ws/install/ros2_nav_to_pose_msgs/share/ros2_nav_to_pose_msgs/cmake/export_ros2_nav_to_pose_msgs__rosidl_typesupport_fastrtps_cppExport-noconfig.cmake
[35.383s] -- Up-to-date: /home/E14Raspberry/ScooperBot/tennisbot_ws/install/ros2_nav_to_pose_msgs/share/ros2_nav_to_pose_msgs/cmake/ros2_nav_to_pose_msgs__rosidl_typesupport_introspection_cExport.cmake
[35.396s] -- Up-to-date: /home/E14Raspberry/ScooperBot/tennisbot_ws/install/ros2_nav_to_pose_msgs/share/ros2_nav_to_pose_msgs/cmake/ros2_nav_to_pose_msgs__rosidl_typesupport_introspection_cExport-noconfig.cmake
[35.404s] -- Up-to-date: /home/E14Raspberry/ScooperBot/tennisbot_ws/install/ros2_nav_to_pose_msgs/share/ros2_nav_to_pose_msgs/cmake/ros2_nav_to_pose_msgs__rosidl_typesupport_cExport.cmake
[35.406s] -- Up-to-date: /home/E14Raspberry/ScooperBot/tennisbot_ws/install/ros2_nav_to_pose_msgs/share/ros2_nav_to_pose_msgs/cmake/ros2_nav_to_pose_msgs__rosidl_typesupport_cExport-noconfig.cmake
[35.419s] -- Up-to-date: /home/E14Raspberry/ScooperBot/tennisbot_ws/install/ros2_nav_to_pose_msgs/share/ros2_nav_to_pose_msgs/cmake/ros2_nav_to_pose_msgs__rosidl_typesupport_introspection_cppExport.cmake
[35.433s] -- Up-to-date: /home/E14Raspberry/ScooperBot/tennisbot_ws/install/ros2_nav_to_pose_msgs/share/ros2_nav_to_pose_msgs/cmake/ros2_nav_to_pose_msgs__rosidl_typesupport_introspection_cppExport-noconfig.cmake
[35.447s] -- Up-to-date: /home/E14Raspberry/ScooperBot/tennisbot_ws/install/ros2_nav_to_pose_msgs/share/ros2_nav_to_pose_msgs/cmake/ros2_nav_to_pose_msgs__rosidl_typesupport_cppExport.cmake
[35.510s] -- Up-to-date: /home/E14Raspberry/ScooperBot/tennisbot_ws/install/ros2_nav_to_pose_msgs/share/ros2_nav_to_pose_msgs/cmake/ros2_nav_to_pose_msgs__rosidl_typesupport_cppExport-noconfig.cmake
[35.516s] -- Up-to-date: /home/E14Raspberry/ScooperBot/tennisbot_ws/install/ros2_nav_to_pose_msgs/share/ros2_nav_to_pose_msgs/cmake/export_ros2_nav_to_pose_msgs__rosidl_generator_pyExport.cmake
[35.531s] -- Up-to-date: /home/E14Raspberry/ScooperBot/tennisbot_ws/install/ros2_nav_to_pose_msgs/share/ros2_nav_to_pose_msgs/cmake/export_ros2_nav_to_pose_msgs__rosidl_generator_pyExport-noconfig.cmake
[35.618s] Invoked command in '/home/E14Raspberry/ScooperBot/tennisbot_ws/build/ros2_nav_to_pose_msgs' returned '0': CMAKE_PREFIX_PATH=${CMAKE_PREFIX_PATH}:/home/E14Raspberry/ScooperBot/tennisbot_ws/install/twist_stamper:/home/E14Raspberry/ScooperBot/tennisbot_ws/install/serial_motor_demo:/home/E14Raspberry/ScooperBot/tennisbot_ws/install/ros2_nav_to_pose:/home/E14Raspberry/ScooperBot/tennisbot_ws/install/ball_tracker:/opt/ros/jazzy /usr/bin/cmake --install /home/E14Raspberry/ScooperBot/tennisbot_ws/build/ros2_nav_to_pose_msgs
