[3.649s] Invoking command in '/home/E14Raspberry/ScooperBot/tennisbot_ws/build/serial_motor_demo': CMAKE_PREFIX_PATH=/home/E14Raspberry/ScooperBot/tennisbot_ws/install/serial_motor_demo_msgs:/home/E14Raspberry/ScooperBot/tennisbot_ws/install/tennisbotmaster:/home/E14Raspberry/ScooperBot/tennisbot_ws/install/serial:/home/E14Raspberry/ScooperBot/tennisbot_ws/install/diffdrive_arduino PYTHONPATH=/home/E14Raspberry/ScooperBot/tennisbot_ws/build/serial_motor_demo/prefix_override:/usr/lib/python3/dist-packages/colcon_core/task/python/colcon_distutils_commands:/home/E14Raspberry/ScooperBot/tennisbot_ws/install/serial_motor_demo/lib/python3.12/site-packages:/home/E14Raspberry/ScooperBot/tennisbot_ws/install/serial_motor_demo_msgs/lib/python3.12/site-packages:/home/E14Raspberry/ScooperBot/tennisbot_ws/build/twist_stamper:/home/E14Raspberry/ScooperBot/tennisbot_ws/install/twist_stamper/lib/python3.12/site-packages:/home/E14Raspberry/ScooperBot/tennisbot_ws/build/serial_motor_demo:/home/E14Raspberry/ScooperBot/tennisbot_ws/install/serial_motor_demo/lib/python3.12/site-packages:/opt/ros/jazzy/lib/python3.12/site-packages /usr/bin/python3 -W ignore:setup.py install is deprecated setup.py develop --editable --build-directory /home/E14Raspberry/ScooperBot/tennisbot_ws/build/serial_motor_demo/build --no-deps symlink_data
[5.048s] running develop
[5.048s] /usr/lib/python3/dist-packages/setuptools/command/develop.py:40: EasyInstallDeprecationWarning: easy_install command is deprecated.
[5.049s] !!
[5.049s] 
[5.050s]         ********************************************************************************
[5.050s]         Please avoid running ``setup.py`` and ``easy_install``.
[5.050s]         Instead, use pypa/build, pypa/installer or other
[5.051s]         standards-based tools.
[5.051s] 
[5.051s]         See https://github.com/pypa/setuptools/issues/917 for details.
[5.052s]         ********************************************************************************
[5.052s] 
[5.052s] !!
[5.053s]   easy_install.initialize_options(self)
[5.852s] running egg_info
[5.923s] writing serial_motor_demo.egg-info/PKG-INFO
[5.924s] writing dependency_links to serial_motor_demo.egg-info/dependency_links.txt
[5.925s] writing entry points to serial_motor_demo.egg-info/entry_points.txt
[5.926s] writing requirements to serial_motor_demo.egg-info/requires.txt
[5.927s] writing top-level names to serial_motor_demo.egg-info/top_level.txt
[6.078s] reading manifest file 'serial_motor_demo.egg-info/SOURCES.txt'
[6.081s] writing manifest file 'serial_motor_demo.egg-info/SOURCES.txt'
[6.159s] running build_ext
[6.159s] Creating /home/E14Raspberry/ScooperBot/tennisbot_ws/install/serial_motor_demo/lib/python3.12/site-packages/serial-motor-demo.egg-link (link to .)
[6.162s] Installing driver script to /home/E14Raspberry/ScooperBot/tennisbot_ws/install/serial_motor_demo/lib/serial_motor_demo
[6.163s] Installing gui script to /home/E14Raspberry/ScooperBot/tennisbot_ws/install/serial_motor_demo/lib/serial_motor_demo
[6.164s] 
[6.164s] Installed /home/E14Raspberry/ScooperBot/tennisbot_ws/build/serial_motor_demo
[6.165s] running symlink_data
[6.315s] Invoked command in '/home/E14Raspberry/ScooperBot/tennisbot_ws/build/serial_motor_demo' returned '0': CMAKE_PREFIX_PATH=/home/E14Raspberry/ScooperBot/tennisbot_ws/install/serial_motor_demo_msgs:/home/E14Raspberry/ScooperBot/tennisbot_ws/install/tennisbotmaster:/home/E14Raspberry/ScooperBot/tennisbot_ws/install/serial:/home/E14Raspberry/ScooperBot/tennisbot_ws/install/diffdrive_arduino PYTHONPATH=/home/E14Raspberry/ScooperBot/tennisbot_ws/build/serial_motor_demo/prefix_override:/usr/lib/python3/dist-packages/colcon_core/task/python/colcon_distutils_commands:/home/E14Raspberry/ScooperBot/tennisbot_ws/install/serial_motor_demo/lib/python3.12/site-packages:/home/E14Raspberry/ScooperBot/tennisbot_ws/install/serial_motor_demo_msgs/lib/python3.12/site-packages:/home/E14Raspberry/ScooperBot/tennisbot_ws/build/twist_stamper:/home/E14Raspberry/ScooperBot/tennisbot_ws/install/twist_stamper/lib/python3.12/site-packages:/home/E14Raspberry/ScooperBot/tennisbot_ws/build/serial_motor_demo:/home/E14Raspberry/ScooperBot/tennisbot_ws/install/serial_motor_demo/lib/python3.12/site-packages:/opt/ros/jazzy/lib/python3.12/site-packages /usr/bin/python3 -W ignore:setup.py install is deprecated setup.py develop --editable --build-directory /home/E14Raspberry/ScooperBot/tennisbot_ws/build/serial_motor_demo/build --no-deps symlink_data
