[21.944s] Invoking command in '/home/E14Raspberry/ScooperBot/tennisbot_ws/build/twist_stamper': PYTHONPATH=/home/E14Raspberry/ScooperBot/tennisbot_ws/build/twist_stamper/prefix_override:/usr/lib/python3/dist-packages/colcon_core/task/python/colcon_distutils_commands:/home/E14Raspberry/ScooperBot/tennisbot_ws/install/twist_stamper/lib/python3.12/site-packages:${PYTHONPATH} /usr/bin/python3 -W ignore:setup.py install is deprecated setup.py develop --editable --build-directory /home/E14Raspberry/ScooperBot/tennisbot_ws/build/twist_stamper/build --no-deps symlink_data
[28.814s] running develop
[28.816s] /usr/lib/python3/dist-packages/setuptools/command/develop.py:40: EasyInstallDeprecationWarning: easy_install command is deprecated.
[28.835s] !!
[28.860s] 
[28.865s]         ********************************************************************************
[28.868s]         Please avoid running ``setup.py`` and ``easy_install``.
[28.869s]         Instead, use pypa/build, pypa/installer or other
[28.871s]         standards-based tools.
[28.874s] 
[28.879s]         See https://github.com/pypa/setuptools/issues/917 for details.
[28.880s]         ********************************************************************************
[28.884s] 
[28.885s] !!
[28.887s]   easy_install.initialize_options(self)
[33.786s] running egg_info
[34.217s] writing twist_stamper.egg-info/PKG-INFO
[34.224s] writing dependency_links to twist_stamper.egg-info/dependency_links.txt
[34.229s] writing entry points to twist_stamper.egg-info/entry_points.txt
[34.233s] writing requirements to twist_stamper.egg-info/requires.txt
[34.240s] writing top-level names to twist_stamper.egg-info/top_level.txt
[35.094s] reading manifest file 'twist_stamper.egg-info/SOURCES.txt'
[35.098s] writing manifest file 'twist_stamper.egg-info/SOURCES.txt'
[35.552s] running build_ext
[35.567s] Creating /home/E14Raspberry/ScooperBot/tennisbot_ws/install/twist_stamper/lib/python3.12/site-packages/twist-stamper.egg-link (link to .)
[35.571s] Installing twist_stamper script to /home/E14Raspberry/ScooperBot/tennisbot_ws/install/twist_stamper/lib/twist_stamper
[35.579s] Installing twist_unstamper script to /home/E14Raspberry/ScooperBot/tennisbot_ws/install/twist_stamper/lib/twist_stamper
[35.584s] 
[35.588s] Installed /home/E14Raspberry/ScooperBot/tennisbot_ws/build/twist_stamper
[35.593s] running symlink_data
[35.919s] Invoked command in '/home/E14Raspberry/ScooperBot/tennisbot_ws/build/twist_stamper' returned '0': PYTHONPATH=/home/E14Raspberry/ScooperBot/tennisbot_ws/build/twist_stamper/prefix_override:/usr/lib/python3/dist-packages/colcon_core/task/python/colcon_distutils_commands:/home/E14Raspberry/ScooperBot/tennisbot_ws/install/twist_stamper/lib/python3.12/site-packages:${PYTHONPATH} /usr/bin/python3 -W ignore:setup.py install is deprecated setup.py develop --editable --build-directory /home/E14Raspberry/ScooperBot/tennisbot_ws/build/twist_stamper/build --no-deps symlink_data
