[3.688s] Invoking command in '/home/E14Raspberry/ScooperBot/tennisbot_ws/build/serial_motor_demo': CMAKE_PREFIX_PATH=/home/E14Raspberry/ScooperBot/tennisbot_ws/install/serial_motor_demo_msgs:/home/E14Raspberry/ScooperBot/tennisbot_ws/install/tennisbotmaster:/home/E14Raspberry/ScooperBot/tennisbot_ws/install/serial:/home/E14Raspberry/ScooperBot/tennisbot_ws/install/diffdrive_arduino PYTHONPATH=/home/E14Raspberry/ScooperBot/tennisbot_ws/build/serial_motor_demo/prefix_override:/usr/lib/python3/dist-packages/colcon_core/task/python/colcon_distutils_commands:/home/E14Raspberry/ScooperBot/tennisbot_ws/install/serial_motor_demo/lib/python3.12/site-packages:/home/E14Raspberry/ScooperBot/tennisbot_ws/install/serial_motor_demo_msgs/lib/python3.12/site-packages:/home/E14Raspberry/ScooperBot/tennisbot_ws/build/twist_stamper:/home/E14Raspberry/ScooperBot/tennisbot_ws/install/twist_stamper/lib/python3.12/site-packages:/home/E14Raspberry/ScooperBot/tennisbot_ws/build/serial_motor_demo:/home/E14Raspberry/ScooperBot/tennisbot_ws/install/serial_motor_demo/lib/python3.12/site-packages:/opt/ros/jazzy/lib/python3.12/site-packages /usr/bin/python3 -W ignore:setup.py install is deprecated setup.py develop --editable --build-directory /home/E14Raspberry/ScooperBot/tennisbot_ws/build/serial_motor_demo/build --no-deps symlink_data
[5.076s] running develop
[5.077s] /usr/lib/python3/dist-packages/setuptools/command/develop.py:40: EasyInstallDeprecationWarning: easy_install command is deprecated.
[5.077s] !!
[5.078s] 
[5.078s]         ********************************************************************************
[5.078s]         Please avoid running ``setup.py`` and ``easy_install``.
[5.079s]         Instead, use pypa/build, pypa/installer or other
[5.079s]         standards-based tools.
[5.080s] 
[5.080s]         See https://github.com/pypa/setuptools/issues/917 for details.
[5.080s]         ********************************************************************************
[5.081s] 
[5.081s] !!
[5.081s]   easy_install.initialize_options(self)
[5.875s] running egg_info
[5.945s] writing serial_motor_demo.egg-info/PKG-INFO
[5.946s] writing dependency_links to serial_motor_demo.egg-info/dependency_links.txt
[5.947s] writing entry points to serial_motor_demo.egg-info/entry_points.txt
[5.949s] writing requirements to serial_motor_demo.egg-info/requires.txt
[5.950s] writing top-level names to serial_motor_demo.egg-info/top_level.txt
[6.099s] reading manifest file 'serial_motor_demo.egg-info/SOURCES.txt'
[6.102s] writing manifest file 'serial_motor_demo.egg-info/SOURCES.txt'
[6.180s] running build_ext
[6.180s] Creating /home/E14Raspberry/ScooperBot/tennisbot_ws/install/serial_motor_demo/lib/python3.12/site-packages/serial-motor-demo.egg-link (link to .)
[6.183s] Installing driver script to /home/E14Raspberry/ScooperBot/tennisbot_ws/install/serial_motor_demo/lib/serial_motor_demo
[6.184s] Installing gui script to /home/E14Raspberry/ScooperBot/tennisbot_ws/install/serial_motor_demo/lib/serial_motor_demo
[6.185s] 
[6.185s] Installed /home/E14Raspberry/ScooperBot/tennisbot_ws/build/serial_motor_demo
[6.186s] running symlink_data
[6.334s] Invoked command in '/home/E14Raspberry/ScooperBot/tennisbot_ws/build/serial_motor_demo' returned '0': CMAKE_PREFIX_PATH=/home/E14Raspberry/ScooperBot/tennisbot_ws/install/serial_motor_demo_msgs:/home/E14Raspberry/ScooperBot/tennisbot_ws/install/tennisbotmaster:/home/E14Raspberry/ScooperBot/tennisbot_ws/install/serial:/home/E14Raspberry/ScooperBot/tennisbot_ws/install/diffdrive_arduino PYTHONPATH=/home/E14Raspberry/ScooperBot/tennisbot_ws/build/serial_motor_demo/prefix_override:/usr/lib/python3/dist-packages/colcon_core/task/python/colcon_distutils_commands:/home/E14Raspberry/ScooperBot/tennisbot_ws/install/serial_motor_demo/lib/python3.12/site-packages:/home/E14Raspberry/ScooperBot/tennisbot_ws/install/serial_motor_demo_msgs/lib/python3.12/site-packages:/home/E14Raspberry/ScooperBot/tennisbot_ws/build/twist_stamper:/home/E14Raspberry/ScooperBot/tennisbot_ws/install/twist_stamper/lib/python3.12/site-packages:/home/E14Raspberry/ScooperBot/tennisbot_ws/build/serial_motor_demo:/home/E14Raspberry/ScooperBot/tennisbot_ws/install/serial_motor_demo/lib/python3.12/site-packages:/opt/ros/jazzy/lib/python3.12/site-packages /usr/bin/python3 -W ignore:setup.py install is deprecated setup.py develop --editable --build-directory /home/E14Raspberry/ScooperBot/tennisbot_ws/build/serial_motor_demo/build --no-deps symlink_data
