[12.207s] Invoking command in '/home/E14Raspberry/ScooperBot/tennisbot_ws/build/ball_tracker': PYTHONPATH=/home/E14Raspberry/ScooperBot/tennisbot_ws/build/ball_tracker/prefix_override:/usr/lib/python3/dist-packages/colcon_core/task/python/colcon_distutils_commands:/home/E14Raspberry/ScooperBot/tennisbot_ws/install/ball_tracker/lib/python3.12/site-packages:${PYTHONPATH} /usr/bin/python3 -W ignore:setup.py install is deprecated setup.py develop --editable --build-directory /home/E14Raspberry/ScooperBot/tennisbot_ws/build/ball_tracker/build --no-deps symlink_data
[17.174s] running develop
[17.176s] /usr/lib/python3/dist-packages/setuptools/command/develop.py:40: EasyInstallDeprecationWarning: easy_install command is deprecated.
[17.178s] !!
[17.179s] 
[17.181s]         ********************************************************************************
[17.182s]         Please avoid running ``setup.py`` and ``easy_install``.
[17.183s]         Instead, use pypa/build, pypa/installer or other
[17.185s]         standards-based tools.
[17.186s] 
[17.188s]         See https://github.com/pypa/setuptools/issues/917 for details.
[17.189s]         ********************************************************************************
[17.190s] 
[17.192s] !!
[17.193s]   easy_install.initialize_options(self)
[21.225s] running egg_info
[21.530s] writing ball_tracker.egg-info/PKG-INFO
[21.534s] writing dependency_links to ball_tracker.egg-info/dependency_links.txt
[21.541s] writing entry points to ball_tracker.egg-info/entry_points.txt
[21.543s] writing requirements to ball_tracker.egg-info/requires.txt
[21.545s] writing top-level names to ball_tracker.egg-info/top_level.txt
[22.173s] reading manifest file 'ball_tracker.egg-info/SOURCES.txt'
[22.182s] writing manifest file 'ball_tracker.egg-info/SOURCES.txt'
[22.509s] running build_ext
[22.512s] Creating /home/E14Raspberry/ScooperBot/tennisbot_ws/install/ball_tracker/lib/python3.12/site-packages/ball-tracker.egg-link (link to .)
[22.521s] Installing detect_ball script to /home/E14Raspberry/ScooperBot/tennisbot_ws/install/ball_tracker/lib/ball_tracker
[22.523s] Installing detect_ball_3d script to /home/E14Raspberry/ScooperBot/tennisbot_ws/install/ball_tracker/lib/ball_tracker
[22.525s] Installing detect_ball_nn script to /home/E14Raspberry/ScooperBot/tennisbot_ws/install/ball_tracker/lib/ball_tracker
[22.528s] Installing follow_ball script to /home/E14Raspberry/ScooperBot/tennisbot_ws/install/ball_tracker/lib/ball_tracker
[22.530s] 
[22.533s] Installed /home/E14Raspberry/ScooperBot/tennisbot_ws/build/ball_tracker
[22.537s] running symlink_data
[22.836s] Invoked command in '/home/E14Raspberry/ScooperBot/tennisbot_ws/build/ball_tracker' returned '0': PYTHONPATH=/home/E14Raspberry/ScooperBot/tennisbot_ws/build/ball_tracker/prefix_override:/usr/lib/python3/dist-packages/colcon_core/task/python/colcon_distutils_commands:/home/E14Raspberry/ScooperBot/tennisbot_ws/install/ball_tracker/lib/python3.12/site-packages:${PYTHONPATH} /usr/bin/python3 -W ignore:setup.py install is deprecated setup.py develop --editable --build-directory /home/E14Raspberry/ScooperBot/tennisbot_ws/build/ball_tracker/build --no-deps symlink_data
