[9.876s] Invoking command in '/home/E14Raspberry/ScooperBot/tennisbot_ws/build/ball_tracker': PYTHONPATH=/home/E14Raspberry/ScooperBot/tennisbot_ws/build/ball_tracker/prefix_override:/usr/lib/python3/dist-packages/colcon_core/task/python/colcon_distutils_commands:/home/E14Raspberry/ScooperBot/tennisbot_ws/install/ball_tracker/lib/python3.12/site-packages:${PYTHONPATH} /usr/bin/python3 -W ignore:setup.py install is deprecated setup.py develop --editable --build-directory /home/E14Raspberry/ScooperBot/tennisbot_ws/build/ball_tracker/build --no-deps symlink_data
[12.653s] running develop
[12.655s] /usr/lib/python3/dist-packages/setuptools/command/develop.py:40: EasyInstallDeprecationWarning: easy_install command is deprecated.
[12.656s] !!
[12.657s] 
[12.658s]         ********************************************************************************
[12.659s]         Please avoid running ``setup.py`` and ``easy_install``.
[12.661s]         Instead, use pypa/build, pypa/installer or other
[12.662s]         standards-based tools.
[12.663s] 
[12.666s]         See https://github.com/pypa/setuptools/issues/917 for details.
[12.667s]         ********************************************************************************
[12.668s] 
[12.669s] !!
[12.670s]   easy_install.initialize_options(self)
[15.736s] running egg_info
[15.887s] writing ball_tracker.egg-info/PKG-INFO
[15.888s] writing dependency_links to ball_tracker.egg-info/dependency_links.txt
[15.890s] writing entry points to ball_tracker.egg-info/entry_points.txt
[15.891s] writing requirements to ball_tracker.egg-info/requires.txt
[15.892s] writing top-level names to ball_tracker.egg-info/top_level.txt
[16.078s] reading manifest file 'ball_tracker.egg-info/SOURCES.txt'
[16.082s] writing manifest file 'ball_tracker.egg-info/SOURCES.txt'
[16.179s] running build_ext
[16.179s] Creating /home/E14Raspberry/ScooperBot/tennisbot_ws/install/ball_tracker/lib/python3.12/site-packages/ball-tracker.egg-link (link to .)
[16.182s] Installing detect_ball script to /home/E14Raspberry/ScooperBot/tennisbot_ws/install/ball_tracker/lib/ball_tracker
[16.183s] Installing detect_ball_3d script to /home/E14Raspberry/ScooperBot/tennisbot_ws/install/ball_tracker/lib/ball_tracker
[16.184s] Installing detect_ball_nn script to /home/E14Raspberry/ScooperBot/tennisbot_ws/install/ball_tracker/lib/ball_tracker
[16.185s] Installing detect_ball_nn_offload script to /home/E14Raspberry/ScooperBot/tennisbot_ws/install/ball_tracker/lib/ball_tracker
[16.186s] Installing follow_ball script to /home/E14Raspberry/ScooperBot/tennisbot_ws/install/ball_tracker/lib/ball_tracker
[16.187s] Installing follow_ball_action_server script to /home/E14Raspberry/ScooperBot/tennisbot_ws/install/ball_tracker/lib/ball_tracker
[16.188s] 
[16.189s] Installed /home/E14Raspberry/ScooperBot/tennisbot_ws/build/ball_tracker
[16.189s] running symlink_data
[16.347s] Invoked command in '/home/E14Raspberry/ScooperBot/tennisbot_ws/build/ball_tracker' returned '0': PYTHONPATH=/home/E14Raspberry/ScooperBot/tennisbot_ws/build/ball_tracker/prefix_override:/usr/lib/python3/dist-packages/colcon_core/task/python/colcon_distutils_commands:/home/E14Raspberry/ScooperBot/tennisbot_ws/install/ball_tracker/lib/python3.12/site-packages:${PYTHONPATH} /usr/bin/python3 -W ignore:setup.py install is deprecated setup.py develop --editable --build-directory /home/E14Raspberry/ScooperBot/tennisbot_ws/build/ball_tracker/build --no-deps symlink_data
