[12.076s] Invoking command in '/home/E14Raspberry/ScooperBot/tennisbot_ws/build/ball_tracker': PYTHONPATH=/home/E14Raspberry/ScooperBot/tennisbot_ws/build/ball_tracker/prefix_override:/usr/lib/python3/dist-packages/colcon_core/task/python/colcon_distutils_commands:/home/E14Raspberry/ScooperBot/tennisbot_ws/install/ball_tracker/lib/python3.12/site-packages:${PYTHONPATH} /usr/bin/python3 -W ignore:setup.py install is deprecated setup.py develop --editable --build-directory /home/E14Raspberry/ScooperBot/tennisbot_ws/build/ball_tracker/build --no-deps symlink_data
[16.954s] running develop
[16.957s] /usr/lib/python3/dist-packages/setuptools/command/develop.py:40: EasyInstallDeprecationWarning: easy_install command is deprecated.
[16.959s] !!
[16.965s] 
[16.967s]         ********************************************************************************
[16.970s]         Please avoid running ``setup.py`` and ``easy_install``.
[16.972s]         Instead, use pypa/build, pypa/installer or other
[16.973s]         standards-based tools.
[16.975s] 
[16.976s]         See https://github.com/pypa/setuptools/issues/917 for details.
[16.978s]         ********************************************************************************
[16.979s] 
[16.980s] !!
[16.982s]   easy_install.initialize_options(self)
[20.207s] running egg_info
[20.504s] writing ball_tracker.egg-info/PKG-INFO
[20.513s] writing dependency_links to ball_tracker.egg-info/dependency_links.txt
[20.516s] writing entry points to ball_tracker.egg-info/entry_points.txt
[20.517s] writing requirements to ball_tracker.egg-info/requires.txt
[20.520s] writing top-level names to ball_tracker.egg-info/top_level.txt
[21.168s] reading manifest file 'ball_tracker.egg-info/SOURCES.txt'
[21.174s] writing manifest file 'ball_tracker.egg-info/SOURCES.txt'
[21.500s] running build_ext
[21.505s] Creating /home/E14Raspberry/ScooperBot/tennisbot_ws/install/ball_tracker/lib/python3.12/site-packages/ball-tracker.egg-link (link to .)
[21.511s] Installing detect_ball script to /home/E14Raspberry/ScooperBot/tennisbot_ws/install/ball_tracker/lib/ball_tracker
[21.516s] Installing detect_ball_3d script to /home/E14Raspberry/ScooperBot/tennisbot_ws/install/ball_tracker/lib/ball_tracker
[21.519s] Installing detect_ball_nn script to /home/E14Raspberry/ScooperBot/tennisbot_ws/install/ball_tracker/lib/ball_tracker
[21.521s] Installing detect_ball_nn_offload script to /home/E14Raspberry/ScooperBot/tennisbot_ws/install/ball_tracker/lib/ball_tracker
[21.525s] Installing follow_ball script to /home/E14Raspberry/ScooperBot/tennisbot_ws/install/ball_tracker/lib/ball_tracker
[21.527s] 
[21.529s] Installed /home/E14Raspberry/ScooperBot/tennisbot_ws/build/ball_tracker
[21.532s] running symlink_data
[21.830s] Invoked command in '/home/E14Raspberry/ScooperBot/tennisbot_ws/build/ball_tracker' returned '0': PYTHONPATH=/home/E14Raspberry/ScooperBot/tennisbot_ws/build/ball_tracker/prefix_override:/usr/lib/python3/dist-packages/colcon_core/task/python/colcon_distutils_commands:/home/E14Raspberry/ScooperBot/tennisbot_ws/install/ball_tracker/lib/python3.12/site-packages:${PYTHONPATH} /usr/bin/python3 -W ignore:setup.py install is deprecated setup.py develop --editable --build-directory /home/E14Raspberry/ScooperBot/tennisbot_ws/build/ball_tracker/build --no-deps symlink_data
