[6.001s] Invoking command in '/home/E14Raspberry/ScooperBot/tennisbot_ws/build/twist_stamper': PYTHONPATH=/home/E14Raspberry/ScooperBot/tennisbot_ws/build/twist_stamper/prefix_override:/usr/lib/python3/dist-packages/colcon_core/task/python/colcon_distutils_commands:/home/E14Raspberry/ScooperBot/tennisbot_ws/install/twist_stamper/lib/python3.12/site-packages:${PYTHONPATH} /usr/bin/python3 -W ignore:setup.py install is deprecated setup.py develop --editable --build-directory /home/E14Raspberry/ScooperBot/tennisbot_ws/build/twist_stamper/build --no-deps symlink_data
[8.615s] running develop
[8.617s] /usr/lib/python3/dist-packages/setuptools/command/develop.py:40: EasyInstallDeprecationWarning: easy_install command is deprecated.
[8.619s] !!
[8.620s] 
[8.621s]         ********************************************************************************
[8.621s]         Please avoid running ``setup.py`` and ``easy_install``.
[8.623s]         Instead, use pypa/build, pypa/installer or other
[8.624s]         standards-based tools.
[8.624s] 
[8.625s]         See https://github.com/pypa/setuptools/issues/917 for details.
[8.626s]         ********************************************************************************
[8.626s] 
[8.628s] !!
[8.629s]   easy_install.initialize_options(self)
[10.095s] running egg_info
[10.096s] creating twist_stamper.egg-info
[10.244s] writing twist_stamper.egg-info/PKG-INFO
[10.249s] writing dependency_links to twist_stamper.egg-info/dependency_links.txt
[10.249s] writing entry points to twist_stamper.egg-info/entry_points.txt
[10.253s] writing requirements to twist_stamper.egg-info/requires.txt
[10.254s] writing top-level names to twist_stamper.egg-info/top_level.txt
[10.255s] writing manifest file 'twist_stamper.egg-info/SOURCES.txt'
[10.590s] reading manifest file 'twist_stamper.egg-info/SOURCES.txt'
[10.594s] writing manifest file 'twist_stamper.egg-info/SOURCES.txt'
[10.776s] running build_ext
[10.780s] Creating /home/E14Raspberry/ScooperBot/tennisbot_ws/install/twist_stamper/lib/python3.12/site-packages/twist-stamper.egg-link (link to .)
[10.787s] Installing twist_stamper script to /home/E14Raspberry/ScooperBot/tennisbot_ws/install/twist_stamper/lib/twist_stamper
[10.788s] Installing twist_unstamper script to /home/E14Raspberry/ScooperBot/tennisbot_ws/install/twist_stamper/lib/twist_stamper
[10.790s] 
[10.791s] Installed /home/E14Raspberry/ScooperBot/tennisbot_ws/build/twist_stamper
[10.792s] running symlink_data
[10.792s] creating /home/E14Raspberry/ScooperBot/tennisbot_ws/install/twist_stamper/share/ament_index
[10.793s] creating /home/E14Raspberry/ScooperBot/tennisbot_ws/install/twist_stamper/share/ament_index/resource_index
[10.794s] creating /home/E14Raspberry/ScooperBot/tennisbot_ws/install/twist_stamper/share/ament_index/resource_index/packages
[10.794s] symbolically linking /home/E14Raspberry/ScooperBot/tennisbot_ws/build/twist_stamper/resource/twist_stamper -> /home/E14Raspberry/ScooperBot/tennisbot_ws/install/twist_stamper/share/ament_index/resource_index/packages
[10.796s] symbolically linking /home/E14Raspberry/ScooperBot/tennisbot_ws/build/twist_stamper/package.xml -> /home/E14Raspberry/ScooperBot/tennisbot_ws/install/twist_stamper/share/twist_stamper
[11.063s] Invoked command in '/home/E14Raspberry/ScooperBot/tennisbot_ws/build/twist_stamper' returned '0': PYTHONPATH=/home/E14Raspberry/ScooperBot/tennisbot_ws/build/twist_stamper/prefix_override:/usr/lib/python3/dist-packages/colcon_core/task/python/colcon_distutils_commands:/home/E14Raspberry/ScooperBot/tennisbot_ws/install/twist_stamper/lib/python3.12/site-packages:${PYTHONPATH} /usr/bin/python3 -W ignore:setup.py install is deprecated setup.py develop --editable --build-directory /home/E14Raspberry/ScooperBot/tennisbot_ws/build/twist_stamper/build --no-deps symlink_data
