[3.642s] Invoking command in '/home/E14Raspberry/ScooperBot/tennisbot_ws/build/serial_motor_demo': CMAKE_PREFIX_PATH=/home/E14Raspberry/ScooperBot/tennisbot_ws/install/serial_motor_demo_msgs:/home/E14Raspberry/ScooperBot/tennisbot_ws/install/tennisbotmaster:/home/E14Raspberry/ScooperBot/tennisbot_ws/install/serial:/home/E14Raspberry/ScooperBot/tennisbot_ws/install/diffdrive_arduino PYTHONPATH=/home/E14Raspberry/ScooperBot/tennisbot_ws/build/serial_motor_demo/prefix_override:/usr/lib/python3/dist-packages/colcon_core/task/python/colcon_distutils_commands:/home/E14Raspberry/ScooperBot/tennisbot_ws/install/serial_motor_demo/lib/python3.12/site-packages:/home/E14Raspberry/ScooperBot/tennisbot_ws/install/serial_motor_demo_msgs/lib/python3.12/site-packages:/home/E14Raspberry/ScooperBot/tennisbot_ws/build/twist_stamper:/home/E14Raspberry/ScooperBot/tennisbot_ws/install/twist_stamper/lib/python3.12/site-packages:/home/E14Raspberry/ScooperBot/tennisbot_ws/build/serial_motor_demo:/home/E14Raspberry/ScooperBot/tennisbot_ws/install/serial_motor_demo/lib/python3.12/site-packages:/opt/ros/jazzy/lib/python3.12/site-packages /usr/bin/python3 -W ignore:setup.py install is deprecated setup.py develop --editable --build-directory /home/E14Raspberry/ScooperBot/tennisbot_ws/build/serial_motor_demo/build --no-deps symlink_data
[5.051s] running develop
[5.052s] /usr/lib/python3/dist-packages/setuptools/command/develop.py:40: EasyInstallDeprecationWarning: easy_install command is deprecated.
[5.052s] !!
[5.053s] 
[5.053s]         ********************************************************************************
[5.053s]         Please avoid running ``setup.py`` and ``easy_install``.
[5.054s]         Instead, use pypa/build, pypa/installer or other
[5.054s]         standards-based tools.
[5.054s] 
[5.055s]         See https://github.com/pypa/setuptools/issues/917 for details.
[5.055s]         ********************************************************************************
[5.055s] 
[5.056s] !!
[5.056s]   easy_install.initialize_options(self)
[5.858s] running egg_info
[5.929s] writing serial_motor_demo.egg-info/PKG-INFO
[5.930s] writing dependency_links to serial_motor_demo.egg-info/dependency_links.txt
[5.931s] writing entry points to serial_motor_demo.egg-info/entry_points.txt
[5.932s] writing requirements to serial_motor_demo.egg-info/requires.txt
[5.933s] writing top-level names to serial_motor_demo.egg-info/top_level.txt
[6.083s] reading manifest file 'serial_motor_demo.egg-info/SOURCES.txt'
[6.086s] writing manifest file 'serial_motor_demo.egg-info/SOURCES.txt'
[6.163s] running build_ext
[6.164s] Creating /home/E14Raspberry/ScooperBot/tennisbot_ws/install/serial_motor_demo/lib/python3.12/site-packages/serial-motor-demo.egg-link (link to .)
[6.167s] Installing driver script to /home/E14Raspberry/ScooperBot/tennisbot_ws/install/serial_motor_demo/lib/serial_motor_demo
[6.168s] Installing gui script to /home/E14Raspberry/ScooperBot/tennisbot_ws/install/serial_motor_demo/lib/serial_motor_demo
[6.169s] 
[6.169s] Installed /home/E14Raspberry/ScooperBot/tennisbot_ws/build/serial_motor_demo
[6.170s] running symlink_data
[6.317s] Invoked command in '/home/E14Raspberry/ScooperBot/tennisbot_ws/build/serial_motor_demo' returned '0': CMAKE_PREFIX_PATH=/home/E14Raspberry/ScooperBot/tennisbot_ws/install/serial_motor_demo_msgs:/home/E14Raspberry/ScooperBot/tennisbot_ws/install/tennisbotmaster:/home/E14Raspberry/ScooperBot/tennisbot_ws/install/serial:/home/E14Raspberry/ScooperBot/tennisbot_ws/install/diffdrive_arduino PYTHONPATH=/home/E14Raspberry/ScooperBot/tennisbot_ws/build/serial_motor_demo/prefix_override:/usr/lib/python3/dist-packages/colcon_core/task/python/colcon_distutils_commands:/home/E14Raspberry/ScooperBot/tennisbot_ws/install/serial_motor_demo/lib/python3.12/site-packages:/home/E14Raspberry/ScooperBot/tennisbot_ws/install/serial_motor_demo_msgs/lib/python3.12/site-packages:/home/E14Raspberry/ScooperBot/tennisbot_ws/build/twist_stamper:/home/E14Raspberry/ScooperBot/tennisbot_ws/install/twist_stamper/lib/python3.12/site-packages:/home/E14Raspberry/ScooperBot/tennisbot_ws/build/serial_motor_demo:/home/E14Raspberry/ScooperBot/tennisbot_ws/install/serial_motor_demo/lib/python3.12/site-packages:/opt/ros/jazzy/lib/python3.12/site-packages /usr/bin/python3 -W ignore:setup.py install is deprecated setup.py develop --editable --build-directory /home/E14Raspberry/ScooperBot/tennisbot_ws/build/serial_motor_demo/build --no-deps symlink_data
