[3.945s] Invoking command in '/home/E14Raspberry/tennisbot_ws/build/serial_motor_demo': AMENT_PREFIX_PATH=/home/E14Raspberry/tennisbot_ws/install/serial_motor_demo_msgs:${AMENT_PREFIX_PATH} CMAKE_PREFIX_PATH=/home/E14Raspberry/tennisbot_ws/install/serial_motor_demo_msgs LD_LIBRARY_PATH=/home/E14Raspberry/tennisbot_ws/install/serial_motor_demo_msgs/lib:${LD_LIBRARY_PATH} PYTHONPATH=/home/E14Raspberry/tennisbot_ws/build/serial_motor_demo/prefix_override:/usr/lib/python3/dist-packages/colcon_core/task/python/colcon_distutils_commands:/home/E14Raspberry/tennisbot_ws/install/serial_motor_demo/lib/python3.12/site-packages:/home/E14Raspberry/tennisbot_ws/install/serial_motor_demo_msgs/lib/python3.12/site-packages:${PYTHONPATH} /usr/bin/python3 -W ignore:setup.py install is deprecated setup.py develop --editable --build-directory /home/E14Raspberry/tennisbot_ws/build/serial_motor_demo/build --no-deps symlink_data
[4.454s] /usr/lib/python3/dist-packages/setuptools/dist.py:744: SetuptoolsDeprecationWarning: Invalid dash-separated options
[4.454s] !!
[4.454s] 
[4.455s]         ********************************************************************************
[4.455s]         Usage of dash-separated 'script-dir' will not be supported in future
[4.456s]         versions. Please use the underscore name 'script_dir' instead.
[4.456s] 
[4.456s]         This deprecation is overdue, please update your project and remove deprecated
[4.457s]         calls to avoid build errors in the future.
[4.457s] 
[4.457s]         See https://setuptools.pypa.io/en/latest/userguide/declarative_config.html for details.
[4.457s]         ********************************************************************************
[4.458s] 
[4.458s] !!
[4.459s]   opt = self.warn_dash_deprecation(opt, section)
[5.187s] running develop
[5.188s] /usr/lib/python3/dist-packages/setuptools/command/develop.py:40: EasyInstallDeprecationWarning: easy_install command is deprecated.
[5.189s] !!
[5.189s] 
[5.189s]         ********************************************************************************
[5.190s]         Please avoid running ``setup.py`` and ``easy_install``.
[5.190s]         Instead, use pypa/build, pypa/installer or other
[5.190s]         standards-based tools.
[5.191s] 
[5.191s]         See https://github.com/pypa/setuptools/issues/917 for details.
[5.191s]         ********************************************************************************
[5.192s] 
[5.192s] !!
[5.192s]   easy_install.initialize_options(self)
[5.935s] running egg_info
[5.936s] creating serial_motor_demo.egg-info
[6.001s] writing serial_motor_demo.egg-info/PKG-INFO
[6.002s] writing dependency_links to serial_motor_demo.egg-info/dependency_links.txt
[6.003s] writing entry points to serial_motor_demo.egg-info/entry_points.txt
[6.004s] writing requirements to serial_motor_demo.egg-info/requires.txt
[6.004s] writing top-level names to serial_motor_demo.egg-info/top_level.txt
[6.005s] writing manifest file 'serial_motor_demo.egg-info/SOURCES.txt'
[6.144s] reading manifest file 'serial_motor_demo.egg-info/SOURCES.txt'
[6.146s] writing manifest file 'serial_motor_demo.egg-info/SOURCES.txt'
[6.219s] running build_ext
[6.220s] Creating /home/E14Raspberry/tennisbot_ws/install/serial_motor_demo/lib/python3.12/site-packages/serial-motor-demo.egg-link (link to .)
[6.222s] Installing driver script to /home/E14Raspberry/tennisbot_ws/install/serial_motor_demo/lib/serial_motor_demo
[6.223s] Installing gui script to /home/E14Raspberry/tennisbot_ws/install/serial_motor_demo/lib/serial_motor_demo
[6.224s] 
[6.225s] Installed /home/E14Raspberry/tennisbot_ws/build/serial_motor_demo
[6.225s] running symlink_data
[6.226s] creating /home/E14Raspberry/tennisbot_ws/install/serial_motor_demo/share/ament_index
[6.226s] creating /home/E14Raspberry/tennisbot_ws/install/serial_motor_demo/share/ament_index/resource_index
[6.227s] creating /home/E14Raspberry/tennisbot_ws/install/serial_motor_demo/share/ament_index/resource_index/packages
[6.227s] symbolically linking /home/E14Raspberry/tennisbot_ws/build/serial_motor_demo/resource/serial_motor_demo -> /home/E14Raspberry/tennisbot_ws/install/serial_motor_demo/share/ament_index/resource_index/packages
[6.228s] symbolically linking /home/E14Raspberry/tennisbot_ws/build/serial_motor_demo/package.xml -> /home/E14Raspberry/tennisbot_ws/install/serial_motor_demo/share/serial_motor_demo
[6.382s] Invoked command in '/home/E14Raspberry/tennisbot_ws/build/serial_motor_demo' returned '0': AMENT_PREFIX_PATH=/home/E14Raspberry/tennisbot_ws/install/serial_motor_demo_msgs:${AMENT_PREFIX_PATH} CMAKE_PREFIX_PATH=/home/E14Raspberry/tennisbot_ws/install/serial_motor_demo_msgs LD_LIBRARY_PATH=/home/E14Raspberry/tennisbot_ws/install/serial_motor_demo_msgs/lib:${LD_LIBRARY_PATH} PYTHONPATH=/home/E14Raspberry/tennisbot_ws/build/serial_motor_demo/prefix_override:/usr/lib/python3/dist-packages/colcon_core/task/python/colcon_distutils_commands:/home/E14Raspberry/tennisbot_ws/install/serial_motor_demo/lib/python3.12/site-packages:/home/E14Raspberry/tennisbot_ws/install/serial_motor_demo_msgs/lib/python3.12/site-packages:${PYTHONPATH} /usr/bin/python3 -W ignore:setup.py install is deprecated setup.py develop --editable --build-directory /home/E14Raspberry/tennisbot_ws/build/serial_motor_demo/build --no-deps symlink_data
