[0.244s] Invoking command in '/home/E14Raspberry/ScooperBot/tennisbot_ws/build/ros2_nav_to_pose_msgs': CMAKE_PREFIX_PATH=${CMAKE_PREFIX_PATH}:/home/E14Raspberry/ScooperBot/tennisbot_ws/install/ros2_nav_to_pose:/home/E14Raspberry/ScooperBot/tennisbot_ws/install/twist_stamper:/home/E14Raspberry/ScooperBot/tennisbot_ws/install/serial_motor_demo:/home/E14Raspberry/ScooperBot/tennisbot_ws/install/ball_tracker:/opt/ros/jazzy /usr/bin/cmake --build /home/E14Raspberry/ScooperBot/tennisbot_ws/build/ros2_nav_to_pose_msgs -- -j4 -l4
[2.195s] [  2%] Built target ros2_nav_to_pose_msgs__rosidl_generator_type_description
[3.135s] [  2%] Built target ament_cmake_python_symlink_ros2_nav_to_pose_msgs
[3.849s] [ 17%] Built target ros2_nav_to_pose_msgs__rosidl_generator_c
[9.308s] running egg_info
[9.949s] writing ros2_nav_to_pose_msgs.egg-info/PKG-INFO
[9.973s] writing dependency_links to ros2_nav_to_pose_msgs.egg-info/dependency_links.txt
[9.991s] writing top-level names to ros2_nav_to_pose_msgs.egg-info/top_level.txt
[11.288s] reading manifest file 'ros2_nav_to_pose_msgs.egg-info/SOURCES.txt'
[11.295s] writing manifest file 'ros2_nav_to_pose_msgs.egg-info/SOURCES.txt'
[11.900s] [ 17%] Built target ament_cmake_python_build_ros2_nav_to_pose_msgs_egg
[12.870s] [ 26%] Built target ros2_nav_to_pose_msgs__rosidl_typesupport_introspection_c
[13.750s] [ 35%] Built target ros2_nav_to_pose_msgs__rosidl_typesupport_c
[14.250s] [ 44%] Built target ros2_nav_to_pose_msgs__rosidl_typesupport_fastrtps_c
[15.006s] [ 47%] Built target ros2_nav_to_pose_msgs__cpp
[15.986s] [ 55%] Built target ros2_nav_to_pose_msgs__rosidl_typesupport_cpp
[16.750s] [ 64%] Built target ros2_nav_to_pose_msgs__rosidl_typesupport_introspection_cpp
[17.344s] [ 73%] Built target ros2_nav_to_pose_msgs__rosidl_typesupport_fastrtps_cpp
[18.093s] [ 73%] Built target ros2_nav_to_pose_msgs
[18.809s] [ 76%] Built target ros2_nav_to_pose_msgs__py
[19.384s] [ 82%] Built target ros2_nav_to_pose_msgs__rosidl_generator_py
[20.197s] [ 88%] Built target ros2_nav_to_pose_msgs_s__rosidl_typesupport_fastrtps_c
[20.959s] [ 94%] Built target ros2_nav_to_pose_msgs_s__rosidl_typesupport_c
[21.743s] [100%] Built target ros2_nav_to_pose_msgs_s__rosidl_typesupport_introspection_c
[23.853s] Invoked command in '/home/E14Raspberry/ScooperBot/tennisbot_ws/build/ros2_nav_to_pose_msgs' returned '0': CMAKE_PREFIX_PATH=${CMAKE_PREFIX_PATH}:/home/E14Raspberry/ScooperBot/tennisbot_ws/install/ros2_nav_to_pose:/home/E14Raspberry/ScooperBot/tennisbot_ws/install/twist_stamper:/home/E14Raspberry/ScooperBot/tennisbot_ws/install/serial_motor_demo:/home/E14Raspberry/ScooperBot/tennisbot_ws/install/ball_tracker:/opt/ros/jazzy /usr/bin/cmake --build /home/E14Raspberry/ScooperBot/tennisbot_ws/build/ros2_nav_to_pose_msgs -- -j4 -l4
[26.251s] Invoking command in '/home/E14Raspberry/ScooperBot/tennisbot_ws/build/ros2_nav_to_pose_msgs': CMAKE_PREFIX_PATH=${CMAKE_PREFIX_PATH}:/home/E14Raspberry/ScooperBot/tennisbot_ws/install/ros2_nav_to_pose:/home/E14Raspberry/ScooperBot/tennisbot_ws/install/twist_stamper:/home/E14Raspberry/ScooperBot/tennisbot_ws/install/serial_motor_demo:/home/E14Raspberry/ScooperBot/tennisbot_ws/install/ball_tracker:/opt/ros/jazzy /usr/bin/cmake --install /home/E14Raspberry/ScooperBot/tennisbot_ws/build/ros2_nav_to_pose_msgs
[26.454s] -- Install configuration: ""
[26.475s] -- Execute custom install script
[26.489s] -- Up-to-date symlink: /home/E14Raspberry/ScooperBot/tennisbot_ws/install/ros2_nav_to_pose_msgs/share/ament_index/resource_index/rosidl_interfaces/ros2_nav_to_pose_msgs
[26.491s] -- Up-to-date symlink: /home/E14Raspberry/ScooperBot/tennisbot_ws/install/ros2_nav_to_pose_msgs/share/ros2_nav_to_pose_msgs/action/NavigateToPose.json
[26.511s] -- Up-to-date symlink: /home/E14Raspberry/ScooperBot/tennisbot_ws/install/ros2_nav_to_pose_msgs/include/ros2_nav_to_pose_msgs/ros2_nav_to_pose_msgs/action/detail/navigate_to_pose__functions.h
[26.516s] -- Up-to-date symlink: /home/E14Raspberry/ScooperBot/tennisbot_ws/install/ros2_nav_to_pose_msgs/include/ros2_nav_to_pose_msgs/ros2_nav_to_pose_msgs/action/detail/navigate_to_pose__struct.h
[26.519s] -- Up-to-date symlink: /home/E14Raspberry/ScooperBot/tennisbot_ws/install/ros2_nav_to_pose_msgs/include/ros2_nav_to_pose_msgs/ros2_nav_to_pose_msgs/action/detail/navigate_to_pose__type_support.h
[26.529s] -- Up-to-date symlink: /home/E14Raspberry/ScooperBot/tennisbot_ws/install/ros2_nav_to_pose_msgs/include/ros2_nav_to_pose_msgs/ros2_nav_to_pose_msgs/action/navigate_to_pose.h
[26.536s] -- Up-to-date symlink: /home/E14Raspberry/ScooperBot/tennisbot_ws/install/ros2_nav_to_pose_msgs/include/ros2_nav_to_pose_msgs/ros2_nav_to_pose_msgs/msg/rosidl_generator_c__visibility_control.h
[26.557s] -- Up-to-date symlink: /home/E14Raspberry/ScooperBot/tennisbot_ws/install/ros2_nav_to_pose_msgs/share/ros2_nav_to_pose_msgs/environment/library_path.sh
[26.575s] -- Up-to-date symlink: /home/E14Raspberry/ScooperBot/tennisbot_ws/install/ros2_nav_to_pose_msgs/share/ros2_nav_to_pose_msgs/environment/library_path.dsv
[26.605s] -- Up-to-date symlink: /home/E14Raspberry/ScooperBot/tennisbot_ws/install/ros2_nav_to_pose_msgs/include/ros2_nav_to_pose_msgs/ros2_nav_to_pose_msgs/action/detail/navigate_to_pose__rosidl_typesupport_fastrtps_c.h
[26.614s] -- Up-to-date symlink: /home/E14Raspberry/ScooperBot/tennisbot_ws/install/ros2_nav_to_pose_msgs/include/ros2_nav_to_pose_msgs/ros2_nav_to_pose_msgs/msg/rosidl_typesupport_fastrtps_c__visibility_control.h
[26.629s] -- Up-to-date symlink: /home/E14Raspberry/ScooperBot/tennisbot_ws/install/ros2_nav_to_pose_msgs/include/ros2_nav_to_pose_msgs/ros2_nav_to_pose_msgs/action/detail/navigate_to_pose__builder.hpp
[26.638s] -- Up-to-date symlink: /home/E14Raspberry/ScooperBot/tennisbot_ws/install/ros2_nav_to_pose_msgs/include/ros2_nav_to_pose_msgs/ros2_nav_to_pose_msgs/action/detail/navigate_to_pose__struct.hpp
[26.649s] -- Up-to-date symlink: /home/E14Raspberry/ScooperBot/tennisbot_ws/install/ros2_nav_to_pose_msgs/include/ros2_nav_to_pose_msgs/ros2_nav_to_pose_msgs/action/detail/navigate_to_pose__traits.hpp
[26.661s] -- Up-to-date symlink: /home/E14Raspberry/ScooperBot/tennisbot_ws/install/ros2_nav_to_pose_msgs/include/ros2_nav_to_pose_msgs/ros2_nav_to_pose_msgs/action/detail/navigate_to_pose__type_support.hpp
[26.663s] -- Up-to-date symlink: /home/E14Raspberry/ScooperBot/tennisbot_ws/install/ros2_nav_to_pose_msgs/include/ros2_nav_to_pose_msgs/ros2_nav_to_pose_msgs/action/navigate_to_pose.hpp
[26.695s] -- Up-to-date symlink: /home/E14Raspberry/ScooperBot/tennisbot_ws/install/ros2_nav_to_pose_msgs/include/ros2_nav_to_pose_msgs/ros2_nav_to_pose_msgs/msg/rosidl_generator_cpp__visibility_control.hpp
[26.730s] -- Up-to-date symlink: /home/E14Raspberry/ScooperBot/tennisbot_ws/install/ros2_nav_to_pose_msgs/include/ros2_nav_to_pose_msgs/ros2_nav_to_pose_msgs/action/detail/navigate_to_pose__rosidl_typesupport_fastrtps_cpp.hpp
[26.734s] -- Up-to-date symlink: /home/E14Raspberry/ScooperBot/tennisbot_ws/install/ros2_nav_to_pose_msgs/include/ros2_nav_to_pose_msgs/ros2_nav_to_pose_msgs/msg/rosidl_typesupport_fastrtps_cpp__visibility_control.h
[26.744s] -- Up-to-date symlink: /home/E14Raspberry/ScooperBot/tennisbot_ws/install/ros2_nav_to_pose_msgs/include/ros2_nav_to_pose_msgs/ros2_nav_to_pose_msgs/action/detail/navigate_to_pose__rosidl_typesupport_introspection_c.h
[26.748s] -- Up-to-date symlink: /home/E14Raspberry/ScooperBot/tennisbot_ws/install/ros2_nav_to_pose_msgs/include/ros2_nav_to_pose_msgs/ros2_nav_to_pose_msgs/msg/rosidl_typesupport_introspection_c__visibility_control.h
[26.758s] -- Up-to-date symlink: /home/E14Raspberry/ScooperBot/tennisbot_ws/install/ros2_nav_to_pose_msgs/include/ros2_nav_to_pose_msgs/ros2_nav_to_pose_msgs/action/detail/navigate_to_pose__rosidl_typesupport_introspection_cpp.hpp
[26.762s] -- Up-to-date symlink: /home/E14Raspberry/ScooperBot/tennisbot_ws/install/ros2_nav_to_pose_msgs/share/ros2_nav_to_pose_msgs/environment/pythonpath.sh
[26.769s] -- Up-to-date symlink: /home/E14Raspberry/ScooperBot/tennisbot_ws/install/ros2_nav_to_pose_msgs/share/ros2_nav_to_pose_msgs/environment/pythonpath.dsv
[26.780s] -- Up-to-date symlink: /home/E14Raspberry/ScooperBot/tennisbot_ws/install/ros2_nav_to_pose_msgs/lib/python3.12/site-packages/ros2_nav_to_pose_msgs-0.1.0-py3.12.egg-info/PKG-INFO
[26.786s] -- Up-to-date symlink: /home/E14Raspberry/ScooperBot/tennisbot_ws/install/ros2_nav_to_pose_msgs/lib/python3.12/site-packages/ros2_nav_to_pose_msgs-0.1.0-py3.12.egg-info/SOURCES.txt
[26.795s] -- Up-to-date symlink: /home/E14Raspberry/ScooperBot/tennisbot_ws/install/ros2_nav_to_pose_msgs/lib/python3.12/site-packages/ros2_nav_to_pose_msgs-0.1.0-py3.12.egg-info/dependency_links.txt
[26.808s] -- Up-to-date symlink: /home/E14Raspberry/ScooperBot/tennisbot_ws/install/ros2_nav_to_pose_msgs/lib/python3.12/site-packages/ros2_nav_to_pose_msgs-0.1.0-py3.12.egg-info/top_level.txt
[26.872s] -- Up-to-date symlink: /home/E14Raspberry/ScooperBot/tennisbot_ws/install/ros2_nav_to_pose_msgs/lib/python3.12/site-packages/ros2_nav_to_pose_msgs/__init__.py
[26.887s] -- Up-to-date symlink: /home/E14Raspberry/ScooperBot/tennisbot_ws/install/ros2_nav_to_pose_msgs/lib/python3.12/site-packages/ros2_nav_to_pose_msgs/_ros2_nav_to_pose_msgs_s.ep.rosidl_typesupport_c.c
[26.894s] -- Up-to-date symlink: /home/E14Raspberry/ScooperBot/tennisbot_ws/install/ros2_nav_to_pose_msgs/lib/python3.12/site-packages/ros2_nav_to_pose_msgs/_ros2_nav_to_pose_msgs_s.ep.rosidl_typesupport_fastrtps_c.c
[26.905s] -- Up-to-date symlink: /home/E14Raspberry/ScooperBot/tennisbot_ws/install/ros2_nav_to_pose_msgs/lib/python3.12/site-packages/ros2_nav_to_pose_msgs/_ros2_nav_to_pose_msgs_s.ep.rosidl_typesupport_introspection_c.c
[26.914s] -- Up-to-date symlink: /home/E14Raspberry/ScooperBot/tennisbot_ws/install/ros2_nav_to_pose_msgs/lib/python3.12/site-packages/ros2_nav_to_pose_msgs/action/__init__.py
[26.915s] -- Up-to-date symlink: /home/E14Raspberry/ScooperBot/tennisbot_ws/install/ros2_nav_to_pose_msgs/lib/python3.12/site-packages/ros2_nav_to_pose_msgs/action/_navigate_to_pose.py
[26.945s] -- Up-to-date symlink: /home/E14Raspberry/ScooperBot/tennisbot_ws/install/ros2_nav_to_pose_msgs/lib/python3.12/site-packages/ros2_nav_to_pose_msgs/action/_navigate_to_pose_s.c
[26.952s] -- Up-to-date symlink: /home/E14Raspberry/ScooperBot/tennisbot_ws/install/ros2_nav_to_pose_msgs/lib/python3.12/site-packages/ros2_nav_to_pose_msgs/ros2_nav_to_pose_msgs_s__rosidl_typesupport_c.so
[26.959s] -- Up-to-date symlink: /home/E14Raspberry/ScooperBot/tennisbot_ws/install/ros2_nav_to_pose_msgs/lib/python3.12/site-packages/ros2_nav_to_pose_msgs/ros2_nav_to_pose_msgs_s__rosidl_typesupport_fastrtps_c.so
[26.964s] -- Up-to-date symlink: /home/E14Raspberry/ScooperBot/tennisbot_ws/install/ros2_nav_to_pose_msgs/lib/python3.12/site-packages/ros2_nav_to_pose_msgs/ros2_nav_to_pose_msgs_s__rosidl_typesupport_introspection_c.so
[26.970s] -- Up-to-date symlink: /home/E14Raspberry/ScooperBot/tennisbot_ws/install/ros2_nav_to_pose_msgs/lib/python3.12/site-packages/ros2_nav_to_pose_msgs/ros2_nav_to_pose_msgs_s__rosidl_typesupport_fastrtps_c.so
[26.978s] -- Up-to-date symlink: /home/E14Raspberry/ScooperBot/tennisbot_ws/install/ros2_nav_to_pose_msgs/lib/python3.12/site-packages/ros2_nav_to_pose_msgs/ros2_nav_to_pose_msgs_s__rosidl_typesupport_introspection_c.so
[26.983s] -- Up-to-date symlink: /home/E14Raspberry/ScooperBot/tennisbot_ws/install/ros2_nav_to_pose_msgs/lib/python3.12/site-packages/ros2_nav_to_pose_msgs/ros2_nav_to_pose_msgs_s__rosidl_typesupport_c.so
[26.990s] -- Up-to-date symlink: /home/E14Raspberry/ScooperBot/tennisbot_ws/install/ros2_nav_to_pose_msgs/share/ros2_nav_to_pose_msgs/action/NavigateToPose.idl
[26.993s] -- Up-to-date symlink: /home/E14Raspberry/ScooperBot/tennisbot_ws/install/ros2_nav_to_pose_msgs/share/ros2_nav_to_pose_msgs/action/NavigateToPose.action
[26.999s] -- Up-to-date symlink: /home/E14Raspberry/ScooperBot/tennisbot_ws/install/ros2_nav_to_pose_msgs/share/ament_index/resource_index/package_run_dependencies/ros2_nav_to_pose_msgs
[27.015s] -- Up-to-date symlink: /home/E14Raspberry/ScooperBot/tennisbot_ws/install/ros2_nav_to_pose_msgs/share/ament_index/resource_index/parent_prefix_path/ros2_nav_to_pose_msgs
[27.020s] -- Up-to-date symlink: /home/E14Raspberry/ScooperBot/tennisbot_ws/install/ros2_nav_to_pose_msgs/share/ros2_nav_to_pose_msgs/environment/ament_prefix_path.sh
[27.026s] -- Up-to-date symlink: /home/E14Raspberry/ScooperBot/tennisbot_ws/install/ros2_nav_to_pose_msgs/share/ros2_nav_to_pose_msgs/environment/ament_prefix_path.dsv
[27.031s] -- Up-to-date symlink: /home/E14Raspberry/ScooperBot/tennisbot_ws/install/ros2_nav_to_pose_msgs/share/ros2_nav_to_pose_msgs/environment/path.sh
[27.033s] -- Up-to-date symlink: /home/E14Raspberry/ScooperBot/tennisbot_ws/install/ros2_nav_to_pose_msgs/share/ros2_nav_to_pose_msgs/environment/path.dsv
[27.048s] -- Up-to-date symlink: /home/E14Raspberry/ScooperBot/tennisbot_ws/install/ros2_nav_to_pose_msgs/share/ros2_nav_to_pose_msgs/local_setup.bash
[27.061s] -- Up-to-date symlink: /home/E14Raspberry/ScooperBot/tennisbot_ws/install/ros2_nav_to_pose_msgs/share/ros2_nav_to_pose_msgs/local_setup.sh
[27.072s] -- Up-to-date symlink: /home/E14Raspberry/ScooperBot/tennisbot_ws/install/ros2_nav_to_pose_msgs/share/ros2_nav_to_pose_msgs/local_setup.zsh
[27.081s] -- Up-to-date symlink: /home/E14Raspberry/ScooperBot/tennisbot_ws/install/ros2_nav_to_pose_msgs/share/ros2_nav_to_pose_msgs/local_setup.dsv
[27.088s] -- Symlinking: /home/E14Raspberry/ScooperBot/tennisbot_ws/install/ros2_nav_to_pose_msgs/share/ros2_nav_to_pose_msgs/package.dsv
[27.459s] -- Up-to-date symlink: /home/E14Raspberry/ScooperBot/tennisbot_ws/install/ros2_nav_to_pose_msgs/share/ament_index/resource_index/packages/ros2_nav_to_pose_msgs
[27.465s] -- Up-to-date symlink: /home/E14Raspberry/ScooperBot/tennisbot_ws/install/ros2_nav_to_pose_msgs/share/ros2_nav_to_pose_msgs/cmake/rosidl_cmake-extras.cmake
[27.478s] -- Up-to-date symlink: /home/E14Raspberry/ScooperBot/tennisbot_ws/install/ros2_nav_to_pose_msgs/share/ros2_nav_to_pose_msgs/cmake/ament_cmake_export_dependencies-extras.cmake
[27.487s] -- Up-to-date symlink: /home/E14Raspberry/ScooperBot/tennisbot_ws/install/ros2_nav_to_pose_msgs/share/ros2_nav_to_pose_msgs/cmake/ament_cmake_export_include_directories-extras.cmake
[27.493s] -- Up-to-date symlink: /home/E14Raspberry/ScooperBot/tennisbot_ws/install/ros2_nav_to_pose_msgs/share/ros2_nav_to_pose_msgs/cmake/ament_cmake_export_libraries-extras.cmake
[27.500s] -- Up-to-date symlink: /home/E14Raspberry/ScooperBot/tennisbot_ws/install/ros2_nav_to_pose_msgs/share/ros2_nav_to_pose_msgs/cmake/ament_cmake_export_targets-extras.cmake
[27.511s] -- Up-to-date symlink: /home/E14Raspberry/ScooperBot/tennisbot_ws/install/ros2_nav_to_pose_msgs/share/ros2_nav_to_pose_msgs/cmake/rosidl_cmake_export_typesupport_targets-extras.cmake
[27.516s] -- Up-to-date symlink: /home/E14Raspberry/ScooperBot/tennisbot_ws/install/ros2_nav_to_pose_msgs/share/ros2_nav_to_pose_msgs/cmake/rosidl_cmake_export_typesupport_libraries-extras.cmake
[27.523s] -- Up-to-date symlink: /home/E14Raspberry/ScooperBot/tennisbot_ws/install/ros2_nav_to_pose_msgs/share/ros2_nav_to_pose_msgs/cmake/ros2_nav_to_pose_msgsConfig.cmake
[27.547s] -- Up-to-date symlink: /home/E14Raspberry/ScooperBot/tennisbot_ws/install/ros2_nav_to_pose_msgs/share/ros2_nav_to_pose_msgs/cmake/ros2_nav_to_pose_msgsConfig-version.cmake
[27.555s] -- Up-to-date symlink: /home/E14Raspberry/ScooperBot/tennisbot_ws/install/ros2_nav_to_pose_msgs/share/ros2_nav_to_pose_msgs/package.xml
[27.564s] -- Up-to-date: /home/E14Raspberry/ScooperBot/tennisbot_ws/install/ros2_nav_to_pose_msgs/lib/libros2_nav_to_pose_msgs__rosidl_generator_c.so
[27.577s] -- Up-to-date: /home/E14Raspberry/ScooperBot/tennisbot_ws/install/ros2_nav_to_pose_msgs/lib/libros2_nav_to_pose_msgs__rosidl_typesupport_fastrtps_c.so
[27.586s] -- Up-to-date: /home/E14Raspberry/ScooperBot/tennisbot_ws/install/ros2_nav_to_pose_msgs/lib/libros2_nav_to_pose_msgs__rosidl_typesupport_fastrtps_cpp.so
[27.598s] -- Up-to-date: /home/E14Raspberry/ScooperBot/tennisbot_ws/install/ros2_nav_to_pose_msgs/lib/libros2_nav_to_pose_msgs__rosidl_typesupport_introspection_c.so
[27.610s] -- Up-to-date: /home/E14Raspberry/ScooperBot/tennisbot_ws/install/ros2_nav_to_pose_msgs/lib/libros2_nav_to_pose_msgs__rosidl_typesupport_c.so
[27.625s] -- Up-to-date: /home/E14Raspberry/ScooperBot/tennisbot_ws/install/ros2_nav_to_pose_msgs/lib/libros2_nav_to_pose_msgs__rosidl_typesupport_introspection_cpp.so
[27.646s] -- Up-to-date: /home/E14Raspberry/ScooperBot/tennisbot_ws/install/ros2_nav_to_pose_msgs/lib/libros2_nav_to_pose_msgs__rosidl_typesupport_cpp.so
[28.610s] Listing '/home/E14Raspberry/ScooperBot/tennisbot_ws/install/ros2_nav_to_pose_msgs/lib/python3.12/site-packages/ros2_nav_to_pose_msgs'...
[28.616s] Listing '/home/E14Raspberry/ScooperBot/tennisbot_ws/install/ros2_nav_to_pose_msgs/lib/python3.12/site-packages/ros2_nav_to_pose_msgs/action'...
[28.766s] -- Up-to-date: /home/E14Raspberry/ScooperBot/tennisbot_ws/install/ros2_nav_to_pose_msgs/lib/libros2_nav_to_pose_msgs__rosidl_generator_py.so
[28.783s] -- Up-to-date: /home/E14Raspberry/ScooperBot/tennisbot_ws/install/ros2_nav_to_pose_msgs/share/ros2_nav_to_pose_msgs/cmake/export_ros2_nav_to_pose_msgs__rosidl_generator_cExport.cmake
[28.791s] -- Up-to-date: /home/E14Raspberry/ScooperBot/tennisbot_ws/install/ros2_nav_to_pose_msgs/share/ros2_nav_to_pose_msgs/cmake/export_ros2_nav_to_pose_msgs__rosidl_generator_cExport-noconfig.cmake
[28.798s] -- Up-to-date: /home/E14Raspberry/ScooperBot/tennisbot_ws/install/ros2_nav_to_pose_msgs/share/ros2_nav_to_pose_msgs/cmake/export_ros2_nav_to_pose_msgs__rosidl_typesupport_fastrtps_cExport.cmake
[28.815s] -- Up-to-date: /home/E14Raspberry/ScooperBot/tennisbot_ws/install/ros2_nav_to_pose_msgs/share/ros2_nav_to_pose_msgs/cmake/export_ros2_nav_to_pose_msgs__rosidl_typesupport_fastrtps_cExport-noconfig.cmake
[28.847s] -- Up-to-date: /home/E14Raspberry/ScooperBot/tennisbot_ws/install/ros2_nav_to_pose_msgs/share/ros2_nav_to_pose_msgs/cmake/export_ros2_nav_to_pose_msgs__rosidl_generator_cppExport.cmake
[28.859s] -- Up-to-date: /home/E14Raspberry/ScooperBot/tennisbot_ws/install/ros2_nav_to_pose_msgs/share/ros2_nav_to_pose_msgs/cmake/export_ros2_nav_to_pose_msgs__rosidl_typesupport_fastrtps_cppExport.cmake
[28.868s] -- Up-to-date: /home/E14Raspberry/ScooperBot/tennisbot_ws/install/ros2_nav_to_pose_msgs/share/ros2_nav_to_pose_msgs/cmake/export_ros2_nav_to_pose_msgs__rosidl_typesupport_fastrtps_cppExport-noconfig.cmake
[28.871s] -- Up-to-date: /home/E14Raspberry/ScooperBot/tennisbot_ws/install/ros2_nav_to_pose_msgs/share/ros2_nav_to_pose_msgs/cmake/ros2_nav_to_pose_msgs__rosidl_typesupport_introspection_cExport.cmake
[28.876s] -- Up-to-date: /home/E14Raspberry/ScooperBot/tennisbot_ws/install/ros2_nav_to_pose_msgs/share/ros2_nav_to_pose_msgs/cmake/ros2_nav_to_pose_msgs__rosidl_typesupport_introspection_cExport-noconfig.cmake
[28.882s] -- Up-to-date: /home/E14Raspberry/ScooperBot/tennisbot_ws/install/ros2_nav_to_pose_msgs/share/ros2_nav_to_pose_msgs/cmake/ros2_nav_to_pose_msgs__rosidl_typesupport_cExport.cmake
[28.890s] -- Up-to-date: /home/E14Raspberry/ScooperBot/tennisbot_ws/install/ros2_nav_to_pose_msgs/share/ros2_nav_to_pose_msgs/cmake/ros2_nav_to_pose_msgs__rosidl_typesupport_cExport-noconfig.cmake
[28.892s] -- Up-to-date: /home/E14Raspberry/ScooperBot/tennisbot_ws/install/ros2_nav_to_pose_msgs/share/ros2_nav_to_pose_msgs/cmake/ros2_nav_to_pose_msgs__rosidl_typesupport_introspection_cppExport.cmake
[28.902s] -- Up-to-date: /home/E14Raspberry/ScooperBot/tennisbot_ws/install/ros2_nav_to_pose_msgs/share/ros2_nav_to_pose_msgs/cmake/ros2_nav_to_pose_msgs__rosidl_typesupport_introspection_cppExport-noconfig.cmake
[28.906s] -- Up-to-date: /home/E14Raspberry/ScooperBot/tennisbot_ws/install/ros2_nav_to_pose_msgs/share/ros2_nav_to_pose_msgs/cmake/ros2_nav_to_pose_msgs__rosidl_typesupport_cppExport.cmake
[28.911s] -- Up-to-date: /home/E14Raspberry/ScooperBot/tennisbot_ws/install/ros2_nav_to_pose_msgs/share/ros2_nav_to_pose_msgs/cmake/ros2_nav_to_pose_msgs__rosidl_typesupport_cppExport-noconfig.cmake
[28.919s] -- Up-to-date: /home/E14Raspberry/ScooperBot/tennisbot_ws/install/ros2_nav_to_pose_msgs/share/ros2_nav_to_pose_msgs/cmake/export_ros2_nav_to_pose_msgs__rosidl_generator_pyExport.cmake
[28.924s] -- Up-to-date: /home/E14Raspberry/ScooperBot/tennisbot_ws/install/ros2_nav_to_pose_msgs/share/ros2_nav_to_pose_msgs/cmake/export_ros2_nav_to_pose_msgs__rosidl_generator_pyExport-noconfig.cmake
[28.955s] Invoked command in '/home/E14Raspberry/ScooperBot/tennisbot_ws/build/ros2_nav_to_pose_msgs' returned '0': CMAKE_PREFIX_PATH=${CMAKE_PREFIX_PATH}:/home/E14Raspberry/ScooperBot/tennisbot_ws/install/ros2_nav_to_pose:/home/E14Raspberry/ScooperBot/tennisbot_ws/install/twist_stamper:/home/E14Raspberry/ScooperBot/tennisbot_ws/install/serial_motor_demo:/home/E14Raspberry/ScooperBot/tennisbot_ws/install/ball_tracker:/opt/ros/jazzy /usr/bin/cmake --install /home/E14Raspberry/ScooperBot/tennisbot_ws/build/ros2_nav_to_pose_msgs
