[4.068s] Invoking command in '/home/E14Raspberry/ScooperBot/tennisbot_ws/build/ball_tracker': PYTHONPATH=/home/E14Raspberry/ScooperBot/tennisbot_ws/build/ball_tracker/prefix_override:/usr/lib/python3/dist-packages/colcon_core/task/python/colcon_distutils_commands:/home/E14Raspberry/ScooperBot/tennisbot_ws/install/ball_tracker/lib/python3.12/site-packages:${PYTHONPATH} /usr/bin/python3 -W ignore:setup.py install is deprecated setup.py develop --editable --build-directory /home/E14Raspberry/ScooperBot/tennisbot_ws/build/ball_tracker/build --no-deps symlink_data
[5.689s] running develop
[5.690s] /usr/lib/python3/dist-packages/setuptools/command/develop.py:40: EasyInstallDeprecationWarning: easy_install command is deprecated.
[5.690s] !!
[5.691s] 
[5.691s]         ********************************************************************************
[5.691s]         Please avoid running ``setup.py`` and ``easy_install``.
[5.692s]         Instead, use pypa/build, pypa/installer or other
[5.692s]         standards-based tools.
[5.692s] 
[5.693s]         See https://github.com/pypa/setuptools/issues/917 for details.
[5.693s]         ********************************************************************************
[5.694s] 
[5.694s] !!
[5.694s]   easy_install.initialize_options(self)
[6.724s] running egg_info
[6.814s] writing ball_tracker.egg-info/PKG-INFO
[6.815s] writing dependency_links to ball_tracker.egg-info/dependency_links.txt
[6.817s] writing entry points to ball_tracker.egg-info/entry_points.txt
[6.818s] writing requirements to ball_tracker.egg-info/requires.txt
[6.819s] writing top-level names to ball_tracker.egg-info/top_level.txt
[7.005s] reading manifest file 'ball_tracker.egg-info/SOURCES.txt'
[7.009s] writing manifest file 'ball_tracker.egg-info/SOURCES.txt'
[7.106s] running build_ext
[7.107s] Creating /home/E14Raspberry/ScooperBot/tennisbot_ws/install/ball_tracker/lib/python3.12/site-packages/ball-tracker.egg-link (link to .)
[7.109s] Installing detect_ball script to /home/E14Raspberry/ScooperBot/tennisbot_ws/install/ball_tracker/lib/ball_tracker
[7.110s] Installing detect_ball_3d script to /home/E14Raspberry/ScooperBot/tennisbot_ws/install/ball_tracker/lib/ball_tracker
[7.111s] Installing detect_ball_nn script to /home/E14Raspberry/ScooperBot/tennisbot_ws/install/ball_tracker/lib/ball_tracker
[7.112s] Installing detect_ball_nn_offload script to /home/E14Raspberry/ScooperBot/tennisbot_ws/install/ball_tracker/lib/ball_tracker
[7.113s] Installing follow_ball script to /home/E14Raspberry/ScooperBot/tennisbot_ws/install/ball_tracker/lib/ball_tracker
[7.114s] Installing follow_ball_action_server script to /home/E14Raspberry/ScooperBot/tennisbot_ws/install/ball_tracker/lib/ball_tracker
[7.115s] 
[7.116s] Installed /home/E14Raspberry/ScooperBot/tennisbot_ws/build/ball_tracker
[7.116s] running symlink_data
[7.278s] Invoked command in '/home/E14Raspberry/ScooperBot/tennisbot_ws/build/ball_tracker' returned '0': PYTHONPATH=/home/E14Raspberry/ScooperBot/tennisbot_ws/build/ball_tracker/prefix_override:/usr/lib/python3/dist-packages/colcon_core/task/python/colcon_distutils_commands:/home/E14Raspberry/ScooperBot/tennisbot_ws/install/ball_tracker/lib/python3.12/site-packages:${PYTHONPATH} /usr/bin/python3 -W ignore:setup.py install is deprecated setup.py develop --editable --build-directory /home/E14Raspberry/ScooperBot/tennisbot_ws/build/ball_tracker/build --no-deps symlink_data
