[11.831s] Invoking command in '/home/E14Raspberry/ScooperBot/tennisbot_ws/build/ball_tracker': PYTHONPATH=/home/E14Raspberry/ScooperBot/tennisbot_ws/build/ball_tracker/prefix_override:/usr/lib/python3/dist-packages/colcon_core/task/python/colcon_distutils_commands:/home/E14Raspberry/ScooperBot/tennisbot_ws/install/ball_tracker/lib/python3.12/site-packages:${PYTHONPATH} /usr/bin/python3 -W ignore:setup.py install is deprecated setup.py develop --editable --build-directory /home/E14Raspberry/ScooperBot/tennisbot_ws/build/ball_tracker/build --no-deps symlink_data
[13.491s] /usr/lib/python3/dist-packages/setuptools/dist.py:744: SetuptoolsDeprecationWarning: Invalid dash-separated options
[13.492s] !!
[13.494s] 
[13.495s]         ********************************************************************************
[13.497s]         Usage of dash-separated 'script-dir' will not be supported in future
[13.498s]         versions. Please use the underscore name 'script_dir' instead.
[13.499s] 
[13.500s]         This deprecation is overdue, please update your project and remove deprecated
[13.502s]         calls to avoid build errors in the future.
[13.503s] 
[13.504s]         See https://setuptools.pypa.io/en/latest/userguide/declarative_config.html for details.
[13.505s]         ********************************************************************************
[13.507s] 
[13.508s] !!
[13.509s]   opt = self.warn_dash_deprecation(opt, section)
[16.354s] running develop
[16.360s] /usr/lib/python3/dist-packages/setuptools/command/develop.py:40: EasyInstallDeprecationWarning: easy_install command is deprecated.
[16.361s] !!
[16.362s] 
[16.364s]         ********************************************************************************
[16.365s]         Please avoid running ``setup.py`` and ``easy_install``.
[16.366s]         Instead, use pypa/build, pypa/installer or other
[16.367s]         standards-based tools.
[16.369s] 
[16.370s]         See https://github.com/pypa/setuptools/issues/917 for details.
[16.371s]         ********************************************************************************
[16.372s] 
[16.374s] !!
[16.375s]   easy_install.initialize_options(self)
[19.676s] running egg_info
[20.005s] writing ball_tracker.egg-info/PKG-INFO
[20.008s] writing dependency_links to ball_tracker.egg-info/dependency_links.txt
[20.011s] writing entry points to ball_tracker.egg-info/entry_points.txt
[20.015s] writing requirements to ball_tracker.egg-info/requires.txt
[20.019s] writing top-level names to ball_tracker.egg-info/top_level.txt
[20.664s] reading manifest file 'ball_tracker.egg-info/SOURCES.txt'
[20.671s] writing manifest file 'ball_tracker.egg-info/SOURCES.txt'
[20.977s] running build_ext
[20.979s] Creating /home/E14Raspberry/ScooperBot/tennisbot_ws/install/ball_tracker/lib/python3.12/site-packages/ball-tracker.egg-link (link to .)
[20.988s] Installing detect_ball script to /home/E14Raspberry/ScooperBot/tennisbot_ws/install/ball_tracker/lib/ball_tracker
[21.012s] Installing detect_ball_3d script to /home/E14Raspberry/ScooperBot/tennisbot_ws/install/ball_tracker/lib/ball_tracker
[21.023s] Installing detect_ball_nn script to /home/E14Raspberry/ScooperBot/tennisbot_ws/install/ball_tracker/lib/ball_tracker
[21.025s] Installing follow_ball script to /home/E14Raspberry/ScooperBot/tennisbot_ws/install/ball_tracker/lib/ball_tracker
[21.027s] 
[21.028s] Installed /home/E14Raspberry/ScooperBot/tennisbot_ws/build/ball_tracker
[21.031s] running symlink_data
[21.337s] Invoked command in '/home/E14Raspberry/ScooperBot/tennisbot_ws/build/ball_tracker' returned '0': PYTHONPATH=/home/E14Raspberry/ScooperBot/tennisbot_ws/build/ball_tracker/prefix_override:/usr/lib/python3/dist-packages/colcon_core/task/python/colcon_distutils_commands:/home/E14Raspberry/ScooperBot/tennisbot_ws/install/ball_tracker/lib/python3.12/site-packages:${PYTHONPATH} /usr/bin/python3 -W ignore:setup.py install is deprecated setup.py develop --editable --build-directory /home/E14Raspberry/ScooperBot/tennisbot_ws/build/ball_tracker/build --no-deps symlink_data
