[0.095s] Invoking command in '/home/E14Raspberry/ScooperBot/tennisbot_ws/build/serial': CMAKE_PREFIX_PATH=/opt/ros/jazzy /usr/bin/cmake --build /home/E14Raspberry/ScooperBot/tennisbot_ws/build/serial -- -j4 -l4
[0.792s] [ 14%] Built target gtest_main
[0.804s] [ 42%] Built target serial
[0.819s] [ 57%] Built target gtest
[1.052s] [ 71%] Built target serial-test-timer
[1.072s] [ 85%] Built target serial_example
[1.149s] [100%] Built target serial-test
[1.322s] Invoked command in '/home/E14Raspberry/ScooperBot/tennisbot_ws/build/serial' returned '0': CMAKE_PREFIX_PATH=/opt/ros/jazzy /usr/bin/cmake --build /home/E14Raspberry/ScooperBot/tennisbot_ws/build/serial -- -j4 -l4
[1.627s] Invoking command in '/home/E14Raspberry/ScooperBot/tennisbot_ws/build/serial': CMAKE_PREFIX_PATH=/opt/ros/jazzy /usr/bin/cmake --install /home/E14Raspberry/ScooperBot/tennisbot_ws/build/serial
[1.673s] -- Install configuration: ""
[1.681s] -- Execute custom install script
[1.684s] -- Up-to-date symlink: /home/E14Raspberry/ScooperBot/tennisbot_ws/install/serial/lib/libserial.a
[1.695s] -- Up-to-date symlink: /home/E14Raspberry/ScooperBot/tennisbot_ws/install/serial/include/serial/serial.h
[1.695s] -- Up-to-date symlink: /home/E14Raspberry/ScooperBot/tennisbot_ws/install/serial/include/serial/v8stdint.h
[1.696s] -- Up-to-date symlink: /home/E14Raspberry/ScooperBot/tennisbot_ws/install/serial/share/serial/environment/library_path.sh
[1.697s] -- Up-to-date symlink: /home/E14Raspberry/ScooperBot/tennisbot_ws/install/serial/share/serial/environment/library_path.dsv
[1.699s] -- Up-to-date symlink: /home/E14Raspberry/ScooperBot/tennisbot_ws/install/serial/share/ament_index/resource_index/package_run_dependencies/serial
[1.702s] -- Up-to-date symlink: /home/E14Raspberry/ScooperBot/tennisbot_ws/install/serial/share/ament_index/resource_index/parent_prefix_path/serial
[1.704s] -- Up-to-date symlink: /home/E14Raspberry/ScooperBot/tennisbot_ws/install/serial/share/serial/environment/ament_prefix_path.sh
[1.705s] -- Up-to-date symlink: /home/E14Raspberry/ScooperBot/tennisbot_ws/install/serial/share/serial/environment/ament_prefix_path.dsv
[1.706s] -- Up-to-date symlink: /home/E14Raspberry/ScooperBot/tennisbot_ws/install/serial/share/serial/environment/path.sh
[1.708s] -- Up-to-date symlink: /home/E14Raspberry/ScooperBot/tennisbot_ws/install/serial/share/serial/environment/path.dsv
[1.712s] -- Up-to-date symlink: /home/E14Raspberry/ScooperBot/tennisbot_ws/install/serial/share/serial/local_setup.bash
[1.715s] -- Up-to-date symlink: /home/E14Raspberry/ScooperBot/tennisbot_ws/install/serial/share/serial/local_setup.sh
[1.715s] -- Up-to-date symlink: /home/E14Raspberry/ScooperBot/tennisbot_ws/install/serial/share/serial/local_setup.zsh
[1.718s] -- Up-to-date symlink: /home/E14Raspberry/ScooperBot/tennisbot_ws/install/serial/share/serial/local_setup.dsv
[1.721s] -- Symlinking: /home/E14Raspberry/ScooperBot/tennisbot_ws/install/serial/share/serial/package.dsv
[1.772s] -- Up-to-date symlink: /home/E14Raspberry/ScooperBot/tennisbot_ws/install/serial/share/ament_index/resource_index/packages/serial
[1.776s] -- Up-to-date symlink: /home/E14Raspberry/ScooperBot/tennisbot_ws/install/serial/share/serial/cmake/ament_cmake_export_include_directories-extras.cmake
[1.777s] -- Up-to-date symlink: /home/E14Raspberry/ScooperBot/tennisbot_ws/install/serial/share/serial/cmake/ament_cmake_export_libraries-extras.cmake
[1.781s] -- Up-to-date symlink: /home/E14Raspberry/ScooperBot/tennisbot_ws/install/serial/share/serial/cmake/serialConfig.cmake
[1.782s] -- Up-to-date symlink: /home/E14Raspberry/ScooperBot/tennisbot_ws/install/serial/share/serial/cmake/serialConfig-version.cmake
[1.784s] -- Up-to-date symlink: /home/E14Raspberry/ScooperBot/tennisbot_ws/install/serial/share/serial/package.xml
[1.799s] Invoked command in '/home/E14Raspberry/ScooperBot/tennisbot_ws/build/serial' returned '0': CMAKE_PREFIX_PATH=/opt/ros/jazzy /usr/bin/cmake --install /home/E14Raspberry/ScooperBot/tennisbot_ws/build/serial
