[0.454s] DEBUG:colcon:Command line arguments: ['/usr/bin/colcon', 'build', '--symlink-install']
[0.455s] DEBUG:colcon:Parsed command line arguments: Namespace(log_base=None, log_level=None, verb_name='build', build_base='build', install_base='install', merge_install=False, symlink_install=True, test_result_base=None, continue_on_error=False, executor='parallel', parallel_workers=4, event_handlers=None, ignore_user_meta=False, metas=['./colcon.meta'], base_paths=['.'], packages_ignore=None, packages_ignore_regex=None, paths=None, packages_up_to=None, packages_up_to_regex=None, packages_above=None, packages_above_and_dependencies=None, packages_above_depth=None, packages_select_by_dep=None, packages_skip_by_dep=None, packages_skip_up_to=None, packages_select_build_failed=False, packages_skip_build_finished=False, packages_select_test_failures=False, packages_skip_test_passed=False, packages_select=None, packages_skip=None, packages_select_regex=None, packages_skip_regex=None, packages_start=None, packages_end=None, allow_overriding=[], cmake_args=None, cmake_target=None, cmake_target_skip_unavailable=False, cmake_clean_cache=False, cmake_clean_first=False, cmake_force_configure=False, ament_cmake_args=None, catkin_cmake_args=None, catkin_skip_building_tests=False, mixin_files=None, mixin=None, verb_parser=<colcon_mixin.mixin.mixin_argument.MixinArgumentDecorator object at 0xffffb85de7e0>, verb_extension=<colcon_core.verb.build.BuildVerb object at 0xffffb8d42cf0>, main=<bound method BuildVerb.main of <colcon_core.verb.build.BuildVerb object at 0xffffb8d42cf0>>, mixin_verb=('build',))
[0.601s] Level 1:colcon.colcon_core.package_discovery:discover_packages(colcon_meta) check parameters
[0.602s] Level 1:colcon.colcon_core.package_discovery:discover_packages(recursive) check parameters
[0.602s] Level 1:colcon.colcon_core.package_discovery:discover_packages(ignore) check parameters
[0.602s] Level 1:colcon.colcon_core.package_discovery:discover_packages(path) check parameters
[0.602s] Level 1:colcon.colcon_core.package_discovery:discover_packages(colcon_meta) discover
[0.602s] Level 1:colcon.colcon_core.package_discovery:discover_packages(recursive) discover
[0.602s] INFO:colcon.colcon_core.package_discovery:Crawling recursively for packages in '/home/E14Raspberry/ScooperBot/tennisbot_ws'
[0.603s] Level 1:colcon.colcon_core.package_identification:_identify(.) by extensions ['ignore', 'ignore_ament_install']
[0.603s] Level 1:colcon.colcon_core.package_identification:_identify(.) by extension 'ignore'
[0.603s] Level 1:colcon.colcon_core.package_identification:_identify(.) by extension 'ignore_ament_install'
[0.603s] Level 1:colcon.colcon_core.package_identification:_identify(.) by extensions ['colcon_pkg']
[0.604s] Level 1:colcon.colcon_core.package_identification:_identify(.) by extension 'colcon_pkg'
[0.604s] Level 1:colcon.colcon_core.package_identification:_identify(.) by extensions ['colcon_meta']
[0.604s] Level 1:colcon.colcon_core.package_identification:_identify(.) by extension 'colcon_meta'
[0.604s] Level 1:colcon.colcon_core.package_identification:_identify(.) by extensions ['ros']
[0.604s] Level 1:colcon.colcon_core.package_identification:_identify(.) by extension 'ros'
[0.709s] Level 1:colcon.colcon_core.package_identification:_identify(.) by extensions ['cmake', 'python']
[0.709s] Level 1:colcon.colcon_core.package_identification:_identify(.) by extension 'cmake'
[0.709s] Level 1:colcon.colcon_core.package_identification:_identify(.) by extension 'python'
[0.709s] Level 1:colcon.colcon_core.package_identification:_identify(.) by extensions ['python_setup_py']
[0.709s] Level 1:colcon.colcon_core.package_identification:_identify(.) by extension 'python_setup_py'
[0.710s] Level 1:colcon.colcon_core.package_identification:_identify(build) by extensions ['ignore', 'ignore_ament_install']
[0.710s] Level 1:colcon.colcon_core.package_identification:_identify(build) by extension 'ignore'
[0.710s] Level 1:colcon.colcon_core.package_identification:_identify(build) ignored
[0.711s] Level 1:colcon.colcon_core.package_identification:_identify(install) by extensions ['ignore', 'ignore_ament_install']
[0.711s] Level 1:colcon.colcon_core.package_identification:_identify(install) by extension 'ignore'
[0.712s] Level 1:colcon.colcon_core.package_identification:_identify(install) ignored
[0.712s] Level 1:colcon.colcon_core.package_identification:_identify(log) by extensions ['ignore', 'ignore_ament_install']
[0.712s] Level 1:colcon.colcon_core.package_identification:_identify(log) by extension 'ignore'
[0.713s] Level 1:colcon.colcon_core.package_identification:_identify(log) ignored
[0.713s] Level 1:colcon.colcon_core.package_identification:_identify(src) by extensions ['ignore', 'ignore_ament_install']
[0.713s] Level 1:colcon.colcon_core.package_identification:_identify(src) by extension 'ignore'
[0.713s] Level 1:colcon.colcon_core.package_identification:_identify(src) by extension 'ignore_ament_install'
[0.714s] Level 1:colcon.colcon_core.package_identification:_identify(src) by extensions ['colcon_pkg']
[0.714s] Level 1:colcon.colcon_core.package_identification:_identify(src) by extension 'colcon_pkg'
[0.714s] Level 1:colcon.colcon_core.package_identification:_identify(src) by extensions ['colcon_meta']
[0.714s] Level 1:colcon.colcon_core.package_identification:_identify(src) by extension 'colcon_meta'
[0.714s] Level 1:colcon.colcon_core.package_identification:_identify(src) by extensions ['ros']
[0.714s] Level 1:colcon.colcon_core.package_identification:_identify(src) by extension 'ros'
[0.715s] Level 1:colcon.colcon_core.package_identification:_identify(src) by extensions ['cmake', 'python']
[0.715s] Level 1:colcon.colcon_core.package_identification:_identify(src) by extension 'cmake'
[0.715s] Level 1:colcon.colcon_core.package_identification:_identify(src) by extension 'python'
[0.715s] Level 1:colcon.colcon_core.package_identification:_identify(src) by extensions ['python_setup_py']
[0.715s] Level 1:colcon.colcon_core.package_identification:_identify(src) by extension 'python_setup_py'
[0.716s] Level 1:colcon.colcon_core.package_identification:_identify(src/diffdrive_arduino) by extensions ['ignore', 'ignore_ament_install']
[0.716s] Level 1:colcon.colcon_core.package_identification:_identify(src/diffdrive_arduino) by extension 'ignore'
[0.716s] Level 1:colcon.colcon_core.package_identification:_identify(src/diffdrive_arduino) by extension 'ignore_ament_install'
[0.716s] Level 1:colcon.colcon_core.package_identification:_identify(src/diffdrive_arduino) by extensions ['colcon_pkg']
[0.716s] Level 1:colcon.colcon_core.package_identification:_identify(src/diffdrive_arduino) by extension 'colcon_pkg'
[0.717s] Level 1:colcon.colcon_core.package_identification:_identify(src/diffdrive_arduino) by extensions ['colcon_meta']
[0.717s] Level 1:colcon.colcon_core.package_identification:_identify(src/diffdrive_arduino) by extension 'colcon_meta'
[0.717s] Level 1:colcon.colcon_core.package_identification:_identify(src/diffdrive_arduino) by extensions ['ros']
[0.717s] Level 1:colcon.colcon_core.package_identification:_identify(src/diffdrive_arduino) by extension 'ros'
[0.727s] DEBUG:colcon.colcon_core.package_identification:Package 'src/diffdrive_arduino' with type 'ros.ament_cmake' and name 'diffdrive_arduino'
[0.727s] Level 1:colcon.colcon_core.package_identification:_identify(src/serial) by extensions ['ignore', 'ignore_ament_install']
[0.728s] Level 1:colcon.colcon_core.package_identification:_identify(src/serial) by extension 'ignore'
[0.728s] Level 1:colcon.colcon_core.package_identification:_identify(src/serial) by extension 'ignore_ament_install'
[0.728s] Level 1:colcon.colcon_core.package_identification:_identify(src/serial) by extensions ['colcon_pkg']
[0.728s] Level 1:colcon.colcon_core.package_identification:_identify(src/serial) by extension 'colcon_pkg'
[0.728s] Level 1:colcon.colcon_core.package_identification:_identify(src/serial) by extensions ['colcon_meta']
[0.728s] Level 1:colcon.colcon_core.package_identification:_identify(src/serial) by extension 'colcon_meta'
[0.729s] Level 1:colcon.colcon_core.package_identification:_identify(src/serial) by extensions ['ros']
[0.729s] Level 1:colcon.colcon_core.package_identification:_identify(src/serial) by extension 'ros'
[0.731s] DEBUG:colcon.colcon_core.package_identification:Package 'src/serial' with type 'ros.ament_cmake' and name 'serial'
[0.731s] Level 1:colcon.colcon_core.package_identification:_identify(src/serial_motor_demo) by extensions ['ignore', 'ignore_ament_install']
[0.731s] Level 1:colcon.colcon_core.package_identification:_identify(src/serial_motor_demo) by extension 'ignore'
[0.732s] Level 1:colcon.colcon_core.package_identification:_identify(src/serial_motor_demo) by extension 'ignore_ament_install'
[0.732s] Level 1:colcon.colcon_core.package_identification:_identify(src/serial_motor_demo) by extensions ['colcon_pkg']
[0.732s] Level 1:colcon.colcon_core.package_identification:_identify(src/serial_motor_demo) by extension 'colcon_pkg'
[0.732s] Level 1:colcon.colcon_core.package_identification:_identify(src/serial_motor_demo) by extensions ['colcon_meta']
[0.732s] Level 1:colcon.colcon_core.package_identification:_identify(src/serial_motor_demo) by extension 'colcon_meta'
[0.732s] Level 1:colcon.colcon_core.package_identification:_identify(src/serial_motor_demo) by extensions ['ros']
[0.732s] Level 1:colcon.colcon_core.package_identification:_identify(src/serial_motor_demo) by extension 'ros'
[0.733s] Level 1:colcon.colcon_core.package_identification:_identify(src/serial_motor_demo) by extensions ['cmake', 'python']
[0.733s] Level 1:colcon.colcon_core.package_identification:_identify(src/serial_motor_demo) by extension 'cmake'
[0.733s] Level 1:colcon.colcon_core.package_identification:_identify(src/serial_motor_demo) by extension 'python'
[0.733s] Level 1:colcon.colcon_core.package_identification:_identify(src/serial_motor_demo) by extensions ['python_setup_py']
[0.733s] Level 1:colcon.colcon_core.package_identification:_identify(src/serial_motor_demo) by extension 'python_setup_py'
[0.734s] Level 1:colcon.colcon_core.package_identification:_identify(src/serial_motor_demo/serial_motor_demo) by extensions ['ignore', 'ignore_ament_install']
[0.734s] Level 1:colcon.colcon_core.package_identification:_identify(src/serial_motor_demo/serial_motor_demo) by extension 'ignore'
[0.734s] Level 1:colcon.colcon_core.package_identification:_identify(src/serial_motor_demo/serial_motor_demo) by extension 'ignore_ament_install'
[0.735s] Level 1:colcon.colcon_core.package_identification:_identify(src/serial_motor_demo/serial_motor_demo) by extensions ['colcon_pkg']
[0.735s] Level 1:colcon.colcon_core.package_identification:_identify(src/serial_motor_demo/serial_motor_demo) by extension 'colcon_pkg'
[0.735s] Level 1:colcon.colcon_core.package_identification:_identify(src/serial_motor_demo/serial_motor_demo) by extensions ['colcon_meta']
[0.735s] Level 1:colcon.colcon_core.package_identification:_identify(src/serial_motor_demo/serial_motor_demo) by extension 'colcon_meta'
[0.735s] Level 1:colcon.colcon_core.package_identification:_identify(src/serial_motor_demo/serial_motor_demo) by extensions ['ros']
[0.735s] Level 1:colcon.colcon_core.package_identification:_identify(src/serial_motor_demo/serial_motor_demo) by extension 'ros'
[0.737s] DEBUG:colcon.colcon_core.package_identification:Package 'src/serial_motor_demo/serial_motor_demo' with type 'ros.ament_python' and name 'serial_motor_demo'
[0.738s] Level 1:colcon.colcon_core.package_identification:_identify(src/serial_motor_demo/serial_motor_demo_msgs) by extensions ['ignore', 'ignore_ament_install']
[0.739s] Level 1:colcon.colcon_core.package_identification:_identify(src/serial_motor_demo/serial_motor_demo_msgs) by extension 'ignore'
[0.739s] Level 1:colcon.colcon_core.package_identification:_identify(src/serial_motor_demo/serial_motor_demo_msgs) by extension 'ignore_ament_install'
[0.739s] Level 1:colcon.colcon_core.package_identification:_identify(src/serial_motor_demo/serial_motor_demo_msgs) by extensions ['colcon_pkg']
[0.739s] Level 1:colcon.colcon_core.package_identification:_identify(src/serial_motor_demo/serial_motor_demo_msgs) by extension 'colcon_pkg'
[0.739s] Level 1:colcon.colcon_core.package_identification:_identify(src/serial_motor_demo/serial_motor_demo_msgs) by extensions ['colcon_meta']
[0.739s] Level 1:colcon.colcon_core.package_identification:_identify(src/serial_motor_demo/serial_motor_demo_msgs) by extension 'colcon_meta'
[0.740s] Level 1:colcon.colcon_core.package_identification:_identify(src/serial_motor_demo/serial_motor_demo_msgs) by extensions ['ros']
[0.740s] Level 1:colcon.colcon_core.package_identification:_identify(src/serial_motor_demo/serial_motor_demo_msgs) by extension 'ros'
[0.741s] DEBUG:colcon.colcon_core.package_identification:Package 'src/serial_motor_demo/serial_motor_demo_msgs' with type 'ros.ament_cmake' and name 'serial_motor_demo_msgs'
[0.742s] Level 1:colcon.colcon_core.package_identification:_identify(src/tennisbotmaster) by extensions ['ignore', 'ignore_ament_install']
[0.742s] Level 1:colcon.colcon_core.package_identification:_identify(src/tennisbotmaster) by extension 'ignore'
[0.742s] Level 1:colcon.colcon_core.package_identification:_identify(src/tennisbotmaster) by extension 'ignore_ament_install'
[0.743s] Level 1:colcon.colcon_core.package_identification:_identify(src/tennisbotmaster) by extensions ['colcon_pkg']
[0.743s] Level 1:colcon.colcon_core.package_identification:_identify(src/tennisbotmaster) by extension 'colcon_pkg'
[0.743s] Level 1:colcon.colcon_core.package_identification:_identify(src/tennisbotmaster) by extensions ['colcon_meta']
[0.743s] Level 1:colcon.colcon_core.package_identification:_identify(src/tennisbotmaster) by extension 'colcon_meta'
[0.743s] Level 1:colcon.colcon_core.package_identification:_identify(src/tennisbotmaster) by extensions ['ros']
[0.743s] Level 1:colcon.colcon_core.package_identification:_identify(src/tennisbotmaster) by extension 'ros'
[0.745s] DEBUG:colcon.colcon_core.package_identification:Package 'src/tennisbotmaster' with type 'ros.ament_cmake' and name 'tennisbotmaster'
[0.745s] Level 1:colcon.colcon_core.package_identification:_identify(src/twist_stamper) by extensions ['ignore', 'ignore_ament_install']
[0.746s] Level 1:colcon.colcon_core.package_identification:_identify(src/twist_stamper) by extension 'ignore'
[0.746s] Level 1:colcon.colcon_core.package_identification:_identify(src/twist_stamper) by extension 'ignore_ament_install'
[0.746s] Level 1:colcon.colcon_core.package_identification:_identify(src/twist_stamper) by extensions ['colcon_pkg']
[0.746s] Level 1:colcon.colcon_core.package_identification:_identify(src/twist_stamper) by extension 'colcon_pkg'
[0.746s] Level 1:colcon.colcon_core.package_identification:_identify(src/twist_stamper) by extensions ['colcon_meta']
[0.746s] Level 1:colcon.colcon_core.package_identification:_identify(src/twist_stamper) by extension 'colcon_meta'
[0.746s] Level 1:colcon.colcon_core.package_identification:_identify(src/twist_stamper) by extensions ['ros']
[0.747s] Level 1:colcon.colcon_core.package_identification:_identify(src/twist_stamper) by extension 'ros'
[0.748s] DEBUG:colcon.colcon_core.package_identification:Package 'src/twist_stamper' with type 'ros.ament_python' and name 'twist_stamper'
[0.749s] Level 1:colcon.colcon_core.package_discovery:discover_packages(recursive) using defaults
[0.749s] Level 1:colcon.colcon_core.package_discovery:discover_packages(ignore) discover
[0.749s] Level 1:colcon.colcon_core.package_discovery:discover_packages(ignore) using defaults
[0.749s] Level 1:colcon.colcon_core.package_discovery:discover_packages(path) discover
[0.749s] Level 1:colcon.colcon_core.package_discovery:discover_packages(path) using defaults
[0.820s] Level 1:colcon.colcon_core.package_discovery:discover_packages(prefix_path) check parameters
[0.820s] Level 1:colcon.colcon_core.package_discovery:discover_packages(prefix_path) discover
[0.830s] DEBUG:colcon.colcon_installed_package_information.package_discovery:Found 7 installed packages in /home/E14Raspberry/ScooperBot/tennisbot_ws/install
[0.839s] DEBUG:colcon.colcon_installed_package_information.package_discovery:Found 250 installed packages in /opt/ros/jazzy
[0.842s] Level 1:colcon.colcon_core.package_discovery:discover_packages(prefix_path) using defaults
[0.996s] Level 5:colcon.colcon_core.verb:set package 'diffdrive_arduino' build argument 'cmake_args' from command line to 'None'
[0.996s] Level 5:colcon.colcon_core.verb:set package 'diffdrive_arduino' build argument 'cmake_target' from command line to 'None'
[0.996s] Level 5:colcon.colcon_core.verb:set package 'diffdrive_arduino' build argument 'cmake_target_skip_unavailable' from command line to 'False'
[0.996s] Level 5:colcon.colcon_core.verb:set package 'diffdrive_arduino' build argument 'cmake_clean_cache' from command line to 'False'
[0.996s] Level 5:colcon.colcon_core.verb:set package 'diffdrive_arduino' build argument 'cmake_clean_first' from command line to 'False'
[0.997s] Level 5:colcon.colcon_core.verb:set package 'diffdrive_arduino' build argument 'cmake_force_configure' from command line to 'False'
[0.997s] Level 5:colcon.colcon_core.verb:set package 'diffdrive_arduino' build argument 'ament_cmake_args' from command line to 'None'
[0.997s] Level 5:colcon.colcon_core.verb:set package 'diffdrive_arduino' build argument 'catkin_cmake_args' from command line to 'None'
[0.997s] Level 5:colcon.colcon_core.verb:set package 'diffdrive_arduino' build argument 'catkin_skip_building_tests' from command line to 'False'
[0.997s] DEBUG:colcon.colcon_core.verb:Building package 'diffdrive_arduino' with the following arguments: {'ament_cmake_args': None, 'build_base': '/home/E14Raspberry/ScooperBot/tennisbot_ws/build/diffdrive_arduino', 'catkin_cmake_args': None, 'catkin_skip_building_tests': False, 'cmake_args': None, 'cmake_clean_cache': False, 'cmake_clean_first': False, 'cmake_force_configure': False, 'cmake_target': None, 'cmake_target_skip_unavailable': False, 'install_base': '/home/E14Raspberry/ScooperBot/tennisbot_ws/install/diffdrive_arduino', 'merge_install': False, 'path': '/home/E14Raspberry/ScooperBot/tennisbot_ws/src/diffdrive_arduino', 'symlink_install': True, 'test_result_base': None}
[0.998s] Level 5:colcon.colcon_core.verb:set package 'serial' build argument 'cmake_args' from command line to 'None'
[0.998s] Level 5:colcon.colcon_core.verb:set package 'serial' build argument 'cmake_target' from command line to 'None'
[0.998s] Level 5:colcon.colcon_core.verb:set package 'serial' build argument 'cmake_target_skip_unavailable' from command line to 'False'
[0.999s] Level 5:colcon.colcon_core.verb:set package 'serial' build argument 'cmake_clean_cache' from command line to 'False'
[0.999s] Level 5:colcon.colcon_core.verb:set package 'serial' build argument 'cmake_clean_first' from command line to 'False'
[0.999s] Level 5:colcon.colcon_core.verb:set package 'serial' build argument 'cmake_force_configure' from command line to 'False'
[0.999s] Level 5:colcon.colcon_core.verb:set package 'serial' build argument 'ament_cmake_args' from command line to 'None'
[0.999s] Level 5:colcon.colcon_core.verb:set package 'serial' build argument 'catkin_cmake_args' from command line to 'None'
[0.999s] Level 5:colcon.colcon_core.verb:set package 'serial' build argument 'catkin_skip_building_tests' from command line to 'False'
[0.999s] DEBUG:colcon.colcon_core.verb:Building package 'serial' with the following arguments: {'ament_cmake_args': None, 'build_base': '/home/E14Raspberry/ScooperBot/tennisbot_ws/build/serial', 'catkin_cmake_args': None, 'catkin_skip_building_tests': False, 'cmake_args': None, 'cmake_clean_cache': False, 'cmake_clean_first': False, 'cmake_force_configure': False, 'cmake_target': None, 'cmake_target_skip_unavailable': False, 'install_base': '/home/E14Raspberry/ScooperBot/tennisbot_ws/install/serial', 'merge_install': False, 'path': '/home/E14Raspberry/ScooperBot/tennisbot_ws/src/serial', 'symlink_install': True, 'test_result_base': None}
[1.000s] Level 5:colcon.colcon_core.verb:set package 'serial_motor_demo_msgs' build argument 'cmake_args' from command line to 'None'
[1.000s] Level 5:colcon.colcon_core.verb:set package 'serial_motor_demo_msgs' build argument 'cmake_target' from command line to 'None'
[1.000s] Level 5:colcon.colcon_core.verb:set package 'serial_motor_demo_msgs' build argument 'cmake_target_skip_unavailable' from command line to 'False'
[1.001s] Level 5:colcon.colcon_core.verb:set package 'serial_motor_demo_msgs' build argument 'cmake_clean_cache' from command line to 'False'
[1.001s] Level 5:colcon.colcon_core.verb:set package 'serial_motor_demo_msgs' build argument 'cmake_clean_first' from command line to 'False'
[1.001s] Level 5:colcon.colcon_core.verb:set package 'serial_motor_demo_msgs' build argument 'cmake_force_configure' from command line to 'False'
[1.001s] Level 5:colcon.colcon_core.verb:set package 'serial_motor_demo_msgs' build argument 'ament_cmake_args' from command line to 'None'
[1.001s] Level 5:colcon.colcon_core.verb:set package 'serial_motor_demo_msgs' build argument 'catkin_cmake_args' from command line to 'None'
[1.001s] Level 5:colcon.colcon_core.verb:set package 'serial_motor_demo_msgs' build argument 'catkin_skip_building_tests' from command line to 'False'
[1.001s] DEBUG:colcon.colcon_core.verb:Building package 'serial_motor_demo_msgs' with the following arguments: {'ament_cmake_args': None, 'build_base': '/home/E14Raspberry/ScooperBot/tennisbot_ws/build/serial_motor_demo_msgs', 'catkin_cmake_args': None, 'catkin_skip_building_tests': False, 'cmake_args': None, 'cmake_clean_cache': False, 'cmake_clean_first': False, 'cmake_force_configure': False, 'cmake_target': None, 'cmake_target_skip_unavailable': False, 'install_base': '/home/E14Raspberry/ScooperBot/tennisbot_ws/install/serial_motor_demo_msgs', 'merge_install': False, 'path': '/home/E14Raspberry/ScooperBot/tennisbot_ws/src/serial_motor_demo/serial_motor_demo_msgs', 'symlink_install': True, 'test_result_base': None}
[1.002s] Level 5:colcon.colcon_core.verb:set package 'tennisbotmaster' build argument 'cmake_args' from command line to 'None'
[1.002s] Level 5:colcon.colcon_core.verb:set package 'tennisbotmaster' build argument 'cmake_target' from command line to 'None'
[1.002s] Level 5:colcon.colcon_core.verb:set package 'tennisbotmaster' build argument 'cmake_target_skip_unavailable' from command line to 'False'
[1.003s] Level 5:colcon.colcon_core.verb:set package 'tennisbotmaster' build argument 'cmake_clean_cache' from command line to 'False'
[1.003s] Level 5:colcon.colcon_core.verb:set package 'tennisbotmaster' build argument 'cmake_clean_first' from command line to 'False'
[1.003s] Level 5:colcon.colcon_core.verb:set package 'tennisbotmaster' build argument 'cmake_force_configure' from command line to 'False'
[1.003s] Level 5:colcon.colcon_core.verb:set package 'tennisbotmaster' build argument 'ament_cmake_args' from command line to 'None'
[1.003s] Level 5:colcon.colcon_core.verb:set package 'tennisbotmaster' build argument 'catkin_cmake_args' from command line to 'None'
[1.003s] Level 5:colcon.colcon_core.verb:set package 'tennisbotmaster' build argument 'catkin_skip_building_tests' from command line to 'False'
[1.003s] DEBUG:colcon.colcon_core.verb:Building package 'tennisbotmaster' with the following arguments: {'ament_cmake_args': None, 'build_base': '/home/E14Raspberry/ScooperBot/tennisbot_ws/build/tennisbotmaster', 'catkin_cmake_args': None, 'catkin_skip_building_tests': False, 'cmake_args': None, 'cmake_clean_cache': False, 'cmake_clean_first': False, 'cmake_force_configure': False, 'cmake_target': None, 'cmake_target_skip_unavailable': False, 'install_base': '/home/E14Raspberry/ScooperBot/tennisbot_ws/install/tennisbotmaster', 'merge_install': False, 'path': '/home/E14Raspberry/ScooperBot/tennisbot_ws/src/tennisbotmaster', 'symlink_install': True, 'test_result_base': None}
[1.004s] Level 5:colcon.colcon_core.verb:set package 'twist_stamper' build argument 'cmake_args' from command line to 'None'
[1.004s] Level 5:colcon.colcon_core.verb:set package 'twist_stamper' build argument 'cmake_target' from command line to 'None'
[1.004s] Level 5:colcon.colcon_core.verb:set package 'twist_stamper' build argument 'cmake_target_skip_unavailable' from command line to 'False'
[1.005s] Level 5:colcon.colcon_core.verb:set package 'twist_stamper' build argument 'cmake_clean_cache' from command line to 'False'
[1.005s] Level 5:colcon.colcon_core.verb:set package 'twist_stamper' build argument 'cmake_clean_first' from command line to 'False'
[1.005s] Level 5:colcon.colcon_core.verb:set package 'twist_stamper' build argument 'cmake_force_configure' from command line to 'False'
[1.005s] Level 5:colcon.colcon_core.verb:set package 'twist_stamper' build argument 'ament_cmake_args' from command line to 'None'
[1.005s] Level 5:colcon.colcon_core.verb:set package 'twist_stamper' build argument 'catkin_cmake_args' from command line to 'None'
[1.005s] Level 5:colcon.colcon_core.verb:set package 'twist_stamper' build argument 'catkin_skip_building_tests' from command line to 'False'
[1.005s] DEBUG:colcon.colcon_core.verb:Building package 'twist_stamper' with the following arguments: {'ament_cmake_args': None, 'build_base': '/home/E14Raspberry/ScooperBot/tennisbot_ws/build/twist_stamper', 'catkin_cmake_args': None, 'catkin_skip_building_tests': False, 'cmake_args': None, 'cmake_clean_cache': False, 'cmake_clean_first': False, 'cmake_force_configure': False, 'cmake_target': None, 'cmake_target_skip_unavailable': False, 'install_base': '/home/E14Raspberry/ScooperBot/tennisbot_ws/install/twist_stamper', 'merge_install': False, 'path': '/home/E14Raspberry/ScooperBot/tennisbot_ws/src/twist_stamper', 'symlink_install': True, 'test_result_base': None}
[1.006s] Level 5:colcon.colcon_core.verb:set package 'serial_motor_demo' build argument 'cmake_args' from command line to 'None'
[1.006s] Level 5:colcon.colcon_core.verb:set package 'serial_motor_demo' build argument 'cmake_target' from command line to 'None'
[1.006s] Level 5:colcon.colcon_core.verb:set package 'serial_motor_demo' build argument 'cmake_target_skip_unavailable' from command line to 'False'
[1.006s] Level 5:colcon.colcon_core.verb:set package 'serial_motor_demo' build argument 'cmake_clean_cache' from command line to 'False'
[1.007s] Level 5:colcon.colcon_core.verb:set package 'serial_motor_demo' build argument 'cmake_clean_first' from command line to 'False'
[1.007s] Level 5:colcon.colcon_core.verb:set package 'serial_motor_demo' build argument 'cmake_force_configure' from command line to 'False'
[1.007s] Level 5:colcon.colcon_core.verb:set package 'serial_motor_demo' build argument 'ament_cmake_args' from command line to 'None'
[1.007s] Level 5:colcon.colcon_core.verb:set package 'serial_motor_demo' build argument 'catkin_cmake_args' from command line to 'None'
[1.007s] Level 5:colcon.colcon_core.verb:set package 'serial_motor_demo' build argument 'catkin_skip_building_tests' from command line to 'False'
[1.007s] DEBUG:colcon.colcon_core.verb:Building package 'serial_motor_demo' with the following arguments: {'ament_cmake_args': None, 'build_base': '/home/E14Raspberry/ScooperBot/tennisbot_ws/build/serial_motor_demo', 'catkin_cmake_args': None, 'catkin_skip_building_tests': False, 'cmake_args': None, 'cmake_clean_cache': False, 'cmake_clean_first': False, 'cmake_force_configure': False, 'cmake_target': None, 'cmake_target_skip_unavailable': False, 'install_base': '/home/E14Raspberry/ScooperBot/tennisbot_ws/install/serial_motor_demo', 'merge_install': False, 'path': '/home/E14Raspberry/ScooperBot/tennisbot_ws/src/serial_motor_demo/serial_motor_demo', 'symlink_install': True, 'test_result_base': None}
[1.007s] INFO:colcon.colcon_core.executor:Executing jobs using 'parallel' executor
[1.010s] DEBUG:colcon.colcon_parallel_executor.executor.parallel:run_until_complete
[1.011s] INFO:colcon.colcon_ros.task.ament_cmake.build:Building ROS package in '/home/E14Raspberry/ScooperBot/tennisbot_ws/src/serial_motor_demo/serial_motor_demo_msgs' with build type 'ament_cmake'
[1.012s] INFO:colcon.colcon_cmake.task.cmake.build:Building CMake package in '/home/E14Raspberry/ScooperBot/tennisbot_ws/src/serial_motor_demo/serial_motor_demo_msgs'
[1.020s] INFO:colcon.colcon_core.plugin_system:Skipping extension 'colcon_core.shell.bat': Not used on non-Windows systems
[1.021s] INFO:colcon.colcon_core.shell:Skip shell extension 'powershell' for command environment: Not usable outside of PowerShell
[1.021s] DEBUG:colcon.colcon_core.shell:Skip shell extension 'dsv' for command environment
[1.040s] INFO:colcon.colcon_ros.task.ament_cmake.build:Building ROS package in '/home/E14Raspberry/ScooperBot/tennisbot_ws/src/diffdrive_arduino' with build type 'ament_cmake'
[1.040s] INFO:colcon.colcon_cmake.task.cmake.build:Building CMake package in '/home/E14Raspberry/ScooperBot/tennisbot_ws/src/diffdrive_arduino'
[1.041s] INFO:colcon.colcon_core.shell:Skip shell extension 'powershell' for command environment: Not usable outside of PowerShell
[1.042s] DEBUG:colcon.colcon_core.shell:Skip shell extension 'dsv' for command environment
[1.062s] INFO:colcon.colcon_ros.task.ament_cmake.build:Building ROS package in '/home/E14Raspberry/ScooperBot/tennisbot_ws/src/serial' with build type 'ament_cmake'
[1.062s] INFO:colcon.colcon_cmake.task.cmake.build:Building CMake package in '/home/E14Raspberry/ScooperBot/tennisbot_ws/src/serial'
[1.063s] INFO:colcon.colcon_core.shell:Skip shell extension 'powershell' for command environment: Not usable outside of PowerShell
[1.063s] DEBUG:colcon.colcon_core.shell:Skip shell extension 'dsv' for command environment
[1.083s] INFO:colcon.colcon_ros.task.ament_cmake.build:Building ROS package in '/home/E14Raspberry/ScooperBot/tennisbot_ws/src/tennisbotmaster' with build type 'ament_cmake'
[1.083s] INFO:colcon.colcon_cmake.task.cmake.build:Building CMake package in '/home/E14Raspberry/ScooperBot/tennisbot_ws/src/tennisbotmaster'
[1.084s] INFO:colcon.colcon_core.shell:Skip shell extension 'powershell' for command environment: Not usable outside of PowerShell
[1.084s] DEBUG:colcon.colcon_core.shell:Skip shell extension 'dsv' for command environment
[1.121s] DEBUG:colcon.colcon_core.event_handler.log_command:Invoking command in '/home/E14Raspberry/ScooperBot/tennisbot_ws/build/serial_motor_demo_msgs': CMAKE_PREFIX_PATH=${CMAKE_PREFIX_PATH}:/home/E14Raspberry/ScooperBot/tennisbot_ws/install/twist_stamper:/home/E14Raspberry/ScooperBot/tennisbot_ws/install/serial_motor_demo:/opt/ros/jazzy /usr/bin/cmake --build /home/E14Raspberry/ScooperBot/tennisbot_ws/build/serial_motor_demo_msgs -- -j4 -l4
[1.140s] DEBUG:colcon.colcon_core.event_handler.log_command:Invoking command in '/home/E14Raspberry/ScooperBot/tennisbot_ws/build/diffdrive_arduino': CMAKE_PREFIX_PATH=${CMAKE_PREFIX_PATH}:/home/E14Raspberry/ScooperBot/tennisbot_ws/install/twist_stamper:/home/E14Raspberry/ScooperBot/tennisbot_ws/install/serial_motor_demo:/opt/ros/jazzy /usr/bin/cmake --build /home/E14Raspberry/ScooperBot/tennisbot_ws/build/diffdrive_arduino -- -j4 -l4
[1.158s] DEBUG:colcon.colcon_core.event_handler.log_command:Invoking command in '/home/E14Raspberry/ScooperBot/tennisbot_ws/build/serial': CMAKE_PREFIX_PATH=${CMAKE_PREFIX_PATH}:/home/E14Raspberry/ScooperBot/tennisbot_ws/install/twist_stamper:/home/E14Raspberry/ScooperBot/tennisbot_ws/install/serial_motor_demo:/opt/ros/jazzy /usr/bin/cmake --build /home/E14Raspberry/ScooperBot/tennisbot_ws/build/serial -- -j4 -l4
[1.183s] DEBUG:colcon.colcon_core.event_handler.log_command:Invoking command in '/home/E14Raspberry/ScooperBot/tennisbot_ws/build/tennisbotmaster': CMAKE_PREFIX_PATH=${CMAKE_PREFIX_PATH}:/home/E14Raspberry/ScooperBot/tennisbot_ws/install/twist_stamper:/home/E14Raspberry/ScooperBot/tennisbot_ws/install/serial_motor_demo:/opt/ros/jazzy /usr/bin/cmake --build /home/E14Raspberry/ScooperBot/tennisbot_ws/build/tennisbotmaster -- -j4 -l4
[1.463s] DEBUG:colcon.colcon_core.event_handler.log_command:Invoked command in '/home/E14Raspberry/ScooperBot/tennisbot_ws/build/tennisbotmaster' returned '0': CMAKE_PREFIX_PATH=${CMAKE_PREFIX_PATH}:/home/E14Raspberry/ScooperBot/tennisbot_ws/install/twist_stamper:/home/E14Raspberry/ScooperBot/tennisbot_ws/install/serial_motor_demo:/opt/ros/jazzy /usr/bin/cmake --build /home/E14Raspberry/ScooperBot/tennisbot_ws/build/tennisbotmaster -- -j4 -l4
[1.729s] DEBUG:colcon.colcon_core.event_handler.log_command:Invoked command in '/home/E14Raspberry/ScooperBot/tennisbot_ws/build/diffdrive_arduino' returned '0': CMAKE_PREFIX_PATH=${CMAKE_PREFIX_PATH}:/home/E14Raspberry/ScooperBot/tennisbot_ws/install/twist_stamper:/home/E14Raspberry/ScooperBot/tennisbot_ws/install/serial_motor_demo:/opt/ros/jazzy /usr/bin/cmake --build /home/E14Raspberry/ScooperBot/tennisbot_ws/build/diffdrive_arduino -- -j4 -l4
[1.844s] DEBUG:colcon.colcon_core.event_handler.log_command:Invoking command in '/home/E14Raspberry/ScooperBot/tennisbot_ws/build/tennisbotmaster': CMAKE_PREFIX_PATH=${CMAKE_PREFIX_PATH}:/home/E14Raspberry/ScooperBot/tennisbot_ws/install/twist_stamper:/home/E14Raspberry/ScooperBot/tennisbot_ws/install/serial_motor_demo:/opt/ros/jazzy /usr/bin/cmake --install /home/E14Raspberry/ScooperBot/tennisbot_ws/build/tennisbotmaster
[2.018s] DEBUG:colcon.colcon_core.event_handler.log_command:Invoked command in '/home/E14Raspberry/ScooperBot/tennisbot_ws/build/serial' returned '0': CMAKE_PREFIX_PATH=${CMAKE_PREFIX_PATH}:/home/E14Raspberry/ScooperBot/tennisbot_ws/install/twist_stamper:/home/E14Raspberry/ScooperBot/tennisbot_ws/install/serial_motor_demo:/opt/ros/jazzy /usr/bin/cmake --build /home/E14Raspberry/ScooperBot/tennisbot_ws/build/serial -- -j4 -l4
[2.064s] DEBUG:colcon.colcon_core.event_handler.log_command:Invoking command in '/home/E14Raspberry/ScooperBot/tennisbot_ws/build/diffdrive_arduino': CMAKE_PREFIX_PATH=${CMAKE_PREFIX_PATH}:/home/E14Raspberry/ScooperBot/tennisbot_ws/install/twist_stamper:/home/E14Raspberry/ScooperBot/tennisbot_ws/install/serial_motor_demo:/opt/ros/jazzy /usr/bin/cmake --install /home/E14Raspberry/ScooperBot/tennisbot_ws/build/diffdrive_arduino
[2.111s] Level 1:colcon.colcon_core.environment:create_environment_scripts_only(tennisbotmaster)
[2.120s] DEBUG:colcon.colcon_core.event_handler.log_command:Invoked command in '/home/E14Raspberry/ScooperBot/tennisbot_ws/build/tennisbotmaster' returned '0': CMAKE_PREFIX_PATH=${CMAKE_PREFIX_PATH}:/home/E14Raspberry/ScooperBot/tennisbot_ws/install/twist_stamper:/home/E14Raspberry/ScooperBot/tennisbot_ws/install/serial_motor_demo:/opt/ros/jazzy /usr/bin/cmake --install /home/E14Raspberry/ScooperBot/tennisbot_ws/build/tennisbotmaster
[2.142s] Level 1:colcon.colcon_core.environment:checking '/home/E14Raspberry/ScooperBot/tennisbot_ws/install/tennisbotmaster' for CMake module files
[2.153s] Level 1:colcon.colcon_core.environment:checking '/home/E14Raspberry/ScooperBot/tennisbot_ws/install/tennisbotmaster' for CMake config files
[2.173s] Level 1:colcon.colcon_core.shell:create_environment_hook('tennisbotmaster', 'cmake_prefix_path')
[2.174s] INFO:colcon.colcon_core.shell:Creating environment hook '/home/E14Raspberry/ScooperBot/tennisbot_ws/install/tennisbotmaster/share/tennisbotmaster/hook/cmake_prefix_path.ps1'
[2.179s] INFO:colcon.colcon_core.shell:Creating environment descriptor '/home/E14Raspberry/ScooperBot/tennisbot_ws/install/tennisbotmaster/share/tennisbotmaster/hook/cmake_prefix_path.dsv'
[2.188s] INFO:colcon.colcon_core.shell:Creating environment hook '/home/E14Raspberry/ScooperBot/tennisbot_ws/install/tennisbotmaster/share/tennisbotmaster/hook/cmake_prefix_path.sh'
[2.203s] Level 1:colcon.colcon_core.environment:checking '/home/E14Raspberry/ScooperBot/tennisbot_ws/install/tennisbotmaster/bin'
[2.204s] Level 1:colcon.colcon_core.environment:checking '/home/E14Raspberry/ScooperBot/tennisbot_ws/install/tennisbotmaster/lib/pkgconfig/tennisbotmaster.pc'
[2.205s] Level 1:colcon.colcon_core.environment:checking '/home/E14Raspberry/ScooperBot/tennisbot_ws/install/tennisbotmaster/lib/python3.12/site-packages'
[2.210s] Level 1:colcon.colcon_core.environment:checking '/home/E14Raspberry/ScooperBot/tennisbot_ws/install/tennisbotmaster/bin'
[2.213s] INFO:colcon.colcon_core.shell:Creating package script '/home/E14Raspberry/ScooperBot/tennisbot_ws/install/tennisbotmaster/share/tennisbotmaster/package.ps1'
[2.222s] INFO:colcon.colcon_core.shell:Creating package descriptor '/home/E14Raspberry/ScooperBot/tennisbot_ws/install/tennisbotmaster/share/tennisbotmaster/package.dsv'
[2.228s] INFO:colcon.colcon_core.shell:Creating package script '/home/E14Raspberry/ScooperBot/tennisbot_ws/install/tennisbotmaster/share/tennisbotmaster/package.sh'
[2.234s] INFO:colcon.colcon_core.shell:Creating package script '/home/E14Raspberry/ScooperBot/tennisbot_ws/install/tennisbotmaster/share/tennisbotmaster/package.bash'
[2.240s] INFO:colcon.colcon_core.shell:Creating package script '/home/E14Raspberry/ScooperBot/tennisbot_ws/install/tennisbotmaster/share/tennisbotmaster/package.zsh'
[2.248s] Level 1:colcon.colcon_core.environment:create_file_with_runtime_dependencies(/home/E14Raspberry/ScooperBot/tennisbot_ws/install/tennisbotmaster/share/colcon-core/packages/tennisbotmaster)
[2.366s] Level 1:colcon.colcon_core.environment:create_environment_scripts_only(diffdrive_arduino)
[2.367s] Level 1:colcon.colcon_core.environment:checking '/home/E14Raspberry/ScooperBot/tennisbot_ws/install/diffdrive_arduino' for CMake module files
[2.369s] DEBUG:colcon.colcon_core.event_handler.log_command:Invoked command in '/home/E14Raspberry/ScooperBot/tennisbot_ws/build/diffdrive_arduino' returned '0': CMAKE_PREFIX_PATH=${CMAKE_PREFIX_PATH}:/home/E14Raspberry/ScooperBot/tennisbot_ws/install/twist_stamper:/home/E14Raspberry/ScooperBot/tennisbot_ws/install/serial_motor_demo:/opt/ros/jazzy /usr/bin/cmake --install /home/E14Raspberry/ScooperBot/tennisbot_ws/build/diffdrive_arduino
[2.375s] Level 1:colcon.colcon_core.environment:checking '/home/E14Raspberry/ScooperBot/tennisbot_ws/install/diffdrive_arduino' for CMake config files
[2.380s] Level 1:colcon.colcon_core.shell:create_environment_hook('diffdrive_arduino', 'cmake_prefix_path')
[2.381s] INFO:colcon.colcon_core.shell:Creating environment hook '/home/E14Raspberry/ScooperBot/tennisbot_ws/install/diffdrive_arduino/share/diffdrive_arduino/hook/cmake_prefix_path.ps1'
[2.383s] INFO:colcon.colcon_core.shell:Creating environment descriptor '/home/E14Raspberry/ScooperBot/tennisbot_ws/install/diffdrive_arduino/share/diffdrive_arduino/hook/cmake_prefix_path.dsv'
[2.385s] INFO:colcon.colcon_core.shell:Creating environment hook '/home/E14Raspberry/ScooperBot/tennisbot_ws/install/diffdrive_arduino/share/diffdrive_arduino/hook/cmake_prefix_path.sh'
[2.389s] Level 1:colcon.colcon_core.environment:checking '/home/E14Raspberry/ScooperBot/tennisbot_ws/install/diffdrive_arduino/lib'
[2.390s] Level 1:colcon.colcon_core.shell:create_environment_hook('diffdrive_arduino', 'ld_library_path_lib')
[2.391s] INFO:colcon.colcon_core.shell:Creating environment hook '/home/E14Raspberry/ScooperBot/tennisbot_ws/install/diffdrive_arduino/share/diffdrive_arduino/hook/ld_library_path_lib.ps1'
[2.393s] INFO:colcon.colcon_core.shell:Creating environment descriptor '/home/E14Raspberry/ScooperBot/tennisbot_ws/install/diffdrive_arduino/share/diffdrive_arduino/hook/ld_library_path_lib.dsv'
[2.395s] INFO:colcon.colcon_core.shell:Creating environment hook '/home/E14Raspberry/ScooperBot/tennisbot_ws/install/diffdrive_arduino/share/diffdrive_arduino/hook/ld_library_path_lib.sh'
[2.397s] Level 1:colcon.colcon_core.environment:checking '/home/E14Raspberry/ScooperBot/tennisbot_ws/install/diffdrive_arduino/bin'
[2.397s] Level 1:colcon.colcon_core.environment:checking '/home/E14Raspberry/ScooperBot/tennisbot_ws/install/diffdrive_arduino/lib/pkgconfig/diffdrive_arduino.pc'
[2.399s] Level 1:colcon.colcon_core.environment:checking '/home/E14Raspberry/ScooperBot/tennisbot_ws/install/diffdrive_arduino/lib/python3.12/site-packages'
[2.400s] Level 1:colcon.colcon_core.environment:checking '/home/E14Raspberry/ScooperBot/tennisbot_ws/install/diffdrive_arduino/bin'
[2.401s] INFO:colcon.colcon_core.shell:Creating package script '/home/E14Raspberry/ScooperBot/tennisbot_ws/install/diffdrive_arduino/share/diffdrive_arduino/package.ps1'
[2.407s] INFO:colcon.colcon_core.shell:Creating package descriptor '/home/E14Raspberry/ScooperBot/tennisbot_ws/install/diffdrive_arduino/share/diffdrive_arduino/package.dsv'
[2.410s] INFO:colcon.colcon_core.shell:Creating package script '/home/E14Raspberry/ScooperBot/tennisbot_ws/install/diffdrive_arduino/share/diffdrive_arduino/package.sh'
[2.413s] INFO:colcon.colcon_core.shell:Creating package script '/home/E14Raspberry/ScooperBot/tennisbot_ws/install/diffdrive_arduino/share/diffdrive_arduino/package.bash'
[2.416s] INFO:colcon.colcon_core.shell:Creating package script '/home/E14Raspberry/ScooperBot/tennisbot_ws/install/diffdrive_arduino/share/diffdrive_arduino/package.zsh'
[2.418s] Level 1:colcon.colcon_core.environment:create_file_with_runtime_dependencies(/home/E14Raspberry/ScooperBot/tennisbot_ws/install/diffdrive_arduino/share/colcon-core/packages/diffdrive_arduino)
[2.438s] Level 1:colcon.colcon_core.environment:create_environment_scripts_only(tennisbotmaster)
[2.440s] Level 1:colcon.colcon_core.environment:checking '/home/E14Raspberry/ScooperBot/tennisbot_ws/install/tennisbotmaster' for CMake module files
[2.445s] Level 1:colcon.colcon_core.environment:checking '/home/E14Raspberry/ScooperBot/tennisbot_ws/install/tennisbotmaster' for CMake config files
[2.451s] Level 1:colcon.colcon_core.shell:create_environment_hook('tennisbotmaster', 'cmake_prefix_path')
[2.452s] INFO:colcon.colcon_core.shell:Creating environment hook '/home/E14Raspberry/ScooperBot/tennisbot_ws/install/tennisbotmaster/share/tennisbotmaster/hook/cmake_prefix_path.ps1'
[2.455s] INFO:colcon.colcon_core.shell:Creating environment descriptor '/home/E14Raspberry/ScooperBot/tennisbot_ws/install/tennisbotmaster/share/tennisbotmaster/hook/cmake_prefix_path.dsv'
[2.457s] INFO:colcon.colcon_core.shell:Creating environment hook '/home/E14Raspberry/ScooperBot/tennisbot_ws/install/tennisbotmaster/share/tennisbotmaster/hook/cmake_prefix_path.sh'
[2.461s] Level 1:colcon.colcon_core.environment:checking '/home/E14Raspberry/ScooperBot/tennisbot_ws/install/tennisbotmaster/bin'
[2.461s] Level 1:colcon.colcon_core.environment:checking '/home/E14Raspberry/ScooperBot/tennisbot_ws/install/tennisbotmaster/lib/pkgconfig/tennisbotmaster.pc'
[2.463s] Level 1:colcon.colcon_core.environment:checking '/home/E14Raspberry/ScooperBot/tennisbot_ws/install/tennisbotmaster/lib/python3.12/site-packages'
[2.464s] Level 1:colcon.colcon_core.environment:checking '/home/E14Raspberry/ScooperBot/tennisbot_ws/install/tennisbotmaster/bin'
[2.465s] INFO:colcon.colcon_core.shell:Creating package script '/home/E14Raspberry/ScooperBot/tennisbot_ws/install/tennisbotmaster/share/tennisbotmaster/package.ps1'
[2.469s] INFO:colcon.colcon_core.shell:Creating package descriptor '/home/E14Raspberry/ScooperBot/tennisbot_ws/install/tennisbotmaster/share/tennisbotmaster/package.dsv'
[2.472s] INFO:colcon.colcon_core.shell:Creating package script '/home/E14Raspberry/ScooperBot/tennisbot_ws/install/tennisbotmaster/share/tennisbotmaster/package.sh'
[2.474s] INFO:colcon.colcon_core.shell:Creating package script '/home/E14Raspberry/ScooperBot/tennisbot_ws/install/tennisbotmaster/share/tennisbotmaster/package.bash'
[2.477s] INFO:colcon.colcon_core.shell:Creating package script '/home/E14Raspberry/ScooperBot/tennisbot_ws/install/tennisbotmaster/share/tennisbotmaster/package.zsh'
[2.480s] Level 1:colcon.colcon_core.environment:create_file_with_runtime_dependencies(/home/E14Raspberry/ScooperBot/tennisbot_ws/install/tennisbotmaster/share/colcon-core/packages/tennisbotmaster)
[2.482s] INFO:colcon.colcon_ros.task.ament_python.build:Building ROS package in '/home/E14Raspberry/ScooperBot/tennisbot_ws/src/twist_stamper' with build type 'ament_python'
[2.483s] Level 1:colcon.colcon_core.shell:create_environment_hook('twist_stamper', 'ament_prefix_path')
[2.484s] INFO:colcon.colcon_core.shell:Creating environment hook '/home/E14Raspberry/ScooperBot/tennisbot_ws/install/twist_stamper/share/twist_stamper/hook/ament_prefix_path.ps1'
[2.489s] INFO:colcon.colcon_core.shell:Creating environment descriptor '/home/E14Raspberry/ScooperBot/tennisbot_ws/install/twist_stamper/share/twist_stamper/hook/ament_prefix_path.dsv'
[2.492s] INFO:colcon.colcon_core.shell:Creating environment hook '/home/E14Raspberry/ScooperBot/tennisbot_ws/install/twist_stamper/share/twist_stamper/hook/ament_prefix_path.sh'
[2.495s] INFO:colcon.colcon_core.shell:Skip shell extension 'powershell' for command environment: Not usable outside of PowerShell
[2.496s] DEBUG:colcon.colcon_core.shell:Skip shell extension 'dsv' for command environment
[2.527s] DEBUG:colcon.colcon_core.event_handler.log_command:Invoking command in '/home/E14Raspberry/ScooperBot/tennisbot_ws/build/serial': CMAKE_PREFIX_PATH=${CMAKE_PREFIX_PATH}:/home/E14Raspberry/ScooperBot/tennisbot_ws/install/twist_stamper:/home/E14Raspberry/ScooperBot/tennisbot_ws/install/serial_motor_demo:/opt/ros/jazzy /usr/bin/cmake --install /home/E14Raspberry/ScooperBot/tennisbot_ws/build/serial
[3.607s] INFO:colcon.colcon_core.task.python.build:Building Python package in '/home/E14Raspberry/ScooperBot/tennisbot_ws/src/twist_stamper'
[3.608s] INFO:colcon.colcon_core.shell:Skip shell extension 'powershell' for command environment: Not usable outside of PowerShell
[3.608s] DEBUG:colcon.colcon_core.shell:Skip shell extension 'dsv' for command environment
[3.636s] Level 1:colcon.colcon_core.environment:create_environment_scripts_only(diffdrive_arduino)
[3.637s] Level 1:colcon.colcon_core.environment:checking '/home/E14Raspberry/ScooperBot/tennisbot_ws/install/diffdrive_arduino' for CMake module files
[3.644s] Level 1:colcon.colcon_core.environment:checking '/home/E14Raspberry/ScooperBot/tennisbot_ws/install/diffdrive_arduino' for CMake config files
[3.649s] Level 1:colcon.colcon_core.shell:create_environment_hook('diffdrive_arduino', 'cmake_prefix_path')
[3.651s] INFO:colcon.colcon_core.shell:Creating environment hook '/home/E14Raspberry/ScooperBot/tennisbot_ws/install/diffdrive_arduino/share/diffdrive_arduino/hook/cmake_prefix_path.ps1'
[3.654s] INFO:colcon.colcon_core.shell:Creating environment descriptor '/home/E14Raspberry/ScooperBot/tennisbot_ws/install/diffdrive_arduino/share/diffdrive_arduino/hook/cmake_prefix_path.dsv'
[3.658s] INFO:colcon.colcon_core.shell:Creating environment hook '/home/E14Raspberry/ScooperBot/tennisbot_ws/install/diffdrive_arduino/share/diffdrive_arduino/hook/cmake_prefix_path.sh'
[3.663s] Level 1:colcon.colcon_core.environment:checking '/home/E14Raspberry/ScooperBot/tennisbot_ws/install/diffdrive_arduino/lib'
[3.664s] Level 1:colcon.colcon_core.shell:create_environment_hook('diffdrive_arduino', 'ld_library_path_lib')
[3.665s] INFO:colcon.colcon_core.shell:Creating environment hook '/home/E14Raspberry/ScooperBot/tennisbot_ws/install/diffdrive_arduino/share/diffdrive_arduino/hook/ld_library_path_lib.ps1'
[3.667s] INFO:colcon.colcon_core.shell:Creating environment descriptor '/home/E14Raspberry/ScooperBot/tennisbot_ws/install/diffdrive_arduino/share/diffdrive_arduino/hook/ld_library_path_lib.dsv'
[3.670s] INFO:colcon.colcon_core.shell:Creating environment hook '/home/E14Raspberry/ScooperBot/tennisbot_ws/install/diffdrive_arduino/share/diffdrive_arduino/hook/ld_library_path_lib.sh'
[3.672s] Level 1:colcon.colcon_core.environment:checking '/home/E14Raspberry/ScooperBot/tennisbot_ws/install/diffdrive_arduino/bin'
[3.673s] Level 1:colcon.colcon_core.environment:checking '/home/E14Raspberry/ScooperBot/tennisbot_ws/install/diffdrive_arduino/lib/pkgconfig/diffdrive_arduino.pc'
[3.675s] Level 1:colcon.colcon_core.environment:checking '/home/E14Raspberry/ScooperBot/tennisbot_ws/install/diffdrive_arduino/lib/python3.12/site-packages'
[3.676s] Level 1:colcon.colcon_core.environment:checking '/home/E14Raspberry/ScooperBot/tennisbot_ws/install/diffdrive_arduino/bin'
[3.678s] INFO:colcon.colcon_core.shell:Creating package script '/home/E14Raspberry/ScooperBot/tennisbot_ws/install/diffdrive_arduino/share/diffdrive_arduino/package.ps1'
[3.682s] INFO:colcon.colcon_core.shell:Creating package descriptor '/home/E14Raspberry/ScooperBot/tennisbot_ws/install/diffdrive_arduino/share/diffdrive_arduino/package.dsv'
[3.686s] INFO:colcon.colcon_core.shell:Creating package script '/home/E14Raspberry/ScooperBot/tennisbot_ws/install/diffdrive_arduino/share/diffdrive_arduino/package.sh'
[3.690s] INFO:colcon.colcon_core.shell:Creating package script '/home/E14Raspberry/ScooperBot/tennisbot_ws/install/diffdrive_arduino/share/diffdrive_arduino/package.bash'
[3.696s] INFO:colcon.colcon_core.shell:Creating package script '/home/E14Raspberry/ScooperBot/tennisbot_ws/install/diffdrive_arduino/share/diffdrive_arduino/package.zsh'
[3.699s] Level 1:colcon.colcon_core.environment:create_file_with_runtime_dependencies(/home/E14Raspberry/ScooperBot/tennisbot_ws/install/diffdrive_arduino/share/colcon-core/packages/diffdrive_arduino)
[3.705s] Level 1:colcon.colcon_core.environment:create_environment_scripts_only(serial)
[3.706s] Level 1:colcon.colcon_core.environment:checking '/home/E14Raspberry/ScooperBot/tennisbot_ws/install/serial' for CMake module files
[3.708s] DEBUG:colcon.colcon_core.event_handler.log_command:Invoked command in '/home/E14Raspberry/ScooperBot/tennisbot_ws/build/serial' returned '0': CMAKE_PREFIX_PATH=${CMAKE_PREFIX_PATH}:/home/E14Raspberry/ScooperBot/tennisbot_ws/install/twist_stamper:/home/E14Raspberry/ScooperBot/tennisbot_ws/install/serial_motor_demo:/opt/ros/jazzy /usr/bin/cmake --install /home/E14Raspberry/ScooperBot/tennisbot_ws/build/serial
[3.712s] Level 1:colcon.colcon_core.environment:checking '/home/E14Raspberry/ScooperBot/tennisbot_ws/install/serial' for CMake config files
[3.715s] Level 1:colcon.colcon_core.shell:create_environment_hook('serial', 'cmake_prefix_path')
[3.716s] INFO:colcon.colcon_core.shell:Creating environment hook '/home/E14Raspberry/ScooperBot/tennisbot_ws/install/serial/share/serial/hook/cmake_prefix_path.ps1'
[3.719s] INFO:colcon.colcon_core.shell:Creating environment descriptor '/home/E14Raspberry/ScooperBot/tennisbot_ws/install/serial/share/serial/hook/cmake_prefix_path.dsv'
[3.722s] INFO:colcon.colcon_core.shell:Creating environment hook '/home/E14Raspberry/ScooperBot/tennisbot_ws/install/serial/share/serial/hook/cmake_prefix_path.sh'
[3.726s] Level 1:colcon.colcon_core.environment:checking '/home/E14Raspberry/ScooperBot/tennisbot_ws/install/serial/lib'
[3.727s] Level 1:colcon.colcon_core.environment:checking '/home/E14Raspberry/ScooperBot/tennisbot_ws/install/serial/bin'
[3.727s] Level 1:colcon.colcon_core.environment:checking '/home/E14Raspberry/ScooperBot/tennisbot_ws/install/serial/lib/pkgconfig/serial.pc'
[3.728s] Level 1:colcon.colcon_core.environment:checking '/home/E14Raspberry/ScooperBot/tennisbot_ws/install/serial/lib/python3.12/site-packages'
[3.729s] Level 1:colcon.colcon_core.environment:checking '/home/E14Raspberry/ScooperBot/tennisbot_ws/install/serial/bin'
[3.730s] INFO:colcon.colcon_core.shell:Creating package script '/home/E14Raspberry/ScooperBot/tennisbot_ws/install/serial/share/serial/package.ps1'
[3.732s] INFO:colcon.colcon_core.shell:Creating package descriptor '/home/E14Raspberry/ScooperBot/tennisbot_ws/install/serial/share/serial/package.dsv'
[3.734s] INFO:colcon.colcon_core.shell:Creating package script '/home/E14Raspberry/ScooperBot/tennisbot_ws/install/serial/share/serial/package.sh'
[3.736s] INFO:colcon.colcon_core.shell:Creating package script '/home/E14Raspberry/ScooperBot/tennisbot_ws/install/serial/share/serial/package.bash'
[3.738s] INFO:colcon.colcon_core.shell:Creating package script '/home/E14Raspberry/ScooperBot/tennisbot_ws/install/serial/share/serial/package.zsh'
[3.740s] Level 1:colcon.colcon_core.environment:create_file_with_runtime_dependencies(/home/E14Raspberry/ScooperBot/tennisbot_ws/install/serial/share/colcon-core/packages/serial)
[3.838s] DEBUG:colcon.colcon_core.event_handler.log_command:Invoked command in '/home/E14Raspberry/ScooperBot/tennisbot_ws/build/serial_motor_demo_msgs' returned '0': CMAKE_PREFIX_PATH=${CMAKE_PREFIX_PATH}:/home/E14Raspberry/ScooperBot/tennisbot_ws/install/twist_stamper:/home/E14Raspberry/ScooperBot/tennisbot_ws/install/serial_motor_demo:/opt/ros/jazzy /usr/bin/cmake --build /home/E14Raspberry/ScooperBot/tennisbot_ws/build/serial_motor_demo_msgs -- -j4 -l4
[3.955s] Level 1:colcon.colcon_core.environment:create_environment_scripts_only(serial)
[3.956s] Level 1:colcon.colcon_core.environment:checking '/home/E14Raspberry/ScooperBot/tennisbot_ws/install/serial' for CMake module files
[3.961s] Level 1:colcon.colcon_core.environment:checking '/home/E14Raspberry/ScooperBot/tennisbot_ws/install/serial' for CMake config files
[3.964s] Level 1:colcon.colcon_core.shell:create_environment_hook('serial', 'cmake_prefix_path')
[3.965s] INFO:colcon.colcon_core.shell:Creating environment hook '/home/E14Raspberry/ScooperBot/tennisbot_ws/install/serial/share/serial/hook/cmake_prefix_path.ps1'
[3.967s] INFO:colcon.colcon_core.shell:Creating environment descriptor '/home/E14Raspberry/ScooperBot/tennisbot_ws/install/serial/share/serial/hook/cmake_prefix_path.dsv'
[3.969s] INFO:colcon.colcon_core.shell:Creating environment hook '/home/E14Raspberry/ScooperBot/tennisbot_ws/install/serial/share/serial/hook/cmake_prefix_path.sh'
[3.972s] Level 1:colcon.colcon_core.environment:checking '/home/E14Raspberry/ScooperBot/tennisbot_ws/install/serial/lib'
[3.973s] Level 1:colcon.colcon_core.environment:checking '/home/E14Raspberry/ScooperBot/tennisbot_ws/install/serial/bin'
[3.973s] Level 1:colcon.colcon_core.environment:checking '/home/E14Raspberry/ScooperBot/tennisbot_ws/install/serial/lib/pkgconfig/serial.pc'
[3.974s] Level 1:colcon.colcon_core.environment:checking '/home/E14Raspberry/ScooperBot/tennisbot_ws/install/serial/lib/python3.12/site-packages'
[3.975s] Level 1:colcon.colcon_core.environment:checking '/home/E14Raspberry/ScooperBot/tennisbot_ws/install/serial/bin'
[3.976s] INFO:colcon.colcon_core.shell:Creating package script '/home/E14Raspberry/ScooperBot/tennisbot_ws/install/serial/share/serial/package.ps1'
[3.979s] INFO:colcon.colcon_core.shell:Creating package descriptor '/home/E14Raspberry/ScooperBot/tennisbot_ws/install/serial/share/serial/package.dsv'
[3.981s] INFO:colcon.colcon_core.shell:Creating package script '/home/E14Raspberry/ScooperBot/tennisbot_ws/install/serial/share/serial/package.sh'
[3.984s] INFO:colcon.colcon_core.shell:Creating package script '/home/E14Raspberry/ScooperBot/tennisbot_ws/install/serial/share/serial/package.bash'
[3.986s] INFO:colcon.colcon_core.shell:Creating package script '/home/E14Raspberry/ScooperBot/tennisbot_ws/install/serial/share/serial/package.zsh'
[3.990s] Level 1:colcon.colcon_core.environment:create_file_with_runtime_dependencies(/home/E14Raspberry/ScooperBot/tennisbot_ws/install/serial/share/colcon-core/packages/serial)
[4.511s] DEBUG:colcon.colcon_core.event_handler.log_command:Invoking command in '/home/E14Raspberry/ScooperBot/tennisbot_ws/build/serial_motor_demo_msgs': CMAKE_PREFIX_PATH=${CMAKE_PREFIX_PATH}:/home/E14Raspberry/ScooperBot/tennisbot_ws/install/twist_stamper:/home/E14Raspberry/ScooperBot/tennisbot_ws/install/serial_motor_demo:/opt/ros/jazzy /usr/bin/cmake --install /home/E14Raspberry/ScooperBot/tennisbot_ws/build/serial_motor_demo_msgs
[4.996s] Level 1:colcon.colcon_core.environment:create_environment_scripts_only(serial_motor_demo_msgs)
[4.998s] Level 1:colcon.colcon_core.environment:checking '/home/E14Raspberry/ScooperBot/tennisbot_ws/install/serial_motor_demo_msgs' for CMake module files
[4.998s] DEBUG:colcon.colcon_core.event_handler.log_command:Invoked command in '/home/E14Raspberry/ScooperBot/tennisbot_ws/build/serial_motor_demo_msgs' returned '0': CMAKE_PREFIX_PATH=${CMAKE_PREFIX_PATH}:/home/E14Raspberry/ScooperBot/tennisbot_ws/install/twist_stamper:/home/E14Raspberry/ScooperBot/tennisbot_ws/install/serial_motor_demo:/opt/ros/jazzy /usr/bin/cmake --install /home/E14Raspberry/ScooperBot/tennisbot_ws/build/serial_motor_demo_msgs
[5.003s] Level 1:colcon.colcon_core.environment:checking '/home/E14Raspberry/ScooperBot/tennisbot_ws/install/serial_motor_demo_msgs' for CMake config files
[5.005s] Level 1:colcon.colcon_core.shell:create_environment_hook('serial_motor_demo_msgs', 'cmake_prefix_path')
[5.006s] INFO:colcon.colcon_core.shell:Creating environment hook '/home/E14Raspberry/ScooperBot/tennisbot_ws/install/serial_motor_demo_msgs/share/serial_motor_demo_msgs/hook/cmake_prefix_path.ps1'
[5.008s] INFO:colcon.colcon_core.shell:Creating environment descriptor '/home/E14Raspberry/ScooperBot/tennisbot_ws/install/serial_motor_demo_msgs/share/serial_motor_demo_msgs/hook/cmake_prefix_path.dsv'
[5.010s] INFO:colcon.colcon_core.shell:Creating environment hook '/home/E14Raspberry/ScooperBot/tennisbot_ws/install/serial_motor_demo_msgs/share/serial_motor_demo_msgs/hook/cmake_prefix_path.sh'
[5.012s] Level 1:colcon.colcon_core.environment:checking '/home/E14Raspberry/ScooperBot/tennisbot_ws/install/serial_motor_demo_msgs/lib'
[5.013s] Level 1:colcon.colcon_core.shell:create_environment_hook('serial_motor_demo_msgs', 'ld_library_path_lib')
[5.014s] INFO:colcon.colcon_core.shell:Creating environment hook '/home/E14Raspberry/ScooperBot/tennisbot_ws/install/serial_motor_demo_msgs/share/serial_motor_demo_msgs/hook/ld_library_path_lib.ps1'
[5.015s] INFO:colcon.colcon_core.shell:Creating environment descriptor '/home/E14Raspberry/ScooperBot/tennisbot_ws/install/serial_motor_demo_msgs/share/serial_motor_demo_msgs/hook/ld_library_path_lib.dsv'
[5.017s] INFO:colcon.colcon_core.shell:Creating environment hook '/home/E14Raspberry/ScooperBot/tennisbot_ws/install/serial_motor_demo_msgs/share/serial_motor_demo_msgs/hook/ld_library_path_lib.sh'
[5.019s] Level 1:colcon.colcon_core.environment:checking '/home/E14Raspberry/ScooperBot/tennisbot_ws/install/serial_motor_demo_msgs/bin'
[5.019s] Level 1:colcon.colcon_core.environment:checking '/home/E14Raspberry/ScooperBot/tennisbot_ws/install/serial_motor_demo_msgs/lib/pkgconfig/serial_motor_demo_msgs.pc'
[5.020s] Level 1:colcon.colcon_core.environment:checking '/home/E14Raspberry/ScooperBot/tennisbot_ws/install/serial_motor_demo_msgs/lib/python3.12/site-packages'
[5.021s] Level 1:colcon.colcon_core.shell:create_environment_hook('serial_motor_demo_msgs', 'pythonpath')
[5.021s] INFO:colcon.colcon_core.shell:Creating environment hook '/home/E14Raspberry/ScooperBot/tennisbot_ws/install/serial_motor_demo_msgs/share/serial_motor_demo_msgs/hook/pythonpath.ps1'
[5.023s] INFO:colcon.colcon_core.shell:Creating environment descriptor '/home/E14Raspberry/ScooperBot/tennisbot_ws/install/serial_motor_demo_msgs/share/serial_motor_demo_msgs/hook/pythonpath.dsv'
[5.025s] INFO:colcon.colcon_core.shell:Creating environment hook '/home/E14Raspberry/ScooperBot/tennisbot_ws/install/serial_motor_demo_msgs/share/serial_motor_demo_msgs/hook/pythonpath.sh'
[5.027s] Level 1:colcon.colcon_core.environment:checking '/home/E14Raspberry/ScooperBot/tennisbot_ws/install/serial_motor_demo_msgs/bin'
[5.029s] INFO:colcon.colcon_core.shell:Creating package script '/home/E14Raspberry/ScooperBot/tennisbot_ws/install/serial_motor_demo_msgs/share/serial_motor_demo_msgs/package.ps1'
[5.031s] INFO:colcon.colcon_core.shell:Creating package descriptor '/home/E14Raspberry/ScooperBot/tennisbot_ws/install/serial_motor_demo_msgs/share/serial_motor_demo_msgs/package.dsv'
[5.033s] INFO:colcon.colcon_core.shell:Creating package script '/home/E14Raspberry/ScooperBot/tennisbot_ws/install/serial_motor_demo_msgs/share/serial_motor_demo_msgs/package.sh'
[5.035s] INFO:colcon.colcon_core.shell:Creating package script '/home/E14Raspberry/ScooperBot/tennisbot_ws/install/serial_motor_demo_msgs/share/serial_motor_demo_msgs/package.bash'
[5.037s] INFO:colcon.colcon_core.shell:Creating package script '/home/E14Raspberry/ScooperBot/tennisbot_ws/install/serial_motor_demo_msgs/share/serial_motor_demo_msgs/package.zsh'
[5.039s] Level 1:colcon.colcon_core.environment:create_file_with_runtime_dependencies(/home/E14Raspberry/ScooperBot/tennisbot_ws/install/serial_motor_demo_msgs/share/colcon-core/packages/serial_motor_demo_msgs)
[5.689s] Level 1:colcon.colcon_core.environment:create_environment_scripts_only(serial_motor_demo_msgs)
[5.689s] Level 1:colcon.colcon_core.environment:checking '/home/E14Raspberry/ScooperBot/tennisbot_ws/install/serial_motor_demo_msgs' for CMake module files
[5.694s] Level 1:colcon.colcon_core.environment:checking '/home/E14Raspberry/ScooperBot/tennisbot_ws/install/serial_motor_demo_msgs' for CMake config files
[5.697s] Level 1:colcon.colcon_core.shell:create_environment_hook('serial_motor_demo_msgs', 'cmake_prefix_path')
[5.698s] INFO:colcon.colcon_core.shell:Creating environment hook '/home/E14Raspberry/ScooperBot/tennisbot_ws/install/serial_motor_demo_msgs/share/serial_motor_demo_msgs/hook/cmake_prefix_path.ps1'
[5.699s] INFO:colcon.colcon_core.shell:Creating environment descriptor '/home/E14Raspberry/ScooperBot/tennisbot_ws/install/serial_motor_demo_msgs/share/serial_motor_demo_msgs/hook/cmake_prefix_path.dsv'
[5.701s] INFO:colcon.colcon_core.shell:Creating environment hook '/home/E14Raspberry/ScooperBot/tennisbot_ws/install/serial_motor_demo_msgs/share/serial_motor_demo_msgs/hook/cmake_prefix_path.sh'
[5.704s] Level 1:colcon.colcon_core.environment:checking '/home/E14Raspberry/ScooperBot/tennisbot_ws/install/serial_motor_demo_msgs/lib'
[5.704s] Level 1:colcon.colcon_core.shell:create_environment_hook('serial_motor_demo_msgs', 'ld_library_path_lib')
[5.705s] INFO:colcon.colcon_core.shell:Creating environment hook '/home/E14Raspberry/ScooperBot/tennisbot_ws/install/serial_motor_demo_msgs/share/serial_motor_demo_msgs/hook/ld_library_path_lib.ps1'
[5.707s] INFO:colcon.colcon_core.shell:Creating environment descriptor '/home/E14Raspberry/ScooperBot/tennisbot_ws/install/serial_motor_demo_msgs/share/serial_motor_demo_msgs/hook/ld_library_path_lib.dsv'
[5.709s] INFO:colcon.colcon_core.shell:Creating environment hook '/home/E14Raspberry/ScooperBot/tennisbot_ws/install/serial_motor_demo_msgs/share/serial_motor_demo_msgs/hook/ld_library_path_lib.sh'
[5.711s] Level 1:colcon.colcon_core.environment:checking '/home/E14Raspberry/ScooperBot/tennisbot_ws/install/serial_motor_demo_msgs/bin'
[5.712s] Level 1:colcon.colcon_core.environment:checking '/home/E14Raspberry/ScooperBot/tennisbot_ws/install/serial_motor_demo_msgs/lib/pkgconfig/serial_motor_demo_msgs.pc'
[5.713s] Level 1:colcon.colcon_core.environment:checking '/home/E14Raspberry/ScooperBot/tennisbot_ws/install/serial_motor_demo_msgs/lib/python3.12/site-packages'
[5.713s] Level 1:colcon.colcon_core.shell:create_environment_hook('serial_motor_demo_msgs', 'pythonpath')
[5.714s] INFO:colcon.colcon_core.shell:Creating environment hook '/home/E14Raspberry/ScooperBot/tennisbot_ws/install/serial_motor_demo_msgs/share/serial_motor_demo_msgs/hook/pythonpath.ps1'
[5.716s] INFO:colcon.colcon_core.shell:Creating environment descriptor '/home/E14Raspberry/ScooperBot/tennisbot_ws/install/serial_motor_demo_msgs/share/serial_motor_demo_msgs/hook/pythonpath.dsv'
[5.717s] INFO:colcon.colcon_core.shell:Creating environment hook '/home/E14Raspberry/ScooperBot/tennisbot_ws/install/serial_motor_demo_msgs/share/serial_motor_demo_msgs/hook/pythonpath.sh'
[5.720s] Level 1:colcon.colcon_core.environment:checking '/home/E14Raspberry/ScooperBot/tennisbot_ws/install/serial_motor_demo_msgs/bin'
[5.721s] INFO:colcon.colcon_core.shell:Creating package script '/home/E14Raspberry/ScooperBot/tennisbot_ws/install/serial_motor_demo_msgs/share/serial_motor_demo_msgs/package.ps1'
[5.723s] INFO:colcon.colcon_core.shell:Creating package descriptor '/home/E14Raspberry/ScooperBot/tennisbot_ws/install/serial_motor_demo_msgs/share/serial_motor_demo_msgs/package.dsv'
[5.726s] INFO:colcon.colcon_core.shell:Creating package script '/home/E14Raspberry/ScooperBot/tennisbot_ws/install/serial_motor_demo_msgs/share/serial_motor_demo_msgs/package.sh'
[5.728s] INFO:colcon.colcon_core.shell:Creating package script '/home/E14Raspberry/ScooperBot/tennisbot_ws/install/serial_motor_demo_msgs/share/serial_motor_demo_msgs/package.bash'
[5.730s] INFO:colcon.colcon_core.shell:Creating package script '/home/E14Raspberry/ScooperBot/tennisbot_ws/install/serial_motor_demo_msgs/share/serial_motor_demo_msgs/package.zsh'
[5.731s] Level 1:colcon.colcon_core.environment:create_file_with_runtime_dependencies(/home/E14Raspberry/ScooperBot/tennisbot_ws/install/serial_motor_demo_msgs/share/colcon-core/packages/serial_motor_demo_msgs)
[5.733s] INFO:colcon.colcon_ros.task.ament_python.build:Building ROS package in '/home/E14Raspberry/ScooperBot/tennisbot_ws/src/serial_motor_demo/serial_motor_demo' with build type 'ament_python'
[5.734s] Level 1:colcon.colcon_core.shell:create_environment_hook('serial_motor_demo', 'ament_prefix_path')
[5.735s] INFO:colcon.colcon_core.shell:Creating environment hook '/home/E14Raspberry/ScooperBot/tennisbot_ws/install/serial_motor_demo/share/serial_motor_demo/hook/ament_prefix_path.ps1'
[5.738s] INFO:colcon.colcon_core.shell:Creating environment descriptor '/home/E14Raspberry/ScooperBot/tennisbot_ws/install/serial_motor_demo/share/serial_motor_demo/hook/ament_prefix_path.dsv'
[5.740s] INFO:colcon.colcon_core.shell:Creating environment hook '/home/E14Raspberry/ScooperBot/tennisbot_ws/install/serial_motor_demo/share/serial_motor_demo/hook/ament_prefix_path.sh'
[5.742s] INFO:colcon.colcon_core.shell:Skip shell extension 'powershell' for command environment: Not usable outside of PowerShell
[5.742s] DEBUG:colcon.colcon_core.shell:Skip shell extension 'dsv' for command environment
[6.793s] INFO:colcon.colcon_core.task.python.build:Building Python package in '/home/E14Raspberry/ScooperBot/tennisbot_ws/src/serial_motor_demo/serial_motor_demo'
[6.794s] INFO:colcon.colcon_core.shell:Skip shell extension 'powershell' for command environment: Not usable outside of PowerShell
[6.794s] DEBUG:colcon.colcon_core.shell:Skip shell extension 'dsv' for command environment
[6.820s] DEBUG:colcon.colcon_core.event_handler.log_command:Invoking command in '/home/E14Raspberry/ScooperBot/tennisbot_ws/build/twist_stamper': PYTHONPATH=/home/E14Raspberry/ScooperBot/tennisbot_ws/build/twist_stamper/prefix_override:/usr/lib/python3/dist-packages/colcon_core/task/python/colcon_distutils_commands:/home/E14Raspberry/ScooperBot/tennisbot_ws/install/twist_stamper/lib/python3.12/site-packages:${PYTHONPATH} /usr/bin/python3 -W ignore:setup.py install is deprecated setup.py develop --editable --build-directory /home/E14Raspberry/ScooperBot/tennisbot_ws/build/twist_stamper/build --no-deps symlink_data
[9.379s] DEBUG:colcon.colcon_core.event_handler.log_command:Invoking command in '/home/E14Raspberry/ScooperBot/tennisbot_ws/build/serial_motor_demo': CMAKE_PREFIX_PATH=/home/E14Raspberry/ScooperBot/tennisbot_ws/install/serial_motor_demo_msgs:/home/E14Raspberry/ScooperBot/tennisbot_ws/install/tennisbotmaster:/home/E14Raspberry/ScooperBot/tennisbot_ws/install/serial:/home/E14Raspberry/ScooperBot/tennisbot_ws/install/diffdrive_arduino PYTHONPATH=/home/E14Raspberry/ScooperBot/tennisbot_ws/build/serial_motor_demo/prefix_override:/usr/lib/python3/dist-packages/colcon_core/task/python/colcon_distutils_commands:/home/E14Raspberry/ScooperBot/tennisbot_ws/install/serial_motor_demo/lib/python3.12/site-packages:/home/E14Raspberry/ScooperBot/tennisbot_ws/install/serial_motor_demo_msgs/lib/python3.12/site-packages:/home/E14Raspberry/ScooperBot/tennisbot_ws/build/twist_stamper:/home/E14Raspberry/ScooperBot/tennisbot_ws/install/twist_stamper/lib/python3.12/site-packages:/home/E14Raspberry/ScooperBot/tennisbot_ws/build/serial_motor_demo:/home/E14Raspberry/ScooperBot/tennisbot_ws/install/serial_motor_demo/lib/python3.12/site-packages:/opt/ros/jazzy/lib/python3.12/site-packages /usr/bin/python3 -W ignore:setup.py install is deprecated setup.py develop --editable --build-directory /home/E14Raspberry/ScooperBot/tennisbot_ws/build/serial_motor_demo/build --no-deps symlink_data
[9.885s] Level 1:colcon.colcon_core.shell:create_environment_hook('twist_stamper', 'pythonpath_develop')
[9.886s] INFO:colcon.colcon_core.shell:Creating environment hook '/home/E14Raspberry/ScooperBot/tennisbot_ws/build/twist_stamper/share/twist_stamper/hook/pythonpath_develop.ps1'
[9.887s] DEBUG:colcon.colcon_core.event_handler.log_command:Invoked command in '/home/E14Raspberry/ScooperBot/tennisbot_ws/build/twist_stamper' returned '0': PYTHONPATH=/home/E14Raspberry/ScooperBot/tennisbot_ws/build/twist_stamper/prefix_override:/usr/lib/python3/dist-packages/colcon_core/task/python/colcon_distutils_commands:/home/E14Raspberry/ScooperBot/tennisbot_ws/install/twist_stamper/lib/python3.12/site-packages:${PYTHONPATH} /usr/bin/python3 -W ignore:setup.py install is deprecated setup.py develop --editable --build-directory /home/E14Raspberry/ScooperBot/tennisbot_ws/build/twist_stamper/build --no-deps symlink_data
[9.889s] INFO:colcon.colcon_core.shell:Creating environment descriptor '/home/E14Raspberry/ScooperBot/tennisbot_ws/build/twist_stamper/share/twist_stamper/hook/pythonpath_develop.dsv'
[9.893s] INFO:colcon.colcon_core.shell:Creating environment hook '/home/E14Raspberry/ScooperBot/tennisbot_ws/build/twist_stamper/share/twist_stamper/hook/pythonpath_develop.sh'
[9.896s] Level 1:colcon.colcon_core.environment:checking '/home/E14Raspberry/ScooperBot/tennisbot_ws/install/twist_stamper' for CMake module files
[9.899s] Level 1:colcon.colcon_core.environment:checking '/home/E14Raspberry/ScooperBot/tennisbot_ws/install/twist_stamper' for CMake config files
[9.902s] Level 1:colcon.colcon_core.environment:checking '/home/E14Raspberry/ScooperBot/tennisbot_ws/install/twist_stamper/lib'
[9.902s] Level 1:colcon.colcon_core.environment:checking '/home/E14Raspberry/ScooperBot/tennisbot_ws/install/twist_stamper/bin'
[9.903s] Level 1:colcon.colcon_core.environment:checking '/home/E14Raspberry/ScooperBot/tennisbot_ws/install/twist_stamper/lib/pkgconfig/twist_stamper.pc'
[9.904s] Level 1:colcon.colcon_core.environment:checking '/home/E14Raspberry/ScooperBot/tennisbot_ws/install/twist_stamper/lib/python3.12/site-packages'
[9.904s] Level 1:colcon.colcon_core.shell:create_environment_hook('twist_stamper', 'pythonpath')
[9.905s] INFO:colcon.colcon_core.shell:Creating environment hook '/home/E14Raspberry/ScooperBot/tennisbot_ws/install/twist_stamper/share/twist_stamper/hook/pythonpath.ps1'
[9.907s] INFO:colcon.colcon_core.shell:Creating environment descriptor '/home/E14Raspberry/ScooperBot/tennisbot_ws/install/twist_stamper/share/twist_stamper/hook/pythonpath.dsv'
[9.909s] INFO:colcon.colcon_core.shell:Creating environment hook '/home/E14Raspberry/ScooperBot/tennisbot_ws/install/twist_stamper/share/twist_stamper/hook/pythonpath.sh'
[9.911s] Level 1:colcon.colcon_core.environment:checking '/home/E14Raspberry/ScooperBot/tennisbot_ws/install/twist_stamper/bin'
[9.912s] Level 1:colcon.colcon_core.environment:create_environment_scripts_only(twist_stamper)
[9.913s] INFO:colcon.colcon_core.shell:Creating package script '/home/E14Raspberry/ScooperBot/tennisbot_ws/install/twist_stamper/share/twist_stamper/package.ps1'
[9.915s] INFO:colcon.colcon_core.shell:Creating package descriptor '/home/E14Raspberry/ScooperBot/tennisbot_ws/install/twist_stamper/share/twist_stamper/package.dsv'
[9.918s] INFO:colcon.colcon_core.shell:Creating package script '/home/E14Raspberry/ScooperBot/tennisbot_ws/install/twist_stamper/share/twist_stamper/package.sh'
[9.920s] INFO:colcon.colcon_core.shell:Creating package script '/home/E14Raspberry/ScooperBot/tennisbot_ws/install/twist_stamper/share/twist_stamper/package.bash'
[9.922s] INFO:colcon.colcon_core.shell:Creating package script '/home/E14Raspberry/ScooperBot/tennisbot_ws/install/twist_stamper/share/twist_stamper/package.zsh'
[9.923s] Level 1:colcon.colcon_core.environment:create_file_with_runtime_dependencies(/home/E14Raspberry/ScooperBot/tennisbot_ws/install/twist_stamper/share/colcon-core/packages/twist_stamper)
[12.052s] Level 1:colcon.colcon_core.shell:create_environment_hook('serial_motor_demo', 'pythonpath_develop')
[12.053s] INFO:colcon.colcon_core.shell:Creating environment hook '/home/E14Raspberry/ScooperBot/tennisbot_ws/build/serial_motor_demo/share/serial_motor_demo/hook/pythonpath_develop.ps1'
[12.054s] DEBUG:colcon.colcon_core.event_handler.log_command:Invoked command in '/home/E14Raspberry/ScooperBot/tennisbot_ws/build/serial_motor_demo' returned '0': CMAKE_PREFIX_PATH=/home/E14Raspberry/ScooperBot/tennisbot_ws/install/serial_motor_demo_msgs:/home/E14Raspberry/ScooperBot/tennisbot_ws/install/tennisbotmaster:/home/E14Raspberry/ScooperBot/tennisbot_ws/install/serial:/home/E14Raspberry/ScooperBot/tennisbot_ws/install/diffdrive_arduino PYTHONPATH=/home/E14Raspberry/ScooperBot/tennisbot_ws/build/serial_motor_demo/prefix_override:/usr/lib/python3/dist-packages/colcon_core/task/python/colcon_distutils_commands:/home/E14Raspberry/ScooperBot/tennisbot_ws/install/serial_motor_demo/lib/python3.12/site-packages:/home/E14Raspberry/ScooperBot/tennisbot_ws/install/serial_motor_demo_msgs/lib/python3.12/site-packages:/home/E14Raspberry/ScooperBot/tennisbot_ws/build/twist_stamper:/home/E14Raspberry/ScooperBot/tennisbot_ws/install/twist_stamper/lib/python3.12/site-packages:/home/E14Raspberry/ScooperBot/tennisbot_ws/build/serial_motor_demo:/home/E14Raspberry/ScooperBot/tennisbot_ws/install/serial_motor_demo/lib/python3.12/site-packages:/opt/ros/jazzy/lib/python3.12/site-packages /usr/bin/python3 -W ignore:setup.py install is deprecated setup.py develop --editable --build-directory /home/E14Raspberry/ScooperBot/tennisbot_ws/build/serial_motor_demo/build --no-deps symlink_data
[12.055s] INFO:colcon.colcon_core.shell:Creating environment descriptor '/home/E14Raspberry/ScooperBot/tennisbot_ws/build/serial_motor_demo/share/serial_motor_demo/hook/pythonpath_develop.dsv'
[12.057s] INFO:colcon.colcon_core.shell:Creating environment hook '/home/E14Raspberry/ScooperBot/tennisbot_ws/build/serial_motor_demo/share/serial_motor_demo/hook/pythonpath_develop.sh'
[12.059s] Level 1:colcon.colcon_core.environment:checking '/home/E14Raspberry/ScooperBot/tennisbot_ws/install/serial_motor_demo' for CMake module files
[12.062s] Level 1:colcon.colcon_core.environment:checking '/home/E14Raspberry/ScooperBot/tennisbot_ws/install/serial_motor_demo' for CMake config files
[12.065s] Level 1:colcon.colcon_core.environment:checking '/home/E14Raspberry/ScooperBot/tennisbot_ws/install/serial_motor_demo/lib'
[12.065s] Level 1:colcon.colcon_core.environment:checking '/home/E14Raspberry/ScooperBot/tennisbot_ws/install/serial_motor_demo/bin'
[12.065s] Level 1:colcon.colcon_core.environment:checking '/home/E14Raspberry/ScooperBot/tennisbot_ws/install/serial_motor_demo/lib/pkgconfig/serial_motor_demo.pc'
[12.066s] Level 1:colcon.colcon_core.environment:checking '/home/E14Raspberry/ScooperBot/tennisbot_ws/install/serial_motor_demo/lib/python3.12/site-packages'
[12.067s] Level 1:colcon.colcon_core.shell:create_environment_hook('serial_motor_demo', 'pythonpath')
[12.067s] INFO:colcon.colcon_core.shell:Creating environment hook '/home/E14Raspberry/ScooperBot/tennisbot_ws/install/serial_motor_demo/share/serial_motor_demo/hook/pythonpath.ps1'
[12.069s] INFO:colcon.colcon_core.shell:Creating environment descriptor '/home/E14Raspberry/ScooperBot/tennisbot_ws/install/serial_motor_demo/share/serial_motor_demo/hook/pythonpath.dsv'
[12.071s] INFO:colcon.colcon_core.shell:Creating environment hook '/home/E14Raspberry/ScooperBot/tennisbot_ws/install/serial_motor_demo/share/serial_motor_demo/hook/pythonpath.sh'
[12.073s] Level 1:colcon.colcon_core.environment:checking '/home/E14Raspberry/ScooperBot/tennisbot_ws/install/serial_motor_demo/bin'
[12.073s] Level 1:colcon.colcon_core.environment:create_environment_scripts_only(serial_motor_demo)
[12.074s] INFO:colcon.colcon_core.shell:Creating package script '/home/E14Raspberry/ScooperBot/tennisbot_ws/install/serial_motor_demo/share/serial_motor_demo/package.ps1'
[12.077s] INFO:colcon.colcon_core.shell:Creating package descriptor '/home/E14Raspberry/ScooperBot/tennisbot_ws/install/serial_motor_demo/share/serial_motor_demo/package.dsv'
[12.079s] INFO:colcon.colcon_core.shell:Creating package script '/home/E14Raspberry/ScooperBot/tennisbot_ws/install/serial_motor_demo/share/serial_motor_demo/package.sh'
[12.081s] INFO:colcon.colcon_core.shell:Creating package script '/home/E14Raspberry/ScooperBot/tennisbot_ws/install/serial_motor_demo/share/serial_motor_demo/package.bash'
[12.083s] INFO:colcon.colcon_core.shell:Creating package script '/home/E14Raspberry/ScooperBot/tennisbot_ws/install/serial_motor_demo/share/serial_motor_demo/package.zsh'
[12.084s] Level 1:colcon.colcon_core.environment:create_file_with_runtime_dependencies(/home/E14Raspberry/ScooperBot/tennisbot_ws/install/serial_motor_demo/share/colcon-core/packages/serial_motor_demo)
[12.089s] DEBUG:colcon.colcon_parallel_executor.executor.parallel:closing loop
[12.090s] DEBUG:colcon.colcon_parallel_executor.executor.parallel:loop closed
[12.091s] DEBUG:colcon.colcon_parallel_executor.executor.parallel:run_until_complete finished with '0'
[12.091s] DEBUG:colcon.colcon_core.event_reactor:joining thread
[12.116s] INFO:colcon.colcon_core.plugin_system:Skipping extension 'colcon_notification.desktop_notification.notify_send': Could not find 'notify-send'
[12.117s] INFO:colcon.colcon_core.plugin_system:Skipping extension 'colcon_notification.desktop_notification.terminal_notifier': Not used on non-Darwin systems
[12.117s] INFO:colcon.colcon_core.plugin_system:Skipping extension 'colcon_notification.desktop_notification.win32': Not used on non-Windows systems
[12.117s] INFO:colcon.colcon_notification.desktop_notification:Sending desktop notification using 'notify2'
[12.120s] DEBUG:colcon.colcon_notification.desktop_notification.notify2:Failed to initialize notify2: org.freedesktop.DBus.Error.ServiceUnknown: The name org.freedesktop.Notifications was not provided by any .service files
[12.120s] DEBUG:colcon.colcon_core.event_reactor:joined thread
[12.121s] INFO:colcon.colcon_core.shell:Creating prefix script '/home/E14Raspberry/ScooperBot/tennisbot_ws/install/local_setup.ps1'
[12.124s] INFO:colcon.colcon_core.shell:Creating prefix util module '/home/E14Raspberry/ScooperBot/tennisbot_ws/install/_local_setup_util_ps1.py'
[12.128s] INFO:colcon.colcon_core.shell:Creating prefix chain script '/home/E14Raspberry/ScooperBot/tennisbot_ws/install/setup.ps1'
[12.133s] INFO:colcon.colcon_core.shell:Creating prefix script '/home/E14Raspberry/ScooperBot/tennisbot_ws/install/local_setup.sh'
[12.136s] INFO:colcon.colcon_core.shell:Creating prefix util module '/home/E14Raspberry/ScooperBot/tennisbot_ws/install/_local_setup_util_sh.py'
[12.138s] INFO:colcon.colcon_core.shell:Creating prefix chain script '/home/E14Raspberry/ScooperBot/tennisbot_ws/install/setup.sh'
[12.143s] INFO:colcon.colcon_core.shell:Creating prefix script '/home/E14Raspberry/ScooperBot/tennisbot_ws/install/local_setup.bash'
[12.145s] INFO:colcon.colcon_core.shell:Creating prefix chain script '/home/E14Raspberry/ScooperBot/tennisbot_ws/install/setup.bash'
[12.150s] INFO:colcon.colcon_core.shell:Creating prefix script '/home/E14Raspberry/ScooperBot/tennisbot_ws/install/local_setup.zsh'
[12.152s] INFO:colcon.colcon_core.shell:Creating prefix chain script '/home/E14Raspberry/ScooperBot/tennisbot_ws/install/setup.zsh'
