[0.411s] Invoking command in '/home/E14Raspberry/ScooperBot/tennisbot_ws/build/yasmin': CMAKE_PREFIX_PATH=${CMAKE_PREFIX_PATH}:/home/E14Raspberry/ScooperBot/tennisbot_ws/install/ros2_nav_to_pose:/home/E14Raspberry/ScooperBot/tennisbot_ws/install/twist_stamper:/home/E14Raspberry/ScooperBot/tennisbot_ws/install/serial_motor_demo:/home/E14Raspberry/ScooperBot/tennisbot_ws/install/ball_tracker:/opt/ros/jazzy /usr/bin/cmake --build /home/E14Raspberry/ScooperBot/tennisbot_ws/build/yasmin -- -j4 -l4
[3.546s] [100%] Built target yasmin_lib
[3.837s] [100%] Built target ament_cmake_python_symlink_yasmin
[10.315s] running egg_info
[11.199s] writing yasmin.egg-info/PKG-INFO
[11.207s] writing dependency_links to yasmin.egg-info/dependency_links.txt
[11.214s] writing top-level names to yasmin.egg-info/top_level.txt
[12.586s] reading manifest file 'yasmin.egg-info/SOURCES.txt'
[12.616s] writing manifest file 'yasmin.egg-info/SOURCES.txt'
[13.212s] [100%] Built target ament_cmake_python_build_yasmin_egg
[13.594s] Invoked command in '/home/E14Raspberry/ScooperBot/tennisbot_ws/build/yasmin' returned '0': CMAKE_PREFIX_PATH=${CMAKE_PREFIX_PATH}:/home/E14Raspberry/ScooperBot/tennisbot_ws/install/ros2_nav_to_pose:/home/E14Raspberry/ScooperBot/tennisbot_ws/install/twist_stamper:/home/E14Raspberry/ScooperBot/tennisbot_ws/install/serial_motor_demo:/home/E14Raspberry/ScooperBot/tennisbot_ws/install/ball_tracker:/opt/ros/jazzy /usr/bin/cmake --build /home/E14Raspberry/ScooperBot/tennisbot_ws/build/yasmin -- -j4 -l4
[15.057s] Invoking command in '/home/E14Raspberry/ScooperBot/tennisbot_ws/build/yasmin': CMAKE_PREFIX_PATH=${CMAKE_PREFIX_PATH}:/home/E14Raspberry/ScooperBot/tennisbot_ws/install/ros2_nav_to_pose:/home/E14Raspberry/ScooperBot/tennisbot_ws/install/twist_stamper:/home/E14Raspberry/ScooperBot/tennisbot_ws/install/serial_motor_demo:/home/E14Raspberry/ScooperBot/tennisbot_ws/install/ball_tracker:/opt/ros/jazzy /usr/bin/cmake --install /home/E14Raspberry/ScooperBot/tennisbot_ws/build/yasmin
[15.312s] -- Install configuration: ""
[15.318s] -- Execute custom install script
[15.326s] -- Up-to-date symlink: /home/E14Raspberry/ScooperBot/tennisbot_ws/install/yasmin/lib/libyasmin_lib.a
[15.352s] -- Up-to-date symlink: /home/E14Raspberry/ScooperBot/tennisbot_ws/install/yasmin/include//yasmin/blackboard/blackboard.hpp
[15.356s] -- Up-to-date symlink: /home/E14Raspberry/ScooperBot/tennisbot_ws/install/yasmin/include//yasmin/blackboard/blackboard_value.hpp
[15.361s] -- Up-to-date symlink: /home/E14Raspberry/ScooperBot/tennisbot_ws/install/yasmin/include//yasmin/blackboard/blackboard_value_interface.hpp
[15.371s] -- Up-to-date symlink: /home/E14Raspberry/ScooperBot/tennisbot_ws/install/yasmin/include//yasmin/cb_state.hpp
[15.377s] -- Up-to-date symlink: /home/E14Raspberry/ScooperBot/tennisbot_ws/install/yasmin/include//yasmin/state.hpp
[15.382s] -- Up-to-date symlink: /home/E14Raspberry/ScooperBot/tennisbot_ws/install/yasmin/include//yasmin/state_machine.hpp
[15.388s] -- Up-to-date symlink: /home/E14Raspberry/ScooperBot/tennisbot_ws/install/yasmin/include//yasmin/yasmin_logs.hpp
[15.399s] -- Up-to-date symlink: /home/E14Raspberry/ScooperBot/tennisbot_ws/install/yasmin/share/yasmin/environment/library_path.sh
[15.411s] -- Up-to-date symlink: /home/E14Raspberry/ScooperBot/tennisbot_ws/install/yasmin/share/yasmin/environment/library_path.dsv
[15.417s] -- Up-to-date symlink: /home/E14Raspberry/ScooperBot/tennisbot_ws/install/yasmin/share/yasmin/environment/pythonpath.sh
[15.425s] -- Up-to-date symlink: /home/E14Raspberry/ScooperBot/tennisbot_ws/install/yasmin/share/yasmin/environment/pythonpath.dsv
[15.435s] -- Up-to-date symlink: /home/E14Raspberry/ScooperBot/tennisbot_ws/install/yasmin/lib/python3.12/site-packages/yasmin-2.3.1-py3.12.egg-info/PKG-INFO
[15.444s] -- Up-to-date symlink: /home/E14Raspberry/ScooperBot/tennisbot_ws/install/yasmin/lib/python3.12/site-packages/yasmin-2.3.1-py3.12.egg-info/SOURCES.txt
[15.458s] -- Up-to-date symlink: /home/E14Raspberry/ScooperBot/tennisbot_ws/install/yasmin/lib/python3.12/site-packages/yasmin-2.3.1-py3.12.egg-info/dependency_links.txt
[15.466s] -- Up-to-date symlink: /home/E14Raspberry/ScooperBot/tennisbot_ws/install/yasmin/lib/python3.12/site-packages/yasmin-2.3.1-py3.12.egg-info/top_level.txt
[15.491s] -- Up-to-date symlink: /home/E14Raspberry/ScooperBot/tennisbot_ws/install/yasmin/lib/python3.12/site-packages/yasmin/__init__.py
[15.492s] -- Up-to-date symlink: /home/E14Raspberry/ScooperBot/tennisbot_ws/install/yasmin/lib/python3.12/site-packages/yasmin/blackboard.py
[15.503s] -- Up-to-date symlink: /home/E14Raspberry/ScooperBot/tennisbot_ws/install/yasmin/lib/python3.12/site-packages/yasmin/cb_state.py
[15.511s] -- Up-to-date symlink: /home/E14Raspberry/ScooperBot/tennisbot_ws/install/yasmin/lib/python3.12/site-packages/yasmin/state.py
[15.515s] -- Up-to-date symlink: /home/E14Raspberry/ScooperBot/tennisbot_ws/install/yasmin/lib/python3.12/site-packages/yasmin/state_machine.py
[15.517s] -- Up-to-date symlink: /home/E14Raspberry/ScooperBot/tennisbot_ws/install/yasmin/lib/python3.12/site-packages/yasmin/yasmin_logs.py
[15.525s] -- Up-to-date symlink: /home/E14Raspberry/ScooperBot/tennisbot_ws/install/yasmin/pytests//run_pytests.sh
[15.539s] -- Up-to-date symlink: /home/E14Raspberry/ScooperBot/tennisbot_ws/install/yasmin/pytests//test_blackboard.py
[15.541s] -- Up-to-date symlink: /home/E14Raspberry/ScooperBot/tennisbot_ws/install/yasmin/pytests//test_cb_state.py
[15.544s] -- Up-to-date symlink: /home/E14Raspberry/ScooperBot/tennisbot_ws/install/yasmin/pytests//test_state.py
[15.550s] -- Up-to-date symlink: /home/E14Raspberry/ScooperBot/tennisbot_ws/install/yasmin/pytests//test_state_machine.py
[15.560s] -- Up-to-date symlink: /home/E14Raspberry/ScooperBot/tennisbot_ws/install/yasmin/lib/yasmin/run_pytests.sh
[15.577s] -- Up-to-date symlink: /home/E14Raspberry/ScooperBot/tennisbot_ws/install/yasmin/share/ament_index/resource_index/package_run_dependencies/yasmin
[15.588s] -- Up-to-date symlink: /home/E14Raspberry/ScooperBot/tennisbot_ws/install/yasmin/share/ament_index/resource_index/parent_prefix_path/yasmin
[15.607s] -- Up-to-date symlink: /home/E14Raspberry/ScooperBot/tennisbot_ws/install/yasmin/share/yasmin/environment/ament_prefix_path.sh
[15.614s] -- Up-to-date symlink: /home/E14Raspberry/ScooperBot/tennisbot_ws/install/yasmin/share/yasmin/environment/ament_prefix_path.dsv
[15.616s] -- Up-to-date symlink: /home/E14Raspberry/ScooperBot/tennisbot_ws/install/yasmin/share/yasmin/environment/path.sh
[15.620s] -- Up-to-date symlink: /home/E14Raspberry/ScooperBot/tennisbot_ws/install/yasmin/share/yasmin/environment/path.dsv
[15.627s] -- Up-to-date symlink: /home/E14Raspberry/ScooperBot/tennisbot_ws/install/yasmin/share/yasmin/local_setup.bash
[15.637s] -- Up-to-date symlink: /home/E14Raspberry/ScooperBot/tennisbot_ws/install/yasmin/share/yasmin/local_setup.sh
[15.645s] -- Up-to-date symlink: /home/E14Raspberry/ScooperBot/tennisbot_ws/install/yasmin/share/yasmin/local_setup.zsh
[15.652s] -- Up-to-date symlink: /home/E14Raspberry/ScooperBot/tennisbot_ws/install/yasmin/share/yasmin/local_setup.dsv
[15.657s] -- Symlinking: /home/E14Raspberry/ScooperBot/tennisbot_ws/install/yasmin/share/yasmin/package.dsv
[15.952s] -- Up-to-date symlink: /home/E14Raspberry/ScooperBot/tennisbot_ws/install/yasmin/share/ament_index/resource_index/packages/yasmin
[15.957s] -- Up-to-date symlink: /home/E14Raspberry/ScooperBot/tennisbot_ws/install/yasmin/share/yasmin/cmake/ament_cmake_export_include_directories-extras.cmake
[15.961s] -- Up-to-date symlink: /home/E14Raspberry/ScooperBot/tennisbot_ws/install/yasmin/share/yasmin/cmake/ament_cmake_export_libraries-extras.cmake
[15.970s] -- Up-to-date symlink: /home/E14Raspberry/ScooperBot/tennisbot_ws/install/yasmin/share/yasmin/cmake/ament_cmake_export_dependencies-extras.cmake
[15.979s] -- Up-to-date symlink: /home/E14Raspberry/ScooperBot/tennisbot_ws/install/yasmin/share/yasmin/cmake/yasminConfig.cmake
[15.990s] -- Up-to-date symlink: /home/E14Raspberry/ScooperBot/tennisbot_ws/install/yasmin/share/yasmin/cmake/yasminConfig-version.cmake
[15.993s] -- Up-to-date symlink: /home/E14Raspberry/ScooperBot/tennisbot_ws/install/yasmin/share/yasmin/package.xml
[17.143s] Listing '/home/E14Raspberry/ScooperBot/tennisbot_ws/install/yasmin/lib/python3.12/site-packages/yasmin'...
[17.304s] Invoked command in '/home/E14Raspberry/ScooperBot/tennisbot_ws/build/yasmin' returned '0': CMAKE_PREFIX_PATH=${CMAKE_PREFIX_PATH}:/home/E14Raspberry/ScooperBot/tennisbot_ws/install/ros2_nav_to_pose:/home/E14Raspberry/ScooperBot/tennisbot_ws/install/twist_stamper:/home/E14Raspberry/ScooperBot/tennisbot_ws/install/serial_motor_demo:/home/E14Raspberry/ScooperBot/tennisbot_ws/install/ball_tracker:/opt/ros/jazzy /usr/bin/cmake --install /home/E14Raspberry/ScooperBot/tennisbot_ws/build/yasmin
