[12.039s] Invoking command in '/home/E14Raspberry/ScooperBot/tennisbot_ws/build/ball_tracker': PYTHONPATH=/home/E14Raspberry/ScooperBot/tennisbot_ws/build/ball_tracker/prefix_override:/usr/lib/python3/dist-packages/colcon_core/task/python/colcon_distutils_commands:/home/E14Raspberry/ScooperBot/tennisbot_ws/install/ball_tracker/lib/python3.12/site-packages:${PYTHONPATH} /usr/bin/python3 -W ignore:setup.py install is deprecated setup.py develop --editable --build-directory /home/E14Raspberry/ScooperBot/tennisbot_ws/build/ball_tracker/build --no-deps symlink_data
[13.780s] /usr/lib/python3/dist-packages/setuptools/dist.py:744: SetuptoolsDeprecationWarning: Invalid dash-separated options
[13.781s] !!
[13.788s] 
[13.789s]         ********************************************************************************
[13.790s]         Usage of dash-separated 'script-dir' will not be supported in future
[13.792s]         versions. Please use the underscore name 'script_dir' instead.
[13.794s] 
[13.795s]         This deprecation is overdue, please update your project and remove deprecated
[13.796s]         calls to avoid build errors in the future.
[13.797s] 
[13.799s]         See https://setuptools.pypa.io/en/latest/userguide/declarative_config.html for details.
[13.800s]         ********************************************************************************
[13.802s] 
[13.803s] !!
[13.804s]   opt = self.warn_dash_deprecation(opt, section)
[16.648s] running develop
[16.650s] /usr/lib/python3/dist-packages/setuptools/command/develop.py:40: EasyInstallDeprecationWarning: easy_install command is deprecated.
[16.652s] !!
[16.653s] 
[16.654s]         ********************************************************************************
[16.656s]         Please avoid running ``setup.py`` and ``easy_install``.
[16.657s]         Instead, use pypa/build, pypa/installer or other
[16.659s]         standards-based tools.
[16.660s] 
[16.662s]         See https://github.com/pypa/setuptools/issues/917 for details.
[16.663s]         ********************************************************************************
[16.665s] 
[16.666s] !!
[16.667s]   easy_install.initialize_options(self)
[19.854s] running egg_info
[20.137s] writing ball_tracker.egg-info/PKG-INFO
[20.140s] writing dependency_links to ball_tracker.egg-info/dependency_links.txt
[20.142s] writing entry points to ball_tracker.egg-info/entry_points.txt
[20.144s] writing requirements to ball_tracker.egg-info/requires.txt
[20.146s] writing top-level names to ball_tracker.egg-info/top_level.txt
[20.702s] reading manifest file 'ball_tracker.egg-info/SOURCES.txt'
[20.713s] writing manifest file 'ball_tracker.egg-info/SOURCES.txt'
[20.994s] running build_ext
[21.000s] Creating /home/E14Raspberry/ScooperBot/tennisbot_ws/install/ball_tracker/lib/python3.12/site-packages/ball-tracker.egg-link (link to .)
[21.012s] Installing detect_ball script to /home/E14Raspberry/ScooperBot/tennisbot_ws/install/ball_tracker/lib/ball_tracker
[21.016s] Installing detect_ball_3d script to /home/E14Raspberry/ScooperBot/tennisbot_ws/install/ball_tracker/lib/ball_tracker
[21.020s] Installing detect_ball_nn script to /home/E14Raspberry/ScooperBot/tennisbot_ws/install/ball_tracker/lib/ball_tracker
[21.022s] Installing follow_ball script to /home/E14Raspberry/ScooperBot/tennisbot_ws/install/ball_tracker/lib/ball_tracker
[21.028s] 
[21.030s] Installed /home/E14Raspberry/ScooperBot/tennisbot_ws/build/ball_tracker
[21.032s] running symlink_data
[21.355s] Invoked command in '/home/E14Raspberry/ScooperBot/tennisbot_ws/build/ball_tracker' returned '0': PYTHONPATH=/home/E14Raspberry/ScooperBot/tennisbot_ws/build/ball_tracker/prefix_override:/usr/lib/python3/dist-packages/colcon_core/task/python/colcon_distutils_commands:/home/E14Raspberry/ScooperBot/tennisbot_ws/install/ball_tracker/lib/python3.12/site-packages:${PYTHONPATH} /usr/bin/python3 -W ignore:setup.py install is deprecated setup.py develop --editable --build-directory /home/E14Raspberry/ScooperBot/tennisbot_ws/build/ball_tracker/build --no-deps symlink_data
