[0.125s] Invoking command in '/home/E14Raspberry/ScooperBot/tennisbot_ws/build/tennisbotmaster': CMAKE_PREFIX_PATH=/opt/ros/jazzy /usr/bin/cmake --build /home/E14Raspberry/ScooperBot/tennisbot_ws/build/tennisbotmaster -- -j4 -l4
[0.600s] Invoked command in '/home/E14Raspberry/ScooperBot/tennisbot_ws/build/tennisbotmaster' returned '0': CMAKE_PREFIX_PATH=/opt/ros/jazzy /usr/bin/cmake --build /home/E14Raspberry/ScooperBot/tennisbot_ws/build/tennisbotmaster -- -j4 -l4
[0.883s] Invoking command in '/home/E14Raspberry/ScooperBot/tennisbot_ws/build/tennisbotmaster': CMAKE_PREFIX_PATH=/opt/ros/jazzy /usr/bin/cmake --install /home/E14Raspberry/ScooperBot/tennisbot_ws/build/tennisbotmaster
[0.974s] -- Install configuration: ""
[0.977s] -- Execute custom install script
[0.988s] -- Up-to-date symlink: /home/E14Raspberry/ScooperBot/tennisbot_ws/install/tennisbotmaster/share/tennisbotmaster/description/inertial_macros.xacro
[0.997s] -- Up-to-date symlink: /home/E14Raspberry/ScooperBot/tennisbot_ws/install/tennisbotmaster/share/tennisbotmaster/description/robot.urdf.xacro
[1.001s] -- Up-to-date symlink: /home/E14Raspberry/ScooperBot/tennisbot_ws/install/tennisbotmaster/share/tennisbotmaster/description/robot_core.xacro
[1.009s] -- Up-to-date symlink: /home/E14Raspberry/ScooperBot/tennisbot_ws/install/tennisbotmaster/share/tennisbotmaster/launch/main.launch.py
[1.024s] -- Up-to-date symlink: /home/E14Raspberry/ScooperBot/tennisbot_ws/install/tennisbotmaster/share/ament_index/resource_index/package_run_dependencies/tennisbotmaster
[1.037s] -- Up-to-date symlink: /home/E14Raspberry/ScooperBot/tennisbot_ws/install/tennisbotmaster/share/ament_index/resource_index/parent_prefix_path/tennisbotmaster
[1.038s] -- Up-to-date symlink: /home/E14Raspberry/ScooperBot/tennisbot_ws/install/tennisbotmaster/share/tennisbotmaster/environment/ament_prefix_path.sh
[1.041s] -- Up-to-date symlink: /home/E14Raspberry/ScooperBot/tennisbot_ws/install/tennisbotmaster/share/tennisbotmaster/environment/ament_prefix_path.dsv
[1.043s] -- Up-to-date symlink: /home/E14Raspberry/ScooperBot/tennisbot_ws/install/tennisbotmaster/share/tennisbotmaster/environment/path.sh
[1.047s] -- Up-to-date symlink: /home/E14Raspberry/ScooperBot/tennisbot_ws/install/tennisbotmaster/share/tennisbotmaster/environment/path.dsv
[1.050s] -- Up-to-date symlink: /home/E14Raspberry/ScooperBot/tennisbot_ws/install/tennisbotmaster/share/tennisbotmaster/local_setup.bash
[1.055s] -- Up-to-date symlink: /home/E14Raspberry/ScooperBot/tennisbot_ws/install/tennisbotmaster/share/tennisbotmaster/local_setup.sh
[1.059s] -- Up-to-date symlink: /home/E14Raspberry/ScooperBot/tennisbot_ws/install/tennisbotmaster/share/tennisbotmaster/local_setup.zsh
[1.060s] -- Up-to-date symlink: /home/E14Raspberry/ScooperBot/tennisbot_ws/install/tennisbotmaster/share/tennisbotmaster/local_setup.dsv
[1.061s] -- Symlinking: /home/E14Raspberry/ScooperBot/tennisbot_ws/install/tennisbotmaster/share/tennisbotmaster/package.dsv
[1.108s] -- Up-to-date symlink: /home/E14Raspberry/ScooperBot/tennisbot_ws/install/tennisbotmaster/share/ament_index/resource_index/packages/tennisbotmaster
[1.110s] -- Up-to-date symlink: /home/E14Raspberry/ScooperBot/tennisbot_ws/install/tennisbotmaster/share/tennisbotmaster/cmake/tennisbotmasterConfig.cmake
[1.117s] -- Up-to-date symlink: /home/E14Raspberry/ScooperBot/tennisbot_ws/install/tennisbotmaster/share/tennisbotmaster/cmake/tennisbotmasterConfig-version.cmake
[1.117s] -- Up-to-date symlink: /home/E14Raspberry/ScooperBot/tennisbot_ws/install/tennisbotmaster/share/tennisbotmaster/package.xml
[1.125s] Invoked command in '/home/E14Raspberry/ScooperBot/tennisbot_ws/build/tennisbotmaster' returned '0': CMAKE_PREFIX_PATH=/opt/ros/jazzy /usr/bin/cmake --install /home/E14Raspberry/ScooperBot/tennisbot_ws/build/tennisbotmaster
