[0.203s] Invoking command in '/home/E14Raspberry/ScooperBot/tennisbot_ws/build/ros2_nav_to_pose_msgs': CMAKE_PREFIX_PATH=${CMAKE_PREFIX_PATH}:/home/E14Raspberry/ScooperBot/tennisbot_ws/install/twist_stamper:/home/E14Raspberry/ScooperBot/tennisbot_ws/install/serial_motor_demo:/home/E14Raspberry/ScooperBot/tennisbot_ws/install/ros2_nav_to_pose:/home/E14Raspberry/ScooperBot/tennisbot_ws/install/ball_tracker:/opt/ros/jazzy /usr/bin/cmake --build /home/E14Raspberry/ScooperBot/tennisbot_ws/build/ros2_nav_to_pose_msgs -- -j4 -l4
[1.881s] [  2%] Built target ros2_nav_to_pose_msgs__rosidl_generator_type_description
[2.835s] [  2%] Built target ament_cmake_python_symlink_ros2_nav_to_pose_msgs
[3.379s] [ 17%] Built target ros2_nav_to_pose_msgs__rosidl_generator_c
[7.767s] running egg_info
[8.134s] writing ros2_nav_to_pose_msgs.egg-info/PKG-INFO
[8.178s] writing dependency_links to ros2_nav_to_pose_msgs.egg-info/dependency_links.txt
[8.191s] writing top-level names to ros2_nav_to_pose_msgs.egg-info/top_level.txt
[9.750s] reading manifest file 'ros2_nav_to_pose_msgs.egg-info/SOURCES.txt'
[9.769s] writing manifest file 'ros2_nav_to_pose_msgs.egg-info/SOURCES.txt'
[10.321s] [ 17%] Built target ament_cmake_python_build_ros2_nav_to_pose_msgs_egg
[11.211s] [ 26%] Built target ros2_nav_to_pose_msgs__rosidl_typesupport_introspection_c
[11.871s] [ 35%] Built target ros2_nav_to_pose_msgs__rosidl_typesupport_c
[12.672s] [ 44%] Built target ros2_nav_to_pose_msgs__rosidl_typesupport_fastrtps_c
[13.314s] [ 47%] Built target ros2_nav_to_pose_msgs__cpp
[13.870s] [ 55%] Built target ros2_nav_to_pose_msgs__rosidl_typesupport_cpp
[14.577s] [ 64%] Built target ros2_nav_to_pose_msgs__rosidl_typesupport_introspection_cpp
[15.314s] [ 73%] Built target ros2_nav_to_pose_msgs__rosidl_typesupport_fastrtps_cpp
[15.855s] [ 73%] Built target ros2_nav_to_pose_msgs
[16.397s] [ 76%] Built target ros2_nav_to_pose_msgs__py
[16.828s] [ 82%] Built target ros2_nav_to_pose_msgs__rosidl_generator_py
[17.424s] [ 88%] Built target ros2_nav_to_pose_msgs_s__rosidl_typesupport_fastrtps_c
[17.965s] [ 94%] Built target ros2_nav_to_pose_msgs_s__rosidl_typesupport_c
[18.556s] [100%] Built target ros2_nav_to_pose_msgs_s__rosidl_typesupport_introspection_c
[20.826s] Invoked command in '/home/E14Raspberry/ScooperBot/tennisbot_ws/build/ros2_nav_to_pose_msgs' returned '0': CMAKE_PREFIX_PATH=${CMAKE_PREFIX_PATH}:/home/E14Raspberry/ScooperBot/tennisbot_ws/install/twist_stamper:/home/E14Raspberry/ScooperBot/tennisbot_ws/install/serial_motor_demo:/home/E14Raspberry/ScooperBot/tennisbot_ws/install/ros2_nav_to_pose:/home/E14Raspberry/ScooperBot/tennisbot_ws/install/ball_tracker:/opt/ros/jazzy /usr/bin/cmake --build /home/E14Raspberry/ScooperBot/tennisbot_ws/build/ros2_nav_to_pose_msgs -- -j4 -l4
[23.013s] Invoking command in '/home/E14Raspberry/ScooperBot/tennisbot_ws/build/ros2_nav_to_pose_msgs': CMAKE_PREFIX_PATH=${CMAKE_PREFIX_PATH}:/home/E14Raspberry/ScooperBot/tennisbot_ws/install/twist_stamper:/home/E14Raspberry/ScooperBot/tennisbot_ws/install/serial_motor_demo:/home/E14Raspberry/ScooperBot/tennisbot_ws/install/ros2_nav_to_pose:/home/E14Raspberry/ScooperBot/tennisbot_ws/install/ball_tracker:/opt/ros/jazzy /usr/bin/cmake --install /home/E14Raspberry/ScooperBot/tennisbot_ws/build/ros2_nav_to_pose_msgs
[23.328s] -- Install configuration: ""
[23.340s] -- Execute custom install script
[23.353s] -- Up-to-date symlink: /home/E14Raspberry/ScooperBot/tennisbot_ws/install/ros2_nav_to_pose_msgs/share/ament_index/resource_index/rosidl_interfaces/ros2_nav_to_pose_msgs
[23.363s] -- Up-to-date symlink: /home/E14Raspberry/ScooperBot/tennisbot_ws/install/ros2_nav_to_pose_msgs/share/ros2_nav_to_pose_msgs/action/NavigateToPose.json
[23.387s] -- Up-to-date symlink: /home/E14Raspberry/ScooperBot/tennisbot_ws/install/ros2_nav_to_pose_msgs/include/ros2_nav_to_pose_msgs/ros2_nav_to_pose_msgs/action/detail/navigate_to_pose__functions.h
[23.397s] -- Up-to-date symlink: /home/E14Raspberry/ScooperBot/tennisbot_ws/install/ros2_nav_to_pose_msgs/include/ros2_nav_to_pose_msgs/ros2_nav_to_pose_msgs/action/detail/navigate_to_pose__struct.h
[23.405s] -- Up-to-date symlink: /home/E14Raspberry/ScooperBot/tennisbot_ws/install/ros2_nav_to_pose_msgs/include/ros2_nav_to_pose_msgs/ros2_nav_to_pose_msgs/action/detail/navigate_to_pose__type_support.h
[23.418s] -- Up-to-date symlink: /home/E14Raspberry/ScooperBot/tennisbot_ws/install/ros2_nav_to_pose_msgs/include/ros2_nav_to_pose_msgs/ros2_nav_to_pose_msgs/action/navigate_to_pose.h
[23.427s] -- Up-to-date symlink: /home/E14Raspberry/ScooperBot/tennisbot_ws/install/ros2_nav_to_pose_msgs/include/ros2_nav_to_pose_msgs/ros2_nav_to_pose_msgs/msg/rosidl_generator_c__visibility_control.h
[23.439s] -- Up-to-date symlink: /home/E14Raspberry/ScooperBot/tennisbot_ws/install/ros2_nav_to_pose_msgs/share/ros2_nav_to_pose_msgs/environment/library_path.sh
[23.452s] -- Up-to-date symlink: /home/E14Raspberry/ScooperBot/tennisbot_ws/install/ros2_nav_to_pose_msgs/share/ros2_nav_to_pose_msgs/environment/library_path.dsv
[23.475s] -- Up-to-date symlink: /home/E14Raspberry/ScooperBot/tennisbot_ws/install/ros2_nav_to_pose_msgs/include/ros2_nav_to_pose_msgs/ros2_nav_to_pose_msgs/action/detail/navigate_to_pose__rosidl_typesupport_fastrtps_c.h
[23.488s] -- Up-to-date symlink: /home/E14Raspberry/ScooperBot/tennisbot_ws/install/ros2_nav_to_pose_msgs/include/ros2_nav_to_pose_msgs/ros2_nav_to_pose_msgs/msg/rosidl_typesupport_fastrtps_c__visibility_control.h
[23.507s] -- Up-to-date symlink: /home/E14Raspberry/ScooperBot/tennisbot_ws/install/ros2_nav_to_pose_msgs/include/ros2_nav_to_pose_msgs/ros2_nav_to_pose_msgs/action/detail/navigate_to_pose__builder.hpp
[23.522s] -- Up-to-date symlink: /home/E14Raspberry/ScooperBot/tennisbot_ws/install/ros2_nav_to_pose_msgs/include/ros2_nav_to_pose_msgs/ros2_nav_to_pose_msgs/action/detail/navigate_to_pose__struct.hpp
[23.549s] -- Up-to-date symlink: /home/E14Raspberry/ScooperBot/tennisbot_ws/install/ros2_nav_to_pose_msgs/include/ros2_nav_to_pose_msgs/ros2_nav_to_pose_msgs/action/detail/navigate_to_pose__traits.hpp
[23.570s] -- Up-to-date symlink: /home/E14Raspberry/ScooperBot/tennisbot_ws/install/ros2_nav_to_pose_msgs/include/ros2_nav_to_pose_msgs/ros2_nav_to_pose_msgs/action/detail/navigate_to_pose__type_support.hpp
[23.577s] -- Up-to-date symlink: /home/E14Raspberry/ScooperBot/tennisbot_ws/install/ros2_nav_to_pose_msgs/include/ros2_nav_to_pose_msgs/ros2_nav_to_pose_msgs/action/navigate_to_pose.hpp
[23.590s] -- Up-to-date symlink: /home/E14Raspberry/ScooperBot/tennisbot_ws/install/ros2_nav_to_pose_msgs/include/ros2_nav_to_pose_msgs/ros2_nav_to_pose_msgs/msg/rosidl_generator_cpp__visibility_control.hpp
[23.600s] -- Up-to-date symlink: /home/E14Raspberry/ScooperBot/tennisbot_ws/install/ros2_nav_to_pose_msgs/include/ros2_nav_to_pose_msgs/ros2_nav_to_pose_msgs/action/detail/navigate_to_pose__rosidl_typesupport_fastrtps_cpp.hpp
[23.619s] -- Up-to-date symlink: /home/E14Raspberry/ScooperBot/tennisbot_ws/install/ros2_nav_to_pose_msgs/include/ros2_nav_to_pose_msgs/ros2_nav_to_pose_msgs/msg/rosidl_typesupport_fastrtps_cpp__visibility_control.h
[23.634s] -- Up-to-date symlink: /home/E14Raspberry/ScooperBot/tennisbot_ws/install/ros2_nav_to_pose_msgs/include/ros2_nav_to_pose_msgs/ros2_nav_to_pose_msgs/action/detail/navigate_to_pose__rosidl_typesupport_introspection_c.h
[23.656s] -- Up-to-date symlink: /home/E14Raspberry/ScooperBot/tennisbot_ws/install/ros2_nav_to_pose_msgs/include/ros2_nav_to_pose_msgs/ros2_nav_to_pose_msgs/msg/rosidl_typesupport_introspection_c__visibility_control.h
[23.675s] -- Up-to-date symlink: /home/E14Raspberry/ScooperBot/tennisbot_ws/install/ros2_nav_to_pose_msgs/include/ros2_nav_to_pose_msgs/ros2_nav_to_pose_msgs/action/detail/navigate_to_pose__rosidl_typesupport_introspection_cpp.hpp
[23.687s] -- Up-to-date symlink: /home/E14Raspberry/ScooperBot/tennisbot_ws/install/ros2_nav_to_pose_msgs/share/ros2_nav_to_pose_msgs/environment/pythonpath.sh
[23.699s] -- Up-to-date symlink: /home/E14Raspberry/ScooperBot/tennisbot_ws/install/ros2_nav_to_pose_msgs/share/ros2_nav_to_pose_msgs/environment/pythonpath.dsv
[23.719s] -- Up-to-date symlink: /home/E14Raspberry/ScooperBot/tennisbot_ws/install/ros2_nav_to_pose_msgs/lib/python3.12/site-packages/ros2_nav_to_pose_msgs-0.1.0-py3.12.egg-info/PKG-INFO
[23.726s] -- Up-to-date symlink: /home/E14Raspberry/ScooperBot/tennisbot_ws/install/ros2_nav_to_pose_msgs/lib/python3.12/site-packages/ros2_nav_to_pose_msgs-0.1.0-py3.12.egg-info/SOURCES.txt
[23.755s] -- Up-to-date symlink: /home/E14Raspberry/ScooperBot/tennisbot_ws/install/ros2_nav_to_pose_msgs/lib/python3.12/site-packages/ros2_nav_to_pose_msgs-0.1.0-py3.12.egg-info/dependency_links.txt
[23.769s] -- Up-to-date symlink: /home/E14Raspberry/ScooperBot/tennisbot_ws/install/ros2_nav_to_pose_msgs/lib/python3.12/site-packages/ros2_nav_to_pose_msgs-0.1.0-py3.12.egg-info/top_level.txt
[23.800s] -- Up-to-date symlink: /home/E14Raspberry/ScooperBot/tennisbot_ws/install/ros2_nav_to_pose_msgs/lib/python3.12/site-packages/ros2_nav_to_pose_msgs/__init__.py
[23.818s] -- Up-to-date symlink: /home/E14Raspberry/ScooperBot/tennisbot_ws/install/ros2_nav_to_pose_msgs/lib/python3.12/site-packages/ros2_nav_to_pose_msgs/_ros2_nav_to_pose_msgs_s.ep.rosidl_typesupport_c.c
[23.821s] -- Up-to-date symlink: /home/E14Raspberry/ScooperBot/tennisbot_ws/install/ros2_nav_to_pose_msgs/lib/python3.12/site-packages/ros2_nav_to_pose_msgs/_ros2_nav_to_pose_msgs_s.ep.rosidl_typesupport_fastrtps_c.c
[23.829s] -- Up-to-date symlink: /home/E14Raspberry/ScooperBot/tennisbot_ws/install/ros2_nav_to_pose_msgs/lib/python3.12/site-packages/ros2_nav_to_pose_msgs/_ros2_nav_to_pose_msgs_s.ep.rosidl_typesupport_introspection_c.c
[23.838s] -- Up-to-date symlink: /home/E14Raspberry/ScooperBot/tennisbot_ws/install/ros2_nav_to_pose_msgs/lib/python3.12/site-packages/ros2_nav_to_pose_msgs/action/__init__.py
[23.849s] -- Up-to-date symlink: /home/E14Raspberry/ScooperBot/tennisbot_ws/install/ros2_nav_to_pose_msgs/lib/python3.12/site-packages/ros2_nav_to_pose_msgs/action/_navigate_to_pose.py
[23.855s] -- Up-to-date symlink: /home/E14Raspberry/ScooperBot/tennisbot_ws/install/ros2_nav_to_pose_msgs/lib/python3.12/site-packages/ros2_nav_to_pose_msgs/action/_navigate_to_pose_s.c
[23.864s] -- Up-to-date symlink: /home/E14Raspberry/ScooperBot/tennisbot_ws/install/ros2_nav_to_pose_msgs/lib/python3.12/site-packages/ros2_nav_to_pose_msgs/ros2_nav_to_pose_msgs_s__rosidl_typesupport_c.so
[23.867s] -- Up-to-date symlink: /home/E14Raspberry/ScooperBot/tennisbot_ws/install/ros2_nav_to_pose_msgs/lib/python3.12/site-packages/ros2_nav_to_pose_msgs/ros2_nav_to_pose_msgs_s__rosidl_typesupport_fastrtps_c.so
[23.874s] -- Up-to-date symlink: /home/E14Raspberry/ScooperBot/tennisbot_ws/install/ros2_nav_to_pose_msgs/lib/python3.12/site-packages/ros2_nav_to_pose_msgs/ros2_nav_to_pose_msgs_s__rosidl_typesupport_introspection_c.so
[23.883s] -- Up-to-date symlink: /home/E14Raspberry/ScooperBot/tennisbot_ws/install/ros2_nav_to_pose_msgs/lib/python3.12/site-packages/ros2_nav_to_pose_msgs/ros2_nav_to_pose_msgs_s__rosidl_typesupport_fastrtps_c.so
[23.891s] -- Up-to-date symlink: /home/E14Raspberry/ScooperBot/tennisbot_ws/install/ros2_nav_to_pose_msgs/lib/python3.12/site-packages/ros2_nav_to_pose_msgs/ros2_nav_to_pose_msgs_s__rosidl_typesupport_introspection_c.so
[23.900s] -- Up-to-date symlink: /home/E14Raspberry/ScooperBot/tennisbot_ws/install/ros2_nav_to_pose_msgs/lib/python3.12/site-packages/ros2_nav_to_pose_msgs/ros2_nav_to_pose_msgs_s__rosidl_typesupport_c.so
[23.908s] -- Up-to-date symlink: /home/E14Raspberry/ScooperBot/tennisbot_ws/install/ros2_nav_to_pose_msgs/share/ros2_nav_to_pose_msgs/action/NavigateToPose.idl
[23.916s] -- Up-to-date symlink: /home/E14Raspberry/ScooperBot/tennisbot_ws/install/ros2_nav_to_pose_msgs/share/ros2_nav_to_pose_msgs/action/NavigateToPose.action
[23.923s] -- Up-to-date symlink: /home/E14Raspberry/ScooperBot/tennisbot_ws/install/ros2_nav_to_pose_msgs/share/ament_index/resource_index/package_run_dependencies/ros2_nav_to_pose_msgs
[23.931s] -- Up-to-date symlink: /home/E14Raspberry/ScooperBot/tennisbot_ws/install/ros2_nav_to_pose_msgs/share/ament_index/resource_index/parent_prefix_path/ros2_nav_to_pose_msgs
[23.936s] -- Up-to-date symlink: /home/E14Raspberry/ScooperBot/tennisbot_ws/install/ros2_nav_to_pose_msgs/share/ros2_nav_to_pose_msgs/environment/ament_prefix_path.sh
[23.944s] -- Up-to-date symlink: /home/E14Raspberry/ScooperBot/tennisbot_ws/install/ros2_nav_to_pose_msgs/share/ros2_nav_to_pose_msgs/environment/ament_prefix_path.dsv
[23.953s] -- Up-to-date symlink: /home/E14Raspberry/ScooperBot/tennisbot_ws/install/ros2_nav_to_pose_msgs/share/ros2_nav_to_pose_msgs/environment/path.sh
[23.958s] -- Up-to-date symlink: /home/E14Raspberry/ScooperBot/tennisbot_ws/install/ros2_nav_to_pose_msgs/share/ros2_nav_to_pose_msgs/environment/path.dsv
[23.973s] -- Up-to-date symlink: /home/E14Raspberry/ScooperBot/tennisbot_ws/install/ros2_nav_to_pose_msgs/share/ros2_nav_to_pose_msgs/local_setup.bash
[23.978s] -- Up-to-date symlink: /home/E14Raspberry/ScooperBot/tennisbot_ws/install/ros2_nav_to_pose_msgs/share/ros2_nav_to_pose_msgs/local_setup.sh
[23.982s] -- Up-to-date symlink: /home/E14Raspberry/ScooperBot/tennisbot_ws/install/ros2_nav_to_pose_msgs/share/ros2_nav_to_pose_msgs/local_setup.zsh
[23.984s] -- Up-to-date symlink: /home/E14Raspberry/ScooperBot/tennisbot_ws/install/ros2_nav_to_pose_msgs/share/ros2_nav_to_pose_msgs/local_setup.dsv
[23.985s] -- Symlinking: /home/E14Raspberry/ScooperBot/tennisbot_ws/install/ros2_nav_to_pose_msgs/share/ros2_nav_to_pose_msgs/package.dsv
[24.195s] -- Up-to-date symlink: /home/E14Raspberry/ScooperBot/tennisbot_ws/install/ros2_nav_to_pose_msgs/share/ament_index/resource_index/packages/ros2_nav_to_pose_msgs
[24.202s] -- Up-to-date symlink: /home/E14Raspberry/ScooperBot/tennisbot_ws/install/ros2_nav_to_pose_msgs/share/ros2_nav_to_pose_msgs/cmake/rosidl_cmake-extras.cmake
[24.203s] -- Up-to-date symlink: /home/E14Raspberry/ScooperBot/tennisbot_ws/install/ros2_nav_to_pose_msgs/share/ros2_nav_to_pose_msgs/cmake/ament_cmake_export_dependencies-extras.cmake
[24.206s] -- Up-to-date symlink: /home/E14Raspberry/ScooperBot/tennisbot_ws/install/ros2_nav_to_pose_msgs/share/ros2_nav_to_pose_msgs/cmake/ament_cmake_export_include_directories-extras.cmake
[24.208s] -- Up-to-date symlink: /home/E14Raspberry/ScooperBot/tennisbot_ws/install/ros2_nav_to_pose_msgs/share/ros2_nav_to_pose_msgs/cmake/ament_cmake_export_libraries-extras.cmake
[24.210s] -- Up-to-date symlink: /home/E14Raspberry/ScooperBot/tennisbot_ws/install/ros2_nav_to_pose_msgs/share/ros2_nav_to_pose_msgs/cmake/ament_cmake_export_targets-extras.cmake
[24.215s] -- Up-to-date symlink: /home/E14Raspberry/ScooperBot/tennisbot_ws/install/ros2_nav_to_pose_msgs/share/ros2_nav_to_pose_msgs/cmake/rosidl_cmake_export_typesupport_targets-extras.cmake
[24.217s] -- Up-to-date symlink: /home/E14Raspberry/ScooperBot/tennisbot_ws/install/ros2_nav_to_pose_msgs/share/ros2_nav_to_pose_msgs/cmake/rosidl_cmake_export_typesupport_libraries-extras.cmake
[24.219s] -- Up-to-date symlink: /home/E14Raspberry/ScooperBot/tennisbot_ws/install/ros2_nav_to_pose_msgs/share/ros2_nav_to_pose_msgs/cmake/ros2_nav_to_pose_msgsConfig.cmake
[24.220s] -- Up-to-date symlink: /home/E14Raspberry/ScooperBot/tennisbot_ws/install/ros2_nav_to_pose_msgs/share/ros2_nav_to_pose_msgs/cmake/ros2_nav_to_pose_msgsConfig-version.cmake
[24.222s] -- Up-to-date symlink: /home/E14Raspberry/ScooperBot/tennisbot_ws/install/ros2_nav_to_pose_msgs/share/ros2_nav_to_pose_msgs/package.xml
[24.224s] -- Up-to-date: /home/E14Raspberry/ScooperBot/tennisbot_ws/install/ros2_nav_to_pose_msgs/lib/libros2_nav_to_pose_msgs__rosidl_generator_c.so
[24.225s] -- Up-to-date: /home/E14Raspberry/ScooperBot/tennisbot_ws/install/ros2_nav_to_pose_msgs/lib/libros2_nav_to_pose_msgs__rosidl_typesupport_fastrtps_c.so
[24.227s] -- Up-to-date: /home/E14Raspberry/ScooperBot/tennisbot_ws/install/ros2_nav_to_pose_msgs/lib/libros2_nav_to_pose_msgs__rosidl_typesupport_fastrtps_cpp.so
[24.229s] -- Up-to-date: /home/E14Raspberry/ScooperBot/tennisbot_ws/install/ros2_nav_to_pose_msgs/lib/libros2_nav_to_pose_msgs__rosidl_typesupport_introspection_c.so
[24.232s] -- Up-to-date: /home/E14Raspberry/ScooperBot/tennisbot_ws/install/ros2_nav_to_pose_msgs/lib/libros2_nav_to_pose_msgs__rosidl_typesupport_c.so
[24.233s] -- Up-to-date: /home/E14Raspberry/ScooperBot/tennisbot_ws/install/ros2_nav_to_pose_msgs/lib/libros2_nav_to_pose_msgs__rosidl_typesupport_introspection_cpp.so
[24.235s] -- Up-to-date: /home/E14Raspberry/ScooperBot/tennisbot_ws/install/ros2_nav_to_pose_msgs/lib/libros2_nav_to_pose_msgs__rosidl_typesupport_cpp.so
[24.752s] Listing '/home/E14Raspberry/ScooperBot/tennisbot_ws/install/ros2_nav_to_pose_msgs/lib/python3.12/site-packages/ros2_nav_to_pose_msgs'...
[24.760s] Listing '/home/E14Raspberry/ScooperBot/tennisbot_ws/install/ros2_nav_to_pose_msgs/lib/python3.12/site-packages/ros2_nav_to_pose_msgs/action'...
[24.815s] -- Up-to-date: /home/E14Raspberry/ScooperBot/tennisbot_ws/install/ros2_nav_to_pose_msgs/lib/libros2_nav_to_pose_msgs__rosidl_generator_py.so
[24.825s] -- Up-to-date: /home/E14Raspberry/ScooperBot/tennisbot_ws/install/ros2_nav_to_pose_msgs/share/ros2_nav_to_pose_msgs/cmake/export_ros2_nav_to_pose_msgs__rosidl_generator_cExport.cmake
[24.833s] -- Up-to-date: /home/E14Raspberry/ScooperBot/tennisbot_ws/install/ros2_nav_to_pose_msgs/share/ros2_nav_to_pose_msgs/cmake/export_ros2_nav_to_pose_msgs__rosidl_generator_cExport-noconfig.cmake
[24.838s] -- Up-to-date: /home/E14Raspberry/ScooperBot/tennisbot_ws/install/ros2_nav_to_pose_msgs/share/ros2_nav_to_pose_msgs/cmake/export_ros2_nav_to_pose_msgs__rosidl_typesupport_fastrtps_cExport.cmake
[24.840s] -- Up-to-date: /home/E14Raspberry/ScooperBot/tennisbot_ws/install/ros2_nav_to_pose_msgs/share/ros2_nav_to_pose_msgs/cmake/export_ros2_nav_to_pose_msgs__rosidl_typesupport_fastrtps_cExport-noconfig.cmake
[24.843s] -- Up-to-date: /home/E14Raspberry/ScooperBot/tennisbot_ws/install/ros2_nav_to_pose_msgs/share/ros2_nav_to_pose_msgs/cmake/export_ros2_nav_to_pose_msgs__rosidl_generator_cppExport.cmake
[24.845s] -- Up-to-date: /home/E14Raspberry/ScooperBot/tennisbot_ws/install/ros2_nav_to_pose_msgs/share/ros2_nav_to_pose_msgs/cmake/export_ros2_nav_to_pose_msgs__rosidl_typesupport_fastrtps_cppExport.cmake
[24.848s] -- Up-to-date: /home/E14Raspberry/ScooperBot/tennisbot_ws/install/ros2_nav_to_pose_msgs/share/ros2_nav_to_pose_msgs/cmake/export_ros2_nav_to_pose_msgs__rosidl_typesupport_fastrtps_cppExport-noconfig.cmake
[24.851s] -- Up-to-date: /home/E14Raspberry/ScooperBot/tennisbot_ws/install/ros2_nav_to_pose_msgs/share/ros2_nav_to_pose_msgs/cmake/ros2_nav_to_pose_msgs__rosidl_typesupport_introspection_cExport.cmake
[24.854s] -- Up-to-date: /home/E14Raspberry/ScooperBot/tennisbot_ws/install/ros2_nav_to_pose_msgs/share/ros2_nav_to_pose_msgs/cmake/ros2_nav_to_pose_msgs__rosidl_typesupport_introspection_cExport-noconfig.cmake
[24.858s] -- Up-to-date: /home/E14Raspberry/ScooperBot/tennisbot_ws/install/ros2_nav_to_pose_msgs/share/ros2_nav_to_pose_msgs/cmake/ros2_nav_to_pose_msgs__rosidl_typesupport_cExport.cmake
[24.864s] -- Up-to-date: /home/E14Raspberry/ScooperBot/tennisbot_ws/install/ros2_nav_to_pose_msgs/share/ros2_nav_to_pose_msgs/cmake/ros2_nav_to_pose_msgs__rosidl_typesupport_cExport-noconfig.cmake
[24.869s] -- Up-to-date: /home/E14Raspberry/ScooperBot/tennisbot_ws/install/ros2_nav_to_pose_msgs/share/ros2_nav_to_pose_msgs/cmake/ros2_nav_to_pose_msgs__rosidl_typesupport_introspection_cppExport.cmake
[24.874s] -- Up-to-date: /home/E14Raspberry/ScooperBot/tennisbot_ws/install/ros2_nav_to_pose_msgs/share/ros2_nav_to_pose_msgs/cmake/ros2_nav_to_pose_msgs__rosidl_typesupport_introspection_cppExport-noconfig.cmake
[24.879s] -- Up-to-date: /home/E14Raspberry/ScooperBot/tennisbot_ws/install/ros2_nav_to_pose_msgs/share/ros2_nav_to_pose_msgs/cmake/ros2_nav_to_pose_msgs__rosidl_typesupport_cppExport.cmake
[24.885s] -- Up-to-date: /home/E14Raspberry/ScooperBot/tennisbot_ws/install/ros2_nav_to_pose_msgs/share/ros2_nav_to_pose_msgs/cmake/ros2_nav_to_pose_msgs__rosidl_typesupport_cppExport-noconfig.cmake
[24.891s] -- Up-to-date: /home/E14Raspberry/ScooperBot/tennisbot_ws/install/ros2_nav_to_pose_msgs/share/ros2_nav_to_pose_msgs/cmake/export_ros2_nav_to_pose_msgs__rosidl_generator_pyExport.cmake
[24.901s] -- Up-to-date: /home/E14Raspberry/ScooperBot/tennisbot_ws/install/ros2_nav_to_pose_msgs/share/ros2_nav_to_pose_msgs/cmake/export_ros2_nav_to_pose_msgs__rosidl_generator_pyExport-noconfig.cmake
[24.923s] Invoked command in '/home/E14Raspberry/ScooperBot/tennisbot_ws/build/ros2_nav_to_pose_msgs' returned '0': CMAKE_PREFIX_PATH=${CMAKE_PREFIX_PATH}:/home/E14Raspberry/ScooperBot/tennisbot_ws/install/twist_stamper:/home/E14Raspberry/ScooperBot/tennisbot_ws/install/serial_motor_demo:/home/E14Raspberry/ScooperBot/tennisbot_ws/install/ros2_nav_to_pose:/home/E14Raspberry/ScooperBot/tennisbot_ws/install/ball_tracker:/opt/ros/jazzy /usr/bin/cmake --install /home/E14Raspberry/ScooperBot/tennisbot_ws/build/ros2_nav_to_pose_msgs
