[0.362s] Invoking command in '/home/E14Raspberry/ScooperBot/tennisbot_ws/build/yasmin_msgs': CMAKE_PREFIX_PATH=${CMAKE_PREFIX_PATH}:/home/E14Raspberry/ScooperBot/tennisbot_ws/install/twist_stamper:/home/E14Raspberry/ScooperBot/tennisbot_ws/install/serial_motor_demo:/home/E14Raspberry/ScooperBot/tennisbot_ws/install/ball_tracker:/opt/ros/jazzy /usr/bin/cmake --build /home/E14Raspberry/ScooperBot/tennisbot_ws/build/yasmin_msgs -- -j4 -l4
[2.502s] [  1%] Built target yasmin_msgs__rosidl_generator_type_description
[3.413s] [ 22%] Built target yasmin_msgs__rosidl_generator_c
[3.534s] [ 24%] Built target yasmin_msgs__cpp
[4.043s] [ 33%] Built target yasmin_msgs__rosidl_typesupport_introspection_c
[4.089s] [ 33%] Built target ament_cmake_python_symlink_yasmin_msgs
[4.620s] [ 42%] Built target yasmin_msgs__rosidl_typesupport_introspection_cpp
[5.182s] [ 51%] Built target yasmin_msgs__rosidl_typesupport_cpp
[5.382s] [ 61%] Built target yasmin_msgs__rosidl_typesupport_c
[5.427s] [ 70%] Built target yasmin_msgs__rosidl_typesupport_fastrtps_cpp
[5.489s] [ 79%] Built target yasmin_msgs__rosidl_typesupport_fastrtps_c
[7.289s] [ 79%] Built target yasmin_msgs
[8.587s] [ 81%] Built target yasmin_msgs__py
[9.851s] [ 88%] Built target yasmin_msgs__rosidl_generator_py
[10.852s] [ 92%] Built target yasmin_msgs_s__rosidl_typesupport_fastrtps_c
[12.286s] [ 96%] Built target yasmin_msgs_s__rosidl_typesupport_c
[13.527s] running egg_info
[13.745s] [100%] Built target yasmin_msgs_s__rosidl_typesupport_introspection_c
[13.889s] writing yasmin_msgs.egg-info/PKG-INFO
[13.896s] writing dependency_links to yasmin_msgs.egg-info/dependency_links.txt
[13.911s] writing top-level names to yasmin_msgs.egg-info/top_level.txt
[15.191s] reading manifest file 'yasmin_msgs.egg-info/SOURCES.txt'
[15.204s] writing manifest file 'yasmin_msgs.egg-info/SOURCES.txt'
[15.787s] [100%] Built target ament_cmake_python_build_yasmin_msgs_egg
[16.446s] Invoked command in '/home/E14Raspberry/ScooperBot/tennisbot_ws/build/yasmin_msgs' returned '0': CMAKE_PREFIX_PATH=${CMAKE_PREFIX_PATH}:/home/E14Raspberry/ScooperBot/tennisbot_ws/install/twist_stamper:/home/E14Raspberry/ScooperBot/tennisbot_ws/install/serial_motor_demo:/home/E14Raspberry/ScooperBot/tennisbot_ws/install/ball_tracker:/opt/ros/jazzy /usr/bin/cmake --build /home/E14Raspberry/ScooperBot/tennisbot_ws/build/yasmin_msgs -- -j4 -l4
[20.690s] Invoking command in '/home/E14Raspberry/ScooperBot/tennisbot_ws/build/yasmin_msgs': CMAKE_PREFIX_PATH=${CMAKE_PREFIX_PATH}:/home/E14Raspberry/ScooperBot/tennisbot_ws/install/twist_stamper:/home/E14Raspberry/ScooperBot/tennisbot_ws/install/serial_motor_demo:/home/E14Raspberry/ScooperBot/tennisbot_ws/install/ball_tracker:/opt/ros/jazzy /usr/bin/cmake --install /home/E14Raspberry/ScooperBot/tennisbot_ws/build/yasmin_msgs
[20.922s] -- Install configuration: ""
[20.933s] -- Execute custom install script
[20.940s] -- Up-to-date symlink: /home/E14Raspberry/ScooperBot/tennisbot_ws/install/yasmin_msgs/share/ament_index/resource_index/rosidl_interfaces/yasmin_msgs
[20.945s] -- Up-to-date symlink: /home/E14Raspberry/ScooperBot/tennisbot_ws/install/yasmin_msgs/share/yasmin_msgs/msg/State.json
[20.947s] -- Up-to-date symlink: /home/E14Raspberry/ScooperBot/tennisbot_ws/install/yasmin_msgs/share/yasmin_msgs/msg/Transition.json
[20.953s] -- Up-to-date symlink: /home/E14Raspberry/ScooperBot/tennisbot_ws/install/yasmin_msgs/share/yasmin_msgs/msg/StateMachine.json
[20.960s] -- Up-to-date symlink: /home/E14Raspberry/ScooperBot/tennisbot_ws/install/yasmin_msgs/include/yasmin_msgs/yasmin_msgs/msg/detail/state__functions.h
[20.964s] -- Up-to-date symlink: /home/E14Raspberry/ScooperBot/tennisbot_ws/install/yasmin_msgs/include/yasmin_msgs/yasmin_msgs/msg/detail/state__struct.h
[20.970s] -- Up-to-date symlink: /home/E14Raspberry/ScooperBot/tennisbot_ws/install/yasmin_msgs/include/yasmin_msgs/yasmin_msgs/msg/detail/state__type_support.h
[20.979s] -- Up-to-date symlink: /home/E14Raspberry/ScooperBot/tennisbot_ws/install/yasmin_msgs/include/yasmin_msgs/yasmin_msgs/msg/detail/state_machine__functions.h
[20.982s] -- Up-to-date symlink: /home/E14Raspberry/ScooperBot/tennisbot_ws/install/yasmin_msgs/include/yasmin_msgs/yasmin_msgs/msg/detail/state_machine__struct.h
[20.988s] -- Up-to-date symlink: /home/E14Raspberry/ScooperBot/tennisbot_ws/install/yasmin_msgs/include/yasmin_msgs/yasmin_msgs/msg/detail/state_machine__type_support.h
[20.993s] -- Up-to-date symlink: /home/E14Raspberry/ScooperBot/tennisbot_ws/install/yasmin_msgs/include/yasmin_msgs/yasmin_msgs/msg/detail/transition__functions.h
[21.007s] -- Up-to-date symlink: /home/E14Raspberry/ScooperBot/tennisbot_ws/install/yasmin_msgs/include/yasmin_msgs/yasmin_msgs/msg/detail/transition__struct.h
[21.024s] -- Up-to-date symlink: /home/E14Raspberry/ScooperBot/tennisbot_ws/install/yasmin_msgs/include/yasmin_msgs/yasmin_msgs/msg/detail/transition__type_support.h
[21.031s] -- Up-to-date symlink: /home/E14Raspberry/ScooperBot/tennisbot_ws/install/yasmin_msgs/include/yasmin_msgs/yasmin_msgs/msg/rosidl_generator_c__visibility_control.h
[21.039s] -- Up-to-date symlink: /home/E14Raspberry/ScooperBot/tennisbot_ws/install/yasmin_msgs/include/yasmin_msgs/yasmin_msgs/msg/state.h
[21.049s] -- Up-to-date symlink: /home/E14Raspberry/ScooperBot/tennisbot_ws/install/yasmin_msgs/include/yasmin_msgs/yasmin_msgs/msg/state_machine.h
[21.053s] -- Up-to-date symlink: /home/E14Raspberry/ScooperBot/tennisbot_ws/install/yasmin_msgs/include/yasmin_msgs/yasmin_msgs/msg/transition.h
[21.058s] -- Up-to-date symlink: /home/E14Raspberry/ScooperBot/tennisbot_ws/install/yasmin_msgs/share/yasmin_msgs/environment/library_path.sh
[21.060s] -- Up-to-date symlink: /home/E14Raspberry/ScooperBot/tennisbot_ws/install/yasmin_msgs/share/yasmin_msgs/environment/library_path.dsv
[21.077s] -- Up-to-date symlink: /home/E14Raspberry/ScooperBot/tennisbot_ws/install/yasmin_msgs/include/yasmin_msgs/yasmin_msgs/msg/detail/state__rosidl_typesupport_fastrtps_c.h
[21.086s] -- Up-to-date symlink: /home/E14Raspberry/ScooperBot/tennisbot_ws/install/yasmin_msgs/include/yasmin_msgs/yasmin_msgs/msg/detail/state_machine__rosidl_typesupport_fastrtps_c.h
[21.092s] -- Up-to-date symlink: /home/E14Raspberry/ScooperBot/tennisbot_ws/install/yasmin_msgs/include/yasmin_msgs/yasmin_msgs/msg/detail/transition__rosidl_typesupport_fastrtps_c.h
[21.093s] -- Up-to-date symlink: /home/E14Raspberry/ScooperBot/tennisbot_ws/install/yasmin_msgs/include/yasmin_msgs/yasmin_msgs/msg/rosidl_typesupport_fastrtps_c__visibility_control.h
[21.108s] -- Up-to-date symlink: /home/E14Raspberry/ScooperBot/tennisbot_ws/install/yasmin_msgs/include/yasmin_msgs/yasmin_msgs/msg/detail/state__rosidl_typesupport_introspection_c.h
[21.119s] -- Up-to-date symlink: /home/E14Raspberry/ScooperBot/tennisbot_ws/install/yasmin_msgs/include/yasmin_msgs/yasmin_msgs/msg/detail/state_machine__rosidl_typesupport_introspection_c.h
[21.134s] -- Up-to-date symlink: /home/E14Raspberry/ScooperBot/tennisbot_ws/install/yasmin_msgs/include/yasmin_msgs/yasmin_msgs/msg/detail/transition__rosidl_typesupport_introspection_c.h
[21.146s] -- Up-to-date symlink: /home/E14Raspberry/ScooperBot/tennisbot_ws/install/yasmin_msgs/include/yasmin_msgs/yasmin_msgs/msg/rosidl_typesupport_introspection_c__visibility_control.h
[21.156s] -- Up-to-date symlink: /home/E14Raspberry/ScooperBot/tennisbot_ws/install/yasmin_msgs/include/yasmin_msgs/yasmin_msgs/msg/detail/state__builder.hpp
[21.163s] -- Up-to-date symlink: /home/E14Raspberry/ScooperBot/tennisbot_ws/install/yasmin_msgs/include/yasmin_msgs/yasmin_msgs/msg/detail/state__struct.hpp
[21.167s] -- Up-to-date symlink: /home/E14Raspberry/ScooperBot/tennisbot_ws/install/yasmin_msgs/include/yasmin_msgs/yasmin_msgs/msg/detail/state__traits.hpp
[21.175s] -- Up-to-date symlink: /home/E14Raspberry/ScooperBot/tennisbot_ws/install/yasmin_msgs/include/yasmin_msgs/yasmin_msgs/msg/detail/state__type_support.hpp
[21.185s] -- Up-to-date symlink: /home/E14Raspberry/ScooperBot/tennisbot_ws/install/yasmin_msgs/include/yasmin_msgs/yasmin_msgs/msg/detail/state_machine__builder.hpp
[21.189s] -- Up-to-date symlink: /home/E14Raspberry/ScooperBot/tennisbot_ws/install/yasmin_msgs/include/yasmin_msgs/yasmin_msgs/msg/detail/state_machine__struct.hpp
[21.195s] -- Up-to-date symlink: /home/E14Raspberry/ScooperBot/tennisbot_ws/install/yasmin_msgs/include/yasmin_msgs/yasmin_msgs/msg/detail/state_machine__traits.hpp
[21.196s] -- Up-to-date symlink: /home/E14Raspberry/ScooperBot/tennisbot_ws/install/yasmin_msgs/include/yasmin_msgs/yasmin_msgs/msg/detail/state_machine__type_support.hpp
[21.198s] -- Up-to-date symlink: /home/E14Raspberry/ScooperBot/tennisbot_ws/install/yasmin_msgs/include/yasmin_msgs/yasmin_msgs/msg/detail/transition__builder.hpp
[21.200s] -- Up-to-date symlink: /home/E14Raspberry/ScooperBot/tennisbot_ws/install/yasmin_msgs/include/yasmin_msgs/yasmin_msgs/msg/detail/transition__struct.hpp
[21.201s] -- Up-to-date symlink: /home/E14Raspberry/ScooperBot/tennisbot_ws/install/yasmin_msgs/include/yasmin_msgs/yasmin_msgs/msg/detail/transition__traits.hpp
[21.203s] -- Up-to-date symlink: /home/E14Raspberry/ScooperBot/tennisbot_ws/install/yasmin_msgs/include/yasmin_msgs/yasmin_msgs/msg/detail/transition__type_support.hpp
[21.216s] -- Up-to-date symlink: /home/E14Raspberry/ScooperBot/tennisbot_ws/install/yasmin_msgs/include/yasmin_msgs/yasmin_msgs/msg/rosidl_generator_cpp__visibility_control.hpp
[21.222s] -- Up-to-date symlink: /home/E14Raspberry/ScooperBot/tennisbot_ws/install/yasmin_msgs/include/yasmin_msgs/yasmin_msgs/msg/state.hpp
[21.224s] -- Up-to-date symlink: /home/E14Raspberry/ScooperBot/tennisbot_ws/install/yasmin_msgs/include/yasmin_msgs/yasmin_msgs/msg/state_machine.hpp
[21.231s] -- Up-to-date symlink: /home/E14Raspberry/ScooperBot/tennisbot_ws/install/yasmin_msgs/include/yasmin_msgs/yasmin_msgs/msg/transition.hpp
[21.258s] -- Up-to-date symlink: /home/E14Raspberry/ScooperBot/tennisbot_ws/install/yasmin_msgs/include/yasmin_msgs/yasmin_msgs/msg/detail/state__rosidl_typesupport_fastrtps_cpp.hpp
[21.266s] -- Up-to-date symlink: /home/E14Raspberry/ScooperBot/tennisbot_ws/install/yasmin_msgs/include/yasmin_msgs/yasmin_msgs/msg/detail/state_machine__rosidl_typesupport_fastrtps_cpp.hpp
[21.279s] -- Up-to-date symlink: /home/E14Raspberry/ScooperBot/tennisbot_ws/install/yasmin_msgs/include/yasmin_msgs/yasmin_msgs/msg/detail/transition__rosidl_typesupport_fastrtps_cpp.hpp
[21.287s] -- Up-to-date symlink: /home/E14Raspberry/ScooperBot/tennisbot_ws/install/yasmin_msgs/include/yasmin_msgs/yasmin_msgs/msg/rosidl_typesupport_fastrtps_cpp__visibility_control.h
[21.301s] -- Up-to-date symlink: /home/E14Raspberry/ScooperBot/tennisbot_ws/install/yasmin_msgs/include/yasmin_msgs/yasmin_msgs/msg/detail/state__rosidl_typesupport_introspection_cpp.hpp
[21.313s] -- Up-to-date symlink: /home/E14Raspberry/ScooperBot/tennisbot_ws/install/yasmin_msgs/include/yasmin_msgs/yasmin_msgs/msg/detail/state_machine__rosidl_typesupport_introspection_cpp.hpp
[21.323s] -- Up-to-date symlink: /home/E14Raspberry/ScooperBot/tennisbot_ws/install/yasmin_msgs/include/yasmin_msgs/yasmin_msgs/msg/detail/transition__rosidl_typesupport_introspection_cpp.hpp
[21.333s] -- Up-to-date symlink: /home/E14Raspberry/ScooperBot/tennisbot_ws/install/yasmin_msgs/share/yasmin_msgs/environment/pythonpath.sh
[21.347s] -- Up-to-date symlink: /home/E14Raspberry/ScooperBot/tennisbot_ws/install/yasmin_msgs/share/yasmin_msgs/environment/pythonpath.dsv
[21.361s] -- Up-to-date symlink: /home/E14Raspberry/ScooperBot/tennisbot_ws/install/yasmin_msgs/lib/python3.12/site-packages/yasmin_msgs-2.3.1-py3.12.egg-info/PKG-INFO
[21.373s] -- Up-to-date symlink: /home/E14Raspberry/ScooperBot/tennisbot_ws/install/yasmin_msgs/lib/python3.12/site-packages/yasmin_msgs-2.3.1-py3.12.egg-info/SOURCES.txt
[21.381s] -- Up-to-date symlink: /home/E14Raspberry/ScooperBot/tennisbot_ws/install/yasmin_msgs/lib/python3.12/site-packages/yasmin_msgs-2.3.1-py3.12.egg-info/dependency_links.txt
[21.387s] -- Up-to-date symlink: /home/E14Raspberry/ScooperBot/tennisbot_ws/install/yasmin_msgs/lib/python3.12/site-packages/yasmin_msgs-2.3.1-py3.12.egg-info/top_level.txt
[21.423s] -- Up-to-date symlink: /home/E14Raspberry/ScooperBot/tennisbot_ws/install/yasmin_msgs/lib/python3.12/site-packages/yasmin_msgs/__init__.py
[21.433s] -- Up-to-date symlink: /home/E14Raspberry/ScooperBot/tennisbot_ws/install/yasmin_msgs/lib/python3.12/site-packages/yasmin_msgs/_yasmin_msgs_s.ep.rosidl_typesupport_c.c
[21.445s] -- Up-to-date symlink: /home/E14Raspberry/ScooperBot/tennisbot_ws/install/yasmin_msgs/lib/python3.12/site-packages/yasmin_msgs/_yasmin_msgs_s.ep.rosidl_typesupport_fastrtps_c.c
[21.450s] -- Up-to-date symlink: /home/E14Raspberry/ScooperBot/tennisbot_ws/install/yasmin_msgs/lib/python3.12/site-packages/yasmin_msgs/_yasmin_msgs_s.ep.rosidl_typesupport_introspection_c.c
[21.454s] -- Up-to-date symlink: /home/E14Raspberry/ScooperBot/tennisbot_ws/install/yasmin_msgs/lib/python3.12/site-packages/yasmin_msgs/msg/__init__.py
[21.461s] -- Up-to-date symlink: /home/E14Raspberry/ScooperBot/tennisbot_ws/install/yasmin_msgs/lib/python3.12/site-packages/yasmin_msgs/msg/_state.py
[21.482s] -- Up-to-date symlink: /home/E14Raspberry/ScooperBot/tennisbot_ws/install/yasmin_msgs/lib/python3.12/site-packages/yasmin_msgs/msg/_state_machine.py
[21.493s] -- Up-to-date symlink: /home/E14Raspberry/ScooperBot/tennisbot_ws/install/yasmin_msgs/lib/python3.12/site-packages/yasmin_msgs/msg/_state_machine_s.c
[21.499s] -- Up-to-date symlink: /home/E14Raspberry/ScooperBot/tennisbot_ws/install/yasmin_msgs/lib/python3.12/site-packages/yasmin_msgs/msg/_state_s.c
[21.509s] -- Up-to-date symlink: /home/E14Raspberry/ScooperBot/tennisbot_ws/install/yasmin_msgs/lib/python3.12/site-packages/yasmin_msgs/msg/_transition.py
[21.515s] -- Up-to-date symlink: /home/E14Raspberry/ScooperBot/tennisbot_ws/install/yasmin_msgs/lib/python3.12/site-packages/yasmin_msgs/msg/_transition_s.c
[21.520s] -- Up-to-date symlink: /home/E14Raspberry/ScooperBot/tennisbot_ws/install/yasmin_msgs/lib/python3.12/site-packages/yasmin_msgs/yasmin_msgs_s__rosidl_typesupport_c.so
[21.528s] -- Up-to-date symlink: /home/E14Raspberry/ScooperBot/tennisbot_ws/install/yasmin_msgs/lib/python3.12/site-packages/yasmin_msgs/yasmin_msgs_s__rosidl_typesupport_fastrtps_c.so
[21.544s] -- Up-to-date symlink: /home/E14Raspberry/ScooperBot/tennisbot_ws/install/yasmin_msgs/lib/python3.12/site-packages/yasmin_msgs/yasmin_msgs_s__rosidl_typesupport_introspection_c.so
[21.552s] -- Up-to-date symlink: /home/E14Raspberry/ScooperBot/tennisbot_ws/install/yasmin_msgs/lib/python3.12/site-packages/yasmin_msgs/yasmin_msgs_s__rosidl_typesupport_fastrtps_c.so
[21.558s] -- Up-to-date symlink: /home/E14Raspberry/ScooperBot/tennisbot_ws/install/yasmin_msgs/lib/python3.12/site-packages/yasmin_msgs/yasmin_msgs_s__rosidl_typesupport_introspection_c.so
[21.564s] -- Up-to-date symlink: /home/E14Raspberry/ScooperBot/tennisbot_ws/install/yasmin_msgs/lib/python3.12/site-packages/yasmin_msgs/yasmin_msgs_s__rosidl_typesupport_c.so
[21.573s] -- Up-to-date symlink: /home/E14Raspberry/ScooperBot/tennisbot_ws/install/yasmin_msgs/share/yasmin_msgs/msg/State.idl
[21.578s] -- Up-to-date symlink: /home/E14Raspberry/ScooperBot/tennisbot_ws/install/yasmin_msgs/share/yasmin_msgs/msg/Transition.idl
[21.582s] -- Up-to-date symlink: /home/E14Raspberry/ScooperBot/tennisbot_ws/install/yasmin_msgs/share/yasmin_msgs/msg/StateMachine.idl
[21.588s] -- Up-to-date symlink: /home/E14Raspberry/ScooperBot/tennisbot_ws/install/yasmin_msgs/share/yasmin_msgs/msg/State.msg
[21.594s] -- Up-to-date symlink: /home/E14Raspberry/ScooperBot/tennisbot_ws/install/yasmin_msgs/share/yasmin_msgs/msg/Transition.msg
[21.599s] -- Up-to-date symlink: /home/E14Raspberry/ScooperBot/tennisbot_ws/install/yasmin_msgs/share/yasmin_msgs/msg/StateMachine.msg
[21.610s] -- Up-to-date symlink: /home/E14Raspberry/ScooperBot/tennisbot_ws/install/yasmin_msgs/share/ament_index/resource_index/package_run_dependencies/yasmin_msgs
[21.617s] -- Up-to-date symlink: /home/E14Raspberry/ScooperBot/tennisbot_ws/install/yasmin_msgs/share/ament_index/resource_index/parent_prefix_path/yasmin_msgs
[21.624s] -- Up-to-date symlink: /home/E14Raspberry/ScooperBot/tennisbot_ws/install/yasmin_msgs/share/yasmin_msgs/environment/ament_prefix_path.sh
[21.628s] -- Up-to-date symlink: /home/E14Raspberry/ScooperBot/tennisbot_ws/install/yasmin_msgs/share/yasmin_msgs/environment/ament_prefix_path.dsv
[21.642s] -- Up-to-date symlink: /home/E14Raspberry/ScooperBot/tennisbot_ws/install/yasmin_msgs/share/yasmin_msgs/environment/path.sh
[21.646s] -- Up-to-date symlink: /home/E14Raspberry/ScooperBot/tennisbot_ws/install/yasmin_msgs/share/yasmin_msgs/environment/path.dsv
[21.648s] -- Up-to-date symlink: /home/E14Raspberry/ScooperBot/tennisbot_ws/install/yasmin_msgs/share/yasmin_msgs/local_setup.bash
[21.655s] -- Up-to-date symlink: /home/E14Raspberry/ScooperBot/tennisbot_ws/install/yasmin_msgs/share/yasmin_msgs/local_setup.sh
[21.661s] -- Up-to-date symlink: /home/E14Raspberry/ScooperBot/tennisbot_ws/install/yasmin_msgs/share/yasmin_msgs/local_setup.zsh
[21.667s] -- Up-to-date symlink: /home/E14Raspberry/ScooperBot/tennisbot_ws/install/yasmin_msgs/share/yasmin_msgs/local_setup.dsv
[21.676s] -- Symlinking: /home/E14Raspberry/ScooperBot/tennisbot_ws/install/yasmin_msgs/share/yasmin_msgs/package.dsv
[21.927s] -- Up-to-date symlink: /home/E14Raspberry/ScooperBot/tennisbot_ws/install/yasmin_msgs/share/ament_index/resource_index/packages/yasmin_msgs
[21.933s] -- Up-to-date symlink: /home/E14Raspberry/ScooperBot/tennisbot_ws/install/yasmin_msgs/share/yasmin_msgs/cmake/rosidl_cmake-extras.cmake
[21.947s] -- Up-to-date symlink: /home/E14Raspberry/ScooperBot/tennisbot_ws/install/yasmin_msgs/share/yasmin_msgs/cmake/ament_cmake_export_include_directories-extras.cmake
[21.952s] -- Up-to-date symlink: /home/E14Raspberry/ScooperBot/tennisbot_ws/install/yasmin_msgs/share/yasmin_msgs/cmake/ament_cmake_export_libraries-extras.cmake
[21.967s] -- Up-to-date symlink: /home/E14Raspberry/ScooperBot/tennisbot_ws/install/yasmin_msgs/share/yasmin_msgs/cmake/ament_cmake_export_targets-extras.cmake
[21.985s] -- Up-to-date symlink: /home/E14Raspberry/ScooperBot/tennisbot_ws/install/yasmin_msgs/share/yasmin_msgs/cmake/rosidl_cmake_export_typesupport_targets-extras.cmake
[21.988s] -- Up-to-date symlink: /home/E14Raspberry/ScooperBot/tennisbot_ws/install/yasmin_msgs/share/yasmin_msgs/cmake/ament_cmake_export_dependencies-extras.cmake
[21.994s] -- Up-to-date symlink: /home/E14Raspberry/ScooperBot/tennisbot_ws/install/yasmin_msgs/share/yasmin_msgs/cmake/rosidl_cmake_export_typesupport_libraries-extras.cmake
[22.004s] -- Up-to-date symlink: /home/E14Raspberry/ScooperBot/tennisbot_ws/install/yasmin_msgs/share/yasmin_msgs/cmake/yasmin_msgsConfig.cmake
[22.018s] -- Up-to-date symlink: /home/E14Raspberry/ScooperBot/tennisbot_ws/install/yasmin_msgs/share/yasmin_msgs/cmake/yasmin_msgsConfig-version.cmake
[22.027s] -- Up-to-date symlink: /home/E14Raspberry/ScooperBot/tennisbot_ws/install/yasmin_msgs/share/yasmin_msgs/package.xml
[22.036s] -- Up-to-date: /home/E14Raspberry/ScooperBot/tennisbot_ws/install/yasmin_msgs/lib/libyasmin_msgs__rosidl_generator_c.so
[22.052s] -- Up-to-date: /home/E14Raspberry/ScooperBot/tennisbot_ws/install/yasmin_msgs/lib/libyasmin_msgs__rosidl_typesupport_fastrtps_c.so
[22.071s] -- Up-to-date: /home/E14Raspberry/ScooperBot/tennisbot_ws/install/yasmin_msgs/lib/libyasmin_msgs__rosidl_typesupport_introspection_c.so
[22.103s] -- Up-to-date: /home/E14Raspberry/ScooperBot/tennisbot_ws/install/yasmin_msgs/lib/libyasmin_msgs__rosidl_typesupport_c.so
[22.120s] -- Up-to-date: /home/E14Raspberry/ScooperBot/tennisbot_ws/install/yasmin_msgs/lib/libyasmin_msgs__rosidl_typesupport_fastrtps_cpp.so
[22.133s] -- Up-to-date: /home/E14Raspberry/ScooperBot/tennisbot_ws/install/yasmin_msgs/lib/libyasmin_msgs__rosidl_typesupport_introspection_cpp.so
[22.152s] -- Up-to-date: /home/E14Raspberry/ScooperBot/tennisbot_ws/install/yasmin_msgs/lib/libyasmin_msgs__rosidl_typesupport_cpp.so
[23.315s] Listing '/home/E14Raspberry/ScooperBot/tennisbot_ws/install/yasmin_msgs/lib/python3.12/site-packages/yasmin_msgs'...
[23.321s] Listing '/home/E14Raspberry/ScooperBot/tennisbot_ws/install/yasmin_msgs/lib/python3.12/site-packages/yasmin_msgs/msg'...
[23.433s] -- Up-to-date: /home/E14Raspberry/ScooperBot/tennisbot_ws/install/yasmin_msgs/lib/libyasmin_msgs__rosidl_generator_py.so
[23.447s] -- Up-to-date: /home/E14Raspberry/ScooperBot/tennisbot_ws/install/yasmin_msgs/share/yasmin_msgs/cmake/export_yasmin_msgs__rosidl_generator_cExport.cmake
[23.451s] -- Up-to-date: /home/E14Raspberry/ScooperBot/tennisbot_ws/install/yasmin_msgs/share/yasmin_msgs/cmake/export_yasmin_msgs__rosidl_generator_cExport-noconfig.cmake
[23.453s] -- Up-to-date: /home/E14Raspberry/ScooperBot/tennisbot_ws/install/yasmin_msgs/share/yasmin_msgs/cmake/export_yasmin_msgs__rosidl_typesupport_fastrtps_cExport.cmake
[23.457s] -- Up-to-date: /home/E14Raspberry/ScooperBot/tennisbot_ws/install/yasmin_msgs/share/yasmin_msgs/cmake/export_yasmin_msgs__rosidl_typesupport_fastrtps_cExport-noconfig.cmake
[23.462s] -- Up-to-date: /home/E14Raspberry/ScooperBot/tennisbot_ws/install/yasmin_msgs/share/yasmin_msgs/cmake/yasmin_msgs__rosidl_typesupport_introspection_cExport.cmake
[23.463s] -- Up-to-date: /home/E14Raspberry/ScooperBot/tennisbot_ws/install/yasmin_msgs/share/yasmin_msgs/cmake/yasmin_msgs__rosidl_typesupport_introspection_cExport-noconfig.cmake
[23.474s] -- Up-to-date: /home/E14Raspberry/ScooperBot/tennisbot_ws/install/yasmin_msgs/share/yasmin_msgs/cmake/yasmin_msgs__rosidl_typesupport_cExport.cmake
[23.481s] -- Up-to-date: /home/E14Raspberry/ScooperBot/tennisbot_ws/install/yasmin_msgs/share/yasmin_msgs/cmake/yasmin_msgs__rosidl_typesupport_cExport-noconfig.cmake
[23.485s] -- Up-to-date: /home/E14Raspberry/ScooperBot/tennisbot_ws/install/yasmin_msgs/share/yasmin_msgs/cmake/export_yasmin_msgs__rosidl_generator_cppExport.cmake
[23.487s] -- Up-to-date: /home/E14Raspberry/ScooperBot/tennisbot_ws/install/yasmin_msgs/share/yasmin_msgs/cmake/export_yasmin_msgs__rosidl_typesupport_fastrtps_cppExport.cmake
[23.491s] -- Up-to-date: /home/E14Raspberry/ScooperBot/tennisbot_ws/install/yasmin_msgs/share/yasmin_msgs/cmake/export_yasmin_msgs__rosidl_typesupport_fastrtps_cppExport-noconfig.cmake
[23.494s] -- Up-to-date: /home/E14Raspberry/ScooperBot/tennisbot_ws/install/yasmin_msgs/share/yasmin_msgs/cmake/yasmin_msgs__rosidl_typesupport_introspection_cppExport.cmake
[23.499s] -- Up-to-date: /home/E14Raspberry/ScooperBot/tennisbot_ws/install/yasmin_msgs/share/yasmin_msgs/cmake/yasmin_msgs__rosidl_typesupport_introspection_cppExport-noconfig.cmake
[23.500s] -- Up-to-date: /home/E14Raspberry/ScooperBot/tennisbot_ws/install/yasmin_msgs/share/yasmin_msgs/cmake/yasmin_msgs__rosidl_typesupport_cppExport.cmake
[23.510s] -- Up-to-date: /home/E14Raspberry/ScooperBot/tennisbot_ws/install/yasmin_msgs/share/yasmin_msgs/cmake/yasmin_msgs__rosidl_typesupport_cppExport-noconfig.cmake
[23.535s] -- Up-to-date: /home/E14Raspberry/ScooperBot/tennisbot_ws/install/yasmin_msgs/share/yasmin_msgs/cmake/export_yasmin_msgs__rosidl_generator_pyExport.cmake
[23.555s] -- Up-to-date: /home/E14Raspberry/ScooperBot/tennisbot_ws/install/yasmin_msgs/share/yasmin_msgs/cmake/export_yasmin_msgs__rosidl_generator_pyExport-noconfig.cmake
[23.588s] Invoked command in '/home/E14Raspberry/ScooperBot/tennisbot_ws/build/yasmin_msgs' returned '0': CMAKE_PREFIX_PATH=${CMAKE_PREFIX_PATH}:/home/E14Raspberry/ScooperBot/tennisbot_ws/install/twist_stamper:/home/E14Raspberry/ScooperBot/tennisbot_ws/install/serial_motor_demo:/home/E14Raspberry/ScooperBot/tennisbot_ws/install/ball_tracker:/opt/ros/jazzy /usr/bin/cmake --install /home/E14Raspberry/ScooperBot/tennisbot_ws/build/yasmin_msgs
