[11.980s] Invoking command in '/home/E14Raspberry/ScooperBot/tennisbot_ws/build/ball_tracker': PYTHONPATH=/home/E14Raspberry/ScooperBot/tennisbot_ws/build/ball_tracker/prefix_override:/usr/lib/python3/dist-packages/colcon_core/task/python/colcon_distutils_commands:/home/E14Raspberry/ScooperBot/tennisbot_ws/install/ball_tracker/lib/python3.12/site-packages:${PYTHONPATH} /usr/bin/python3 -W ignore:setup.py install is deprecated setup.py develop --editable --build-directory /home/E14Raspberry/ScooperBot/tennisbot_ws/build/ball_tracker/build --no-deps symlink_data
[16.994s] running develop
[16.996s] /usr/lib/python3/dist-packages/setuptools/command/develop.py:40: EasyInstallDeprecationWarning: easy_install command is deprecated.
[16.997s] !!
[16.998s] 
[17.000s]         ********************************************************************************
[17.001s]         Please avoid running ``setup.py`` and ``easy_install``.
[17.002s]         Instead, use pypa/build, pypa/installer or other
[17.003s]         standards-based tools.
[17.004s] 
[17.005s]         See https://github.com/pypa/setuptools/issues/917 for details.
[17.006s]         ********************************************************************************
[17.008s] 
[17.009s] !!
[17.010s]   easy_install.initialize_options(self)
[20.461s] running egg_info
[20.779s] writing ball_tracker.egg-info/PKG-INFO
[20.782s] writing dependency_links to ball_tracker.egg-info/dependency_links.txt
[20.785s] writing entry points to ball_tracker.egg-info/entry_points.txt
[20.790s] writing requirements to ball_tracker.egg-info/requires.txt
[20.792s] writing top-level names to ball_tracker.egg-info/top_level.txt
[21.417s] reading manifest file 'ball_tracker.egg-info/SOURCES.txt'
[21.428s] writing manifest file 'ball_tracker.egg-info/SOURCES.txt'
[21.758s] running build_ext
[21.761s] Creating /home/E14Raspberry/ScooperBot/tennisbot_ws/install/ball_tracker/lib/python3.12/site-packages/ball-tracker.egg-link (link to .)
[21.767s] Installing detect_ball script to /home/E14Raspberry/ScooperBot/tennisbot_ws/install/ball_tracker/lib/ball_tracker
[21.769s] Installing detect_ball_3d script to /home/E14Raspberry/ScooperBot/tennisbot_ws/install/ball_tracker/lib/ball_tracker
[21.774s] Installing detect_ball_nn script to /home/E14Raspberry/ScooperBot/tennisbot_ws/install/ball_tracker/lib/ball_tracker
[21.777s] Installing detect_ball_nn_offload script to /home/E14Raspberry/ScooperBot/tennisbot_ws/install/ball_tracker/lib/ball_tracker
[21.782s] Installing follow_ball script to /home/E14Raspberry/ScooperBot/tennisbot_ws/install/ball_tracker/lib/ball_tracker
[21.785s] 
[21.789s] Installed /home/E14Raspberry/ScooperBot/tennisbot_ws/build/ball_tracker
[21.792s] running symlink_data
[22.083s] Invoked command in '/home/E14Raspberry/ScooperBot/tennisbot_ws/build/ball_tracker' returned '0': PYTHONPATH=/home/E14Raspberry/ScooperBot/tennisbot_ws/build/ball_tracker/prefix_override:/usr/lib/python3/dist-packages/colcon_core/task/python/colcon_distutils_commands:/home/E14Raspberry/ScooperBot/tennisbot_ws/install/ball_tracker/lib/python3.12/site-packages:${PYTHONPATH} /usr/bin/python3 -W ignore:setup.py install is deprecated setup.py develop --editable --build-directory /home/E14Raspberry/ScooperBot/tennisbot_ws/build/ball_tracker/build --no-deps symlink_data
