[1.323s] DEBUG:colcon:Command line arguments: ['/usr/bin/colcon', 'build', '--symlink-install', '--packages-select', 'ros2_nav_to_pose']
[1.324s] DEBUG:colcon:Parsed command line arguments: Namespace(log_base=None, log_level=None, verb_name='build', build_base='build', install_base='install', merge_install=False, symlink_install=True, test_result_base=None, continue_on_error=False, executor='parallel', parallel_workers=4, event_handlers=None, ignore_user_meta=False, metas=['./colcon.meta'], base_paths=['.'], packages_ignore=None, packages_ignore_regex=None, paths=None, packages_up_to=None, packages_up_to_regex=None, packages_above=None, packages_above_and_dependencies=None, packages_above_depth=None, packages_select_by_dep=None, packages_skip_by_dep=None, packages_skip_up_to=None, packages_select_build_failed=False, packages_skip_build_finished=False, packages_select_test_failures=False, packages_skip_test_passed=False, packages_select=['ros2_nav_to_pose'], packages_skip=None, packages_select_regex=None, packages_skip_regex=None, packages_start=None, packages_end=None, allow_overriding=[], cmake_args=None, cmake_target=None, cmake_target_skip_unavailable=False, cmake_clean_cache=False, cmake_clean_first=False, cmake_force_configure=False, ament_cmake_args=None, catkin_cmake_args=None, catkin_skip_building_tests=False, mixin_files=None, mixin=None, verb_parser=<colcon_mixin.mixin.mixin_argument.MixinArgumentDecorator object at 0xffff9ecf9e50>, verb_extension=<colcon_core.verb.build.BuildVerb object at 0xffff9eeb4b90>, main=<bound method BuildVerb.main of <colcon_core.verb.build.BuildVerb object at 0xffff9eeb4b90>>, mixin_verb=('build',))
[1.734s] Level 1:colcon.colcon_core.package_discovery:discover_packages(colcon_meta) check parameters
[1.735s] Level 1:colcon.colcon_core.package_discovery:discover_packages(recursive) check parameters
[1.736s] Level 1:colcon.colcon_core.package_discovery:discover_packages(ignore) check parameters
[1.736s] Level 1:colcon.colcon_core.package_discovery:discover_packages(path) check parameters
[1.737s] Level 1:colcon.colcon_core.package_discovery:discover_packages(colcon_meta) discover
[1.737s] Level 1:colcon.colcon_core.package_discovery:discover_packages(recursive) discover
[1.738s] INFO:colcon.colcon_core.package_discovery:Crawling recursively for packages in '/home/E14Raspberry/ScooperBot/tennisbot_ws'
[1.739s] Level 1:colcon.colcon_core.package_identification:_identify(.) by extensions ['ignore', 'ignore_ament_install']
[1.740s] Level 1:colcon.colcon_core.package_identification:_identify(.) by extension 'ignore'
[1.741s] Level 1:colcon.colcon_core.package_identification:_identify(.) by extension 'ignore_ament_install'
[1.742s] Level 1:colcon.colcon_core.package_identification:_identify(.) by extensions ['colcon_pkg']
[1.742s] Level 1:colcon.colcon_core.package_identification:_identify(.) by extension 'colcon_pkg'
[1.743s] Level 1:colcon.colcon_core.package_identification:_identify(.) by extensions ['colcon_meta']
[1.743s] Level 1:colcon.colcon_core.package_identification:_identify(.) by extension 'colcon_meta'
[1.743s] Level 1:colcon.colcon_core.package_identification:_identify(.) by extensions ['ros']
[1.744s] Level 1:colcon.colcon_core.package_identification:_identify(.) by extension 'ros'
[2.026s] Level 1:colcon.colcon_core.package_identification:_identify(.) by extensions ['cmake', 'python']
[2.027s] Level 1:colcon.colcon_core.package_identification:_identify(.) by extension 'cmake'
[2.027s] Level 1:colcon.colcon_core.package_identification:_identify(.) by extension 'python'
[2.028s] Level 1:colcon.colcon_core.package_identification:_identify(.) by extensions ['python_setup_py']
[2.028s] Level 1:colcon.colcon_core.package_identification:_identify(.) by extension 'python_setup_py'
[2.030s] Level 1:colcon.colcon_core.package_identification:_identify(build) by extensions ['ignore', 'ignore_ament_install']
[2.031s] Level 1:colcon.colcon_core.package_identification:_identify(build) by extension 'ignore'
[2.031s] Level 1:colcon.colcon_core.package_identification:_identify(build) ignored
[2.033s] Level 1:colcon.colcon_core.package_identification:_identify(install) by extensions ['ignore', 'ignore_ament_install']
[2.034s] Level 1:colcon.colcon_core.package_identification:_identify(install) by extension 'ignore'
[2.035s] Level 1:colcon.colcon_core.package_identification:_identify(install) ignored
[2.038s] Level 1:colcon.colcon_core.package_identification:_identify(log) by extensions ['ignore', 'ignore_ament_install']
[2.039s] Level 1:colcon.colcon_core.package_identification:_identify(log) by extension 'ignore'
[2.040s] Level 1:colcon.colcon_core.package_identification:_identify(log) ignored
[2.041s] Level 1:colcon.colcon_core.package_identification:_identify(src) by extensions ['ignore', 'ignore_ament_install']
[2.042s] Level 1:colcon.colcon_core.package_identification:_identify(src) by extension 'ignore'
[2.043s] Level 1:colcon.colcon_core.package_identification:_identify(src) by extension 'ignore_ament_install'
[2.044s] Level 1:colcon.colcon_core.package_identification:_identify(src) by extensions ['colcon_pkg']
[2.044s] Level 1:colcon.colcon_core.package_identification:_identify(src) by extension 'colcon_pkg'
[2.045s] Level 1:colcon.colcon_core.package_identification:_identify(src) by extensions ['colcon_meta']
[2.045s] Level 1:colcon.colcon_core.package_identification:_identify(src) by extension 'colcon_meta'
[2.045s] Level 1:colcon.colcon_core.package_identification:_identify(src) by extensions ['ros']
[2.046s] Level 1:colcon.colcon_core.package_identification:_identify(src) by extension 'ros'
[2.047s] Level 1:colcon.colcon_core.package_identification:_identify(src) by extensions ['cmake', 'python']
[2.047s] Level 1:colcon.colcon_core.package_identification:_identify(src) by extension 'cmake'
[2.048s] Level 1:colcon.colcon_core.package_identification:_identify(src) by extension 'python'
[2.048s] Level 1:colcon.colcon_core.package_identification:_identify(src) by extensions ['python_setup_py']
[2.048s] Level 1:colcon.colcon_core.package_identification:_identify(src) by extension 'python_setup_py'
[2.050s] Level 1:colcon.colcon_core.package_identification:_identify(src/ball_tracker) by extensions ['ignore', 'ignore_ament_install']
[2.051s] Level 1:colcon.colcon_core.package_identification:_identify(src/ball_tracker) by extension 'ignore'
[2.051s] Level 1:colcon.colcon_core.package_identification:_identify(src/ball_tracker) by extension 'ignore_ament_install'
[2.052s] Level 1:colcon.colcon_core.package_identification:_identify(src/ball_tracker) by extensions ['colcon_pkg']
[2.052s] Level 1:colcon.colcon_core.package_identification:_identify(src/ball_tracker) by extension 'colcon_pkg'
[2.053s] Level 1:colcon.colcon_core.package_identification:_identify(src/ball_tracker) by extensions ['colcon_meta']
[2.053s] Level 1:colcon.colcon_core.package_identification:_identify(src/ball_tracker) by extension 'colcon_meta'
[2.054s] Level 1:colcon.colcon_core.package_identification:_identify(src/ball_tracker) by extensions ['ros']
[2.054s] Level 1:colcon.colcon_core.package_identification:_identify(src/ball_tracker) by extension 'ros'
[2.080s] DEBUG:colcon.colcon_core.package_identification:Package 'src/ball_tracker' with type 'ros.ament_python' and name 'ball_tracker'
[2.081s] Level 1:colcon.colcon_core.package_identification:_identify(src/diffdrive_arduino) by extensions ['ignore', 'ignore_ament_install']
[2.082s] Level 1:colcon.colcon_core.package_identification:_identify(src/diffdrive_arduino) by extension 'ignore'
[2.082s] Level 1:colcon.colcon_core.package_identification:_identify(src/diffdrive_arduino) by extension 'ignore_ament_install'
[2.083s] Level 1:colcon.colcon_core.package_identification:_identify(src/diffdrive_arduino) by extensions ['colcon_pkg']
[2.083s] Level 1:colcon.colcon_core.package_identification:_identify(src/diffdrive_arduino) by extension 'colcon_pkg'
[2.084s] Level 1:colcon.colcon_core.package_identification:_identify(src/diffdrive_arduino) by extensions ['colcon_meta']
[2.084s] Level 1:colcon.colcon_core.package_identification:_identify(src/diffdrive_arduino) by extension 'colcon_meta'
[2.085s] Level 1:colcon.colcon_core.package_identification:_identify(src/diffdrive_arduino) by extensions ['ros']
[2.085s] Level 1:colcon.colcon_core.package_identification:_identify(src/diffdrive_arduino) by extension 'ros'
[2.094s] DEBUG:colcon.colcon_core.package_identification:Package 'src/diffdrive_arduino' with type 'ros.ament_cmake' and name 'diffdrive_arduino'
[2.095s] Level 1:colcon.colcon_core.package_identification:_identify(src/ros2_nav_to_pose) by extensions ['ignore', 'ignore_ament_install']
[2.096s] Level 1:colcon.colcon_core.package_identification:_identify(src/ros2_nav_to_pose) by extension 'ignore'
[2.097s] Level 1:colcon.colcon_core.package_identification:_identify(src/ros2_nav_to_pose) by extension 'ignore_ament_install'
[2.097s] Level 1:colcon.colcon_core.package_identification:_identify(src/ros2_nav_to_pose) by extensions ['colcon_pkg']
[2.098s] Level 1:colcon.colcon_core.package_identification:_identify(src/ros2_nav_to_pose) by extension 'colcon_pkg'
[2.098s] Level 1:colcon.colcon_core.package_identification:_identify(src/ros2_nav_to_pose) by extensions ['colcon_meta']
[2.099s] Level 1:colcon.colcon_core.package_identification:_identify(src/ros2_nav_to_pose) by extension 'colcon_meta'
[2.099s] Level 1:colcon.colcon_core.package_identification:_identify(src/ros2_nav_to_pose) by extensions ['ros']
[2.099s] Level 1:colcon.colcon_core.package_identification:_identify(src/ros2_nav_to_pose) by extension 'ros'
[2.106s] DEBUG:colcon.colcon_core.package_identification:Package 'src/ros2_nav_to_pose' with type 'ros.ament_python' and name 'ros2_nav_to_pose'
[2.108s] Level 1:colcon.colcon_core.package_identification:_identify(src/ros2_nav_to_pose_msgs) by extensions ['ignore', 'ignore_ament_install']
[2.108s] Level 1:colcon.colcon_core.package_identification:_identify(src/ros2_nav_to_pose_msgs) by extension 'ignore'
[2.109s] Level 1:colcon.colcon_core.package_identification:_identify(src/ros2_nav_to_pose_msgs) by extension 'ignore_ament_install'
[2.110s] Level 1:colcon.colcon_core.package_identification:_identify(src/ros2_nav_to_pose_msgs) by extensions ['colcon_pkg']
[2.110s] Level 1:colcon.colcon_core.package_identification:_identify(src/ros2_nav_to_pose_msgs) by extension 'colcon_pkg'
[2.111s] Level 1:colcon.colcon_core.package_identification:_identify(src/ros2_nav_to_pose_msgs) by extensions ['colcon_meta']
[2.111s] Level 1:colcon.colcon_core.package_identification:_identify(src/ros2_nav_to_pose_msgs) by extension 'colcon_meta'
[2.112s] Level 1:colcon.colcon_core.package_identification:_identify(src/ros2_nav_to_pose_msgs) by extensions ['ros']
[2.112s] Level 1:colcon.colcon_core.package_identification:_identify(src/ros2_nav_to_pose_msgs) by extension 'ros'
[2.118s] DEBUG:colcon.colcon_core.package_identification:Package 'src/ros2_nav_to_pose_msgs' with type 'ros.ament_cmake' and name 'ros2_nav_to_pose_msgs'
[2.120s] Level 1:colcon.colcon_core.package_identification:_identify(src/serial_motor_demo) by extensions ['ignore', 'ignore_ament_install']
[2.120s] Level 1:colcon.colcon_core.package_identification:_identify(src/serial_motor_demo) by extension 'ignore'
[2.121s] Level 1:colcon.colcon_core.package_identification:_identify(src/serial_motor_demo) by extension 'ignore_ament_install'
[2.122s] Level 1:colcon.colcon_core.package_identification:_identify(src/serial_motor_demo) by extensions ['colcon_pkg']
[2.122s] Level 1:colcon.colcon_core.package_identification:_identify(src/serial_motor_demo) by extension 'colcon_pkg'
[2.123s] Level 1:colcon.colcon_core.package_identification:_identify(src/serial_motor_demo) by extensions ['colcon_meta']
[2.123s] Level 1:colcon.colcon_core.package_identification:_identify(src/serial_motor_demo) by extension 'colcon_meta'
[2.123s] Level 1:colcon.colcon_core.package_identification:_identify(src/serial_motor_demo) by extensions ['ros']
[2.124s] Level 1:colcon.colcon_core.package_identification:_identify(src/serial_motor_demo) by extension 'ros'
[2.125s] Level 1:colcon.colcon_core.package_identification:_identify(src/serial_motor_demo) by extensions ['cmake', 'python']
[2.125s] Level 1:colcon.colcon_core.package_identification:_identify(src/serial_motor_demo) by extension 'cmake'
[2.126s] Level 1:colcon.colcon_core.package_identification:_identify(src/serial_motor_demo) by extension 'python'
[2.126s] Level 1:colcon.colcon_core.package_identification:_identify(src/serial_motor_demo) by extensions ['python_setup_py']
[2.126s] Level 1:colcon.colcon_core.package_identification:_identify(src/serial_motor_demo) by extension 'python_setup_py'
[2.128s] Level 1:colcon.colcon_core.package_identification:_identify(src/serial_motor_demo/serial_motor_demo) by extensions ['ignore', 'ignore_ament_install']
[2.129s] Level 1:colcon.colcon_core.package_identification:_identify(src/serial_motor_demo/serial_motor_demo) by extension 'ignore'
[2.129s] Level 1:colcon.colcon_core.package_identification:_identify(src/serial_motor_demo/serial_motor_demo) by extension 'ignore_ament_install'
[2.130s] Level 1:colcon.colcon_core.package_identification:_identify(src/serial_motor_demo/serial_motor_demo) by extensions ['colcon_pkg']
[2.130s] Level 1:colcon.colcon_core.package_identification:_identify(src/serial_motor_demo/serial_motor_demo) by extension 'colcon_pkg'
[2.131s] Level 1:colcon.colcon_core.package_identification:_identify(src/serial_motor_demo/serial_motor_demo) by extensions ['colcon_meta']
[2.131s] Level 1:colcon.colcon_core.package_identification:_identify(src/serial_motor_demo/serial_motor_demo) by extension 'colcon_meta'
[2.132s] Level 1:colcon.colcon_core.package_identification:_identify(src/serial_motor_demo/serial_motor_demo) by extensions ['ros']
[2.132s] Level 1:colcon.colcon_core.package_identification:_identify(src/serial_motor_demo/serial_motor_demo) by extension 'ros'
[2.138s] DEBUG:colcon.colcon_core.package_identification:Package 'src/serial_motor_demo/serial_motor_demo' with type 'ros.ament_python' and name 'serial_motor_demo'
[2.139s] Level 1:colcon.colcon_core.package_identification:_identify(src/serial_motor_demo/serial_motor_demo_msgs) by extensions ['ignore', 'ignore_ament_install']
[2.140s] Level 1:colcon.colcon_core.package_identification:_identify(src/serial_motor_demo/serial_motor_demo_msgs) by extension 'ignore'
[2.141s] Level 1:colcon.colcon_core.package_identification:_identify(src/serial_motor_demo/serial_motor_demo_msgs) by extension 'ignore_ament_install'
[2.141s] Level 1:colcon.colcon_core.package_identification:_identify(src/serial_motor_demo/serial_motor_demo_msgs) by extensions ['colcon_pkg']
[2.142s] Level 1:colcon.colcon_core.package_identification:_identify(src/serial_motor_demo/serial_motor_demo_msgs) by extension 'colcon_pkg'
[2.142s] Level 1:colcon.colcon_core.package_identification:_identify(src/serial_motor_demo/serial_motor_demo_msgs) by extensions ['colcon_meta']
[2.143s] Level 1:colcon.colcon_core.package_identification:_identify(src/serial_motor_demo/serial_motor_demo_msgs) by extension 'colcon_meta'
[2.143s] Level 1:colcon.colcon_core.package_identification:_identify(src/serial_motor_demo/serial_motor_demo_msgs) by extensions ['ros']
[2.144s] Level 1:colcon.colcon_core.package_identification:_identify(src/serial_motor_demo/serial_motor_demo_msgs) by extension 'ros'
[2.148s] DEBUG:colcon.colcon_core.package_identification:Package 'src/serial_motor_demo/serial_motor_demo_msgs' with type 'ros.ament_cmake' and name 'serial_motor_demo_msgs'
[2.149s] Level 1:colcon.colcon_core.package_identification:_identify(src/tennisbotmaster) by extensions ['ignore', 'ignore_ament_install']
[2.150s] Level 1:colcon.colcon_core.package_identification:_identify(src/tennisbotmaster) by extension 'ignore'
[2.151s] Level 1:colcon.colcon_core.package_identification:_identify(src/tennisbotmaster) by extension 'ignore_ament_install'
[2.152s] Level 1:colcon.colcon_core.package_identification:_identify(src/tennisbotmaster) by extensions ['colcon_pkg']
[2.152s] Level 1:colcon.colcon_core.package_identification:_identify(src/tennisbotmaster) by extension 'colcon_pkg'
[2.152s] Level 1:colcon.colcon_core.package_identification:_identify(src/tennisbotmaster) by extensions ['colcon_meta']
[2.153s] Level 1:colcon.colcon_core.package_identification:_identify(src/tennisbotmaster) by extension 'colcon_meta'
[2.153s] Level 1:colcon.colcon_core.package_identification:_identify(src/tennisbotmaster) by extensions ['ros']
[2.154s] Level 1:colcon.colcon_core.package_identification:_identify(src/tennisbotmaster) by extension 'ros'
[2.158s] DEBUG:colcon.colcon_core.package_identification:Package 'src/tennisbotmaster' with type 'ros.ament_cmake' and name 'tennisbotmaster'
[2.159s] Level 1:colcon.colcon_core.package_identification:_identify(src/twist_stamper) by extensions ['ignore', 'ignore_ament_install']
[2.160s] Level 1:colcon.colcon_core.package_identification:_identify(src/twist_stamper) by extension 'ignore'
[2.160s] Level 1:colcon.colcon_core.package_identification:_identify(src/twist_stamper) by extension 'ignore_ament_install'
[2.161s] Level 1:colcon.colcon_core.package_identification:_identify(src/twist_stamper) by extensions ['colcon_pkg']
[2.161s] Level 1:colcon.colcon_core.package_identification:_identify(src/twist_stamper) by extension 'colcon_pkg'
[2.162s] Level 1:colcon.colcon_core.package_identification:_identify(src/twist_stamper) by extensions ['colcon_meta']
[2.162s] Level 1:colcon.colcon_core.package_identification:_identify(src/twist_stamper) by extension 'colcon_meta'
[2.163s] Level 1:colcon.colcon_core.package_identification:_identify(src/twist_stamper) by extensions ['ros']
[2.163s] Level 1:colcon.colcon_core.package_identification:_identify(src/twist_stamper) by extension 'ros'
[2.168s] DEBUG:colcon.colcon_core.package_identification:Package 'src/twist_stamper' with type 'ros.ament_python' and name 'twist_stamper'
[2.169s] Level 1:colcon.colcon_core.package_identification:_identify(src/yasmin) by extensions ['ignore', 'ignore_ament_install']
[2.170s] Level 1:colcon.colcon_core.package_identification:_identify(src/yasmin) by extension 'ignore'
[2.171s] Level 1:colcon.colcon_core.package_identification:_identify(src/yasmin) by extension 'ignore_ament_install'
[2.172s] Level 1:colcon.colcon_core.package_identification:_identify(src/yasmin) by extensions ['colcon_pkg']
[2.172s] Level 1:colcon.colcon_core.package_identification:_identify(src/yasmin) by extension 'colcon_pkg'
[2.173s] Level 1:colcon.colcon_core.package_identification:_identify(src/yasmin) by extensions ['colcon_meta']
[2.173s] Level 1:colcon.colcon_core.package_identification:_identify(src/yasmin) by extension 'colcon_meta'
[2.174s] Level 1:colcon.colcon_core.package_identification:_identify(src/yasmin) by extensions ['ros']
[2.174s] Level 1:colcon.colcon_core.package_identification:_identify(src/yasmin) by extension 'ros'
[2.175s] Level 1:colcon.colcon_core.package_identification:_identify(src/yasmin) by extensions ['cmake', 'python']
[2.175s] Level 1:colcon.colcon_core.package_identification:_identify(src/yasmin) by extension 'cmake'
[2.176s] Level 1:colcon.colcon_core.package_identification:_identify(src/yasmin) by extension 'python'
[2.177s] Level 1:colcon.colcon_core.package_identification:_identify(src/yasmin) by extensions ['python_setup_py']
[2.177s] Level 1:colcon.colcon_core.package_identification:_identify(src/yasmin) by extension 'python_setup_py'
[2.178s] Level 1:colcon.colcon_core.package_identification:_identify(src/yasmin/docs) by extensions ['ignore', 'ignore_ament_install']
[2.179s] Level 1:colcon.colcon_core.package_identification:_identify(src/yasmin/docs) by extension 'ignore'
[2.180s] Level 1:colcon.colcon_core.package_identification:_identify(src/yasmin/docs) by extension 'ignore_ament_install'
[2.180s] Level 1:colcon.colcon_core.package_identification:_identify(src/yasmin/docs) by extensions ['colcon_pkg']
[2.181s] Level 1:colcon.colcon_core.package_identification:_identify(src/yasmin/docs) by extension 'colcon_pkg'
[2.181s] Level 1:colcon.colcon_core.package_identification:_identify(src/yasmin/docs) by extensions ['colcon_meta']
[2.182s] Level 1:colcon.colcon_core.package_identification:_identify(src/yasmin/docs) by extension 'colcon_meta'
[2.182s] Level 1:colcon.colcon_core.package_identification:_identify(src/yasmin/docs) by extensions ['ros']
[2.182s] Level 1:colcon.colcon_core.package_identification:_identify(src/yasmin/docs) by extension 'ros'
[2.184s] Level 1:colcon.colcon_core.package_identification:_identify(src/yasmin/docs) by extensions ['cmake', 'python']
[2.184s] Level 1:colcon.colcon_core.package_identification:_identify(src/yasmin/docs) by extension 'cmake'
[2.184s] Level 1:colcon.colcon_core.package_identification:_identify(src/yasmin/docs) by extension 'python'
[2.185s] Level 1:colcon.colcon_core.package_identification:_identify(src/yasmin/docs) by extensions ['python_setup_py']
[2.185s] Level 1:colcon.colcon_core.package_identification:_identify(src/yasmin/docs) by extension 'python_setup_py'
[2.186s] Level 1:colcon.colcon_core.package_identification:_identify(src/yasmin/yasmin) by extensions ['ignore', 'ignore_ament_install']
[2.187s] Level 1:colcon.colcon_core.package_identification:_identify(src/yasmin/yasmin) by extension 'ignore'
[2.188s] Level 1:colcon.colcon_core.package_identification:_identify(src/yasmin/yasmin) by extension 'ignore_ament_install'
[2.188s] Level 1:colcon.colcon_core.package_identification:_identify(src/yasmin/yasmin) by extensions ['colcon_pkg']
[2.189s] Level 1:colcon.colcon_core.package_identification:_identify(src/yasmin/yasmin) by extension 'colcon_pkg'
[2.189s] Level 1:colcon.colcon_core.package_identification:_identify(src/yasmin/yasmin) by extensions ['colcon_meta']
[2.190s] Level 1:colcon.colcon_core.package_identification:_identify(src/yasmin/yasmin) by extension 'colcon_meta'
[2.190s] Level 1:colcon.colcon_core.package_identification:_identify(src/yasmin/yasmin) by extensions ['ros']
[2.190s] Level 1:colcon.colcon_core.package_identification:_identify(src/yasmin/yasmin) by extension 'ros'
[2.197s] DEBUG:colcon.colcon_core.package_identification:Package 'src/yasmin/yasmin' with type 'ros.ament_cmake' and name 'yasmin'
[2.198s] Level 1:colcon.colcon_core.package_identification:_identify(src/yasmin/yasmin_demos) by extensions ['ignore', 'ignore_ament_install']
[2.199s] Level 1:colcon.colcon_core.package_identification:_identify(src/yasmin/yasmin_demos) by extension 'ignore'
[2.200s] Level 1:colcon.colcon_core.package_identification:_identify(src/yasmin/yasmin_demos) by extension 'ignore_ament_install'
[2.201s] Level 1:colcon.colcon_core.package_identification:_identify(src/yasmin/yasmin_demos) by extensions ['colcon_pkg']
[2.201s] Level 1:colcon.colcon_core.package_identification:_identify(src/yasmin/yasmin_demos) by extension 'colcon_pkg'
[2.202s] Level 1:colcon.colcon_core.package_identification:_identify(src/yasmin/yasmin_demos) by extensions ['colcon_meta']
[2.202s] Level 1:colcon.colcon_core.package_identification:_identify(src/yasmin/yasmin_demos) by extension 'colcon_meta'
[2.203s] Level 1:colcon.colcon_core.package_identification:_identify(src/yasmin/yasmin_demos) by extensions ['ros']
[2.203s] Level 1:colcon.colcon_core.package_identification:_identify(src/yasmin/yasmin_demos) by extension 'ros'
[2.213s] DEBUG:colcon.colcon_core.package_identification:Package 'src/yasmin/yasmin_demos' with type 'ros.ament_cmake' and name 'yasmin_demos'
[2.214s] Level 1:colcon.colcon_core.package_identification:_identify(src/yasmin/yasmin_msgs) by extensions ['ignore', 'ignore_ament_install']
[2.215s] Level 1:colcon.colcon_core.package_identification:_identify(src/yasmin/yasmin_msgs) by extension 'ignore'
[2.216s] Level 1:colcon.colcon_core.package_identification:_identify(src/yasmin/yasmin_msgs) by extension 'ignore_ament_install'
[2.217s] Level 1:colcon.colcon_core.package_identification:_identify(src/yasmin/yasmin_msgs) by extensions ['colcon_pkg']
[2.217s] Level 1:colcon.colcon_core.package_identification:_identify(src/yasmin/yasmin_msgs) by extension 'colcon_pkg'
[2.218s] Level 1:colcon.colcon_core.package_identification:_identify(src/yasmin/yasmin_msgs) by extensions ['colcon_meta']
[2.218s] Level 1:colcon.colcon_core.package_identification:_identify(src/yasmin/yasmin_msgs) by extension 'colcon_meta'
[2.218s] Level 1:colcon.colcon_core.package_identification:_identify(src/yasmin/yasmin_msgs) by extensions ['ros']
[2.219s] Level 1:colcon.colcon_core.package_identification:_identify(src/yasmin/yasmin_msgs) by extension 'ros'
[2.223s] DEBUG:colcon.colcon_core.package_identification:Package 'src/yasmin/yasmin_msgs' with type 'ros.ament_cmake' and name 'yasmin_msgs'
[2.224s] Level 1:colcon.colcon_core.package_identification:_identify(src/yasmin/yasmin_ros) by extensions ['ignore', 'ignore_ament_install']
[2.225s] Level 1:colcon.colcon_core.package_identification:_identify(src/yasmin/yasmin_ros) by extension 'ignore'
[2.226s] Level 1:colcon.colcon_core.package_identification:_identify(src/yasmin/yasmin_ros) by extension 'ignore_ament_install'
[2.227s] Level 1:colcon.colcon_core.package_identification:_identify(src/yasmin/yasmin_ros) by extensions ['colcon_pkg']
[2.227s] Level 1:colcon.colcon_core.package_identification:_identify(src/yasmin/yasmin_ros) by extension 'colcon_pkg'
[2.227s] Level 1:colcon.colcon_core.package_identification:_identify(src/yasmin/yasmin_ros) by extensions ['colcon_meta']
[2.228s] Level 1:colcon.colcon_core.package_identification:_identify(src/yasmin/yasmin_ros) by extension 'colcon_meta'
[2.228s] Level 1:colcon.colcon_core.package_identification:_identify(src/yasmin/yasmin_ros) by extensions ['ros']
[2.229s] Level 1:colcon.colcon_core.package_identification:_identify(src/yasmin/yasmin_ros) by extension 'ros'
[2.235s] DEBUG:colcon.colcon_core.package_identification:Package 'src/yasmin/yasmin_ros' with type 'ros.ament_cmake' and name 'yasmin_ros'
[2.237s] Level 1:colcon.colcon_core.package_identification:_identify(src/yasmin/yasmin_viewer) by extensions ['ignore', 'ignore_ament_install']
[2.238s] Level 1:colcon.colcon_core.package_identification:_identify(src/yasmin/yasmin_viewer) by extension 'ignore'
[2.239s] Level 1:colcon.colcon_core.package_identification:_identify(src/yasmin/yasmin_viewer) by extension 'ignore_ament_install'
[2.239s] Level 1:colcon.colcon_core.package_identification:_identify(src/yasmin/yasmin_viewer) by extensions ['colcon_pkg']
[2.240s] Level 1:colcon.colcon_core.package_identification:_identify(src/yasmin/yasmin_viewer) by extension 'colcon_pkg'
[2.240s] Level 1:colcon.colcon_core.package_identification:_identify(src/yasmin/yasmin_viewer) by extensions ['colcon_meta']
[2.240s] Level 1:colcon.colcon_core.package_identification:_identify(src/yasmin/yasmin_viewer) by extension 'colcon_meta'
[2.241s] Level 1:colcon.colcon_core.package_identification:_identify(src/yasmin/yasmin_viewer) by extensions ['ros']
[2.241s] Level 1:colcon.colcon_core.package_identification:_identify(src/yasmin/yasmin_viewer) by extension 'ros'
[2.249s] DEBUG:colcon.colcon_core.package_identification:Package 'src/yasmin/yasmin_viewer' with type 'ros.ament_cmake' and name 'yasmin_viewer'
[2.250s] Level 1:colcon.colcon_core.package_discovery:discover_packages(recursive) using defaults
[2.250s] Level 1:colcon.colcon_core.package_discovery:discover_packages(ignore) discover
[2.250s] Level 1:colcon.colcon_core.package_discovery:discover_packages(ignore) using defaults
[2.251s] Level 1:colcon.colcon_core.package_discovery:discover_packages(path) discover
[2.251s] Level 1:colcon.colcon_core.package_discovery:discover_packages(path) using defaults
[2.481s] INFO:colcon.colcon_core.package_selection:Skipping not selected package 'ball_tracker' in 'src/ball_tracker'
[2.482s] INFO:colcon.colcon_core.package_selection:Skipping not selected package 'diffdrive_arduino' in 'src/diffdrive_arduino'
[2.482s] INFO:colcon.colcon_core.package_selection:Skipping not selected package 'ros2_nav_to_pose_msgs' in 'src/ros2_nav_to_pose_msgs'
[2.483s] INFO:colcon.colcon_core.package_selection:Skipping not selected package 'serial_motor_demo_msgs' in 'src/serial_motor_demo/serial_motor_demo_msgs'
[2.483s] INFO:colcon.colcon_core.package_selection:Skipping not selected package 'tennisbotmaster' in 'src/tennisbotmaster'
[2.483s] INFO:colcon.colcon_core.package_selection:Skipping not selected package 'twist_stamper' in 'src/twist_stamper'
[2.483s] INFO:colcon.colcon_core.package_selection:Skipping not selected package 'yasmin' in 'src/yasmin/yasmin'
[2.484s] INFO:colcon.colcon_core.package_selection:Skipping not selected package 'yasmin_msgs' in 'src/yasmin/yasmin_msgs'
[2.484s] INFO:colcon.colcon_core.package_selection:Skipping not selected package 'serial_motor_demo' in 'src/serial_motor_demo/serial_motor_demo'
[2.484s] INFO:colcon.colcon_core.package_selection:Skipping not selected package 'yasmin_ros' in 'src/yasmin/yasmin_ros'
[2.485s] INFO:colcon.colcon_core.package_selection:Skipping not selected package 'yasmin_viewer' in 'src/yasmin/yasmin_viewer'
[2.485s] INFO:colcon.colcon_core.package_selection:Skipping not selected package 'yasmin_demos' in 'src/yasmin/yasmin_demos'
[2.488s] Level 1:colcon.colcon_core.package_discovery:discover_packages(prefix_path) check parameters
[2.488s] Level 1:colcon.colcon_core.package_discovery:discover_packages(prefix_path) discover
[2.501s] DEBUG:colcon.colcon_installed_package_information.package_discovery:Found 13 installed packages in /home/E14Raspberry/ScooperBot/tennisbot_ws/install
[2.514s] DEBUG:colcon.colcon_installed_package_information.package_discovery:Found 341 installed packages in /opt/ros/jazzy
[2.518s] Level 1:colcon.colcon_core.package_discovery:discover_packages(prefix_path) using defaults
[3.000s] Level 5:colcon.colcon_core.verb:set package 'ros2_nav_to_pose' build argument 'cmake_args' from command line to 'None'
[3.000s] Level 5:colcon.colcon_core.verb:set package 'ros2_nav_to_pose' build argument 'cmake_target' from command line to 'None'
[3.001s] Level 5:colcon.colcon_core.verb:set package 'ros2_nav_to_pose' build argument 'cmake_target_skip_unavailable' from command line to 'False'
[3.006s] Level 5:colcon.colcon_core.verb:set package 'ros2_nav_to_pose' build argument 'cmake_clean_cache' from command line to 'False'
[3.006s] Level 5:colcon.colcon_core.verb:set package 'ros2_nav_to_pose' build argument 'cmake_clean_first' from command line to 'False'
[3.007s] Level 5:colcon.colcon_core.verb:set package 'ros2_nav_to_pose' build argument 'cmake_force_configure' from command line to 'False'
[3.007s] Level 5:colcon.colcon_core.verb:set package 'ros2_nav_to_pose' build argument 'ament_cmake_args' from command line to 'None'
[3.007s] Level 5:colcon.colcon_core.verb:set package 'ros2_nav_to_pose' build argument 'catkin_cmake_args' from command line to 'None'
[3.008s] Level 5:colcon.colcon_core.verb:set package 'ros2_nav_to_pose' build argument 'catkin_skip_building_tests' from command line to 'False'
[3.008s] DEBUG:colcon.colcon_core.verb:Building package 'ros2_nav_to_pose' with the following arguments: {'ament_cmake_args': None, 'build_base': '/home/E14Raspberry/ScooperBot/tennisbot_ws/build/ros2_nav_to_pose', 'catkin_cmake_args': None, 'catkin_skip_building_tests': False, 'cmake_args': None, 'cmake_clean_cache': False, 'cmake_clean_first': False, 'cmake_force_configure': False, 'cmake_target': None, 'cmake_target_skip_unavailable': False, 'install_base': '/home/E14Raspberry/ScooperBot/tennisbot_ws/install/ros2_nav_to_pose', 'merge_install': False, 'path': '/home/E14Raspberry/ScooperBot/tennisbot_ws/src/ros2_nav_to_pose', 'symlink_install': True, 'test_result_base': None}
[3.009s] INFO:colcon.colcon_core.executor:Executing jobs using 'parallel' executor
[3.020s] DEBUG:colcon.colcon_parallel_executor.executor.parallel:run_until_complete
[3.021s] INFO:colcon.colcon_ros.task.ament_python.build:Building ROS package in '/home/E14Raspberry/ScooperBot/tennisbot_ws/src/ros2_nav_to_pose' with build type 'ament_python'
[3.022s] Level 1:colcon.colcon_core.shell:create_environment_hook('ros2_nav_to_pose', 'ament_prefix_path')
[3.046s] INFO:colcon.colcon_core.plugin_system:Skipping extension 'colcon_core.shell.bat': Not used on non-Windows systems
[3.049s] INFO:colcon.colcon_core.shell:Creating environment hook '/home/E14Raspberry/ScooperBot/tennisbot_ws/install/ros2_nav_to_pose/share/ros2_nav_to_pose/hook/ament_prefix_path.ps1'
[3.054s] INFO:colcon.colcon_core.shell:Creating environment descriptor '/home/E14Raspberry/ScooperBot/tennisbot_ws/install/ros2_nav_to_pose/share/ros2_nav_to_pose/hook/ament_prefix_path.dsv'
[3.058s] INFO:colcon.colcon_core.shell:Creating environment hook '/home/E14Raspberry/ScooperBot/tennisbot_ws/install/ros2_nav_to_pose/share/ros2_nav_to_pose/hook/ament_prefix_path.sh'
[3.064s] INFO:colcon.colcon_core.shell:Skip shell extension 'powershell' for command environment: Not usable outside of PowerShell
[3.065s] DEBUG:colcon.colcon_core.shell:Skip shell extension 'dsv' for command environment
[5.644s] WARNING:colcon.colcon_ros.task.ament_python.build:Package 'ros2_nav_to_pose' doesn't explicitly install a marker in the package index (colcon-ros currently does it implicitly but that fallback will be removed in the future)
[5.647s] INFO:colcon.colcon_core.task.python.build:Building Python package in '/home/E14Raspberry/ScooperBot/tennisbot_ws/src/ros2_nav_to_pose'
[5.649s] INFO:colcon.colcon_core.shell:Skip shell extension 'powershell' for command environment: Not usable outside of PowerShell
[5.649s] DEBUG:colcon.colcon_core.shell:Skip shell extension 'dsv' for command environment
[13.092s] DEBUG:colcon.colcon_core.event_handler.log_command:Invoking command in '/home/E14Raspberry/ScooperBot/tennisbot_ws/build/ros2_nav_to_pose': PYTHONPATH=/home/E14Raspberry/ScooperBot/tennisbot_ws/build/ros2_nav_to_pose/prefix_override:/usr/lib/python3/dist-packages/colcon_core/task/python/colcon_distutils_commands:/home/E14Raspberry/ScooperBot/tennisbot_ws/install/ros2_nav_to_pose/lib/python3.12/site-packages:${PYTHONPATH} /usr/bin/python3 -W ignore:setup.py install is deprecated setup.py develop --editable --build-directory /home/E14Raspberry/ScooperBot/tennisbot_ws/build/ros2_nav_to_pose/build --no-deps symlink_data
[21.397s] Level 1:colcon.colcon_core.shell:create_environment_hook('ros2_nav_to_pose', 'pythonpath_develop')
[21.399s] INFO:colcon.colcon_core.shell:Creating environment hook '/home/E14Raspberry/ScooperBot/tennisbot_ws/build/ros2_nav_to_pose/share/ros2_nav_to_pose/hook/pythonpath_develop.ps1'
[21.402s] DEBUG:colcon.colcon_core.event_handler.log_command:Invoked command in '/home/E14Raspberry/ScooperBot/tennisbot_ws/build/ros2_nav_to_pose' returned '0': PYTHONPATH=/home/E14Raspberry/ScooperBot/tennisbot_ws/build/ros2_nav_to_pose/prefix_override:/usr/lib/python3/dist-packages/colcon_core/task/python/colcon_distutils_commands:/home/E14Raspberry/ScooperBot/tennisbot_ws/install/ros2_nav_to_pose/lib/python3.12/site-packages:${PYTHONPATH} /usr/bin/python3 -W ignore:setup.py install is deprecated setup.py develop --editable --build-directory /home/E14Raspberry/ScooperBot/tennisbot_ws/build/ros2_nav_to_pose/build --no-deps symlink_data
[21.407s] INFO:colcon.colcon_core.shell:Creating environment descriptor '/home/E14Raspberry/ScooperBot/tennisbot_ws/build/ros2_nav_to_pose/share/ros2_nav_to_pose/hook/pythonpath_develop.dsv'
[21.411s] INFO:colcon.colcon_core.shell:Creating environment hook '/home/E14Raspberry/ScooperBot/tennisbot_ws/build/ros2_nav_to_pose/share/ros2_nav_to_pose/hook/pythonpath_develop.sh'
[21.444s] Level 1:colcon.colcon_core.environment:checking '/home/E14Raspberry/ScooperBot/tennisbot_ws/install/ros2_nav_to_pose' for CMake module files
[21.453s] Level 1:colcon.colcon_core.environment:checking '/home/E14Raspberry/ScooperBot/tennisbot_ws/install/ros2_nav_to_pose' for CMake config files
[21.462s] Level 1:colcon.colcon_core.environment:checking '/home/E14Raspberry/ScooperBot/tennisbot_ws/install/ros2_nav_to_pose/lib'
[21.464s] Level 1:colcon.colcon_core.environment:checking '/home/E14Raspberry/ScooperBot/tennisbot_ws/install/ros2_nav_to_pose/bin'
[21.464s] Level 1:colcon.colcon_core.environment:checking '/home/E14Raspberry/ScooperBot/tennisbot_ws/install/ros2_nav_to_pose/lib/pkgconfig/ros2_nav_to_pose.pc'
[21.467s] Level 1:colcon.colcon_core.environment:checking '/home/E14Raspberry/ScooperBot/tennisbot_ws/install/ros2_nav_to_pose/lib/python3.12/site-packages'
[21.469s] Level 1:colcon.colcon_core.shell:create_environment_hook('ros2_nav_to_pose', 'pythonpath')
[21.471s] INFO:colcon.colcon_core.shell:Creating environment hook '/home/E14Raspberry/ScooperBot/tennisbot_ws/install/ros2_nav_to_pose/share/ros2_nav_to_pose/hook/pythonpath.ps1'
[21.477s] INFO:colcon.colcon_core.shell:Creating environment descriptor '/home/E14Raspberry/ScooperBot/tennisbot_ws/install/ros2_nav_to_pose/share/ros2_nav_to_pose/hook/pythonpath.dsv'
[21.481s] INFO:colcon.colcon_core.shell:Creating environment hook '/home/E14Raspberry/ScooperBot/tennisbot_ws/install/ros2_nav_to_pose/share/ros2_nav_to_pose/hook/pythonpath.sh'
[21.487s] Level 1:colcon.colcon_core.environment:checking '/home/E14Raspberry/ScooperBot/tennisbot_ws/install/ros2_nav_to_pose/bin'
[21.488s] Level 1:colcon.colcon_core.environment:create_environment_scripts_only(ros2_nav_to_pose)
[21.490s] INFO:colcon.colcon_core.shell:Creating package script '/home/E14Raspberry/ScooperBot/tennisbot_ws/install/ros2_nav_to_pose/share/ros2_nav_to_pose/package.ps1'
[21.498s] INFO:colcon.colcon_core.shell:Creating package descriptor '/home/E14Raspberry/ScooperBot/tennisbot_ws/install/ros2_nav_to_pose/share/ros2_nav_to_pose/package.dsv'
[21.505s] INFO:colcon.colcon_core.shell:Creating package script '/home/E14Raspberry/ScooperBot/tennisbot_ws/install/ros2_nav_to_pose/share/ros2_nav_to_pose/package.sh'
[21.513s] INFO:colcon.colcon_core.shell:Creating package script '/home/E14Raspberry/ScooperBot/tennisbot_ws/install/ros2_nav_to_pose/share/ros2_nav_to_pose/package.bash'
[21.519s] INFO:colcon.colcon_core.shell:Creating package script '/home/E14Raspberry/ScooperBot/tennisbot_ws/install/ros2_nav_to_pose/share/ros2_nav_to_pose/package.zsh'
[21.526s] Level 1:colcon.colcon_core.environment:create_file_with_runtime_dependencies(/home/E14Raspberry/ScooperBot/tennisbot_ws/install/ros2_nav_to_pose/share/colcon-core/packages/ros2_nav_to_pose)
[21.529s] DEBUG:colcon.colcon_parallel_executor.executor.parallel:closing loop
[21.532s] DEBUG:colcon.colcon_parallel_executor.executor.parallel:loop closed
[21.533s] DEBUG:colcon.colcon_parallel_executor.executor.parallel:run_until_complete finished with '0'
[21.534s] DEBUG:colcon.colcon_core.event_reactor:joining thread
[21.606s] INFO:colcon.colcon_core.plugin_system:Skipping extension 'colcon_notification.desktop_notification.notify_send': Could not find 'notify-send'
[21.607s] INFO:colcon.colcon_core.plugin_system:Skipping extension 'colcon_notification.desktop_notification.terminal_notifier': Not used on non-Darwin systems
[21.608s] INFO:colcon.colcon_core.plugin_system:Skipping extension 'colcon_notification.desktop_notification.win32': Not used on non-Windows systems
[21.608s] INFO:colcon.colcon_notification.desktop_notification:Sending desktop notification using 'notify2'
[21.616s] DEBUG:colcon.colcon_notification.desktop_notification.notify2:Failed to initialize notify2: org.freedesktop.DBus.Error.ServiceUnknown: The name org.freedesktop.Notifications was not provided by any .service files
[21.617s] DEBUG:colcon.colcon_core.event_reactor:joined thread
[21.619s] INFO:colcon.colcon_core.shell:Creating prefix script '/home/E14Raspberry/ScooperBot/tennisbot_ws/install/local_setup.ps1'
[21.626s] INFO:colcon.colcon_core.shell:Creating prefix util module '/home/E14Raspberry/ScooperBot/tennisbot_ws/install/_local_setup_util_ps1.py'
[21.637s] INFO:colcon.colcon_core.shell:Creating prefix chain script '/home/E14Raspberry/ScooperBot/tennisbot_ws/install/setup.ps1'
[21.658s] INFO:colcon.colcon_core.shell:Creating prefix script '/home/E14Raspberry/ScooperBot/tennisbot_ws/install/local_setup.sh'
[21.663s] INFO:colcon.colcon_core.shell:Creating prefix util module '/home/E14Raspberry/ScooperBot/tennisbot_ws/install/_local_setup_util_sh.py'
[21.669s] INFO:colcon.colcon_core.shell:Creating prefix chain script '/home/E14Raspberry/ScooperBot/tennisbot_ws/install/setup.sh'
[21.694s] INFO:colcon.colcon_core.shell:Creating prefix script '/home/E14Raspberry/ScooperBot/tennisbot_ws/install/local_setup.bash'
[21.698s] INFO:colcon.colcon_core.shell:Creating prefix chain script '/home/E14Raspberry/ScooperBot/tennisbot_ws/install/setup.bash'
[21.720s] INFO:colcon.colcon_core.shell:Creating prefix script '/home/E14Raspberry/ScooperBot/tennisbot_ws/install/local_setup.zsh'
[21.724s] INFO:colcon.colcon_core.shell:Creating prefix chain script '/home/E14Raspberry/ScooperBot/tennisbot_ws/install/setup.zsh'
