[4.082s] Invoking command in '/home/E14Raspberry/ScooperBot/tennisbot_ws/build/tennisbotmaster': CMAKE_PREFIX_PATH=${CMAKE_PREFIX_PATH}:/opt/ros/jazzy /usr/bin/cmake --build /home/E14Raspberry/ScooperBot/tennisbot_ws/build/tennisbotmaster -- -j4 -l4
[5.218s] Invoked command in '/home/E14Raspberry/ScooperBot/tennisbot_ws/build/tennisbotmaster' returned '0': CMAKE_PREFIX_PATH=${CMAKE_PREFIX_PATH}:/opt/ros/jazzy /usr/bin/cmake --build /home/E14Raspberry/ScooperBot/tennisbot_ws/build/tennisbotmaster -- -j4 -l4
[6.446s] Invoking command in '/home/E14Raspberry/ScooperBot/tennisbot_ws/build/tennisbotmaster': CMAKE_PREFIX_PATH=${CMAKE_PREFIX_PATH}:/opt/ros/jazzy /usr/bin/cmake --install /home/E14Raspberry/ScooperBot/tennisbot_ws/build/tennisbotmaster
[6.686s] -- Install configuration: ""
[6.691s] -- Execute custom install script
[6.697s] -- Up-to-date symlink: /home/E14Raspberry/ScooperBot/tennisbot_ws/install/tennisbotmaster/share/tennisbotmaster/description/camera.xacro
[6.705s] -- Up-to-date symlink: /home/E14Raspberry/ScooperBot/tennisbot_ws/install/tennisbotmaster/share/tennisbotmaster/description/inertial_macros.xacro
[6.710s] -- Up-to-date symlink: /home/E14Raspberry/ScooperBot/tennisbot_ws/install/tennisbotmaster/share/tennisbotmaster/description/robot.urdf.xacro
[6.715s] -- Up-to-date symlink: /home/E14Raspberry/ScooperBot/tennisbot_ws/install/tennisbotmaster/share/tennisbotmaster/description/robot_core.xacro
[6.717s] -- Up-to-date symlink: /home/E14Raspberry/ScooperBot/tennisbot_ws/install/tennisbotmaster/share/tennisbotmaster/description/ros2_control.xacro
[6.721s] -- Up-to-date symlink: /home/E14Raspberry/ScooperBot/tennisbot_ws/install/tennisbotmaster/share/tennisbotmaster/launch/robot_state_pub.launch.py
[6.725s] -- Up-to-date symlink: /home/E14Raspberry/ScooperBot/tennisbot_ws/install/tennisbotmaster/share/tennisbotmaster/launch/start_robot_ctlr.launch.py
[6.731s] -- Up-to-date symlink: /home/E14Raspberry/ScooperBot/tennisbot_ws/install/tennisbotmaster/share/tennisbotmaster/config/my_controllers.yaml
[6.737s] -- Up-to-date symlink: /home/E14Raspberry/ScooperBot/tennisbot_ws/install/tennisbotmaster/share/tennisbotmaster/config/twist_mux.yaml
[6.744s] -- Up-to-date symlink: /home/E14Raspberry/ScooperBot/tennisbot_ws/install/tennisbotmaster/share/ament_index/resource_index/package_run_dependencies/tennisbotmaster
[6.748s] -- Up-to-date symlink: /home/E14Raspberry/ScooperBot/tennisbot_ws/install/tennisbotmaster/share/ament_index/resource_index/parent_prefix_path/tennisbotmaster
[6.755s] -- Up-to-date symlink: /home/E14Raspberry/ScooperBot/tennisbot_ws/install/tennisbotmaster/share/tennisbotmaster/environment/ament_prefix_path.sh
[6.757s] -- Up-to-date symlink: /home/E14Raspberry/ScooperBot/tennisbot_ws/install/tennisbotmaster/share/tennisbotmaster/environment/ament_prefix_path.dsv
[6.765s] -- Up-to-date symlink: /home/E14Raspberry/ScooperBot/tennisbot_ws/install/tennisbotmaster/share/tennisbotmaster/environment/path.sh
[6.767s] -- Up-to-date symlink: /home/E14Raspberry/ScooperBot/tennisbot_ws/install/tennisbotmaster/share/tennisbotmaster/environment/path.dsv
[6.775s] -- Up-to-date symlink: /home/E14Raspberry/ScooperBot/tennisbot_ws/install/tennisbotmaster/share/tennisbotmaster/local_setup.bash
[6.777s] -- Up-to-date symlink: /home/E14Raspberry/ScooperBot/tennisbot_ws/install/tennisbotmaster/share/tennisbotmaster/local_setup.sh
[6.778s] -- Up-to-date symlink: /home/E14Raspberry/ScooperBot/tennisbot_ws/install/tennisbotmaster/share/tennisbotmaster/local_setup.zsh
[6.782s] -- Up-to-date symlink: /home/E14Raspberry/ScooperBot/tennisbot_ws/install/tennisbotmaster/share/tennisbotmaster/local_setup.dsv
[6.787s] -- Symlinking: /home/E14Raspberry/ScooperBot/tennisbot_ws/install/tennisbotmaster/share/tennisbotmaster/package.dsv
[7.007s] -- Up-to-date symlink: /home/E14Raspberry/ScooperBot/tennisbot_ws/install/tennisbotmaster/share/ament_index/resource_index/packages/tennisbotmaster
[7.018s] -- Up-to-date symlink: /home/E14Raspberry/ScooperBot/tennisbot_ws/install/tennisbotmaster/share/tennisbotmaster/cmake/tennisbotmasterConfig.cmake
[7.021s] -- Up-to-date symlink: /home/E14Raspberry/ScooperBot/tennisbot_ws/install/tennisbotmaster/share/tennisbotmaster/cmake/tennisbotmasterConfig-version.cmake
[7.028s] -- Up-to-date symlink: /home/E14Raspberry/ScooperBot/tennisbot_ws/install/tennisbotmaster/share/tennisbotmaster/package.xml
[7.050s] Invoked command in '/home/E14Raspberry/ScooperBot/tennisbot_ws/build/tennisbotmaster' returned '0': CMAKE_PREFIX_PATH=${CMAKE_PREFIX_PATH}:/opt/ros/jazzy /usr/bin/cmake --install /home/E14Raspberry/ScooperBot/tennisbot_ws/build/tennisbotmaster
