[12.794s] Invoking command in '/home/E14Raspberry/ScooperBot/tennisbot_ws/build/twist_stamper': PYTHONPATH=/home/E14Raspberry/ScooperBot/tennisbot_ws/build/twist_stamper/prefix_override:/usr/lib/python3/dist-packages/colcon_core/task/python/colcon_distutils_commands:/home/E14Raspberry/ScooperBot/tennisbot_ws/install/twist_stamper/lib/python3.12/site-packages:${PYTHONPATH} /usr/bin/python3 -W ignore:setup.py install is deprecated setup.py develop --editable --build-directory /home/E14Raspberry/ScooperBot/tennisbot_ws/build/twist_stamper/build --no-deps symlink_data
[17.452s] running develop
[17.454s] /usr/lib/python3/dist-packages/setuptools/command/develop.py:40: EasyInstallDeprecationWarning: easy_install command is deprecated.
[17.455s] !!
[17.456s] 
[17.457s]         ********************************************************************************
[17.458s]         Please avoid running ``setup.py`` and ``easy_install``.
[17.460s]         Instead, use pypa/build, pypa/installer or other
[17.461s]         standards-based tools.
[17.462s] 
[17.463s]         See https://github.com/pypa/setuptools/issues/917 for details.
[17.464s]         ********************************************************************************
[17.465s] 
[17.466s] !!
[17.468s]   easy_install.initialize_options(self)
[20.242s] running egg_info
[20.578s] writing twist_stamper.egg-info/PKG-INFO
[20.580s] writing dependency_links to twist_stamper.egg-info/dependency_links.txt
[20.583s] writing entry points to twist_stamper.egg-info/entry_points.txt
[20.586s] writing requirements to twist_stamper.egg-info/requires.txt
[20.588s] writing top-level names to twist_stamper.egg-info/top_level.txt
[21.141s] reading manifest file 'twist_stamper.egg-info/SOURCES.txt'
[21.157s] writing manifest file 'twist_stamper.egg-info/SOURCES.txt'
[21.447s] running build_ext
[21.449s] Creating /home/E14Raspberry/ScooperBot/tennisbot_ws/install/twist_stamper/lib/python3.12/site-packages/twist-stamper.egg-link (link to .)
[21.456s] Installing twist_stamper script to /home/E14Raspberry/ScooperBot/tennisbot_ws/install/twist_stamper/lib/twist_stamper
[21.458s] Installing twist_unstamper script to /home/E14Raspberry/ScooperBot/tennisbot_ws/install/twist_stamper/lib/twist_stamper
[21.462s] 
[21.463s] Installed /home/E14Raspberry/ScooperBot/tennisbot_ws/build/twist_stamper
[21.466s] running symlink_data
[21.772s] Invoked command in '/home/E14Raspberry/ScooperBot/tennisbot_ws/build/twist_stamper' returned '0': PYTHONPATH=/home/E14Raspberry/ScooperBot/tennisbot_ws/build/twist_stamper/prefix_override:/usr/lib/python3/dist-packages/colcon_core/task/python/colcon_distutils_commands:/home/E14Raspberry/ScooperBot/tennisbot_ws/install/twist_stamper/lib/python3.12/site-packages:${PYTHONPATH} /usr/bin/python3 -W ignore:setup.py install is deprecated setup.py develop --editable --build-directory /home/E14Raspberry/ScooperBot/tennisbot_ws/build/twist_stamper/build --no-deps symlink_data
