[  1%] Built target yasmin_msgs__rosidl_generator_type_description
[  1%] Built target ament_cmake_python_symlink_yasmin_msgs
[ 22%] Built target yasmin_msgs__rosidl_generator_c
[ 24%] Built target yasmin_msgs__cpp
[ 33%] Built target yasmin_msgs__rosidl_typesupport_fastrtps_c
[ 42%] Built target yasmin_msgs__rosidl_typesupport_introspection_c
[ 51%] Built target yasmin_msgs__rosidl_typesupport_c
[ 61%] Built target yasmin_msgs__rosidl_typesupport_cpp
[ 70%] Built target yasmin_msgs__rosidl_typesupport_introspection_cpp
[ 79%] Built target yasmin_msgs__rosidl_typesupport_fastrtps_cpp
[ 79%] Built target yasmin_msgs
[ 81%] Built target yasmin_msgs__py
[ 88%] Built target yasmin_msgs__rosidl_generator_py
running egg_info
writing yasmin_msgs.egg-info/PKG-INFO
[ 92%] Built target yasmin_msgs_s__rosidl_typesupport_introspection_c
writing dependency_links to yasmin_msgs.egg-info/dependency_links.txt
writing top-level names to yasmin_msgs.egg-info/top_level.txt
[ 96%] Built target yasmin_msgs_s__rosidl_typesupport_c
[100%] Built target yasmin_msgs_s__rosidl_typesupport_fastrtps_c
reading manifest file 'yasmin_msgs.egg-info/SOURCES.txt'
writing manifest file 'yasmin_msgs.egg-info/SOURCES.txt'
[100%] Built target ament_cmake_python_build_yasmin_msgs_egg
-- Install configuration: ""
-- Execute custom install script
-- Up-to-date symlink: /home/E14Raspberry/ScooperBot/tennisbot_ws/install/yasmin_msgs/share/ament_index/resource_index/rosidl_interfaces/yasmin_msgs
-- Up-to-date symlink: /home/E14Raspberry/ScooperBot/tennisbot_ws/install/yasmin_msgs/share/yasmin_msgs/msg/State.json
-- Up-to-date symlink: /home/E14Raspberry/ScooperBot/tennisbot_ws/install/yasmin_msgs/share/yasmin_msgs/msg/Transition.json
-- Up-to-date symlink: /home/E14Raspberry/ScooperBot/tennisbot_ws/install/yasmin_msgs/share/yasmin_msgs/msg/StateMachine.json
-- Up-to-date symlink: /home/E14Raspberry/ScooperBot/tennisbot_ws/install/yasmin_msgs/include/yasmin_msgs/yasmin_msgs/msg/detail/state__functions.h
-- Up-to-date symlink: /home/E14Raspberry/ScooperBot/tennisbot_ws/install/yasmin_msgs/include/yasmin_msgs/yasmin_msgs/msg/detail/state__struct.h
-- Up-to-date symlink: /home/E14Raspberry/ScooperBot/tennisbot_ws/install/yasmin_msgs/include/yasmin_msgs/yasmin_msgs/msg/detail/state__type_support.h
-- Up-to-date symlink: /home/E14Raspberry/ScooperBot/tennisbot_ws/install/yasmin_msgs/include/yasmin_msgs/yasmin_msgs/msg/detail/state_machine__functions.h
-- Up-to-date symlink: /home/E14Raspberry/ScooperBot/tennisbot_ws/install/yasmin_msgs/include/yasmin_msgs/yasmin_msgs/msg/detail/state_machine__struct.h
-- Up-to-date symlink: /home/E14Raspberry/ScooperBot/tennisbot_ws/install/yasmin_msgs/include/yasmin_msgs/yasmin_msgs/msg/detail/state_machine__type_support.h
-- Up-to-date symlink: /home/E14Raspberry/ScooperBot/tennisbot_ws/install/yasmin_msgs/include/yasmin_msgs/yasmin_msgs/msg/detail/transition__functions.h
-- Up-to-date symlink: /home/E14Raspberry/ScooperBot/tennisbot_ws/install/yasmin_msgs/include/yasmin_msgs/yasmin_msgs/msg/detail/transition__struct.h
-- Up-to-date symlink: /home/E14Raspberry/ScooperBot/tennisbot_ws/install/yasmin_msgs/include/yasmin_msgs/yasmin_msgs/msg/detail/transition__type_support.h
-- Up-to-date symlink: /home/E14Raspberry/ScooperBot/tennisbot_ws/install/yasmin_msgs/include/yasmin_msgs/yasmin_msgs/msg/rosidl_generator_c__visibility_control.h
-- Up-to-date symlink: /home/E14Raspberry/ScooperBot/tennisbot_ws/install/yasmin_msgs/include/yasmin_msgs/yasmin_msgs/msg/state.h
-- Up-to-date symlink: /home/E14Raspberry/ScooperBot/tennisbot_ws/install/yasmin_msgs/include/yasmin_msgs/yasmin_msgs/msg/state_machine.h
-- Up-to-date symlink: /home/E14Raspberry/ScooperBot/tennisbot_ws/install/yasmin_msgs/include/yasmin_msgs/yasmin_msgs/msg/transition.h
-- Up-to-date symlink: /home/E14Raspberry/ScooperBot/tennisbot_ws/install/yasmin_msgs/share/yasmin_msgs/environment/library_path.sh
-- Up-to-date symlink: /home/E14Raspberry/ScooperBot/tennisbot_ws/install/yasmin_msgs/share/yasmin_msgs/environment/library_path.dsv
-- Up-to-date symlink: /home/E14Raspberry/ScooperBot/tennisbot_ws/install/yasmin_msgs/include/yasmin_msgs/yasmin_msgs/msg/detail/state__rosidl_typesupport_fastrtps_c.h
-- Up-to-date symlink: /home/E14Raspberry/ScooperBot/tennisbot_ws/install/yasmin_msgs/include/yasmin_msgs/yasmin_msgs/msg/detail/state_machine__rosidl_typesupport_fastrtps_c.h
-- Up-to-date symlink: /home/E14Raspberry/ScooperBot/tennisbot_ws/install/yasmin_msgs/include/yasmin_msgs/yasmin_msgs/msg/detail/transition__rosidl_typesupport_fastrtps_c.h
-- Up-to-date symlink: /home/E14Raspberry/ScooperBot/tennisbot_ws/install/yasmin_msgs/include/yasmin_msgs/yasmin_msgs/msg/rosidl_typesupport_fastrtps_c__visibility_control.h
-- Up-to-date symlink: /home/E14Raspberry/ScooperBot/tennisbot_ws/install/yasmin_msgs/include/yasmin_msgs/yasmin_msgs/msg/detail/state__rosidl_typesupport_introspection_c.h
-- Up-to-date symlink: /home/E14Raspberry/ScooperBot/tennisbot_ws/install/yasmin_msgs/include/yasmin_msgs/yasmin_msgs/msg/detail/state_machine__rosidl_typesupport_introspection_c.h
-- Up-to-date symlink: /home/E14Raspberry/ScooperBot/tennisbot_ws/install/yasmin_msgs/include/yasmin_msgs/yasmin_msgs/msg/detail/transition__rosidl_typesupport_introspection_c.h
-- Up-to-date symlink: /home/E14Raspberry/ScooperBot/tennisbot_ws/install/yasmin_msgs/include/yasmin_msgs/yasmin_msgs/msg/rosidl_typesupport_introspection_c__visibility_control.h
-- Up-to-date symlink: /home/E14Raspberry/ScooperBot/tennisbot_ws/install/yasmin_msgs/include/yasmin_msgs/yasmin_msgs/msg/detail/state__builder.hpp
-- Up-to-date symlink: /home/E14Raspberry/ScooperBot/tennisbot_ws/install/yasmin_msgs/include/yasmin_msgs/yasmin_msgs/msg/detail/state__struct.hpp
-- Up-to-date symlink: /home/E14Raspberry/ScooperBot/tennisbot_ws/install/yasmin_msgs/include/yasmin_msgs/yasmin_msgs/msg/detail/state__traits.hpp
-- Up-to-date symlink: /home/E14Raspberry/ScooperBot/tennisbot_ws/install/yasmin_msgs/include/yasmin_msgs/yasmin_msgs/msg/detail/state__type_support.hpp
-- Up-to-date symlink: /home/E14Raspberry/ScooperBot/tennisbot_ws/install/yasmin_msgs/include/yasmin_msgs/yasmin_msgs/msg/detail/state_machine__builder.hpp
-- Up-to-date symlink: /home/E14Raspberry/ScooperBot/tennisbot_ws/install/yasmin_msgs/include/yasmin_msgs/yasmin_msgs/msg/detail/state_machine__struct.hpp
-- Up-to-date symlink: /home/E14Raspberry/ScooperBot/tennisbot_ws/install/yasmin_msgs/include/yasmin_msgs/yasmin_msgs/msg/detail/state_machine__traits.hpp
-- Up-to-date symlink: /home/E14Raspberry/ScooperBot/tennisbot_ws/install/yasmin_msgs/include/yasmin_msgs/yasmin_msgs/msg/detail/state_machine__type_support.hpp
-- Up-to-date symlink: /home/E14Raspberry/ScooperBot/tennisbot_ws/install/yasmin_msgs/include/yasmin_msgs/yasmin_msgs/msg/detail/transition__builder.hpp
-- Up-to-date symlink: /home/E14Raspberry/ScooperBot/tennisbot_ws/install/yasmin_msgs/include/yasmin_msgs/yasmin_msgs/msg/detail/transition__struct.hpp
-- Up-to-date symlink: /home/E14Raspberry/ScooperBot/tennisbot_ws/install/yasmin_msgs/include/yasmin_msgs/yasmin_msgs/msg/detail/transition__traits.hpp
-- Up-to-date symlink: /home/E14Raspberry/ScooperBot/tennisbot_ws/install/yasmin_msgs/include/yasmin_msgs/yasmin_msgs/msg/detail/transition__type_support.hpp
-- Up-to-date symlink: /home/E14Raspberry/ScooperBot/tennisbot_ws/install/yasmin_msgs/include/yasmin_msgs/yasmin_msgs/msg/rosidl_generator_cpp__visibility_control.hpp
-- Up-to-date symlink: /home/E14Raspberry/ScooperBot/tennisbot_ws/install/yasmin_msgs/include/yasmin_msgs/yasmin_msgs/msg/state.hpp
-- Up-to-date symlink: /home/E14Raspberry/ScooperBot/tennisbot_ws/install/yasmin_msgs/include/yasmin_msgs/yasmin_msgs/msg/state_machine.hpp
-- Up-to-date symlink: /home/E14Raspberry/ScooperBot/tennisbot_ws/install/yasmin_msgs/include/yasmin_msgs/yasmin_msgs/msg/transition.hpp
-- Up-to-date symlink: /home/E14Raspberry/ScooperBot/tennisbot_ws/install/yasmin_msgs/include/yasmin_msgs/yasmin_msgs/msg/detail/state__rosidl_typesupport_fastrtps_cpp.hpp
-- Up-to-date symlink: /home/E14Raspberry/ScooperBot/tennisbot_ws/install/yasmin_msgs/include/yasmin_msgs/yasmin_msgs/msg/detail/state_machine__rosidl_typesupport_fastrtps_cpp.hpp
-- Up-to-date symlink: /home/E14Raspberry/ScooperBot/tennisbot_ws/install/yasmin_msgs/include/yasmin_msgs/yasmin_msgs/msg/detail/transition__rosidl_typesupport_fastrtps_cpp.hpp
-- Up-to-date symlink: /home/E14Raspberry/ScooperBot/tennisbot_ws/install/yasmin_msgs/include/yasmin_msgs/yasmin_msgs/msg/rosidl_typesupport_fastrtps_cpp__visibility_control.h
-- Up-to-date symlink: /home/E14Raspberry/ScooperBot/tennisbot_ws/install/yasmin_msgs/include/yasmin_msgs/yasmin_msgs/msg/detail/state__rosidl_typesupport_introspection_cpp.hpp
-- Up-to-date symlink: /home/E14Raspberry/ScooperBot/tennisbot_ws/install/yasmin_msgs/include/yasmin_msgs/yasmin_msgs/msg/detail/state_machine__rosidl_typesupport_introspection_cpp.hpp
-- Up-to-date symlink: /home/E14Raspberry/ScooperBot/tennisbot_ws/install/yasmin_msgs/include/yasmin_msgs/yasmin_msgs/msg/detail/transition__rosidl_typesupport_introspection_cpp.hpp
-- Up-to-date symlink: /home/E14Raspberry/ScooperBot/tennisbot_ws/install/yasmin_msgs/share/yasmin_msgs/environment/pythonpath.sh
-- Up-to-date symlink: /home/E14Raspberry/ScooperBot/tennisbot_ws/install/yasmin_msgs/share/yasmin_msgs/environment/pythonpath.dsv
-- Up-to-date symlink: /home/E14Raspberry/ScooperBot/tennisbot_ws/install/yasmin_msgs/lib/python3.12/site-packages/yasmin_msgs-2.3.1-py3.12.egg-info/PKG-INFO
-- Up-to-date symlink: /home/E14Raspberry/ScooperBot/tennisbot_ws/install/yasmin_msgs/lib/python3.12/site-packages/yasmin_msgs-2.3.1-py3.12.egg-info/SOURCES.txt
-- Up-to-date symlink: /home/E14Raspberry/ScooperBot/tennisbot_ws/install/yasmin_msgs/lib/python3.12/site-packages/yasmin_msgs-2.3.1-py3.12.egg-info/dependency_links.txt
-- Up-to-date symlink: /home/E14Raspberry/ScooperBot/tennisbot_ws/install/yasmin_msgs/lib/python3.12/site-packages/yasmin_msgs-2.3.1-py3.12.egg-info/top_level.txt
-- Up-to-date symlink: /home/E14Raspberry/ScooperBot/tennisbot_ws/install/yasmin_msgs/lib/python3.12/site-packages/yasmin_msgs/__init__.py
-- Up-to-date symlink: /home/E14Raspberry/ScooperBot/tennisbot_ws/install/yasmin_msgs/lib/python3.12/site-packages/yasmin_msgs/_yasmin_msgs_s.ep.rosidl_typesupport_c.c
-- Up-to-date symlink: /home/E14Raspberry/ScooperBot/tennisbot_ws/install/yasmin_msgs/lib/python3.12/site-packages/yasmin_msgs/_yasmin_msgs_s.ep.rosidl_typesupport_fastrtps_c.c
-- Up-to-date symlink: /home/E14Raspberry/ScooperBot/tennisbot_ws/install/yasmin_msgs/lib/python3.12/site-packages/yasmin_msgs/_yasmin_msgs_s.ep.rosidl_typesupport_introspection_c.c
-- Up-to-date symlink: /home/E14Raspberry/ScooperBot/tennisbot_ws/install/yasmin_msgs/lib/python3.12/site-packages/yasmin_msgs/msg/__init__.py
-- Up-to-date symlink: /home/E14Raspberry/ScooperBot/tennisbot_ws/install/yasmin_msgs/lib/python3.12/site-packages/yasmin_msgs/msg/_state.py
-- Up-to-date symlink: /home/E14Raspberry/ScooperBot/tennisbot_ws/install/yasmin_msgs/lib/python3.12/site-packages/yasmin_msgs/msg/_state_machine.py
-- Up-to-date symlink: /home/E14Raspberry/ScooperBot/tennisbot_ws/install/yasmin_msgs/lib/python3.12/site-packages/yasmin_msgs/msg/_state_machine_s.c
-- Up-to-date symlink: /home/E14Raspberry/ScooperBot/tennisbot_ws/install/yasmin_msgs/lib/python3.12/site-packages/yasmin_msgs/msg/_state_s.c
-- Up-to-date symlink: /home/E14Raspberry/ScooperBot/tennisbot_ws/install/yasmin_msgs/lib/python3.12/site-packages/yasmin_msgs/msg/_transition.py
-- Up-to-date symlink: /home/E14Raspberry/ScooperBot/tennisbot_ws/install/yasmin_msgs/lib/python3.12/site-packages/yasmin_msgs/msg/_transition_s.c
-- Up-to-date symlink: /home/E14Raspberry/ScooperBot/tennisbot_ws/install/yasmin_msgs/lib/python3.12/site-packages/yasmin_msgs/yasmin_msgs_s__rosidl_typesupport_c.so
-- Up-to-date symlink: /home/E14Raspberry/ScooperBot/tennisbot_ws/install/yasmin_msgs/lib/python3.12/site-packages/yasmin_msgs/yasmin_msgs_s__rosidl_typesupport_fastrtps_c.so
-- Up-to-date symlink: /home/E14Raspberry/ScooperBot/tennisbot_ws/install/yasmin_msgs/lib/python3.12/site-packages/yasmin_msgs/yasmin_msgs_s__rosidl_typesupport_introspection_c.so
-- Up-to-date symlink: /home/E14Raspberry/ScooperBot/tennisbot_ws/install/yasmin_msgs/lib/python3.12/site-packages/yasmin_msgs/yasmin_msgs_s__rosidl_typesupport_fastrtps_c.so
-- Up-to-date symlink: /home/E14Raspberry/ScooperBot/tennisbot_ws/install/yasmin_msgs/lib/python3.12/site-packages/yasmin_msgs/yasmin_msgs_s__rosidl_typesupport_introspection_c.so
-- Up-to-date symlink: /home/E14Raspberry/ScooperBot/tennisbot_ws/install/yasmin_msgs/lib/python3.12/site-packages/yasmin_msgs/yasmin_msgs_s__rosidl_typesupport_c.so
-- Up-to-date symlink: /home/E14Raspberry/ScooperBot/tennisbot_ws/install/yasmin_msgs/share/yasmin_msgs/msg/State.idl
-- Up-to-date symlink: /home/E14Raspberry/ScooperBot/tennisbot_ws/install/yasmin_msgs/share/yasmin_msgs/msg/Transition.idl
-- Up-to-date symlink: /home/E14Raspberry/ScooperBot/tennisbot_ws/install/yasmin_msgs/share/yasmin_msgs/msg/StateMachine.idl
-- Up-to-date symlink: /home/E14Raspberry/ScooperBot/tennisbot_ws/install/yasmin_msgs/share/yasmin_msgs/msg/State.msg
-- Up-to-date symlink: /home/E14Raspberry/ScooperBot/tennisbot_ws/install/yasmin_msgs/share/yasmin_msgs/msg/Transition.msg
-- Up-to-date symlink: /home/E14Raspberry/ScooperBot/tennisbot_ws/install/yasmin_msgs/share/yasmin_msgs/msg/StateMachine.msg
-- Up-to-date symlink: /home/E14Raspberry/ScooperBot/tennisbot_ws/install/yasmin_msgs/share/ament_index/resource_index/package_run_dependencies/yasmin_msgs
-- Up-to-date symlink: /home/E14Raspberry/ScooperBot/tennisbot_ws/install/yasmin_msgs/share/ament_index/resource_index/parent_prefix_path/yasmin_msgs
-- Up-to-date symlink: /home/E14Raspberry/ScooperBot/tennisbot_ws/install/yasmin_msgs/share/yasmin_msgs/environment/ament_prefix_path.sh
-- Up-to-date symlink: /home/E14Raspberry/ScooperBot/tennisbot_ws/install/yasmin_msgs/share/yasmin_msgs/environment/ament_prefix_path.dsv
-- Up-to-date symlink: /home/E14Raspberry/ScooperBot/tennisbot_ws/install/yasmin_msgs/share/yasmin_msgs/environment/path.sh
-- Up-to-date symlink: /home/E14Raspberry/ScooperBot/tennisbot_ws/install/yasmin_msgs/share/yasmin_msgs/environment/path.dsv
-- Up-to-date symlink: /home/E14Raspberry/ScooperBot/tennisbot_ws/install/yasmin_msgs/share/yasmin_msgs/local_setup.bash
-- Up-to-date symlink: /home/E14Raspberry/ScooperBot/tennisbot_ws/install/yasmin_msgs/share/yasmin_msgs/local_setup.sh
-- Up-to-date symlink: /home/E14Raspberry/ScooperBot/tennisbot_ws/install/yasmin_msgs/share/yasmin_msgs/local_setup.zsh
-- Up-to-date symlink: /home/E14Raspberry/ScooperBot/tennisbot_ws/install/yasmin_msgs/share/yasmin_msgs/local_setup.dsv
-- Symlinking: /home/E14Raspberry/ScooperBot/tennisbot_ws/install/yasmin_msgs/share/yasmin_msgs/package.dsv
-- Up-to-date symlink: /home/E14Raspberry/ScooperBot/tennisbot_ws/install/yasmin_msgs/share/ament_index/resource_index/packages/yasmin_msgs
-- Up-to-date symlink: /home/E14Raspberry/ScooperBot/tennisbot_ws/install/yasmin_msgs/share/yasmin_msgs/cmake/rosidl_cmake-extras.cmake
-- Up-to-date symlink: /home/E14Raspberry/ScooperBot/tennisbot_ws/install/yasmin_msgs/share/yasmin_msgs/cmake/ament_cmake_export_include_directories-extras.cmake
-- Up-to-date symlink: /home/E14Raspberry/ScooperBot/tennisbot_ws/install/yasmin_msgs/share/yasmin_msgs/cmake/ament_cmake_export_libraries-extras.cmake
-- Up-to-date symlink: /home/E14Raspberry/ScooperBot/tennisbot_ws/install/yasmin_msgs/share/yasmin_msgs/cmake/ament_cmake_export_targets-extras.cmake
-- Up-to-date symlink: /home/E14Raspberry/ScooperBot/tennisbot_ws/install/yasmin_msgs/share/yasmin_msgs/cmake/rosidl_cmake_export_typesupport_targets-extras.cmake
-- Up-to-date symlink: /home/E14Raspberry/ScooperBot/tennisbot_ws/install/yasmin_msgs/share/yasmin_msgs/cmake/ament_cmake_export_dependencies-extras.cmake
-- Up-to-date symlink: /home/E14Raspberry/ScooperBot/tennisbot_ws/install/yasmin_msgs/share/yasmin_msgs/cmake/rosidl_cmake_export_typesupport_libraries-extras.cmake
-- Up-to-date symlink: /home/E14Raspberry/ScooperBot/tennisbot_ws/install/yasmin_msgs/share/yasmin_msgs/cmake/yasmin_msgsConfig.cmake
-- Up-to-date symlink: /home/E14Raspberry/ScooperBot/tennisbot_ws/install/yasmin_msgs/share/yasmin_msgs/cmake/yasmin_msgsConfig-version.cmake
-- Up-to-date symlink: /home/E14Raspberry/ScooperBot/tennisbot_ws/install/yasmin_msgs/share/yasmin_msgs/package.xml
-- Up-to-date: /home/E14Raspberry/ScooperBot/tennisbot_ws/install/yasmin_msgs/lib/libyasmin_msgs__rosidl_generator_c.so
-- Up-to-date: /home/E14Raspberry/ScooperBot/tennisbot_ws/install/yasmin_msgs/lib/libyasmin_msgs__rosidl_typesupport_fastrtps_c.so
-- Up-to-date: /home/E14Raspberry/ScooperBot/tennisbot_ws/install/yasmin_msgs/lib/libyasmin_msgs__rosidl_typesupport_introspection_c.so
-- Up-to-date: /home/E14Raspberry/ScooperBot/tennisbot_ws/install/yasmin_msgs/lib/libyasmin_msgs__rosidl_typesupport_c.so
-- Up-to-date: /home/E14Raspberry/ScooperBot/tennisbot_ws/install/yasmin_msgs/lib/libyasmin_msgs__rosidl_typesupport_fastrtps_cpp.so
-- Up-to-date: /home/E14Raspberry/ScooperBot/tennisbot_ws/install/yasmin_msgs/lib/libyasmin_msgs__rosidl_typesupport_introspection_cpp.so
-- Up-to-date: /home/E14Raspberry/ScooperBot/tennisbot_ws/install/yasmin_msgs/lib/libyasmin_msgs__rosidl_typesupport_cpp.so
Listing '/home/E14Raspberry/ScooperBot/tennisbot_ws/install/yasmin_msgs/lib/python3.12/site-packages/yasmin_msgs'...
Listing '/home/E14Raspberry/ScooperBot/tennisbot_ws/install/yasmin_msgs/lib/python3.12/site-packages/yasmin_msgs/msg'...
-- Up-to-date: /home/E14Raspberry/ScooperBot/tennisbot_ws/install/yasmin_msgs/lib/libyasmin_msgs__rosidl_generator_py.so
-- Up-to-date: /home/E14Raspberry/ScooperBot/tennisbot_ws/install/yasmin_msgs/share/yasmin_msgs/cmake/export_yasmin_msgs__rosidl_generator_cExport.cmake
-- Up-to-date: /home/E14Raspberry/ScooperBot/tennisbot_ws/install/yasmin_msgs/share/yasmin_msgs/cmake/export_yasmin_msgs__rosidl_generator_cExport-noconfig.cmake
-- Up-to-date: /home/E14Raspberry/ScooperBot/tennisbot_ws/install/yasmin_msgs/share/yasmin_msgs/cmake/export_yasmin_msgs__rosidl_typesupport_fastrtps_cExport.cmake
-- Up-to-date: /home/E14Raspberry/ScooperBot/tennisbot_ws/install/yasmin_msgs/share/yasmin_msgs/cmake/export_yasmin_msgs__rosidl_typesupport_fastrtps_cExport-noconfig.cmake
-- Up-to-date: /home/E14Raspberry/ScooperBot/tennisbot_ws/install/yasmin_msgs/share/yasmin_msgs/cmake/yasmin_msgs__rosidl_typesupport_introspection_cExport.cmake
-- Up-to-date: /home/E14Raspberry/ScooperBot/tennisbot_ws/install/yasmin_msgs/share/yasmin_msgs/cmake/yasmin_msgs__rosidl_typesupport_introspection_cExport-noconfig.cmake
-- Up-to-date: /home/E14Raspberry/ScooperBot/tennisbot_ws/install/yasmin_msgs/share/yasmin_msgs/cmake/yasmin_msgs__rosidl_typesupport_cExport.cmake
-- Up-to-date: /home/E14Raspberry/ScooperBot/tennisbot_ws/install/yasmin_msgs/share/yasmin_msgs/cmake/yasmin_msgs__rosidl_typesupport_cExport-noconfig.cmake
-- Up-to-date: /home/E14Raspberry/ScooperBot/tennisbot_ws/install/yasmin_msgs/share/yasmin_msgs/cmake/export_yasmin_msgs__rosidl_generator_cppExport.cmake
-- Up-to-date: /home/E14Raspberry/ScooperBot/tennisbot_ws/install/yasmin_msgs/share/yasmin_msgs/cmake/export_yasmin_msgs__rosidl_typesupport_fastrtps_cppExport.cmake
-- Up-to-date: /home/E14Raspberry/ScooperBot/tennisbot_ws/install/yasmin_msgs/share/yasmin_msgs/cmake/export_yasmin_msgs__rosidl_typesupport_fastrtps_cppExport-noconfig.cmake
-- Up-to-date: /home/E14Raspberry/ScooperBot/tennisbot_ws/install/yasmin_msgs/share/yasmin_msgs/cmake/yasmin_msgs__rosidl_typesupport_introspection_cppExport.cmake
-- Up-to-date: /home/E14Raspberry/ScooperBot/tennisbot_ws/install/yasmin_msgs/share/yasmin_msgs/cmake/yasmin_msgs__rosidl_typesupport_introspection_cppExport-noconfig.cmake
-- Up-to-date: /home/E14Raspberry/ScooperBot/tennisbot_ws/install/yasmin_msgs/share/yasmin_msgs/cmake/yasmin_msgs__rosidl_typesupport_cppExport.cmake
-- Up-to-date: /home/E14Raspberry/ScooperBot/tennisbot_ws/install/yasmin_msgs/share/yasmin_msgs/cmake/yasmin_msgs__rosidl_typesupport_cppExport-noconfig.cmake
-- Up-to-date: /home/E14Raspberry/ScooperBot/tennisbot_ws/install/yasmin_msgs/share/yasmin_msgs/cmake/export_yasmin_msgs__rosidl_generator_pyExport.cmake
-- Up-to-date: /home/E14Raspberry/ScooperBot/tennisbot_ws/install/yasmin_msgs/share/yasmin_msgs/cmake/export_yasmin_msgs__rosidl_generator_pyExport-noconfig.cmake
