[0.098s] Invoking command in '/home/E14Raspberry/ScooperBot/tennisbot_ws/build/tennisbotmaster': CMAKE_PREFIX_PATH=${CMAKE_PREFIX_PATH}:/home/E14Raspberry/ScooperBot/tennisbot_ws/install/twist_stamper:/home/E14Raspberry/ScooperBot/tennisbot_ws/install/serial_motor_demo:/opt/ros/jazzy /usr/bin/cmake --build /home/E14Raspberry/ScooperBot/tennisbot_ws/build/tennisbotmaster -- -j4 -l4
[0.389s] Invoked command in '/home/E14Raspberry/ScooperBot/tennisbot_ws/build/tennisbotmaster' returned '0': CMAKE_PREFIX_PATH=${CMAKE_PREFIX_PATH}:/home/E14Raspberry/ScooperBot/tennisbot_ws/install/twist_stamper:/home/E14Raspberry/ScooperBot/tennisbot_ws/install/serial_motor_demo:/opt/ros/jazzy /usr/bin/cmake --build /home/E14Raspberry/ScooperBot/tennisbot_ws/build/tennisbotmaster -- -j4 -l4
[0.727s] Invoking command in '/home/E14Raspberry/ScooperBot/tennisbot_ws/build/tennisbotmaster': CMAKE_PREFIX_PATH=${CMAKE_PREFIX_PATH}:/home/E14Raspberry/ScooperBot/tennisbot_ws/install/twist_stamper:/home/E14Raspberry/ScooperBot/tennisbot_ws/install/serial_motor_demo:/opt/ros/jazzy /usr/bin/cmake --install /home/E14Raspberry/ScooperBot/tennisbot_ws/build/tennisbotmaster
[0.793s] -- Install configuration: ""
[0.800s] -- Execute custom install script
[0.801s] -- Up-to-date symlink: /home/E14Raspberry/ScooperBot/tennisbot_ws/install/tennisbotmaster/share/tennisbotmaster/description/inertial_macros.xacro
[0.803s] -- Up-to-date symlink: /home/E14Raspberry/ScooperBot/tennisbot_ws/install/tennisbotmaster/share/tennisbotmaster/description/robot.urdf.xacro
[0.806s] -- Up-to-date symlink: /home/E14Raspberry/ScooperBot/tennisbot_ws/install/tennisbotmaster/share/tennisbotmaster/description/robot_core.xacro
[0.808s] -- Up-to-date symlink: /home/E14Raspberry/ScooperBot/tennisbot_ws/install/tennisbotmaster/share/tennisbotmaster/description/ros2_control.xacro
[0.812s] -- Up-to-date symlink: /home/E14Raspberry/ScooperBot/tennisbot_ws/install/tennisbotmaster/share/tennisbotmaster/launch/robot_state_pub.launch.py
[0.814s] -- Up-to-date symlink: /home/E14Raspberry/ScooperBot/tennisbot_ws/install/tennisbotmaster/share/tennisbotmaster/launch/start_robot_ctlr.launch.py
[0.819s] -- Up-to-date symlink: /home/E14Raspberry/ScooperBot/tennisbot_ws/install/tennisbotmaster/share/tennisbotmaster/config/my_controllers.yaml
[0.821s] -- Up-to-date symlink: /home/E14Raspberry/ScooperBot/tennisbot_ws/install/tennisbotmaster/share/ament_index/resource_index/package_run_dependencies/tennisbotmaster
[0.825s] -- Up-to-date symlink: /home/E14Raspberry/ScooperBot/tennisbot_ws/install/tennisbotmaster/share/ament_index/resource_index/parent_prefix_path/tennisbotmaster
[0.828s] -- Up-to-date symlink: /home/E14Raspberry/ScooperBot/tennisbot_ws/install/tennisbotmaster/share/tennisbotmaster/environment/ament_prefix_path.sh
[0.834s] -- Up-to-date symlink: /home/E14Raspberry/ScooperBot/tennisbot_ws/install/tennisbotmaster/share/tennisbotmaster/environment/ament_prefix_path.dsv
[0.844s] -- Up-to-date symlink: /home/E14Raspberry/ScooperBot/tennisbot_ws/install/tennisbotmaster/share/tennisbotmaster/environment/path.sh
[0.845s] -- Up-to-date symlink: /home/E14Raspberry/ScooperBot/tennisbot_ws/install/tennisbotmaster/share/tennisbotmaster/environment/path.dsv
[0.849s] -- Up-to-date symlink: /home/E14Raspberry/ScooperBot/tennisbot_ws/install/tennisbotmaster/share/tennisbotmaster/local_setup.bash
[0.854s] -- Up-to-date symlink: /home/E14Raspberry/ScooperBot/tennisbot_ws/install/tennisbotmaster/share/tennisbotmaster/local_setup.sh
[0.855s] -- Up-to-date symlink: /home/E14Raspberry/ScooperBot/tennisbot_ws/install/tennisbotmaster/share/tennisbotmaster/local_setup.zsh
[0.858s] -- Up-to-date symlink: /home/E14Raspberry/ScooperBot/tennisbot_ws/install/tennisbotmaster/share/tennisbotmaster/local_setup.dsv
[0.863s] -- Symlinking: /home/E14Raspberry/ScooperBot/tennisbot_ws/install/tennisbotmaster/share/tennisbotmaster/package.dsv
[0.946s] -- Up-to-date symlink: /home/E14Raspberry/ScooperBot/tennisbot_ws/install/tennisbotmaster/share/ament_index/resource_index/packages/tennisbotmaster
[0.953s] -- Up-to-date symlink: /home/E14Raspberry/ScooperBot/tennisbot_ws/install/tennisbotmaster/share/tennisbotmaster/cmake/tennisbotmasterConfig.cmake
[0.961s] -- Up-to-date symlink: /home/E14Raspberry/ScooperBot/tennisbot_ws/install/tennisbotmaster/share/tennisbotmaster/cmake/tennisbotmasterConfig-version.cmake
[0.961s] -- Up-to-date symlink: /home/E14Raspberry/ScooperBot/tennisbot_ws/install/tennisbotmaster/share/tennisbotmaster/package.xml
[1.012s] Invoked command in '/home/E14Raspberry/ScooperBot/tennisbot_ws/build/tennisbotmaster' returned '0': CMAKE_PREFIX_PATH=${CMAKE_PREFIX_PATH}:/home/E14Raspberry/ScooperBot/tennisbot_ws/install/twist_stamper:/home/E14Raspberry/ScooperBot/tennisbot_ws/install/serial_motor_demo:/opt/ros/jazzy /usr/bin/cmake --install /home/E14Raspberry/ScooperBot/tennisbot_ws/build/tennisbotmaster
