[12.270s] Invoking command in '/home/E14Raspberry/ScooperBot/tennisbot_ws/build/ball_tracker': PYTHONPATH=/home/E14Raspberry/ScooperBot/tennisbot_ws/build/ball_tracker/prefix_override:/usr/lib/python3/dist-packages/colcon_core/task/python/colcon_distutils_commands:/home/E14Raspberry/ScooperBot/tennisbot_ws/install/ball_tracker/lib/python3.12/site-packages:${PYTHONPATH} /usr/bin/python3 -W ignore:setup.py install is deprecated setup.py develop --editable --build-directory /home/E14Raspberry/ScooperBot/tennisbot_ws/build/ball_tracker/build --no-deps symlink_data
[13.934s] /usr/lib/python3/dist-packages/setuptools/dist.py:744: SetuptoolsDeprecationWarning: Invalid dash-separated options
[13.935s] !!
[13.936s] 
[13.937s]         ********************************************************************************
[13.939s]         Usage of dash-separated 'script-dir' will not be supported in future
[13.941s]         versions. Please use the underscore name 'script_dir' instead.
[13.942s] 
[13.943s]         This deprecation is overdue, please update your project and remove deprecated
[13.945s]         calls to avoid build errors in the future.
[13.946s] 
[13.947s]         See https://setuptools.pypa.io/en/latest/userguide/declarative_config.html for details.
[13.949s]         ********************************************************************************
[13.950s] 
[13.951s] !!
[13.952s]   opt = self.warn_dash_deprecation(opt, section)
[16.846s] running develop
[16.848s] /usr/lib/python3/dist-packages/setuptools/command/develop.py:40: EasyInstallDeprecationWarning: easy_install command is deprecated.
[16.850s] !!
[16.852s] 
[16.853s]         ********************************************************************************
[16.854s]         Please avoid running ``setup.py`` and ``easy_install``.
[16.855s]         Instead, use pypa/build, pypa/installer or other
[16.857s]         standards-based tools.
[16.858s] 
[16.859s]         See https://github.com/pypa/setuptools/issues/917 for details.
[16.861s]         ********************************************************************************
[16.862s] 
[16.863s] !!
[16.865s]   easy_install.initialize_options(self)
[20.309s] running egg_info
[20.593s] writing ball_tracker.egg-info/PKG-INFO
[20.595s] writing dependency_links to ball_tracker.egg-info/dependency_links.txt
[20.598s] writing entry points to ball_tracker.egg-info/entry_points.txt
[20.600s] writing requirements to ball_tracker.egg-info/requires.txt
[20.602s] writing top-level names to ball_tracker.egg-info/top_level.txt
[21.181s] reading manifest file 'ball_tracker.egg-info/SOURCES.txt'
[21.192s] writing manifest file 'ball_tracker.egg-info/SOURCES.txt'
[21.486s] running build_ext
[21.493s] Creating /home/E14Raspberry/ScooperBot/tennisbot_ws/install/ball_tracker/lib/python3.12/site-packages/ball-tracker.egg-link (link to .)
[21.495s] Installing detect_ball script to /home/E14Raspberry/ScooperBot/tennisbot_ws/install/ball_tracker/lib/ball_tracker
[21.497s] Installing detect_ball_3d script to /home/E14Raspberry/ScooperBot/tennisbot_ws/install/ball_tracker/lib/ball_tracker
[21.499s] Installing detect_ball_nn script to /home/E14Raspberry/ScooperBot/tennisbot_ws/install/ball_tracker/lib/ball_tracker
[21.503s] Installing follow_ball script to /home/E14Raspberry/ScooperBot/tennisbot_ws/install/ball_tracker/lib/ball_tracker
[21.506s] 
[21.508s] Installed /home/E14Raspberry/ScooperBot/tennisbot_ws/build/ball_tracker
[21.509s] running symlink_data
[21.816s] Invoked command in '/home/E14Raspberry/ScooperBot/tennisbot_ws/build/ball_tracker' returned '0': PYTHONPATH=/home/E14Raspberry/ScooperBot/tennisbot_ws/build/ball_tracker/prefix_override:/usr/lib/python3/dist-packages/colcon_core/task/python/colcon_distutils_commands:/home/E14Raspberry/ScooperBot/tennisbot_ws/install/ball_tracker/lib/python3.12/site-packages:${PYTHONPATH} /usr/bin/python3 -W ignore:setup.py install is deprecated setup.py develop --editable --build-directory /home/E14Raspberry/ScooperBot/tennisbot_ws/build/ball_tracker/build --no-deps symlink_data
