[0.399s] Invoking command in '/home/E14Raspberry/ScooperBot/tennisbot_ws/build/yasmin_viewer': AMENT_PREFIX_PATH=/home/E14Raspberry/ScooperBot/tennisbot_ws/install/yasmin_ros:/home/E14Raspberry/ScooperBot/tennisbot_ws/install/yasmin_msgs:/home/E14Raspberry/ScooperBot/tennisbot_ws/install/yasmin:${AMENT_PREFIX_PATH} CMAKE_PREFIX_PATH=/home/E14Raspberry/ScooperBot/tennisbot_ws/install/yasmin_ros:/home/E14Raspberry/ScooperBot/tennisbot_ws/install/yasmin_msgs:/home/E14Raspberry/ScooperBot/tennisbot_ws/install/yasmin:/opt/ros/jazzy/opt/gz_sim_vendor:/opt/ros/jazzy/opt/gz_sensors_vendor:/opt/ros/jazzy/opt/gz_physics_vendor:/opt/ros/jazzy/opt/sdformat_vendor:/opt/ros/jazzy/opt/gz_gui_vendor:/opt/ros/jazzy/opt/gz_transport_vendor:/opt/ros/jazzy/opt/gz_rendering_vendor:/opt/ros/jazzy/opt/gz_plugin_vendor:/opt/ros/jazzy/opt/gz_fuel_tools_vendor:/opt/ros/jazzy/opt/gz_msgs_vendor:/opt/ros/jazzy/opt/gz_common_vendor:/opt/ros/jazzy/opt/gz_math_vendor:/opt/ros/jazzy/opt/gz_utils_vendor:/opt/ros/jazzy/opt/gz_tools_vendor:/opt/ros/jazzy/opt/gz_ogre_next_vendor:/opt/ros/jazzy/opt/gz_dartsim_vendor:/opt/ros/jazzy/opt/gz_cmake_vendor:/opt/ros/jazzy LD_LIBRARY_PATH=/home/E14Raspberry/ScooperBot/tennisbot_ws/install/yasmin_ros/lib:/home/E14Raspberry/ScooperBot/tennisbot_ws/install/yasmin_msgs/lib:/home/E14Raspberry/ScooperBot/tennisbot_ws/install/yasmin/lib:${LD_LIBRARY_PATH} PYTHONPATH=/home/E14Raspberry/ScooperBot/tennisbot_ws/install/yasmin_ros/lib/python3.12/site-packages:/home/E14Raspberry/ScooperBot/tennisbot_ws/install/yasmin_msgs/lib/python3.12/site-packages:/home/E14Raspberry/ScooperBot/tennisbot_ws/install/yasmin/lib/python3.12/site-packages:${PYTHONPATH} /usr/bin/cmake --build /home/E14Raspberry/ScooperBot/tennisbot_ws/build/yasmin_viewer -- -j4 -l4
[2.514s] [  0%] Built target ament_cmake_python_symlink_yasmin_viewer
[2.584s] [100%] Built target yasmin_viewer_lib
[6.602s] running egg_info
[6.966s] writing yasmin_viewer.egg-info/PKG-INFO
[6.970s] writing dependency_links to yasmin_viewer.egg-info/dependency_links.txt
[6.972s] writing top-level names to yasmin_viewer.egg-info/top_level.txt
[7.911s] reading manifest file 'yasmin_viewer.egg-info/SOURCES.txt'
[7.918s] writing manifest file 'yasmin_viewer.egg-info/SOURCES.txt'
[8.256s] [100%] Built target ament_cmake_python_build_yasmin_viewer_egg
[9.678s] Invoked command in '/home/E14Raspberry/ScooperBot/tennisbot_ws/build/yasmin_viewer' returned '0': AMENT_PREFIX_PATH=/home/E14Raspberry/ScooperBot/tennisbot_ws/install/yasmin_ros:/home/E14Raspberry/ScooperBot/tennisbot_ws/install/yasmin_msgs:/home/E14Raspberry/ScooperBot/tennisbot_ws/install/yasmin:${AMENT_PREFIX_PATH} CMAKE_PREFIX_PATH=/home/E14Raspberry/ScooperBot/tennisbot_ws/install/yasmin_ros:/home/E14Raspberry/ScooperBot/tennisbot_ws/install/yasmin_msgs:/home/E14Raspberry/ScooperBot/tennisbot_ws/install/yasmin:/opt/ros/jazzy/opt/gz_sim_vendor:/opt/ros/jazzy/opt/gz_sensors_vendor:/opt/ros/jazzy/opt/gz_physics_vendor:/opt/ros/jazzy/opt/sdformat_vendor:/opt/ros/jazzy/opt/gz_gui_vendor:/opt/ros/jazzy/opt/gz_transport_vendor:/opt/ros/jazzy/opt/gz_rendering_vendor:/opt/ros/jazzy/opt/gz_plugin_vendor:/opt/ros/jazzy/opt/gz_fuel_tools_vendor:/opt/ros/jazzy/opt/gz_msgs_vendor:/opt/ros/jazzy/opt/gz_common_vendor:/opt/ros/jazzy/opt/gz_math_vendor:/opt/ros/jazzy/opt/gz_utils_vendor:/opt/ros/jazzy/opt/gz_tools_vendor:/opt/ros/jazzy/opt/gz_ogre_next_vendor:/opt/ros/jazzy/opt/gz_dartsim_vendor:/opt/ros/jazzy/opt/gz_cmake_vendor:/opt/ros/jazzy LD_LIBRARY_PATH=/home/E14Raspberry/ScooperBot/tennisbot_ws/install/yasmin_ros/lib:/home/E14Raspberry/ScooperBot/tennisbot_ws/install/yasmin_msgs/lib:/home/E14Raspberry/ScooperBot/tennisbot_ws/install/yasmin/lib:${LD_LIBRARY_PATH} PYTHONPATH=/home/E14Raspberry/ScooperBot/tennisbot_ws/install/yasmin_ros/lib/python3.12/site-packages:/home/E14Raspberry/ScooperBot/tennisbot_ws/install/yasmin_msgs/lib/python3.12/site-packages:/home/E14Raspberry/ScooperBot/tennisbot_ws/install/yasmin/lib/python3.12/site-packages:${PYTHONPATH} /usr/bin/cmake --build /home/E14Raspberry/ScooperBot/tennisbot_ws/build/yasmin_viewer -- -j4 -l4
[10.221s] Invoking command in '/home/E14Raspberry/ScooperBot/tennisbot_ws/build/yasmin_viewer': AMENT_PREFIX_PATH=/home/E14Raspberry/ScooperBot/tennisbot_ws/install/yasmin_ros:/home/E14Raspberry/ScooperBot/tennisbot_ws/install/yasmin_msgs:/home/E14Raspberry/ScooperBot/tennisbot_ws/install/yasmin:${AMENT_PREFIX_PATH} CMAKE_PREFIX_PATH=/home/E14Raspberry/ScooperBot/tennisbot_ws/install/yasmin_ros:/home/E14Raspberry/ScooperBot/tennisbot_ws/install/yasmin_msgs:/home/E14Raspberry/ScooperBot/tennisbot_ws/install/yasmin:/opt/ros/jazzy/opt/gz_sim_vendor:/opt/ros/jazzy/opt/gz_sensors_vendor:/opt/ros/jazzy/opt/gz_physics_vendor:/opt/ros/jazzy/opt/sdformat_vendor:/opt/ros/jazzy/opt/gz_gui_vendor:/opt/ros/jazzy/opt/gz_transport_vendor:/opt/ros/jazzy/opt/gz_rendering_vendor:/opt/ros/jazzy/opt/gz_plugin_vendor:/opt/ros/jazzy/opt/gz_fuel_tools_vendor:/opt/ros/jazzy/opt/gz_msgs_vendor:/opt/ros/jazzy/opt/gz_common_vendor:/opt/ros/jazzy/opt/gz_math_vendor:/opt/ros/jazzy/opt/gz_utils_vendor:/opt/ros/jazzy/opt/gz_tools_vendor:/opt/ros/jazzy/opt/gz_ogre_next_vendor:/opt/ros/jazzy/opt/gz_dartsim_vendor:/opt/ros/jazzy/opt/gz_cmake_vendor:/opt/ros/jazzy LD_LIBRARY_PATH=/home/E14Raspberry/ScooperBot/tennisbot_ws/install/yasmin_ros/lib:/home/E14Raspberry/ScooperBot/tennisbot_ws/install/yasmin_msgs/lib:/home/E14Raspberry/ScooperBot/tennisbot_ws/install/yasmin/lib:${LD_LIBRARY_PATH} PYTHONPATH=/home/E14Raspberry/ScooperBot/tennisbot_ws/install/yasmin_ros/lib/python3.12/site-packages:/home/E14Raspberry/ScooperBot/tennisbot_ws/install/yasmin_msgs/lib/python3.12/site-packages:/home/E14Raspberry/ScooperBot/tennisbot_ws/install/yasmin/lib/python3.12/site-packages:${PYTHONPATH} /usr/bin/cmake --install /home/E14Raspberry/ScooperBot/tennisbot_ws/build/yasmin_viewer
[10.382s] -- Install configuration: ""
[10.389s] -- Execute custom install script
[10.401s] -- Up-to-date symlink: /home/E14Raspberry/ScooperBot/tennisbot_ws/install/yasmin_viewer/lib/libyasmin_viewer_lib.a
[10.405s] -- Up-to-date symlink: /home/E14Raspberry/ScooperBot/tennisbot_ws/install/yasmin_viewer/include//yasmin_viewer/yasmin_viewer_pub.hpp
[10.424s] -- Up-to-date symlink: /home/E14Raspberry/ScooperBot/tennisbot_ws/install/yasmin_viewer/share/yasmin_viewer/yasmin_viewer_web_client//asset-manifest.json
[10.428s] -- Up-to-date symlink: /home/E14Raspberry/ScooperBot/tennisbot_ws/install/yasmin_viewer/share/yasmin_viewer/yasmin_viewer_web_client//favicon.ico
[10.432s] -- Up-to-date symlink: /home/E14Raspberry/ScooperBot/tennisbot_ws/install/yasmin_viewer/share/yasmin_viewer/yasmin_viewer_web_client//index.html
[10.434s] -- Up-to-date symlink: /home/E14Raspberry/ScooperBot/tennisbot_ws/install/yasmin_viewer/share/yasmin_viewer/yasmin_viewer_web_client//logo192.png
[10.440s] -- Up-to-date symlink: /home/E14Raspberry/ScooperBot/tennisbot_ws/install/yasmin_viewer/share/yasmin_viewer/yasmin_viewer_web_client//logo512.png
[10.445s] -- Up-to-date symlink: /home/E14Raspberry/ScooperBot/tennisbot_ws/install/yasmin_viewer/share/yasmin_viewer/yasmin_viewer_web_client//manifest.json
[10.450s] -- Up-to-date symlink: /home/E14Raspberry/ScooperBot/tennisbot_ws/install/yasmin_viewer/share/yasmin_viewer/yasmin_viewer_web_client//robots.txt
[10.461s] -- Up-to-date symlink: /home/E14Raspberry/ScooperBot/tennisbot_ws/install/yasmin_viewer/share/yasmin_viewer/yasmin_viewer_web_client//static/css/main.073c9b0a.css
[10.465s] -- Up-to-date symlink: /home/E14Raspberry/ScooperBot/tennisbot_ws/install/yasmin_viewer/share/yasmin_viewer/yasmin_viewer_web_client//static/css/main.073c9b0a.css.map
[10.468s] -- Up-to-date symlink: /home/E14Raspberry/ScooperBot/tennisbot_ws/install/yasmin_viewer/share/yasmin_viewer/yasmin_viewer_web_client//static/js/787.d1eb2cfc.chunk.js
[10.476s] -- Up-to-date symlink: /home/E14Raspberry/ScooperBot/tennisbot_ws/install/yasmin_viewer/share/yasmin_viewer/yasmin_viewer_web_client//static/js/787.d1eb2cfc.chunk.js.map
[10.482s] -- Up-to-date symlink: /home/E14Raspberry/ScooperBot/tennisbot_ws/install/yasmin_viewer/share/yasmin_viewer/yasmin_viewer_web_client//static/js/main.713a3c3e.js
[10.486s] -- Up-to-date symlink: /home/E14Raspberry/ScooperBot/tennisbot_ws/install/yasmin_viewer/share/yasmin_viewer/yasmin_viewer_web_client//static/js/main.713a3c3e.js.LICENSE.txt
[10.492s] -- Up-to-date symlink: /home/E14Raspberry/ScooperBot/tennisbot_ws/install/yasmin_viewer/share/yasmin_viewer/yasmin_viewer_web_client//static/js/main.713a3c3e.js.map
[10.497s] -- Up-to-date symlink: /home/E14Raspberry/ScooperBot/tennisbot_ws/install/yasmin_viewer/share/yasmin_viewer/environment/library_path.sh
[10.501s] -- Up-to-date symlink: /home/E14Raspberry/ScooperBot/tennisbot_ws/install/yasmin_viewer/share/yasmin_viewer/environment/library_path.dsv
[10.505s] -- Up-to-date symlink: /home/E14Raspberry/ScooperBot/tennisbot_ws/install/yasmin_viewer/share/yasmin_viewer/environment/pythonpath.sh
[10.515s] -- Up-to-date symlink: /home/E14Raspberry/ScooperBot/tennisbot_ws/install/yasmin_viewer/share/yasmin_viewer/environment/pythonpath.dsv
[10.525s] -- Up-to-date symlink: /home/E14Raspberry/ScooperBot/tennisbot_ws/install/yasmin_viewer/lib/python3.12/site-packages/yasmin_viewer-2.3.1-py3.12.egg-info/PKG-INFO
[10.530s] -- Up-to-date symlink: /home/E14Raspberry/ScooperBot/tennisbot_ws/install/yasmin_viewer/lib/python3.12/site-packages/yasmin_viewer-2.3.1-py3.12.egg-info/SOURCES.txt
[10.535s] -- Up-to-date symlink: /home/E14Raspberry/ScooperBot/tennisbot_ws/install/yasmin_viewer/lib/python3.12/site-packages/yasmin_viewer-2.3.1-py3.12.egg-info/dependency_links.txt
[10.543s] -- Up-to-date symlink: /home/E14Raspberry/ScooperBot/tennisbot_ws/install/yasmin_viewer/lib/python3.12/site-packages/yasmin_viewer-2.3.1-py3.12.egg-info/top_level.txt
[10.548s] -- Up-to-date symlink: /home/E14Raspberry/ScooperBot/tennisbot_ws/install/yasmin_viewer/lib/python3.12/site-packages/yasmin_viewer/__init__.py
[10.555s] -- Up-to-date symlink: /home/E14Raspberry/ScooperBot/tennisbot_ws/install/yasmin_viewer/lib/python3.12/site-packages/yasmin_viewer/yasmin_viewer_node.py
[10.558s] -- Up-to-date symlink: /home/E14Raspberry/ScooperBot/tennisbot_ws/install/yasmin_viewer/lib/python3.12/site-packages/yasmin_viewer/yasmin_viewer_pub.py
[10.566s] -- Up-to-date symlink: /home/E14Raspberry/ScooperBot/tennisbot_ws/install/yasmin_viewer/share/ament_index/resource_index/package_run_dependencies/yasmin_viewer
[10.577s] -- Up-to-date symlink: /home/E14Raspberry/ScooperBot/tennisbot_ws/install/yasmin_viewer/share/ament_index/resource_index/parent_prefix_path/yasmin_viewer
[10.579s] -- Up-to-date symlink: /home/E14Raspberry/ScooperBot/tennisbot_ws/install/yasmin_viewer/share/yasmin_viewer/environment/ament_prefix_path.sh
[10.584s] -- Up-to-date symlink: /home/E14Raspberry/ScooperBot/tennisbot_ws/install/yasmin_viewer/share/yasmin_viewer/environment/ament_prefix_path.dsv
[10.588s] -- Up-to-date symlink: /home/E14Raspberry/ScooperBot/tennisbot_ws/install/yasmin_viewer/share/yasmin_viewer/environment/path.sh
[10.597s] -- Up-to-date symlink: /home/E14Raspberry/ScooperBot/tennisbot_ws/install/yasmin_viewer/share/yasmin_viewer/environment/path.dsv
[10.602s] -- Up-to-date symlink: /home/E14Raspberry/ScooperBot/tennisbot_ws/install/yasmin_viewer/share/yasmin_viewer/local_setup.bash
[10.611s] -- Up-to-date symlink: /home/E14Raspberry/ScooperBot/tennisbot_ws/install/yasmin_viewer/share/yasmin_viewer/local_setup.sh
[10.617s] -- Up-to-date symlink: /home/E14Raspberry/ScooperBot/tennisbot_ws/install/yasmin_viewer/share/yasmin_viewer/local_setup.zsh
[10.620s] -- Up-to-date symlink: /home/E14Raspberry/ScooperBot/tennisbot_ws/install/yasmin_viewer/share/yasmin_viewer/local_setup.dsv
[10.624s] -- Symlinking: /home/E14Raspberry/ScooperBot/tennisbot_ws/install/yasmin_viewer/share/yasmin_viewer/package.dsv
[10.800s] -- Up-to-date symlink: /home/E14Raspberry/ScooperBot/tennisbot_ws/install/yasmin_viewer/share/ament_index/resource_index/packages/yasmin_viewer
[10.807s] -- Up-to-date symlink: /home/E14Raspberry/ScooperBot/tennisbot_ws/install/yasmin_viewer/share/yasmin_viewer/cmake/ament_cmake_export_include_directories-extras.cmake
[10.814s] -- Up-to-date symlink: /home/E14Raspberry/ScooperBot/tennisbot_ws/install/yasmin_viewer/share/yasmin_viewer/cmake/ament_cmake_export_libraries-extras.cmake
[10.816s] -- Up-to-date symlink: /home/E14Raspberry/ScooperBot/tennisbot_ws/install/yasmin_viewer/share/yasmin_viewer/cmake/ament_cmake_export_dependencies-extras.cmake
[10.824s] -- Up-to-date symlink: /home/E14Raspberry/ScooperBot/tennisbot_ws/install/yasmin_viewer/share/yasmin_viewer/cmake/yasmin_viewerConfig.cmake
[10.825s] -- Up-to-date symlink: /home/E14Raspberry/ScooperBot/tennisbot_ws/install/yasmin_viewer/share/yasmin_viewer/cmake/yasmin_viewerConfig-version.cmake
[10.830s] -- Up-to-date symlink: /home/E14Raspberry/ScooperBot/tennisbot_ws/install/yasmin_viewer/share/yasmin_viewer/package.xml
[11.321s] Listing '/home/E14Raspberry/ScooperBot/tennisbot_ws/install/yasmin_viewer/lib/python3.12/site-packages/yasmin_viewer'...
[11.394s] -- Up-to-date: /home/E14Raspberry/ScooperBot/tennisbot_ws/install/yasmin_viewer/lib/yasmin_viewer/yasmin_viewer_node
[11.412s] Invoked command in '/home/E14Raspberry/ScooperBot/tennisbot_ws/build/yasmin_viewer' returned '0': AMENT_PREFIX_PATH=/home/E14Raspberry/ScooperBot/tennisbot_ws/install/yasmin_ros:/home/E14Raspberry/ScooperBot/tennisbot_ws/install/yasmin_msgs:/home/E14Raspberry/ScooperBot/tennisbot_ws/install/yasmin:${AMENT_PREFIX_PATH} CMAKE_PREFIX_PATH=/home/E14Raspberry/ScooperBot/tennisbot_ws/install/yasmin_ros:/home/E14Raspberry/ScooperBot/tennisbot_ws/install/yasmin_msgs:/home/E14Raspberry/ScooperBot/tennisbot_ws/install/yasmin:/opt/ros/jazzy/opt/gz_sim_vendor:/opt/ros/jazzy/opt/gz_sensors_vendor:/opt/ros/jazzy/opt/gz_physics_vendor:/opt/ros/jazzy/opt/sdformat_vendor:/opt/ros/jazzy/opt/gz_gui_vendor:/opt/ros/jazzy/opt/gz_transport_vendor:/opt/ros/jazzy/opt/gz_rendering_vendor:/opt/ros/jazzy/opt/gz_plugin_vendor:/opt/ros/jazzy/opt/gz_fuel_tools_vendor:/opt/ros/jazzy/opt/gz_msgs_vendor:/opt/ros/jazzy/opt/gz_common_vendor:/opt/ros/jazzy/opt/gz_math_vendor:/opt/ros/jazzy/opt/gz_utils_vendor:/opt/ros/jazzy/opt/gz_tools_vendor:/opt/ros/jazzy/opt/gz_ogre_next_vendor:/opt/ros/jazzy/opt/gz_dartsim_vendor:/opt/ros/jazzy/opt/gz_cmake_vendor:/opt/ros/jazzy LD_LIBRARY_PATH=/home/E14Raspberry/ScooperBot/tennisbot_ws/install/yasmin_ros/lib:/home/E14Raspberry/ScooperBot/tennisbot_ws/install/yasmin_msgs/lib:/home/E14Raspberry/ScooperBot/tennisbot_ws/install/yasmin/lib:${LD_LIBRARY_PATH} PYTHONPATH=/home/E14Raspberry/ScooperBot/tennisbot_ws/install/yasmin_ros/lib/python3.12/site-packages:/home/E14Raspberry/ScooperBot/tennisbot_ws/install/yasmin_msgs/lib/python3.12/site-packages:/home/E14Raspberry/ScooperBot/tennisbot_ws/install/yasmin/lib/python3.12/site-packages:${PYTHONPATH} /usr/bin/cmake --install /home/E14Raspberry/ScooperBot/tennisbot_ws/build/yasmin_viewer
