[0.418s] Invoking command in '/home/E14Raspberry/ScooperBot/tennisbot_ws/build/yasmin': CMAKE_PREFIX_PATH=${CMAKE_PREFIX_PATH}:/home/E14Raspberry/ScooperBot/tennisbot_ws/install/ros2_nav_to_pose:/home/E14Raspberry/ScooperBot/tennisbot_ws/install/twist_stamper:/home/E14Raspberry/ScooperBot/tennisbot_ws/install/serial_motor_demo:/home/E14Raspberry/ScooperBot/tennisbot_ws/install/ball_tracker:/opt/ros/jazzy /usr/bin/cmake --build /home/E14Raspberry/ScooperBot/tennisbot_ws/build/yasmin -- -j4 -l4
[2.961s] [100%] Built target yasmin_lib
[3.990s] [100%] Built target ament_cmake_python_symlink_yasmin
[14.734s] running egg_info
[15.429s] writing yasmin.egg-info/PKG-INFO
[15.442s] writing dependency_links to yasmin.egg-info/dependency_links.txt
[15.460s] writing top-level names to yasmin.egg-info/top_level.txt
[18.037s] reading manifest file 'yasmin.egg-info/SOURCES.txt'
[18.070s] writing manifest file 'yasmin.egg-info/SOURCES.txt'
[18.794s] [100%] Built target ament_cmake_python_build_yasmin_egg
[19.090s] Invoked command in '/home/E14Raspberry/ScooperBot/tennisbot_ws/build/yasmin' returned '0': CMAKE_PREFIX_PATH=${CMAKE_PREFIX_PATH}:/home/E14Raspberry/ScooperBot/tennisbot_ws/install/ros2_nav_to_pose:/home/E14Raspberry/ScooperBot/tennisbot_ws/install/twist_stamper:/home/E14Raspberry/ScooperBot/tennisbot_ws/install/serial_motor_demo:/home/E14Raspberry/ScooperBot/tennisbot_ws/install/ball_tracker:/opt/ros/jazzy /usr/bin/cmake --build /home/E14Raspberry/ScooperBot/tennisbot_ws/build/yasmin -- -j4 -l4
[20.579s] Invoking command in '/home/E14Raspberry/ScooperBot/tennisbot_ws/build/yasmin': CMAKE_PREFIX_PATH=${CMAKE_PREFIX_PATH}:/home/E14Raspberry/ScooperBot/tennisbot_ws/install/ros2_nav_to_pose:/home/E14Raspberry/ScooperBot/tennisbot_ws/install/twist_stamper:/home/E14Raspberry/ScooperBot/tennisbot_ws/install/serial_motor_demo:/home/E14Raspberry/ScooperBot/tennisbot_ws/install/ball_tracker:/opt/ros/jazzy /usr/bin/cmake --install /home/E14Raspberry/ScooperBot/tennisbot_ws/build/yasmin
[20.857s] -- Install configuration: ""
[20.865s] -- Execute custom install script
[20.870s] -- Up-to-date symlink: /home/E14Raspberry/ScooperBot/tennisbot_ws/install/yasmin/lib/libyasmin_lib.a
[20.913s] -- Up-to-date symlink: /home/E14Raspberry/ScooperBot/tennisbot_ws/install/yasmin/include//yasmin/blackboard/blackboard.hpp
[20.942s] -- Up-to-date symlink: /home/E14Raspberry/ScooperBot/tennisbot_ws/install/yasmin/include//yasmin/blackboard/blackboard_value.hpp
[20.948s] -- Up-to-date symlink: /home/E14Raspberry/ScooperBot/tennisbot_ws/install/yasmin/include//yasmin/blackboard/blackboard_value_interface.hpp
[20.954s] -- Up-to-date symlink: /home/E14Raspberry/ScooperBot/tennisbot_ws/install/yasmin/include//yasmin/cb_state.hpp
[20.956s] -- Up-to-date symlink: /home/E14Raspberry/ScooperBot/tennisbot_ws/install/yasmin/include//yasmin/state.hpp
[20.962s] -- Up-to-date symlink: /home/E14Raspberry/ScooperBot/tennisbot_ws/install/yasmin/include//yasmin/state_machine.hpp
[20.963s] -- Up-to-date symlink: /home/E14Raspberry/ScooperBot/tennisbot_ws/install/yasmin/include//yasmin/yasmin_logs.hpp
[20.969s] -- Up-to-date symlink: /home/E14Raspberry/ScooperBot/tennisbot_ws/install/yasmin/share/yasmin/environment/library_path.sh
[20.973s] -- Up-to-date symlink: /home/E14Raspberry/ScooperBot/tennisbot_ws/install/yasmin/share/yasmin/environment/library_path.dsv
[20.982s] -- Up-to-date symlink: /home/E14Raspberry/ScooperBot/tennisbot_ws/install/yasmin/share/yasmin/environment/pythonpath.sh
[20.987s] -- Up-to-date symlink: /home/E14Raspberry/ScooperBot/tennisbot_ws/install/yasmin/share/yasmin/environment/pythonpath.dsv
[20.988s] -- Up-to-date symlink: /home/E14Raspberry/ScooperBot/tennisbot_ws/install/yasmin/lib/python3.12/site-packages/yasmin-2.3.1-py3.12.egg-info/PKG-INFO
[20.993s] -- Up-to-date symlink: /home/E14Raspberry/ScooperBot/tennisbot_ws/install/yasmin/lib/python3.12/site-packages/yasmin-2.3.1-py3.12.egg-info/SOURCES.txt
[20.994s] -- Up-to-date symlink: /home/E14Raspberry/ScooperBot/tennisbot_ws/install/yasmin/lib/python3.12/site-packages/yasmin-2.3.1-py3.12.egg-info/dependency_links.txt
[20.999s] -- Up-to-date symlink: /home/E14Raspberry/ScooperBot/tennisbot_ws/install/yasmin/lib/python3.12/site-packages/yasmin-2.3.1-py3.12.egg-info/top_level.txt
[21.001s] -- Up-to-date symlink: /home/E14Raspberry/ScooperBot/tennisbot_ws/install/yasmin/lib/python3.12/site-packages/yasmin/__init__.py
[21.005s] -- Up-to-date symlink: /home/E14Raspberry/ScooperBot/tennisbot_ws/install/yasmin/lib/python3.12/site-packages/yasmin/blackboard.py
[21.021s] -- Up-to-date symlink: /home/E14Raspberry/ScooperBot/tennisbot_ws/install/yasmin/lib/python3.12/site-packages/yasmin/cb_state.py
[21.023s] -- Up-to-date symlink: /home/E14Raspberry/ScooperBot/tennisbot_ws/install/yasmin/lib/python3.12/site-packages/yasmin/state.py
[21.033s] -- Up-to-date symlink: /home/E14Raspberry/ScooperBot/tennisbot_ws/install/yasmin/lib/python3.12/site-packages/yasmin/state_machine.py
[21.035s] -- Up-to-date symlink: /home/E14Raspberry/ScooperBot/tennisbot_ws/install/yasmin/lib/python3.12/site-packages/yasmin/yasmin_logs.py
[21.039s] -- Up-to-date symlink: /home/E14Raspberry/ScooperBot/tennisbot_ws/install/yasmin/pytests//run_pytests.sh
[21.041s] -- Up-to-date symlink: /home/E14Raspberry/ScooperBot/tennisbot_ws/install/yasmin/pytests//test_blackboard.py
[21.047s] -- Up-to-date symlink: /home/E14Raspberry/ScooperBot/tennisbot_ws/install/yasmin/pytests//test_cb_state.py
[21.056s] -- Up-to-date symlink: /home/E14Raspberry/ScooperBot/tennisbot_ws/install/yasmin/pytests//test_state.py
[21.060s] -- Up-to-date symlink: /home/E14Raspberry/ScooperBot/tennisbot_ws/install/yasmin/pytests//test_state_machine.py
[21.062s] -- Up-to-date symlink: /home/E14Raspberry/ScooperBot/tennisbot_ws/install/yasmin/lib/yasmin/run_pytests.sh
[21.063s] -- Up-to-date symlink: /home/E14Raspberry/ScooperBot/tennisbot_ws/install/yasmin/share/ament_index/resource_index/package_run_dependencies/yasmin
[21.065s] -- Up-to-date symlink: /home/E14Raspberry/ScooperBot/tennisbot_ws/install/yasmin/share/ament_index/resource_index/parent_prefix_path/yasmin
[21.067s] -- Up-to-date symlink: /home/E14Raspberry/ScooperBot/tennisbot_ws/install/yasmin/share/yasmin/environment/ament_prefix_path.sh
[21.068s] -- Up-to-date symlink: /home/E14Raspberry/ScooperBot/tennisbot_ws/install/yasmin/share/yasmin/environment/ament_prefix_path.dsv
[21.069s] -- Up-to-date symlink: /home/E14Raspberry/ScooperBot/tennisbot_ws/install/yasmin/share/yasmin/environment/path.sh
[21.070s] -- Up-to-date symlink: /home/E14Raspberry/ScooperBot/tennisbot_ws/install/yasmin/share/yasmin/environment/path.dsv
[21.071s] -- Up-to-date symlink: /home/E14Raspberry/ScooperBot/tennisbot_ws/install/yasmin/share/yasmin/local_setup.bash
[21.073s] -- Up-to-date symlink: /home/E14Raspberry/ScooperBot/tennisbot_ws/install/yasmin/share/yasmin/local_setup.sh
[21.074s] -- Up-to-date symlink: /home/E14Raspberry/ScooperBot/tennisbot_ws/install/yasmin/share/yasmin/local_setup.zsh
[21.077s] -- Up-to-date symlink: /home/E14Raspberry/ScooperBot/tennisbot_ws/install/yasmin/share/yasmin/local_setup.dsv
[21.082s] -- Symlinking: /home/E14Raspberry/ScooperBot/tennisbot_ws/install/yasmin/share/yasmin/package.dsv
[21.256s] -- Up-to-date symlink: /home/E14Raspberry/ScooperBot/tennisbot_ws/install/yasmin/share/ament_index/resource_index/packages/yasmin
[21.267s] -- Up-to-date symlink: /home/E14Raspberry/ScooperBot/tennisbot_ws/install/yasmin/share/yasmin/cmake/ament_cmake_export_include_directories-extras.cmake
[21.272s] -- Up-to-date symlink: /home/E14Raspberry/ScooperBot/tennisbot_ws/install/yasmin/share/yasmin/cmake/ament_cmake_export_libraries-extras.cmake
[21.284s] -- Up-to-date symlink: /home/E14Raspberry/ScooperBot/tennisbot_ws/install/yasmin/share/yasmin/cmake/ament_cmake_export_dependencies-extras.cmake
[21.290s] -- Up-to-date symlink: /home/E14Raspberry/ScooperBot/tennisbot_ws/install/yasmin/share/yasmin/cmake/yasminConfig.cmake
[21.292s] -- Up-to-date symlink: /home/E14Raspberry/ScooperBot/tennisbot_ws/install/yasmin/share/yasmin/cmake/yasminConfig-version.cmake
[21.296s] -- Up-to-date symlink: /home/E14Raspberry/ScooperBot/tennisbot_ws/install/yasmin/share/yasmin/package.xml
[22.088s] Listing '/home/E14Raspberry/ScooperBot/tennisbot_ws/install/yasmin/lib/python3.12/site-packages/yasmin'...
[22.269s] Invoked command in '/home/E14Raspberry/ScooperBot/tennisbot_ws/build/yasmin' returned '0': CMAKE_PREFIX_PATH=${CMAKE_PREFIX_PATH}:/home/E14Raspberry/ScooperBot/tennisbot_ws/install/ros2_nav_to_pose:/home/E14Raspberry/ScooperBot/tennisbot_ws/install/twist_stamper:/home/E14Raspberry/ScooperBot/tennisbot_ws/install/serial_motor_demo:/home/E14Raspberry/ScooperBot/tennisbot_ws/install/ball_tracker:/opt/ros/jazzy /usr/bin/cmake --install /home/E14Raspberry/ScooperBot/tennisbot_ws/build/yasmin
