[0.428s] Invoking command in '/home/E14Raspberry/ScooperBot/tennisbot_ws/build/yasmin_msgs': CMAKE_PREFIX_PATH=${CMAKE_PREFIX_PATH}:/home/E14Raspberry/ScooperBot/tennisbot_ws/install/twist_stamper:/home/E14Raspberry/ScooperBot/tennisbot_ws/install/serial_motor_demo:/home/E14Raspberry/ScooperBot/tennisbot_ws/install/ball_tracker:/opt/ros/jazzy /usr/bin/cmake --build /home/E14Raspberry/ScooperBot/tennisbot_ws/build/yasmin_msgs -- -j4 -l4
[1.920s] [  1%] Built target yasmin_msgs__rosidl_generator_type_description
[3.435s] [ 22%] Built target yasmin_msgs__rosidl_generator_c
[3.832s] [ 22%] Built target ament_cmake_python_symlink_yasmin_msgs
[5.081s] [ 24%] Built target yasmin_msgs__cpp
[5.300s] [ 33%] Built target yasmin_msgs__rosidl_typesupport_fastrtps_c
[5.761s] [ 42%] Built target yasmin_msgs__rosidl_typesupport_introspection_c
[6.155s] [ 51%] Built target yasmin_msgs__rosidl_typesupport_cpp
[6.205s] [ 61%] Built target yasmin_msgs__rosidl_typesupport_c
[13.604s] running egg_info
[14.864s] writing yasmin_msgs.egg-info/PKG-INFO
[14.899s] writing dependency_links to yasmin_msgs.egg-info/dependency_links.txt
[14.913s] writing top-level names to yasmin_msgs.egg-info/top_level.txt
[17.279s] reading manifest file 'yasmin_msgs.egg-info/SOURCES.txt'
[17.284s] writing manifest file 'yasmin_msgs.egg-info/SOURCES.txt'
[17.372s] [ 61%] Built target ament_cmake_python_build_yasmin_msgs_egg
[18.488s] [ 70%] Built target yasmin_msgs__rosidl_typesupport_introspection_cpp
[19.441s] [ 79%] Built target yasmin_msgs__rosidl_typesupport_fastrtps_cpp
[20.164s] [ 79%] Built target yasmin_msgs
[21.087s] [ 81%] Built target yasmin_msgs__py
[21.861s] [ 88%] Built target yasmin_msgs__rosidl_generator_py
[22.669s] [ 92%] Built target yasmin_msgs_s__rosidl_typesupport_fastrtps_c
[23.337s] [ 96%] Built target yasmin_msgs_s__rosidl_typesupport_c
[23.983s] [100%] Built target yasmin_msgs_s__rosidl_typesupport_introspection_c
[24.309s] Invoked command in '/home/E14Raspberry/ScooperBot/tennisbot_ws/build/yasmin_msgs' returned '0': CMAKE_PREFIX_PATH=${CMAKE_PREFIX_PATH}:/home/E14Raspberry/ScooperBot/tennisbot_ws/install/twist_stamper:/home/E14Raspberry/ScooperBot/tennisbot_ws/install/serial_motor_demo:/home/E14Raspberry/ScooperBot/tennisbot_ws/install/ball_tracker:/opt/ros/jazzy /usr/bin/cmake --build /home/E14Raspberry/ScooperBot/tennisbot_ws/build/yasmin_msgs -- -j4 -l4
[30.905s] Invoking command in '/home/E14Raspberry/ScooperBot/tennisbot_ws/build/yasmin_msgs': CMAKE_PREFIX_PATH=${CMAKE_PREFIX_PATH}:/home/E14Raspberry/ScooperBot/tennisbot_ws/install/twist_stamper:/home/E14Raspberry/ScooperBot/tennisbot_ws/install/serial_motor_demo:/home/E14Raspberry/ScooperBot/tennisbot_ws/install/ball_tracker:/opt/ros/jazzy /usr/bin/cmake --install /home/E14Raspberry/ScooperBot/tennisbot_ws/build/yasmin_msgs
[31.234s] -- Install configuration: ""
[31.261s] -- Execute custom install script
[31.272s] -- Up-to-date symlink: /home/E14Raspberry/ScooperBot/tennisbot_ws/install/yasmin_msgs/share/ament_index/resource_index/rosidl_interfaces/yasmin_msgs
[31.293s] -- Up-to-date symlink: /home/E14Raspberry/ScooperBot/tennisbot_ws/install/yasmin_msgs/share/yasmin_msgs/msg/State.json
[31.335s] -- Up-to-date symlink: /home/E14Raspberry/ScooperBot/tennisbot_ws/install/yasmin_msgs/share/yasmin_msgs/msg/Transition.json
[31.363s] -- Up-to-date symlink: /home/E14Raspberry/ScooperBot/tennisbot_ws/install/yasmin_msgs/share/yasmin_msgs/msg/StateMachine.json
[31.403s] -- Up-to-date symlink: /home/E14Raspberry/ScooperBot/tennisbot_ws/install/yasmin_msgs/include/yasmin_msgs/yasmin_msgs/msg/detail/state__functions.h
[31.422s] -- Up-to-date symlink: /home/E14Raspberry/ScooperBot/tennisbot_ws/install/yasmin_msgs/include/yasmin_msgs/yasmin_msgs/msg/detail/state__struct.h
[31.448s] -- Up-to-date symlink: /home/E14Raspberry/ScooperBot/tennisbot_ws/install/yasmin_msgs/include/yasmin_msgs/yasmin_msgs/msg/detail/state__type_support.h
[31.479s] -- Up-to-date symlink: /home/E14Raspberry/ScooperBot/tennisbot_ws/install/yasmin_msgs/include/yasmin_msgs/yasmin_msgs/msg/detail/state_machine__functions.h
[31.497s] -- Up-to-date symlink: /home/E14Raspberry/ScooperBot/tennisbot_ws/install/yasmin_msgs/include/yasmin_msgs/yasmin_msgs/msg/detail/state_machine__struct.h
[31.505s] -- Up-to-date symlink: /home/E14Raspberry/ScooperBot/tennisbot_ws/install/yasmin_msgs/include/yasmin_msgs/yasmin_msgs/msg/detail/state_machine__type_support.h
[31.529s] -- Up-to-date symlink: /home/E14Raspberry/ScooperBot/tennisbot_ws/install/yasmin_msgs/include/yasmin_msgs/yasmin_msgs/msg/detail/transition__functions.h
[31.535s] -- Up-to-date symlink: /home/E14Raspberry/ScooperBot/tennisbot_ws/install/yasmin_msgs/include/yasmin_msgs/yasmin_msgs/msg/detail/transition__struct.h
[31.553s] -- Up-to-date symlink: /home/E14Raspberry/ScooperBot/tennisbot_ws/install/yasmin_msgs/include/yasmin_msgs/yasmin_msgs/msg/detail/transition__type_support.h
[31.573s] -- Up-to-date symlink: /home/E14Raspberry/ScooperBot/tennisbot_ws/install/yasmin_msgs/include/yasmin_msgs/yasmin_msgs/msg/rosidl_generator_c__visibility_control.h
[31.576s] -- Up-to-date symlink: /home/E14Raspberry/ScooperBot/tennisbot_ws/install/yasmin_msgs/include/yasmin_msgs/yasmin_msgs/msg/state.h
[31.595s] -- Up-to-date symlink: /home/E14Raspberry/ScooperBot/tennisbot_ws/install/yasmin_msgs/include/yasmin_msgs/yasmin_msgs/msg/state_machine.h
[31.604s] -- Up-to-date symlink: /home/E14Raspberry/ScooperBot/tennisbot_ws/install/yasmin_msgs/include/yasmin_msgs/yasmin_msgs/msg/transition.h
[31.623s] -- Up-to-date symlink: /home/E14Raspberry/ScooperBot/tennisbot_ws/install/yasmin_msgs/share/yasmin_msgs/environment/library_path.sh
[31.654s] -- Up-to-date symlink: /home/E14Raspberry/ScooperBot/tennisbot_ws/install/yasmin_msgs/share/yasmin_msgs/environment/library_path.dsv
[31.672s] -- Up-to-date symlink: /home/E14Raspberry/ScooperBot/tennisbot_ws/install/yasmin_msgs/include/yasmin_msgs/yasmin_msgs/msg/detail/state__rosidl_typesupport_fastrtps_c.h
[31.685s] -- Up-to-date symlink: /home/E14Raspberry/ScooperBot/tennisbot_ws/install/yasmin_msgs/include/yasmin_msgs/yasmin_msgs/msg/detail/state_machine__rosidl_typesupport_fastrtps_c.h
[31.702s] -- Up-to-date symlink: /home/E14Raspberry/ScooperBot/tennisbot_ws/install/yasmin_msgs/include/yasmin_msgs/yasmin_msgs/msg/detail/transition__rosidl_typesupport_fastrtps_c.h
[31.708s] -- Up-to-date symlink: /home/E14Raspberry/ScooperBot/tennisbot_ws/install/yasmin_msgs/include/yasmin_msgs/yasmin_msgs/msg/rosidl_typesupport_fastrtps_c__visibility_control.h
[31.734s] -- Up-to-date symlink: /home/E14Raspberry/ScooperBot/tennisbot_ws/install/yasmin_msgs/include/yasmin_msgs/yasmin_msgs/msg/detail/state__rosidl_typesupport_introspection_c.h
[31.743s] -- Up-to-date symlink: /home/E14Raspberry/ScooperBot/tennisbot_ws/install/yasmin_msgs/include/yasmin_msgs/yasmin_msgs/msg/detail/state_machine__rosidl_typesupport_introspection_c.h
[31.745s] -- Up-to-date symlink: /home/E14Raspberry/ScooperBot/tennisbot_ws/install/yasmin_msgs/include/yasmin_msgs/yasmin_msgs/msg/detail/transition__rosidl_typesupport_introspection_c.h
[31.761s] -- Up-to-date symlink: /home/E14Raspberry/ScooperBot/tennisbot_ws/install/yasmin_msgs/include/yasmin_msgs/yasmin_msgs/msg/rosidl_typesupport_introspection_c__visibility_control.h
[31.767s] -- Up-to-date symlink: /home/E14Raspberry/ScooperBot/tennisbot_ws/install/yasmin_msgs/include/yasmin_msgs/yasmin_msgs/msg/detail/state__builder.hpp
[31.793s] -- Up-to-date symlink: /home/E14Raspberry/ScooperBot/tennisbot_ws/install/yasmin_msgs/include/yasmin_msgs/yasmin_msgs/msg/detail/state__struct.hpp
[31.799s] -- Up-to-date symlink: /home/E14Raspberry/ScooperBot/tennisbot_ws/install/yasmin_msgs/include/yasmin_msgs/yasmin_msgs/msg/detail/state__traits.hpp
[31.804s] -- Up-to-date symlink: /home/E14Raspberry/ScooperBot/tennisbot_ws/install/yasmin_msgs/include/yasmin_msgs/yasmin_msgs/msg/detail/state__type_support.hpp
[31.810s] -- Up-to-date symlink: /home/E14Raspberry/ScooperBot/tennisbot_ws/install/yasmin_msgs/include/yasmin_msgs/yasmin_msgs/msg/detail/state_machine__builder.hpp
[31.826s] -- Up-to-date symlink: /home/E14Raspberry/ScooperBot/tennisbot_ws/install/yasmin_msgs/include/yasmin_msgs/yasmin_msgs/msg/detail/state_machine__struct.hpp
[31.835s] -- Up-to-date symlink: /home/E14Raspberry/ScooperBot/tennisbot_ws/install/yasmin_msgs/include/yasmin_msgs/yasmin_msgs/msg/detail/state_machine__traits.hpp
[31.854s] -- Up-to-date symlink: /home/E14Raspberry/ScooperBot/tennisbot_ws/install/yasmin_msgs/include/yasmin_msgs/yasmin_msgs/msg/detail/state_machine__type_support.hpp
[31.865s] -- Up-to-date symlink: /home/E14Raspberry/ScooperBot/tennisbot_ws/install/yasmin_msgs/include/yasmin_msgs/yasmin_msgs/msg/detail/transition__builder.hpp
[31.871s] -- Up-to-date symlink: /home/E14Raspberry/ScooperBot/tennisbot_ws/install/yasmin_msgs/include/yasmin_msgs/yasmin_msgs/msg/detail/transition__struct.hpp
[31.886s] -- Up-to-date symlink: /home/E14Raspberry/ScooperBot/tennisbot_ws/install/yasmin_msgs/include/yasmin_msgs/yasmin_msgs/msg/detail/transition__traits.hpp
[31.898s] -- Up-to-date symlink: /home/E14Raspberry/ScooperBot/tennisbot_ws/install/yasmin_msgs/include/yasmin_msgs/yasmin_msgs/msg/detail/transition__type_support.hpp
[31.907s] -- Up-to-date symlink: /home/E14Raspberry/ScooperBot/tennisbot_ws/install/yasmin_msgs/include/yasmin_msgs/yasmin_msgs/msg/rosidl_generator_cpp__visibility_control.hpp
[31.921s] -- Up-to-date symlink: /home/E14Raspberry/ScooperBot/tennisbot_ws/install/yasmin_msgs/include/yasmin_msgs/yasmin_msgs/msg/state.hpp
[31.929s] -- Up-to-date symlink: /home/E14Raspberry/ScooperBot/tennisbot_ws/install/yasmin_msgs/include/yasmin_msgs/yasmin_msgs/msg/state_machine.hpp
[31.934s] -- Up-to-date symlink: /home/E14Raspberry/ScooperBot/tennisbot_ws/install/yasmin_msgs/include/yasmin_msgs/yasmin_msgs/msg/transition.hpp
[31.935s] -- Up-to-date symlink: /home/E14Raspberry/ScooperBot/tennisbot_ws/install/yasmin_msgs/include/yasmin_msgs/yasmin_msgs/msg/detail/state__rosidl_typesupport_fastrtps_cpp.hpp
[31.946s] -- Up-to-date symlink: /home/E14Raspberry/ScooperBot/tennisbot_ws/install/yasmin_msgs/include/yasmin_msgs/yasmin_msgs/msg/detail/state_machine__rosidl_typesupport_fastrtps_cpp.hpp
[31.966s] -- Up-to-date symlink: /home/E14Raspberry/ScooperBot/tennisbot_ws/install/yasmin_msgs/include/yasmin_msgs/yasmin_msgs/msg/detail/transition__rosidl_typesupport_fastrtps_cpp.hpp
[31.973s] -- Up-to-date symlink: /home/E14Raspberry/ScooperBot/tennisbot_ws/install/yasmin_msgs/include/yasmin_msgs/yasmin_msgs/msg/rosidl_typesupport_fastrtps_cpp__visibility_control.h
[31.979s] -- Up-to-date symlink: /home/E14Raspberry/ScooperBot/tennisbot_ws/install/yasmin_msgs/include/yasmin_msgs/yasmin_msgs/msg/detail/state__rosidl_typesupport_introspection_cpp.hpp
[31.980s] -- Up-to-date symlink: /home/E14Raspberry/ScooperBot/tennisbot_ws/install/yasmin_msgs/include/yasmin_msgs/yasmin_msgs/msg/detail/state_machine__rosidl_typesupport_introspection_cpp.hpp
[31.987s] -- Up-to-date symlink: /home/E14Raspberry/ScooperBot/tennisbot_ws/install/yasmin_msgs/include/yasmin_msgs/yasmin_msgs/msg/detail/transition__rosidl_typesupport_introspection_cpp.hpp
[32.003s] -- Up-to-date symlink: /home/E14Raspberry/ScooperBot/tennisbot_ws/install/yasmin_msgs/share/yasmin_msgs/environment/pythonpath.sh
[32.008s] -- Up-to-date symlink: /home/E14Raspberry/ScooperBot/tennisbot_ws/install/yasmin_msgs/share/yasmin_msgs/environment/pythonpath.dsv
[32.012s] -- Up-to-date symlink: /home/E14Raspberry/ScooperBot/tennisbot_ws/install/yasmin_msgs/lib/python3.12/site-packages/yasmin_msgs-2.3.1-py3.12.egg-info/PKG-INFO
[32.014s] -- Up-to-date symlink: /home/E14Raspberry/ScooperBot/tennisbot_ws/install/yasmin_msgs/lib/python3.12/site-packages/yasmin_msgs-2.3.1-py3.12.egg-info/SOURCES.txt
[32.018s] -- Up-to-date symlink: /home/E14Raspberry/ScooperBot/tennisbot_ws/install/yasmin_msgs/lib/python3.12/site-packages/yasmin_msgs-2.3.1-py3.12.egg-info/dependency_links.txt
[32.019s] -- Up-to-date symlink: /home/E14Raspberry/ScooperBot/tennisbot_ws/install/yasmin_msgs/lib/python3.12/site-packages/yasmin_msgs-2.3.1-py3.12.egg-info/top_level.txt
[32.041s] -- Up-to-date symlink: /home/E14Raspberry/ScooperBot/tennisbot_ws/install/yasmin_msgs/lib/python3.12/site-packages/yasmin_msgs/__init__.py
[32.060s] -- Up-to-date symlink: /home/E14Raspberry/ScooperBot/tennisbot_ws/install/yasmin_msgs/lib/python3.12/site-packages/yasmin_msgs/_yasmin_msgs_s.ep.rosidl_typesupport_c.c
[32.062s] -- Up-to-date symlink: /home/E14Raspberry/ScooperBot/tennisbot_ws/install/yasmin_msgs/lib/python3.12/site-packages/yasmin_msgs/_yasmin_msgs_s.ep.rosidl_typesupport_fastrtps_c.c
[32.063s] -- Up-to-date symlink: /home/E14Raspberry/ScooperBot/tennisbot_ws/install/yasmin_msgs/lib/python3.12/site-packages/yasmin_msgs/_yasmin_msgs_s.ep.rosidl_typesupport_introspection_c.c
[32.067s] -- Up-to-date symlink: /home/E14Raspberry/ScooperBot/tennisbot_ws/install/yasmin_msgs/lib/python3.12/site-packages/yasmin_msgs/msg/__init__.py
[32.068s] -- Up-to-date symlink: /home/E14Raspberry/ScooperBot/tennisbot_ws/install/yasmin_msgs/lib/python3.12/site-packages/yasmin_msgs/msg/_state.py
[32.074s] -- Up-to-date symlink: /home/E14Raspberry/ScooperBot/tennisbot_ws/install/yasmin_msgs/lib/python3.12/site-packages/yasmin_msgs/msg/_state_machine.py
[32.082s] -- Up-to-date symlink: /home/E14Raspberry/ScooperBot/tennisbot_ws/install/yasmin_msgs/lib/python3.12/site-packages/yasmin_msgs/msg/_state_machine_s.c
[32.100s] -- Up-to-date symlink: /home/E14Raspberry/ScooperBot/tennisbot_ws/install/yasmin_msgs/lib/python3.12/site-packages/yasmin_msgs/msg/_state_s.c
[32.101s] -- Up-to-date symlink: /home/E14Raspberry/ScooperBot/tennisbot_ws/install/yasmin_msgs/lib/python3.12/site-packages/yasmin_msgs/msg/_transition.py
[32.107s] -- Up-to-date symlink: /home/E14Raspberry/ScooperBot/tennisbot_ws/install/yasmin_msgs/lib/python3.12/site-packages/yasmin_msgs/msg/_transition_s.c
[32.109s] -- Up-to-date symlink: /home/E14Raspberry/ScooperBot/tennisbot_ws/install/yasmin_msgs/lib/python3.12/site-packages/yasmin_msgs/yasmin_msgs_s__rosidl_typesupport_c.so
[32.110s] -- Up-to-date symlink: /home/E14Raspberry/ScooperBot/tennisbot_ws/install/yasmin_msgs/lib/python3.12/site-packages/yasmin_msgs/yasmin_msgs_s__rosidl_typesupport_fastrtps_c.so
[32.111s] -- Up-to-date symlink: /home/E14Raspberry/ScooperBot/tennisbot_ws/install/yasmin_msgs/lib/python3.12/site-packages/yasmin_msgs/yasmin_msgs_s__rosidl_typesupport_introspection_c.so
[32.117s] -- Up-to-date symlink: /home/E14Raspberry/ScooperBot/tennisbot_ws/install/yasmin_msgs/lib/python3.12/site-packages/yasmin_msgs/yasmin_msgs_s__rosidl_typesupport_fastrtps_c.so
[32.133s] -- Up-to-date symlink: /home/E14Raspberry/ScooperBot/tennisbot_ws/install/yasmin_msgs/lib/python3.12/site-packages/yasmin_msgs/yasmin_msgs_s__rosidl_typesupport_introspection_c.so
[32.140s] -- Up-to-date symlink: /home/E14Raspberry/ScooperBot/tennisbot_ws/install/yasmin_msgs/lib/python3.12/site-packages/yasmin_msgs/yasmin_msgs_s__rosidl_typesupport_c.so
[32.145s] -- Up-to-date symlink: /home/E14Raspberry/ScooperBot/tennisbot_ws/install/yasmin_msgs/share/yasmin_msgs/msg/State.idl
[32.147s] -- Up-to-date symlink: /home/E14Raspberry/ScooperBot/tennisbot_ws/install/yasmin_msgs/share/yasmin_msgs/msg/Transition.idl
[32.157s] -- Up-to-date symlink: /home/E14Raspberry/ScooperBot/tennisbot_ws/install/yasmin_msgs/share/yasmin_msgs/msg/StateMachine.idl
[32.159s] -- Up-to-date symlink: /home/E14Raspberry/ScooperBot/tennisbot_ws/install/yasmin_msgs/share/yasmin_msgs/msg/State.msg
[32.161s] -- Up-to-date symlink: /home/E14Raspberry/ScooperBot/tennisbot_ws/install/yasmin_msgs/share/yasmin_msgs/msg/Transition.msg
[32.179s] -- Up-to-date symlink: /home/E14Raspberry/ScooperBot/tennisbot_ws/install/yasmin_msgs/share/yasmin_msgs/msg/StateMachine.msg
[32.193s] -- Up-to-date symlink: /home/E14Raspberry/ScooperBot/tennisbot_ws/install/yasmin_msgs/share/ament_index/resource_index/package_run_dependencies/yasmin_msgs
[32.195s] -- Up-to-date symlink: /home/E14Raspberry/ScooperBot/tennisbot_ws/install/yasmin_msgs/share/ament_index/resource_index/parent_prefix_path/yasmin_msgs
[32.200s] -- Up-to-date symlink: /home/E14Raspberry/ScooperBot/tennisbot_ws/install/yasmin_msgs/share/yasmin_msgs/environment/ament_prefix_path.sh
[32.201s] -- Up-to-date symlink: /home/E14Raspberry/ScooperBot/tennisbot_ws/install/yasmin_msgs/share/yasmin_msgs/environment/ament_prefix_path.dsv
[32.205s] -- Up-to-date symlink: /home/E14Raspberry/ScooperBot/tennisbot_ws/install/yasmin_msgs/share/yasmin_msgs/environment/path.sh
[32.207s] -- Up-to-date symlink: /home/E14Raspberry/ScooperBot/tennisbot_ws/install/yasmin_msgs/share/yasmin_msgs/environment/path.dsv
[32.212s] -- Up-to-date symlink: /home/E14Raspberry/ScooperBot/tennisbot_ws/install/yasmin_msgs/share/yasmin_msgs/local_setup.bash
[32.221s] -- Up-to-date symlink: /home/E14Raspberry/ScooperBot/tennisbot_ws/install/yasmin_msgs/share/yasmin_msgs/local_setup.sh
[32.237s] -- Up-to-date symlink: /home/E14Raspberry/ScooperBot/tennisbot_ws/install/yasmin_msgs/share/yasmin_msgs/local_setup.zsh
[32.246s] -- Up-to-date symlink: /home/E14Raspberry/ScooperBot/tennisbot_ws/install/yasmin_msgs/share/yasmin_msgs/local_setup.dsv
[32.248s] -- Symlinking: /home/E14Raspberry/ScooperBot/tennisbot_ws/install/yasmin_msgs/share/yasmin_msgs/package.dsv
[32.709s] -- Up-to-date symlink: /home/E14Raspberry/ScooperBot/tennisbot_ws/install/yasmin_msgs/share/ament_index/resource_index/packages/yasmin_msgs
[32.720s] -- Up-to-date symlink: /home/E14Raspberry/ScooperBot/tennisbot_ws/install/yasmin_msgs/share/yasmin_msgs/cmake/rosidl_cmake-extras.cmake
[32.745s] -- Up-to-date symlink: /home/E14Raspberry/ScooperBot/tennisbot_ws/install/yasmin_msgs/share/yasmin_msgs/cmake/ament_cmake_export_include_directories-extras.cmake
[32.758s] -- Up-to-date symlink: /home/E14Raspberry/ScooperBot/tennisbot_ws/install/yasmin_msgs/share/yasmin_msgs/cmake/ament_cmake_export_libraries-extras.cmake
[32.765s] -- Up-to-date symlink: /home/E14Raspberry/ScooperBot/tennisbot_ws/install/yasmin_msgs/share/yasmin_msgs/cmake/ament_cmake_export_targets-extras.cmake
[32.796s] -- Up-to-date symlink: /home/E14Raspberry/ScooperBot/tennisbot_ws/install/yasmin_msgs/share/yasmin_msgs/cmake/rosidl_cmake_export_typesupport_targets-extras.cmake
[32.862s] -- Up-to-date symlink: /home/E14Raspberry/ScooperBot/tennisbot_ws/install/yasmin_msgs/share/yasmin_msgs/cmake/ament_cmake_export_dependencies-extras.cmake
[32.908s] -- Up-to-date symlink: /home/E14Raspberry/ScooperBot/tennisbot_ws/install/yasmin_msgs/share/yasmin_msgs/cmake/rosidl_cmake_export_typesupport_libraries-extras.cmake
[32.909s] -- Up-to-date symlink: /home/E14Raspberry/ScooperBot/tennisbot_ws/install/yasmin_msgs/share/yasmin_msgs/cmake/yasmin_msgsConfig.cmake
[33.014s] -- Up-to-date symlink: /home/E14Raspberry/ScooperBot/tennisbot_ws/install/yasmin_msgs/share/yasmin_msgs/cmake/yasmin_msgsConfig-version.cmake
[33.022s] -- Up-to-date symlink: /home/E14Raspberry/ScooperBot/tennisbot_ws/install/yasmin_msgs/share/yasmin_msgs/package.xml
[33.023s] -- Up-to-date: /home/E14Raspberry/ScooperBot/tennisbot_ws/install/yasmin_msgs/lib/libyasmin_msgs__rosidl_generator_c.so
[33.026s] -- Up-to-date: /home/E14Raspberry/ScooperBot/tennisbot_ws/install/yasmin_msgs/lib/libyasmin_msgs__rosidl_typesupport_fastrtps_c.so
[33.028s] -- Up-to-date: /home/E14Raspberry/ScooperBot/tennisbot_ws/install/yasmin_msgs/lib/libyasmin_msgs__rosidl_typesupport_introspection_c.so
[33.030s] -- Up-to-date: /home/E14Raspberry/ScooperBot/tennisbot_ws/install/yasmin_msgs/lib/libyasmin_msgs__rosidl_typesupport_c.so
[33.032s] -- Up-to-date: /home/E14Raspberry/ScooperBot/tennisbot_ws/install/yasmin_msgs/lib/libyasmin_msgs__rosidl_typesupport_fastrtps_cpp.so
[33.034s] -- Up-to-date: /home/E14Raspberry/ScooperBot/tennisbot_ws/install/yasmin_msgs/lib/libyasmin_msgs__rosidl_typesupport_introspection_cpp.so
[33.035s] -- Up-to-date: /home/E14Raspberry/ScooperBot/tennisbot_ws/install/yasmin_msgs/lib/libyasmin_msgs__rosidl_typesupport_cpp.so
[34.591s] Listing '/home/E14Raspberry/ScooperBot/tennisbot_ws/install/yasmin_msgs/lib/python3.12/site-packages/yasmin_msgs'...
[34.593s] Listing '/home/E14Raspberry/ScooperBot/tennisbot_ws/install/yasmin_msgs/lib/python3.12/site-packages/yasmin_msgs/msg'...
[34.708s] -- Up-to-date: /home/E14Raspberry/ScooperBot/tennisbot_ws/install/yasmin_msgs/lib/libyasmin_msgs__rosidl_generator_py.so
[34.727s] -- Up-to-date: /home/E14Raspberry/ScooperBot/tennisbot_ws/install/yasmin_msgs/share/yasmin_msgs/cmake/export_yasmin_msgs__rosidl_generator_cExport.cmake
[34.733s] -- Up-to-date: /home/E14Raspberry/ScooperBot/tennisbot_ws/install/yasmin_msgs/share/yasmin_msgs/cmake/export_yasmin_msgs__rosidl_generator_cExport-noconfig.cmake
[34.739s] -- Up-to-date: /home/E14Raspberry/ScooperBot/tennisbot_ws/install/yasmin_msgs/share/yasmin_msgs/cmake/export_yasmin_msgs__rosidl_typesupport_fastrtps_cExport.cmake
[34.744s] -- Up-to-date: /home/E14Raspberry/ScooperBot/tennisbot_ws/install/yasmin_msgs/share/yasmin_msgs/cmake/export_yasmin_msgs__rosidl_typesupport_fastrtps_cExport-noconfig.cmake
[34.748s] -- Up-to-date: /home/E14Raspberry/ScooperBot/tennisbot_ws/install/yasmin_msgs/share/yasmin_msgs/cmake/yasmin_msgs__rosidl_typesupport_introspection_cExport.cmake
[34.758s] -- Up-to-date: /home/E14Raspberry/ScooperBot/tennisbot_ws/install/yasmin_msgs/share/yasmin_msgs/cmake/yasmin_msgs__rosidl_typesupport_introspection_cExport-noconfig.cmake
[34.759s] -- Up-to-date: /home/E14Raspberry/ScooperBot/tennisbot_ws/install/yasmin_msgs/share/yasmin_msgs/cmake/yasmin_msgs__rosidl_typesupport_cExport.cmake
[34.764s] -- Up-to-date: /home/E14Raspberry/ScooperBot/tennisbot_ws/install/yasmin_msgs/share/yasmin_msgs/cmake/yasmin_msgs__rosidl_typesupport_cExport-noconfig.cmake
[34.766s] -- Up-to-date: /home/E14Raspberry/ScooperBot/tennisbot_ws/install/yasmin_msgs/share/yasmin_msgs/cmake/export_yasmin_msgs__rosidl_generator_cppExport.cmake
[34.770s] -- Up-to-date: /home/E14Raspberry/ScooperBot/tennisbot_ws/install/yasmin_msgs/share/yasmin_msgs/cmake/export_yasmin_msgs__rosidl_typesupport_fastrtps_cppExport.cmake
[34.773s] -- Up-to-date: /home/E14Raspberry/ScooperBot/tennisbot_ws/install/yasmin_msgs/share/yasmin_msgs/cmake/export_yasmin_msgs__rosidl_typesupport_fastrtps_cppExport-noconfig.cmake
[34.787s] -- Up-to-date: /home/E14Raspberry/ScooperBot/tennisbot_ws/install/yasmin_msgs/share/yasmin_msgs/cmake/yasmin_msgs__rosidl_typesupport_introspection_cppExport.cmake
[34.789s] -- Up-to-date: /home/E14Raspberry/ScooperBot/tennisbot_ws/install/yasmin_msgs/share/yasmin_msgs/cmake/yasmin_msgs__rosidl_typesupport_introspection_cppExport-noconfig.cmake
[34.795s] -- Up-to-date: /home/E14Raspberry/ScooperBot/tennisbot_ws/install/yasmin_msgs/share/yasmin_msgs/cmake/yasmin_msgs__rosidl_typesupport_cppExport.cmake
[34.799s] -- Up-to-date: /home/E14Raspberry/ScooperBot/tennisbot_ws/install/yasmin_msgs/share/yasmin_msgs/cmake/yasmin_msgs__rosidl_typesupport_cppExport-noconfig.cmake
[34.800s] -- Up-to-date: /home/E14Raspberry/ScooperBot/tennisbot_ws/install/yasmin_msgs/share/yasmin_msgs/cmake/export_yasmin_msgs__rosidl_generator_pyExport.cmake
[34.805s] -- Up-to-date: /home/E14Raspberry/ScooperBot/tennisbot_ws/install/yasmin_msgs/share/yasmin_msgs/cmake/export_yasmin_msgs__rosidl_generator_pyExport-noconfig.cmake
[34.842s] Invoked command in '/home/E14Raspberry/ScooperBot/tennisbot_ws/build/yasmin_msgs' returned '0': CMAKE_PREFIX_PATH=${CMAKE_PREFIX_PATH}:/home/E14Raspberry/ScooperBot/tennisbot_ws/install/twist_stamper:/home/E14Raspberry/ScooperBot/tennisbot_ws/install/serial_motor_demo:/home/E14Raspberry/ScooperBot/tennisbot_ws/install/ball_tracker:/opt/ros/jazzy /usr/bin/cmake --install /home/E14Raspberry/ScooperBot/tennisbot_ws/build/yasmin_msgs
