[0.098s] Invoking command in '/home/E14Raspberry/ScooperBot/tennisbot_ws/build/diffdrive_arduino': CMAKE_PREFIX_PATH=${CMAKE_PREFIX_PATH}:/home/E14Raspberry/ScooperBot/tennisbot_ws/install/serial_motor_demo:/opt/ros/jazzy /usr/bin/cmake --build /home/E14Raspberry/ScooperBot/tennisbot_ws/build/diffdrive_arduino -- -j4 -l4
[0.582s] [100%] Built target diffdrive_arduino
[0.799s] Invoked command in '/home/E14Raspberry/ScooperBot/tennisbot_ws/build/diffdrive_arduino' returned '0': CMAKE_PREFIX_PATH=${CMAKE_PREFIX_PATH}:/home/E14Raspberry/ScooperBot/tennisbot_ws/install/serial_motor_demo:/opt/ros/jazzy /usr/bin/cmake --build /home/E14Raspberry/ScooperBot/tennisbot_ws/build/diffdrive_arduino -- -j4 -l4
[1.191s] Invoking command in '/home/E14Raspberry/ScooperBot/tennisbot_ws/build/diffdrive_arduino': CMAKE_PREFIX_PATH=${CMAKE_PREFIX_PATH}:/home/E14Raspberry/ScooperBot/tennisbot_ws/install/serial_motor_demo:/opt/ros/jazzy /usr/bin/cmake --install /home/E14Raspberry/ScooperBot/tennisbot_ws/build/diffdrive_arduino
[1.255s] -- Install configuration: ""
[1.259s] -- Execute custom install script
[1.262s] -- Up-to-date symlink: /home/E14Raspberry/ScooperBot/tennisbot_ws/install/diffdrive_arduino/share/diffdrive_arduino//diffdrive_arduino.xml
[1.269s] -- Up-to-date symlink: /home/E14Raspberry/ScooperBot/tennisbot_ws/install/diffdrive_arduino/include/diffdrive_arduino/diffdrive_arduino/arduino_comms.hpp
[1.270s] -- Up-to-date symlink: /home/E14Raspberry/ScooperBot/tennisbot_ws/install/diffdrive_arduino/include/diffdrive_arduino/diffdrive_arduino/diffbot_system.hpp
[1.271s] -- Up-to-date symlink: /home/E14Raspberry/ScooperBot/tennisbot_ws/install/diffdrive_arduino/include/diffdrive_arduino/diffdrive_arduino/visibility_control.h
[1.273s] -- Up-to-date symlink: /home/E14Raspberry/ScooperBot/tennisbot_ws/install/diffdrive_arduino/include/diffdrive_arduino/diffdrive_arduino/wheel.hpp
[1.278s] -- Up-to-date symlink: /home/E14Raspberry/ScooperBot/tennisbot_ws/install/diffdrive_arduino/share/diffdrive_arduino/launch/view_robot.launch.py
[1.279s] -- Up-to-date symlink: /home/E14Raspberry/ScooperBot/tennisbot_ws/install/diffdrive_arduino/share/diffdrive_arduino/ros2_control/diffbot.ros2_control.xacro
[1.280s] -- Up-to-date symlink: /home/E14Raspberry/ScooperBot/tennisbot_ws/install/diffdrive_arduino/share/diffdrive_arduino/urdf/diffbot.materials.xacro
[1.284s] -- Up-to-date symlink: /home/E14Raspberry/ScooperBot/tennisbot_ws/install/diffdrive_arduino/share/diffdrive_arduino/urdf/diffbot.urdf.xacro
[1.288s] -- Up-to-date symlink: /home/E14Raspberry/ScooperBot/tennisbot_ws/install/diffdrive_arduino/share/diffdrive_arduino/urdf/diffbot_description.urdf.xacro
[1.292s] -- Up-to-date symlink: /home/E14Raspberry/ScooperBot/tennisbot_ws/install/diffdrive_arduino/share/diffdrive_arduino/rviz/diffbot.rviz
[1.293s] -- Up-to-date symlink: /home/E14Raspberry/ScooperBot/tennisbot_ws/install/diffdrive_arduino/share/diffdrive_arduino/rviz/diffbot_view.rviz
[1.307s] -- Up-to-date symlink: /home/E14Raspberry/ScooperBot/tennisbot_ws/install/diffdrive_arduino/share/diffdrive_arduino/launch/diffbot.launch.py
[1.312s] -- Up-to-date symlink: /home/E14Raspberry/ScooperBot/tennisbot_ws/install/diffdrive_arduino/share/diffdrive_arduino/config/diffbot_controllers.yaml
[1.313s] -- Up-to-date symlink: /home/E14Raspberry/ScooperBot/tennisbot_ws/install/diffdrive_arduino/share/diffdrive_arduino/environment/library_path.sh
[1.314s] -- Up-to-date symlink: /home/E14Raspberry/ScooperBot/tennisbot_ws/install/diffdrive_arduino/share/diffdrive_arduino/environment/library_path.dsv
[1.318s] -- Up-to-date symlink: /home/E14Raspberry/ScooperBot/tennisbot_ws/install/diffdrive_arduino/share/ament_index/resource_index/package_run_dependencies/diffdrive_arduino
[1.319s] -- Up-to-date symlink: /home/E14Raspberry/ScooperBot/tennisbot_ws/install/diffdrive_arduino/share/ament_index/resource_index/parent_prefix_path/diffdrive_arduino
[1.319s] -- Up-to-date symlink: /home/E14Raspberry/ScooperBot/tennisbot_ws/install/diffdrive_arduino/share/diffdrive_arduino/environment/ament_prefix_path.sh
[1.323s] -- Up-to-date symlink: /home/E14Raspberry/ScooperBot/tennisbot_ws/install/diffdrive_arduino/share/diffdrive_arduino/environment/ament_prefix_path.dsv
[1.324s] -- Up-to-date symlink: /home/E14Raspberry/ScooperBot/tennisbot_ws/install/diffdrive_arduino/share/diffdrive_arduino/environment/path.sh
[1.324s] -- Up-to-date symlink: /home/E14Raspberry/ScooperBot/tennisbot_ws/install/diffdrive_arduino/share/diffdrive_arduino/environment/path.dsv
[1.325s] -- Up-to-date symlink: /home/E14Raspberry/ScooperBot/tennisbot_ws/install/diffdrive_arduino/share/diffdrive_arduino/local_setup.bash
[1.328s] -- Up-to-date symlink: /home/E14Raspberry/ScooperBot/tennisbot_ws/install/diffdrive_arduino/share/diffdrive_arduino/local_setup.sh
[1.329s] -- Up-to-date symlink: /home/E14Raspberry/ScooperBot/tennisbot_ws/install/diffdrive_arduino/share/diffdrive_arduino/local_setup.zsh
[1.329s] -- Up-to-date symlink: /home/E14Raspberry/ScooperBot/tennisbot_ws/install/diffdrive_arduino/share/diffdrive_arduino/local_setup.dsv
[1.330s] -- Symlinking: /home/E14Raspberry/ScooperBot/tennisbot_ws/install/diffdrive_arduino/share/diffdrive_arduino/package.dsv
[1.396s] -- Up-to-date symlink: /home/E14Raspberry/ScooperBot/tennisbot_ws/install/diffdrive_arduino/share/ament_index/resource_index/packages/diffdrive_arduino
[1.406s] -- Up-to-date symlink: /home/E14Raspberry/ScooperBot/tennisbot_ws/install/diffdrive_arduino/share/ament_index/resource_index/hardware_interface__pluginlib__plugin/diffdrive_arduino
[1.410s] -- Up-to-date symlink: /home/E14Raspberry/ScooperBot/tennisbot_ws/install/diffdrive_arduino/share/diffdrive_arduino/cmake/ament_cmake_export_targets-extras.cmake
[1.411s] -- Up-to-date symlink: /home/E14Raspberry/ScooperBot/tennisbot_ws/install/diffdrive_arduino/share/diffdrive_arduino/cmake/ament_cmake_export_dependencies-extras.cmake
[1.413s] -- Up-to-date symlink: /home/E14Raspberry/ScooperBot/tennisbot_ws/install/diffdrive_arduino/share/diffdrive_arduino/cmake/diffdrive_arduinoConfig.cmake
[1.418s] -- Up-to-date symlink: /home/E14Raspberry/ScooperBot/tennisbot_ws/install/diffdrive_arduino/share/diffdrive_arduino/cmake/diffdrive_arduinoConfig-version.cmake
[1.418s] -- Up-to-date symlink: /home/E14Raspberry/ScooperBot/tennisbot_ws/install/diffdrive_arduino/share/diffdrive_arduino/package.xml
[1.420s] -- Up-to-date: /home/E14Raspberry/ScooperBot/tennisbot_ws/install/diffdrive_arduino/lib/libdiffdrive_arduino.so
[1.420s] -- Up-to-date: /home/E14Raspberry/ScooperBot/tennisbot_ws/install/diffdrive_arduino/share/diffdrive_arduino/cmake/export_diffdrive_arduinoExport.cmake
[1.421s] -- Up-to-date: /home/E14Raspberry/ScooperBot/tennisbot_ws/install/diffdrive_arduino/share/diffdrive_arduino/cmake/export_diffdrive_arduinoExport-noconfig.cmake
[1.454s] Invoked command in '/home/E14Raspberry/ScooperBot/tennisbot_ws/build/diffdrive_arduino' returned '0': CMAKE_PREFIX_PATH=${CMAKE_PREFIX_PATH}:/home/E14Raspberry/ScooperBot/tennisbot_ws/install/serial_motor_demo:/opt/ros/jazzy /usr/bin/cmake --install /home/E14Raspberry/ScooperBot/tennisbot_ws/build/diffdrive_arduino
