[0.097s] Invoking command in '/home/E14Raspberry/ScooperBot/tennisbot_ws/build/tennisbotmaster': CMAKE_PREFIX_PATH=${CMAKE_PREFIX_PATH}:/home/E14Raspberry/ScooperBot/tennisbot_ws/install/twist_stamper:/home/E14Raspberry/ScooperBot/tennisbot_ws/install/serial_motor_demo:/opt/ros/jazzy /usr/bin/cmake --build /home/E14Raspberry/ScooperBot/tennisbot_ws/build/tennisbotmaster -- -j4 -l4
[0.372s] Invoked command in '/home/E14Raspberry/ScooperBot/tennisbot_ws/build/tennisbotmaster' returned '0': CMAKE_PREFIX_PATH=${CMAKE_PREFIX_PATH}:/home/E14Raspberry/ScooperBot/tennisbot_ws/install/twist_stamper:/home/E14Raspberry/ScooperBot/tennisbot_ws/install/serial_motor_demo:/opt/ros/jazzy /usr/bin/cmake --build /home/E14Raspberry/ScooperBot/tennisbot_ws/build/tennisbotmaster -- -j4 -l4
[0.737s] Invoking command in '/home/E14Raspberry/ScooperBot/tennisbot_ws/build/tennisbotmaster': CMAKE_PREFIX_PATH=${CMAKE_PREFIX_PATH}:/home/E14Raspberry/ScooperBot/tennisbot_ws/install/twist_stamper:/home/E14Raspberry/ScooperBot/tennisbot_ws/install/serial_motor_demo:/opt/ros/jazzy /usr/bin/cmake --install /home/E14Raspberry/ScooperBot/tennisbot_ws/build/tennisbotmaster
[0.796s] -- Install configuration: ""
[0.796s] -- Execute custom install script
[0.798s] -- Up-to-date symlink: /home/E14Raspberry/ScooperBot/tennisbot_ws/install/tennisbotmaster/share/tennisbotmaster/description/inertial_macros.xacro
[0.801s] -- Up-to-date symlink: /home/E14Raspberry/ScooperBot/tennisbot_ws/install/tennisbotmaster/share/tennisbotmaster/description/robot.urdf.xacro
[0.804s] -- Up-to-date symlink: /home/E14Raspberry/ScooperBot/tennisbot_ws/install/tennisbotmaster/share/tennisbotmaster/description/robot_core.xacro
[0.807s] -- Up-to-date symlink: /home/E14Raspberry/ScooperBot/tennisbot_ws/install/tennisbotmaster/share/tennisbotmaster/description/ros2_control.xacro
[0.811s] -- Up-to-date symlink: /home/E14Raspberry/ScooperBot/tennisbot_ws/install/tennisbotmaster/share/tennisbotmaster/launch/robot_state_pub.launch.py
[0.817s] -- Up-to-date symlink: /home/E14Raspberry/ScooperBot/tennisbot_ws/install/tennisbotmaster/share/tennisbotmaster/launch/start_robot_ctlr.launch.py
[0.818s] -- Up-to-date symlink: /home/E14Raspberry/ScooperBot/tennisbot_ws/install/tennisbotmaster/share/tennisbotmaster/config/my_controllers.yaml
[0.821s] -- Up-to-date symlink: /home/E14Raspberry/ScooperBot/tennisbot_ws/install/tennisbotmaster/share/ament_index/resource_index/package_run_dependencies/tennisbotmaster
[0.825s] -- Up-to-date symlink: /home/E14Raspberry/ScooperBot/tennisbot_ws/install/tennisbotmaster/share/ament_index/resource_index/parent_prefix_path/tennisbotmaster
[0.829s] -- Up-to-date symlink: /home/E14Raspberry/ScooperBot/tennisbot_ws/install/tennisbotmaster/share/tennisbotmaster/environment/ament_prefix_path.sh
[0.832s] -- Up-to-date symlink: /home/E14Raspberry/ScooperBot/tennisbot_ws/install/tennisbotmaster/share/tennisbotmaster/environment/ament_prefix_path.dsv
[0.836s] -- Up-to-date symlink: /home/E14Raspberry/ScooperBot/tennisbot_ws/install/tennisbotmaster/share/tennisbotmaster/environment/path.sh
[0.839s] -- Up-to-date symlink: /home/E14Raspberry/ScooperBot/tennisbot_ws/install/tennisbotmaster/share/tennisbotmaster/environment/path.dsv
[0.842s] -- Up-to-date symlink: /home/E14Raspberry/ScooperBot/tennisbot_ws/install/tennisbotmaster/share/tennisbotmaster/local_setup.bash
[0.845s] -- Up-to-date symlink: /home/E14Raspberry/ScooperBot/tennisbot_ws/install/tennisbotmaster/share/tennisbotmaster/local_setup.sh
[0.850s] -- Up-to-date symlink: /home/E14Raspberry/ScooperBot/tennisbot_ws/install/tennisbotmaster/share/tennisbotmaster/local_setup.zsh
[0.853s] -- Up-to-date symlink: /home/E14Raspberry/ScooperBot/tennisbot_ws/install/tennisbotmaster/share/tennisbotmaster/local_setup.dsv
[0.860s] -- Symlinking: /home/E14Raspberry/ScooperBot/tennisbot_ws/install/tennisbotmaster/share/tennisbotmaster/package.dsv
[0.964s] -- Up-to-date symlink: /home/E14Raspberry/ScooperBot/tennisbot_ws/install/tennisbotmaster/share/ament_index/resource_index/packages/tennisbotmaster
[0.970s] -- Up-to-date symlink: /home/E14Raspberry/ScooperBot/tennisbot_ws/install/tennisbotmaster/share/tennisbotmaster/cmake/tennisbotmasterConfig.cmake
[0.975s] -- Up-to-date symlink: /home/E14Raspberry/ScooperBot/tennisbot_ws/install/tennisbotmaster/share/tennisbotmaster/cmake/tennisbotmasterConfig-version.cmake
[0.979s] -- Up-to-date symlink: /home/E14Raspberry/ScooperBot/tennisbot_ws/install/tennisbotmaster/share/tennisbotmaster/package.xml
[0.996s] Invoked command in '/home/E14Raspberry/ScooperBot/tennisbot_ws/build/tennisbotmaster' returned '0': CMAKE_PREFIX_PATH=${CMAKE_PREFIX_PATH}:/home/E14Raspberry/ScooperBot/tennisbot_ws/install/twist_stamper:/home/E14Raspberry/ScooperBot/tennisbot_ws/install/serial_motor_demo:/opt/ros/jazzy /usr/bin/cmake --install /home/E14Raspberry/ScooperBot/tennisbot_ws/build/tennisbotmaster
