[10.224s] Invoking command in '/home/E14Raspberry/ScooperBot/tennisbot_ws/build/ros2_nav_to_pose': PYTHONPATH=/home/E14Raspberry/ScooperBot/tennisbot_ws/build/ros2_nav_to_pose/prefix_override:/usr/lib/python3/dist-packages/colcon_core/task/python/colcon_distutils_commands:/home/E14Raspberry/ScooperBot/tennisbot_ws/install/ros2_nav_to_pose/lib/python3.12/site-packages:${PYTHONPATH} /usr/bin/python3 -W ignore:setup.py install is deprecated setup.py develop --editable --build-directory /home/E14Raspberry/ScooperBot/tennisbot_ws/build/ros2_nav_to_pose/build --no-deps symlink_data
[14.523s] running develop
[14.525s] /usr/lib/python3/dist-packages/setuptools/command/develop.py:40: EasyInstallDeprecationWarning: easy_install command is deprecated.
[14.526s] !!
[14.527s] 
[14.528s]         ********************************************************************************
[14.530s]         Please avoid running ``setup.py`` and ``easy_install``.
[14.531s]         Instead, use pypa/build, pypa/installer or other
[14.532s]         standards-based tools.
[14.533s] 
[14.534s]         See https://github.com/pypa/setuptools/issues/917 for details.
[14.535s]         ********************************************************************************
[14.536s] 
[14.537s] !!
[14.538s]   easy_install.initialize_options(self)
[17.486s] running egg_info
[17.635s] writing ros2_nav_to_pose.egg-info/PKG-INFO
[17.637s] writing dependency_links to ros2_nav_to_pose.egg-info/dependency_links.txt
[17.640s] writing entry points to ros2_nav_to_pose.egg-info/entry_points.txt
[17.644s] writing requirements to ros2_nav_to_pose.egg-info/requires.txt
[17.647s] writing top-level names to ros2_nav_to_pose.egg-info/top_level.txt
[18.183s] reading manifest file 'ros2_nav_to_pose.egg-info/SOURCES.txt'
[18.192s] writing manifest file 'ros2_nav_to_pose.egg-info/SOURCES.txt'
[18.478s] running build_ext
[18.481s] Creating /home/E14Raspberry/ScooperBot/tennisbot_ws/install/ros2_nav_to_pose/lib/python3.12/site-packages/ros2-nav-to-pose.egg-link (link to .)
[18.486s] Installing nav_to_pose_action_client script to /home/E14Raspberry/ScooperBot/tennisbot_ws/install/ros2_nav_to_pose/lib/ros2_nav_to_pose
[18.489s] Installing nav_to_pose_action_server script to /home/E14Raspberry/ScooperBot/tennisbot_ws/install/ros2_nav_to_pose/lib/ros2_nav_to_pose
[18.492s] 
[18.493s] Installed /home/E14Raspberry/ScooperBot/tennisbot_ws/build/ros2_nav_to_pose
[18.494s] running symlink_data
[18.775s] Invoked command in '/home/E14Raspberry/ScooperBot/tennisbot_ws/build/ros2_nav_to_pose' returned '0': PYTHONPATH=/home/E14Raspberry/ScooperBot/tennisbot_ws/build/ros2_nav_to_pose/prefix_override:/usr/lib/python3/dist-packages/colcon_core/task/python/colcon_distutils_commands:/home/E14Raspberry/ScooperBot/tennisbot_ws/install/ros2_nav_to_pose/lib/python3.12/site-packages:${PYTHONPATH} /usr/bin/python3 -W ignore:setup.py install is deprecated setup.py develop --editable --build-directory /home/E14Raspberry/ScooperBot/tennisbot_ws/build/ros2_nav_to_pose/build --no-deps symlink_data
