[3.932s] Invoking command in '/home/E14Raspberry/ScooperBot/tennisbot_ws/build/serial_motor_demo': AMENT_PREFIX_PATH=/home/E14Raspberry/ScooperBot/tennisbot_ws/install/serial_motor_demo_msgs:${AMENT_PREFIX_PATH} CMAKE_PREFIX_PATH=/home/E14Raspberry/ScooperBot/tennisbot_ws/install/serial_motor_demo_msgs LD_LIBRARY_PATH=/home/E14Raspberry/ScooperBot/tennisbot_ws/install/serial_motor_demo_msgs/lib:${LD_LIBRARY_PATH} PYTHONPATH=/home/E14Raspberry/ScooperBot/tennisbot_ws/build/serial_motor_demo/prefix_override:/usr/lib/python3/dist-packages/colcon_core/task/python/colcon_distutils_commands:/home/E14Raspberry/ScooperBot/tennisbot_ws/install/serial_motor_demo/lib/python3.12/site-packages:/home/E14Raspberry/ScooperBot/tennisbot_ws/install/serial_motor_demo_msgs/lib/python3.12/site-packages:${PYTHONPATH} /usr/bin/python3 -W ignore:setup.py install is deprecated setup.py develop --editable --build-directory /home/E14Raspberry/ScooperBot/tennisbot_ws/build/serial_motor_demo/build --no-deps symlink_data
[5.203s] running develop
[5.204s] /usr/lib/python3/dist-packages/setuptools/command/develop.py:40: EasyInstallDeprecationWarning: easy_install command is deprecated.
[5.205s] !!
[5.205s] 
[5.206s]         ********************************************************************************
[5.206s]         Please avoid running ``setup.py`` and ``easy_install``.
[5.206s]         Instead, use pypa/build, pypa/installer or other
[5.207s]         standards-based tools.
[5.207s] 
[5.207s]         See https://github.com/pypa/setuptools/issues/917 for details.
[5.208s]         ********************************************************************************
[5.208s] 
[5.208s] !!
[5.208s]   easy_install.initialize_options(self)
[5.998s] running egg_info
[6.067s] writing serial_motor_demo.egg-info/PKG-INFO
[6.068s] writing dependency_links to serial_motor_demo.egg-info/dependency_links.txt
[6.070s] writing entry points to serial_motor_demo.egg-info/entry_points.txt
[6.070s] writing requirements to serial_motor_demo.egg-info/requires.txt
[6.071s] writing top-level names to serial_motor_demo.egg-info/top_level.txt
[6.222s] reading manifest file 'serial_motor_demo.egg-info/SOURCES.txt'
[6.225s] writing manifest file 'serial_motor_demo.egg-info/SOURCES.txt'
[6.301s] running build_ext
[6.301s] Creating /home/E14Raspberry/ScooperBot/tennisbot_ws/install/serial_motor_demo/lib/python3.12/site-packages/serial-motor-demo.egg-link (link to .)
[6.304s] Installing driver script to /home/E14Raspberry/ScooperBot/tennisbot_ws/install/serial_motor_demo/lib/serial_motor_demo
[6.305s] Installing gui script to /home/E14Raspberry/ScooperBot/tennisbot_ws/install/serial_motor_demo/lib/serial_motor_demo
[6.306s] 
[6.307s] Installed /home/E14Raspberry/ScooperBot/tennisbot_ws/build/serial_motor_demo
[6.307s] running symlink_data
[6.456s] Invoked command in '/home/E14Raspberry/ScooperBot/tennisbot_ws/build/serial_motor_demo' returned '0': AMENT_PREFIX_PATH=/home/E14Raspberry/ScooperBot/tennisbot_ws/install/serial_motor_demo_msgs:${AMENT_PREFIX_PATH} CMAKE_PREFIX_PATH=/home/E14Raspberry/ScooperBot/tennisbot_ws/install/serial_motor_demo_msgs LD_LIBRARY_PATH=/home/E14Raspberry/ScooperBot/tennisbot_ws/install/serial_motor_demo_msgs/lib:${LD_LIBRARY_PATH} PYTHONPATH=/home/E14Raspberry/ScooperBot/tennisbot_ws/build/serial_motor_demo/prefix_override:/usr/lib/python3/dist-packages/colcon_core/task/python/colcon_distutils_commands:/home/E14Raspberry/ScooperBot/tennisbot_ws/install/serial_motor_demo/lib/python3.12/site-packages:/home/E14Raspberry/ScooperBot/tennisbot_ws/install/serial_motor_demo_msgs/lib/python3.12/site-packages:${PYTHONPATH} /usr/bin/python3 -W ignore:setup.py install is deprecated setup.py develop --editable --build-directory /home/E14Raspberry/ScooperBot/tennisbot_ws/build/serial_motor_demo/build --no-deps symlink_data
