[11.350s] Invoking command in '/home/E14Raspberry/ScooperBot/tennisbot_ws/build/ball_tracker': PYTHONPATH=/home/E14Raspberry/ScooperBot/tennisbot_ws/build/ball_tracker/prefix_override:/usr/lib/python3/dist-packages/colcon_core/task/python/colcon_distutils_commands:/home/E14Raspberry/ScooperBot/tennisbot_ws/install/ball_tracker/lib/python3.12/site-packages:${PYTHONPATH} /usr/bin/python3 -W ignore:setup.py install is deprecated setup.py develop --editable --build-directory /home/E14Raspberry/ScooperBot/tennisbot_ws/build/ball_tracker/build --no-deps symlink_data
[16.118s] running develop
[16.120s] /usr/lib/python3/dist-packages/setuptools/command/develop.py:40: EasyInstallDeprecationWarning: easy_install command is deprecated.
[16.121s] !!
[16.122s] 
[16.123s]         ********************************************************************************
[16.125s]         Please avoid running ``setup.py`` and ``easy_install``.
[16.126s]         Instead, use pypa/build, pypa/installer or other
[16.127s]         standards-based tools.
[16.128s] 
[16.130s]         See https://github.com/pypa/setuptools/issues/917 for details.
[16.131s]         ********************************************************************************
[16.132s] 
[16.133s] !!
[16.135s]   easy_install.initialize_options(self)
[19.414s] running egg_info
[19.700s] writing ball_tracker.egg-info/PKG-INFO
[19.702s] writing dependency_links to ball_tracker.egg-info/dependency_links.txt
[19.705s] writing entry points to ball_tracker.egg-info/entry_points.txt
[19.708s] writing requirements to ball_tracker.egg-info/requires.txt
[19.710s] writing top-level names to ball_tracker.egg-info/top_level.txt
[20.296s] reading manifest file 'ball_tracker.egg-info/SOURCES.txt'
[20.310s] writing manifest file 'ball_tracker.egg-info/SOURCES.txt'
[20.615s] running build_ext
[20.617s] Creating /home/E14Raspberry/ScooperBot/tennisbot_ws/install/ball_tracker/lib/python3.12/site-packages/ball-tracker.egg-link (link to .)
[20.625s] Installing detect_ball script to /home/E14Raspberry/ScooperBot/tennisbot_ws/install/ball_tracker/lib/ball_tracker
[20.629s] Installing detect_ball_3d script to /home/E14Raspberry/ScooperBot/tennisbot_ws/install/ball_tracker/lib/ball_tracker
[20.632s] Installing detect_ball_nn script to /home/E14Raspberry/ScooperBot/tennisbot_ws/install/ball_tracker/lib/ball_tracker
[20.637s] Installing detect_ball_nn_offload script to /home/E14Raspberry/ScooperBot/tennisbot_ws/install/ball_tracker/lib/ball_tracker
[20.640s] Installing follow_ball script to /home/E14Raspberry/ScooperBot/tennisbot_ws/install/ball_tracker/lib/ball_tracker
[20.643s] Installing follow_ball_action_server script to /home/E14Raspberry/ScooperBot/tennisbot_ws/install/ball_tracker/lib/ball_tracker
[20.645s] 
[20.650s] Installed /home/E14Raspberry/ScooperBot/tennisbot_ws/build/ball_tracker
[20.654s] running symlink_data
[20.946s] Invoked command in '/home/E14Raspberry/ScooperBot/tennisbot_ws/build/ball_tracker' returned '0': PYTHONPATH=/home/E14Raspberry/ScooperBot/tennisbot_ws/build/ball_tracker/prefix_override:/usr/lib/python3/dist-packages/colcon_core/task/python/colcon_distutils_commands:/home/E14Raspberry/ScooperBot/tennisbot_ws/install/ball_tracker/lib/python3.12/site-packages:${PYTHONPATH} /usr/bin/python3 -W ignore:setup.py install is deprecated setup.py develop --editable --build-directory /home/E14Raspberry/ScooperBot/tennisbot_ws/build/ball_tracker/build --no-deps symlink_data
