[26.695s] Invoking command in '/home/E14Raspberry/ScooperBot/tennisbot_ws/build/ball_tracker': PYTHONPATH=/home/E14Raspberry/ScooperBot/tennisbot_ws/build/ball_tracker/prefix_override:/usr/lib/python3/dist-packages/colcon_core/task/python/colcon_distutils_commands:/home/E14Raspberry/ScooperBot/tennisbot_ws/install/ball_tracker/lib/python3.12/site-packages:${PYTHONPATH} /usr/bin/python3 -W ignore:setup.py install is deprecated setup.py develop --editable --build-directory /home/E14Raspberry/ScooperBot/tennisbot_ws/build/ball_tracker/build --no-deps symlink_data
[30.367s] /usr/lib/python3/dist-packages/setuptools/dist.py:744: SetuptoolsDeprecationWarning: Invalid dash-separated options
[30.368s] !!
[30.374s] 
[30.379s]         ********************************************************************************
[30.388s]         Usage of dash-separated 'script-dir' will not be supported in future
[30.390s]         versions. Please use the underscore name 'script_dir' instead.
[30.392s] 
[30.393s]         This deprecation is overdue, please update your project and remove deprecated
[30.395s]         calls to avoid build errors in the future.
[30.396s] 
[30.398s]         See https://setuptools.pypa.io/en/latest/userguide/declarative_config.html for details.
[30.409s]         ********************************************************************************
[30.413s] 
[30.415s] !!
[30.416s]   opt = self.warn_dash_deprecation(opt, section)
[38.721s] running develop
[38.727s] /usr/lib/python3/dist-packages/setuptools/command/develop.py:40: EasyInstallDeprecationWarning: easy_install command is deprecated.
[38.728s] !!
[38.733s] 
[38.734s]         ********************************************************************************
[38.737s]         Please avoid running ``setup.py`` and ``easy_install``.
[38.745s]         Instead, use pypa/build, pypa/installer or other
[38.748s]         standards-based tools.
[38.751s] 
[38.760s]         See https://github.com/pypa/setuptools/issues/917 for details.
[38.764s]         ********************************************************************************
[38.766s] 
[38.768s] !!
[38.772s]   easy_install.initialize_options(self)
[44.575s] running egg_info
[44.983s] writing ball_tracker.egg-info/PKG-INFO
[44.989s] writing dependency_links to ball_tracker.egg-info/dependency_links.txt
[44.995s] writing entry points to ball_tracker.egg-info/entry_points.txt
[44.997s] writing requirements to ball_tracker.egg-info/requires.txt
[44.999s] writing top-level names to ball_tracker.egg-info/top_level.txt
[45.652s] reading manifest file 'ball_tracker.egg-info/SOURCES.txt'
[45.668s] writing manifest file 'ball_tracker.egg-info/SOURCES.txt'
[46.224s] running build_ext
[46.231s] Creating /home/E14Raspberry/ScooperBot/tennisbot_ws/install/ball_tracker/lib/python3.12/site-packages/ball-tracker.egg-link (link to .)
[46.247s] Installing detect_ball script to /home/E14Raspberry/ScooperBot/tennisbot_ws/install/ball_tracker/lib/ball_tracker
[46.256s] Installing detect_ball_3d script to /home/E14Raspberry/ScooperBot/tennisbot_ws/install/ball_tracker/lib/ball_tracker
[46.260s] Installing detect_ball_nn script to /home/E14Raspberry/ScooperBot/tennisbot_ws/install/ball_tracker/lib/ball_tracker
[46.267s] Installing follow_ball script to /home/E14Raspberry/ScooperBot/tennisbot_ws/install/ball_tracker/lib/ball_tracker
[46.271s] 
[46.274s] Installed /home/E14Raspberry/ScooperBot/tennisbot_ws/build/ball_tracker
[46.277s] running symlink_data
[47.231s] Invoked command in '/home/E14Raspberry/ScooperBot/tennisbot_ws/build/ball_tracker' returned '0': PYTHONPATH=/home/E14Raspberry/ScooperBot/tennisbot_ws/build/ball_tracker/prefix_override:/usr/lib/python3/dist-packages/colcon_core/task/python/colcon_distutils_commands:/home/E14Raspberry/ScooperBot/tennisbot_ws/install/ball_tracker/lib/python3.12/site-packages:${PYTHONPATH} /usr/bin/python3 -W ignore:setup.py install is deprecated setup.py develop --editable --build-directory /home/E14Raspberry/ScooperBot/tennisbot_ws/build/ball_tracker/build --no-deps symlink_data
