[1.197s] Invoking command in '/home/E14Raspberry/ScooperBot/tennisbot_ws/build/diffdrive_arduino': CMAKE_PREFIX_PATH=/opt/ros/jazzy /usr/bin/cmake /home/E14Raspberry/ScooperBot/tennisbot_ws/src/diffdrive_arduino -DAMENT_CMAKE_SYMLINK_INSTALL=1 -DCMAKE_INSTALL_PREFIX=/home/E14Raspberry/ScooperBot/tennisbot_ws/install/diffdrive_arduino
[2.967s] -- The CXX compiler identification is GNU 13.2.0
[3.193s] -- Detecting CXX compiler ABI info
[4.190s] -- Detecting CXX compiler ABI info - done
[4.328s] -- Check for working CXX compiler: /usr/bin/c++ - skipped
[4.341s] -- Detecting CXX compile features
[4.346s] -- Detecting CXX compile features - done
[4.389s] -- Found ament_cmake: 2.5.2 (/opt/ros/jazzy/share/ament_cmake/cmake)
[6.126s] -- Found Python3: /usr/bin/python3 (found version "3.12.3") found components: Interpreter 
[7.168s] -- Override CMake install command with custom implementation using symlinks instead of copying resources
[7.875s] -- Found hardware_interface: 4.15.0 (/opt/ros/jazzy/share/hardware_interface/cmake)
[8.870s] -- Found rosidl_generator_c: 4.6.3 (/opt/ros/jazzy/share/rosidl_generator_c/cmake)
[9.151s] -- Found rosidl_generator_cpp: 4.6.3 (/opt/ros/jazzy/share/rosidl_generator_cpp/cmake)
[9.452s] -- Using all available rosidl_typesupport_c: rosidl_typesupport_fastrtps_c;rosidl_typesupport_introspection_c
[9.636s] -- Using all available rosidl_typesupport_cpp: rosidl_typesupport_fastrtps_cpp;rosidl_typesupport_introspection_cpp
[12.729s] -- Found TinyXML2 via Config file: /usr/lib/aarch64-linux-gnu/cmake/tinyxml2
[13.392s] -- Found rmw_implementation_cmake: 7.3.1 (/opt/ros/jazzy/share/rmw_implementation_cmake/cmake)
[13.439s] -- Found rmw_fastrtps_cpp: 8.4.1 (/opt/ros/jazzy/share/rmw_fastrtps_cpp/cmake)
[13.939s] -- Found TinyXML2 via Config file: /usr/lib/aarch64-linux-gnu/cmake/tinyxml2
[14.400s] -- Found OpenSSL: /usr/lib/aarch64-linux-gnu/libcrypto.so (found version "3.0.13")  
[14.450s] -- Found TinyXML2 via Config file: /usr/lib/aarch64-linux-gnu/cmake/tinyxml2
[14.643s] -- Found FastRTPS: /opt/ros/jazzy/include (Required is at least version "2.13") 
[14.684s] -- Found TinyXML2 via Config file: /usr/lib/aarch64-linux-gnu/cmake/tinyxml2
[14.786s] -- Found TinyXML2 via Config file: /usr/lib/aarch64-linux-gnu/cmake/tinyxml2
[14.852s] -- Using RMW implementation 'rmw_fastrtps_cpp' as default
[18.422s] -- Found ament_cmake_gtest: 2.5.2 (/opt/ros/jazzy/share/ament_cmake_gtest/cmake)
[19.278s] -- Configuring done (18.0s)
[19.487s] -- Generating done (0.1s)
[19.502s] -- Build files have been written to: /home/E14Raspberry/ScooperBot/tennisbot_ws/build/diffdrive_arduino
[19.622s] Invoked command in '/home/E14Raspberry/ScooperBot/tennisbot_ws/build/diffdrive_arduino' returned '0': CMAKE_PREFIX_PATH=/opt/ros/jazzy /usr/bin/cmake /home/E14Raspberry/ScooperBot/tennisbot_ws/src/diffdrive_arduino -DAMENT_CMAKE_SYMLINK_INSTALL=1 -DCMAKE_INSTALL_PREFIX=/home/E14Raspberry/ScooperBot/tennisbot_ws/install/diffdrive_arduino
[19.627s] Invoking command in '/home/E14Raspberry/ScooperBot/tennisbot_ws/build/diffdrive_arduino': CMAKE_PREFIX_PATH=/opt/ros/jazzy /usr/bin/cmake --build /home/E14Raspberry/ScooperBot/tennisbot_ws/build/diffdrive_arduino -- -j4 -l4
[19.969s] [ 50%] [32mBuilding CXX object CMakeFiles/diffdrive_arduino.dir/hardware/diffbot_system.cpp.o[0m
[52.676s] [100%] [32m[1mLinking CXX shared library libdiffdrive_arduino.so[0m
[54.365s] [100%] Built target diffdrive_arduino
[54.434s] Invoked command in '/home/E14Raspberry/ScooperBot/tennisbot_ws/build/diffdrive_arduino' returned '0': CMAKE_PREFIX_PATH=/opt/ros/jazzy /usr/bin/cmake --build /home/E14Raspberry/ScooperBot/tennisbot_ws/build/diffdrive_arduino -- -j4 -l4
[54.637s] Invoking command in '/home/E14Raspberry/ScooperBot/tennisbot_ws/build/diffdrive_arduino': CMAKE_PREFIX_PATH=/opt/ros/jazzy /usr/bin/cmake --install /home/E14Raspberry/ScooperBot/tennisbot_ws/build/diffdrive_arduino
[54.689s] -- Install configuration: ""
[54.691s] -- Execute custom install script
[54.693s] -- Symlinking: /home/E14Raspberry/ScooperBot/tennisbot_ws/install/diffdrive_arduino/share/diffdrive_arduino//diffdrive_arduino.xml
[54.745s] -- Symlinking: /home/E14Raspberry/ScooperBot/tennisbot_ws/install/diffdrive_arduino/include/diffdrive_arduino/diffdrive_arduino/arduino_comms.hpp
[54.792s] -- Symlinking: /home/E14Raspberry/ScooperBot/tennisbot_ws/install/diffdrive_arduino/include/diffdrive_arduino/diffdrive_arduino/diffbot_system.hpp
[54.837s] -- Symlinking: /home/E14Raspberry/ScooperBot/tennisbot_ws/install/diffdrive_arduino/include/diffdrive_arduino/diffdrive_arduino/visibility_control.h
[54.884s] -- Symlinking: /home/E14Raspberry/ScooperBot/tennisbot_ws/install/diffdrive_arduino/include/diffdrive_arduino/diffdrive_arduino/wheel.hpp
[54.929s] -- Symlinking: /home/E14Raspberry/ScooperBot/tennisbot_ws/install/diffdrive_arduino/share/diffdrive_arduino/launch/view_robot.launch.py
[54.989s] -- Symlinking: /home/E14Raspberry/ScooperBot/tennisbot_ws/install/diffdrive_arduino/share/diffdrive_arduino/ros2_control/diffbot.ros2_control.xacro
[55.038s] -- Symlinking: /home/E14Raspberry/ScooperBot/tennisbot_ws/install/diffdrive_arduino/share/diffdrive_arduino/urdf/diffbot.materials.xacro
[55.080s] -- Symlinking: /home/E14Raspberry/ScooperBot/tennisbot_ws/install/diffdrive_arduino/share/diffdrive_arduino/urdf/diffbot.urdf.xacro
[55.129s] -- Symlinking: /home/E14Raspberry/ScooperBot/tennisbot_ws/install/diffdrive_arduino/share/diffdrive_arduino/urdf/diffbot_description.urdf.xacro
[55.177s] -- Symlinking: /home/E14Raspberry/ScooperBot/tennisbot_ws/install/diffdrive_arduino/share/diffdrive_arduino/rviz/diffbot.rviz
[55.232s] -- Symlinking: /home/E14Raspberry/ScooperBot/tennisbot_ws/install/diffdrive_arduino/share/diffdrive_arduino/rviz/diffbot_view.rviz
[55.285s] -- Symlinking: /home/E14Raspberry/ScooperBot/tennisbot_ws/install/diffdrive_arduino/share/diffdrive_arduino/launch/diffbot.launch.py
[55.331s] -- Symlinking: /home/E14Raspberry/ScooperBot/tennisbot_ws/install/diffdrive_arduino/share/diffdrive_arduino/config/diffbot_controllers.yaml
[55.381s] -- Symlinking: /home/E14Raspberry/ScooperBot/tennisbot_ws/install/diffdrive_arduino/share/diffdrive_arduino/environment/library_path.sh
[55.443s] -- Symlinking: /home/E14Raspberry/ScooperBot/tennisbot_ws/install/diffdrive_arduino/share/diffdrive_arduino/environment/library_path.dsv
[55.504s] -- Symlinking: /home/E14Raspberry/ScooperBot/tennisbot_ws/install/diffdrive_arduino/share/ament_index/resource_index/package_run_dependencies/diffdrive_arduino
[55.568s] -- Symlinking: /home/E14Raspberry/ScooperBot/tennisbot_ws/install/diffdrive_arduino/share/ament_index/resource_index/parent_prefix_path/diffdrive_arduino
[55.627s] -- Symlinking: /home/E14Raspberry/ScooperBot/tennisbot_ws/install/diffdrive_arduino/share/diffdrive_arduino/environment/ament_prefix_path.sh
[55.677s] -- Symlinking: /home/E14Raspberry/ScooperBot/tennisbot_ws/install/diffdrive_arduino/share/diffdrive_arduino/environment/ament_prefix_path.dsv
[55.726s] -- Symlinking: /home/E14Raspberry/ScooperBot/tennisbot_ws/install/diffdrive_arduino/share/diffdrive_arduino/environment/path.sh
[55.784s] -- Symlinking: /home/E14Raspberry/ScooperBot/tennisbot_ws/install/diffdrive_arduino/share/diffdrive_arduino/environment/path.dsv
[55.847s] -- Symlinking: /home/E14Raspberry/ScooperBot/tennisbot_ws/install/diffdrive_arduino/share/diffdrive_arduino/local_setup.bash
[55.908s] -- Symlinking: /home/E14Raspberry/ScooperBot/tennisbot_ws/install/diffdrive_arduino/share/diffdrive_arduino/local_setup.sh
[55.966s] -- Symlinking: /home/E14Raspberry/ScooperBot/tennisbot_ws/install/diffdrive_arduino/share/diffdrive_arduino/local_setup.zsh
[56.013s] -- Symlinking: /home/E14Raspberry/ScooperBot/tennisbot_ws/install/diffdrive_arduino/share/diffdrive_arduino/local_setup.dsv
[56.065s] -- Symlinking: /home/E14Raspberry/ScooperBot/tennisbot_ws/install/diffdrive_arduino/share/diffdrive_arduino/package.dsv
[56.127s] -- Symlinking: /home/E14Raspberry/ScooperBot/tennisbot_ws/install/diffdrive_arduino/share/ament_index/resource_index/packages/diffdrive_arduino
[56.190s] -- Symlinking: /home/E14Raspberry/ScooperBot/tennisbot_ws/install/diffdrive_arduino/share/ament_index/resource_index/hardware_interface__pluginlib__plugin/diffdrive_arduino
[56.245s] -- Symlinking: /home/E14Raspberry/ScooperBot/tennisbot_ws/install/diffdrive_arduino/share/diffdrive_arduino/cmake/ament_cmake_export_targets-extras.cmake
[56.307s] -- Symlinking: /home/E14Raspberry/ScooperBot/tennisbot_ws/install/diffdrive_arduino/share/diffdrive_arduino/cmake/ament_cmake_export_dependencies-extras.cmake
[56.374s] -- Symlinking: /home/E14Raspberry/ScooperBot/tennisbot_ws/install/diffdrive_arduino/share/diffdrive_arduino/cmake/diffdrive_arduinoConfig.cmake
[56.431s] -- Symlinking: /home/E14Raspberry/ScooperBot/tennisbot_ws/install/diffdrive_arduino/share/diffdrive_arduino/cmake/diffdrive_arduinoConfig-version.cmake
[56.493s] -- Symlinking: /home/E14Raspberry/ScooperBot/tennisbot_ws/install/diffdrive_arduino/share/diffdrive_arduino/package.xml
[56.550s] -- Installing: /home/E14Raspberry/ScooperBot/tennisbot_ws/install/diffdrive_arduino/lib/libdiffdrive_arduino.so
[56.565s] -- Set non-toolchain portion of runtime path of "/home/E14Raspberry/ScooperBot/tennisbot_ws/install/diffdrive_arduino/lib/libdiffdrive_arduino.so" to ""
[56.565s] -- Installing: /home/E14Raspberry/ScooperBot/tennisbot_ws/install/diffdrive_arduino/share/diffdrive_arduino/cmake/export_diffdrive_arduinoExport.cmake
[56.566s] -- Installing: /home/E14Raspberry/ScooperBot/tennisbot_ws/install/diffdrive_arduino/share/diffdrive_arduino/cmake/export_diffdrive_arduinoExport-noconfig.cmake
[56.579s] Invoked command in '/home/E14Raspberry/ScooperBot/tennisbot_ws/build/diffdrive_arduino' returned '0': CMAKE_PREFIX_PATH=/opt/ros/jazzy /usr/bin/cmake --install /home/E14Raspberry/ScooperBot/tennisbot_ws/build/diffdrive_arduino
