[0.091s] Invoking command in '/home/E14Raspberry/ScooperBot/tennisbot_ws/build/serial': CMAKE_PREFIX_PATH=${CMAKE_PREFIX_PATH}:/home/E14Raspberry/ScooperBot/tennisbot_ws/install/serial_motor_demo:/opt/ros/jazzy /usr/bin/cmake --build /home/E14Raspberry/ScooperBot/tennisbot_ws/build/serial -- -j4 -l4
[0.530s] [ 28%] Built target serial
[0.576s] [ 42%] Built target gtest
[0.597s] [ 57%] Built target gtest_main
[0.801s] [ 71%] Built target serial_example
[0.850s] [ 85%] Built target serial-test
[0.906s] [100%] Built target serial-test-timer
[1.049s] Invoked command in '/home/E14Raspberry/ScooperBot/tennisbot_ws/build/serial' returned '0': CMAKE_PREFIX_PATH=${CMAKE_PREFIX_PATH}:/home/E14Raspberry/ScooperBot/tennisbot_ws/install/serial_motor_demo:/opt/ros/jazzy /usr/bin/cmake --build /home/E14Raspberry/ScooperBot/tennisbot_ws/build/serial -- -j4 -l4
[1.435s] Invoking command in '/home/E14Raspberry/ScooperBot/tennisbot_ws/build/serial': CMAKE_PREFIX_PATH=${CMAKE_PREFIX_PATH}:/home/E14Raspberry/ScooperBot/tennisbot_ws/install/serial_motor_demo:/opt/ros/jazzy /usr/bin/cmake --install /home/E14Raspberry/ScooperBot/tennisbot_ws/build/serial
[1.494s] -- Install configuration: ""
[1.497s] -- Execute custom install script
[1.504s] -- Up-to-date symlink: /home/E14Raspberry/ScooperBot/tennisbot_ws/install/serial/lib/libserial.a
[1.504s] -- Up-to-date symlink: /home/E14Raspberry/ScooperBot/tennisbot_ws/install/serial/include/serial/serial.h
[1.507s] -- Up-to-date symlink: /home/E14Raspberry/ScooperBot/tennisbot_ws/install/serial/include/serial/v8stdint.h
[1.507s] -- Up-to-date symlink: /home/E14Raspberry/ScooperBot/tennisbot_ws/install/serial/share/serial/environment/library_path.sh
[1.512s] -- Up-to-date symlink: /home/E14Raspberry/ScooperBot/tennisbot_ws/install/serial/share/serial/environment/library_path.dsv
[1.513s] -- Up-to-date symlink: /home/E14Raspberry/ScooperBot/tennisbot_ws/install/serial/share/ament_index/resource_index/package_run_dependencies/serial
[1.513s] -- Up-to-date symlink: /home/E14Raspberry/ScooperBot/tennisbot_ws/install/serial/share/ament_index/resource_index/parent_prefix_path/serial
[1.518s] -- Up-to-date symlink: /home/E14Raspberry/ScooperBot/tennisbot_ws/install/serial/share/serial/environment/ament_prefix_path.sh
[1.521s] -- Up-to-date symlink: /home/E14Raspberry/ScooperBot/tennisbot_ws/install/serial/share/serial/environment/ament_prefix_path.dsv
[1.523s] -- Up-to-date symlink: /home/E14Raspberry/ScooperBot/tennisbot_ws/install/serial/share/serial/environment/path.sh
[1.525s] -- Up-to-date symlink: /home/E14Raspberry/ScooperBot/tennisbot_ws/install/serial/share/serial/environment/path.dsv
[1.526s] -- Up-to-date symlink: /home/E14Raspberry/ScooperBot/tennisbot_ws/install/serial/share/serial/local_setup.bash
[1.528s] -- Up-to-date symlink: /home/E14Raspberry/ScooperBot/tennisbot_ws/install/serial/share/serial/local_setup.sh
[1.530s] -- Up-to-date symlink: /home/E14Raspberry/ScooperBot/tennisbot_ws/install/serial/share/serial/local_setup.zsh
[1.532s] -- Up-to-date symlink: /home/E14Raspberry/ScooperBot/tennisbot_ws/install/serial/share/serial/local_setup.dsv
[1.536s] -- Symlinking: /home/E14Raspberry/ScooperBot/tennisbot_ws/install/serial/share/serial/package.dsv
[1.594s] -- Up-to-date symlink: /home/E14Raspberry/ScooperBot/tennisbot_ws/install/serial/share/ament_index/resource_index/packages/serial
[1.597s] -- Up-to-date symlink: /home/E14Raspberry/ScooperBot/tennisbot_ws/install/serial/share/serial/cmake/ament_cmake_export_include_directories-extras.cmake
[1.602s] -- Up-to-date symlink: /home/E14Raspberry/ScooperBot/tennisbot_ws/install/serial/share/serial/cmake/ament_cmake_export_libraries-extras.cmake
[1.606s] -- Up-to-date symlink: /home/E14Raspberry/ScooperBot/tennisbot_ws/install/serial/share/serial/cmake/serialConfig.cmake
[1.609s] -- Up-to-date symlink: /home/E14Raspberry/ScooperBot/tennisbot_ws/install/serial/share/serial/cmake/serialConfig-version.cmake
[1.614s] -- Up-to-date symlink: /home/E14Raspberry/ScooperBot/tennisbot_ws/install/serial/share/serial/package.xml
[1.632s] Invoked command in '/home/E14Raspberry/ScooperBot/tennisbot_ws/build/serial' returned '0': CMAKE_PREFIX_PATH=${CMAKE_PREFIX_PATH}:/home/E14Raspberry/ScooperBot/tennisbot_ws/install/serial_motor_demo:/opt/ros/jazzy /usr/bin/cmake --install /home/E14Raspberry/ScooperBot/tennisbot_ws/build/serial
