[0.243s] Invoking command in '/home/E14Raspberry/ScooperBot/tennisbot_ws/build/yasmin_viewer': AMENT_PREFIX_PATH=/home/E14Raspberry/ScooperBot/tennisbot_ws/install/yasmin_ros:/home/E14Raspberry/ScooperBot/tennisbot_ws/install/yasmin_msgs:/home/E14Raspberry/ScooperBot/tennisbot_ws/install/yasmin:${AMENT_PREFIX_PATH} CMAKE_PREFIX_PATH=/home/E14Raspberry/ScooperBot/tennisbot_ws/install/yasmin_ros:/home/E14Raspberry/ScooperBot/tennisbot_ws/install/yasmin_msgs:/home/E14Raspberry/ScooperBot/tennisbot_ws/install/yasmin:/opt/ros/jazzy/opt/gz_sim_vendor:/opt/ros/jazzy/opt/gz_sensors_vendor:/opt/ros/jazzy/opt/gz_physics_vendor:/opt/ros/jazzy/opt/sdformat_vendor:/opt/ros/jazzy/opt/gz_gui_vendor:/opt/ros/jazzy/opt/gz_transport_vendor:/opt/ros/jazzy/opt/gz_rendering_vendor:/opt/ros/jazzy/opt/gz_plugin_vendor:/opt/ros/jazzy/opt/gz_fuel_tools_vendor:/opt/ros/jazzy/opt/gz_msgs_vendor:/opt/ros/jazzy/opt/gz_common_vendor:/opt/ros/jazzy/opt/gz_math_vendor:/opt/ros/jazzy/opt/gz_utils_vendor:/opt/ros/jazzy/opt/gz_tools_vendor:/opt/ros/jazzy/opt/gz_ogre_next_vendor:/opt/ros/jazzy/opt/gz_dartsim_vendor:/opt/ros/jazzy/opt/gz_cmake_vendor:/opt/ros/jazzy LD_LIBRARY_PATH=/home/E14Raspberry/ScooperBot/tennisbot_ws/install/yasmin_ros/lib:/home/E14Raspberry/ScooperBot/tennisbot_ws/install/yasmin_msgs/lib:/home/E14Raspberry/ScooperBot/tennisbot_ws/install/yasmin/lib:${LD_LIBRARY_PATH} PYTHONPATH=/home/E14Raspberry/ScooperBot/tennisbot_ws/install/yasmin_ros/lib/python3.12/site-packages:/home/E14Raspberry/ScooperBot/tennisbot_ws/install/yasmin_msgs/lib/python3.12/site-packages:/home/E14Raspberry/ScooperBot/tennisbot_ws/install/yasmin/lib/python3.12/site-packages:${PYTHONPATH} /usr/bin/cmake --build /home/E14Raspberry/ScooperBot/tennisbot_ws/build/yasmin_viewer -- -j4 -l4
[1.633s] [  0%] Built target ament_cmake_python_symlink_yasmin_viewer
[1.646s] [100%] Built target yasmin_viewer_lib
[5.652s] running egg_info
[6.091s] writing yasmin_viewer.egg-info/PKG-INFO
[6.096s] writing dependency_links to yasmin_viewer.egg-info/dependency_links.txt
[6.106s] writing top-level names to yasmin_viewer.egg-info/top_level.txt
[6.946s] reading manifest file 'yasmin_viewer.egg-info/SOURCES.txt'
[6.964s] writing manifest file 'yasmin_viewer.egg-info/SOURCES.txt'
[7.363s] [100%] Built target ament_cmake_python_build_yasmin_viewer_egg
[7.677s] Invoked command in '/home/E14Raspberry/ScooperBot/tennisbot_ws/build/yasmin_viewer' returned '0': AMENT_PREFIX_PATH=/home/E14Raspberry/ScooperBot/tennisbot_ws/install/yasmin_ros:/home/E14Raspberry/ScooperBot/tennisbot_ws/install/yasmin_msgs:/home/E14Raspberry/ScooperBot/tennisbot_ws/install/yasmin:${AMENT_PREFIX_PATH} CMAKE_PREFIX_PATH=/home/E14Raspberry/ScooperBot/tennisbot_ws/install/yasmin_ros:/home/E14Raspberry/ScooperBot/tennisbot_ws/install/yasmin_msgs:/home/E14Raspberry/ScooperBot/tennisbot_ws/install/yasmin:/opt/ros/jazzy/opt/gz_sim_vendor:/opt/ros/jazzy/opt/gz_sensors_vendor:/opt/ros/jazzy/opt/gz_physics_vendor:/opt/ros/jazzy/opt/sdformat_vendor:/opt/ros/jazzy/opt/gz_gui_vendor:/opt/ros/jazzy/opt/gz_transport_vendor:/opt/ros/jazzy/opt/gz_rendering_vendor:/opt/ros/jazzy/opt/gz_plugin_vendor:/opt/ros/jazzy/opt/gz_fuel_tools_vendor:/opt/ros/jazzy/opt/gz_msgs_vendor:/opt/ros/jazzy/opt/gz_common_vendor:/opt/ros/jazzy/opt/gz_math_vendor:/opt/ros/jazzy/opt/gz_utils_vendor:/opt/ros/jazzy/opt/gz_tools_vendor:/opt/ros/jazzy/opt/gz_ogre_next_vendor:/opt/ros/jazzy/opt/gz_dartsim_vendor:/opt/ros/jazzy/opt/gz_cmake_vendor:/opt/ros/jazzy LD_LIBRARY_PATH=/home/E14Raspberry/ScooperBot/tennisbot_ws/install/yasmin_ros/lib:/home/E14Raspberry/ScooperBot/tennisbot_ws/install/yasmin_msgs/lib:/home/E14Raspberry/ScooperBot/tennisbot_ws/install/yasmin/lib:${LD_LIBRARY_PATH} PYTHONPATH=/home/E14Raspberry/ScooperBot/tennisbot_ws/install/yasmin_ros/lib/python3.12/site-packages:/home/E14Raspberry/ScooperBot/tennisbot_ws/install/yasmin_msgs/lib/python3.12/site-packages:/home/E14Raspberry/ScooperBot/tennisbot_ws/install/yasmin/lib/python3.12/site-packages:${PYTHONPATH} /usr/bin/cmake --build /home/E14Raspberry/ScooperBot/tennisbot_ws/build/yasmin_viewer -- -j4 -l4
[8.466s] Invoking command in '/home/E14Raspberry/ScooperBot/tennisbot_ws/build/yasmin_viewer': AMENT_PREFIX_PATH=/home/E14Raspberry/ScooperBot/tennisbot_ws/install/yasmin_ros:/home/E14Raspberry/ScooperBot/tennisbot_ws/install/yasmin_msgs:/home/E14Raspberry/ScooperBot/tennisbot_ws/install/yasmin:${AMENT_PREFIX_PATH} CMAKE_PREFIX_PATH=/home/E14Raspberry/ScooperBot/tennisbot_ws/install/yasmin_ros:/home/E14Raspberry/ScooperBot/tennisbot_ws/install/yasmin_msgs:/home/E14Raspberry/ScooperBot/tennisbot_ws/install/yasmin:/opt/ros/jazzy/opt/gz_sim_vendor:/opt/ros/jazzy/opt/gz_sensors_vendor:/opt/ros/jazzy/opt/gz_physics_vendor:/opt/ros/jazzy/opt/sdformat_vendor:/opt/ros/jazzy/opt/gz_gui_vendor:/opt/ros/jazzy/opt/gz_transport_vendor:/opt/ros/jazzy/opt/gz_rendering_vendor:/opt/ros/jazzy/opt/gz_plugin_vendor:/opt/ros/jazzy/opt/gz_fuel_tools_vendor:/opt/ros/jazzy/opt/gz_msgs_vendor:/opt/ros/jazzy/opt/gz_common_vendor:/opt/ros/jazzy/opt/gz_math_vendor:/opt/ros/jazzy/opt/gz_utils_vendor:/opt/ros/jazzy/opt/gz_tools_vendor:/opt/ros/jazzy/opt/gz_ogre_next_vendor:/opt/ros/jazzy/opt/gz_dartsim_vendor:/opt/ros/jazzy/opt/gz_cmake_vendor:/opt/ros/jazzy LD_LIBRARY_PATH=/home/E14Raspberry/ScooperBot/tennisbot_ws/install/yasmin_ros/lib:/home/E14Raspberry/ScooperBot/tennisbot_ws/install/yasmin_msgs/lib:/home/E14Raspberry/ScooperBot/tennisbot_ws/install/yasmin/lib:${LD_LIBRARY_PATH} PYTHONPATH=/home/E14Raspberry/ScooperBot/tennisbot_ws/install/yasmin_ros/lib/python3.12/site-packages:/home/E14Raspberry/ScooperBot/tennisbot_ws/install/yasmin_msgs/lib/python3.12/site-packages:/home/E14Raspberry/ScooperBot/tennisbot_ws/install/yasmin/lib/python3.12/site-packages:${PYTHONPATH} /usr/bin/cmake --install /home/E14Raspberry/ScooperBot/tennisbot_ws/build/yasmin_viewer
[8.635s] -- Install configuration: ""
[8.644s] -- Execute custom install script
[8.656s] -- Up-to-date symlink: /home/E14Raspberry/ScooperBot/tennisbot_ws/install/yasmin_viewer/lib/libyasmin_viewer_lib.a
[8.666s] -- Up-to-date symlink: /home/E14Raspberry/ScooperBot/tennisbot_ws/install/yasmin_viewer/include//yasmin_viewer/yasmin_viewer_pub.hpp
[8.688s] -- Up-to-date symlink: /home/E14Raspberry/ScooperBot/tennisbot_ws/install/yasmin_viewer/share/yasmin_viewer/yasmin_viewer_web_client//asset-manifest.json
[8.696s] -- Up-to-date symlink: /home/E14Raspberry/ScooperBot/tennisbot_ws/install/yasmin_viewer/share/yasmin_viewer/yasmin_viewer_web_client//favicon.ico
[8.700s] -- Up-to-date symlink: /home/E14Raspberry/ScooperBot/tennisbot_ws/install/yasmin_viewer/share/yasmin_viewer/yasmin_viewer_web_client//index.html
[8.708s] -- Up-to-date symlink: /home/E14Raspberry/ScooperBot/tennisbot_ws/install/yasmin_viewer/share/yasmin_viewer/yasmin_viewer_web_client//logo192.png
[8.714s] -- Up-to-date symlink: /home/E14Raspberry/ScooperBot/tennisbot_ws/install/yasmin_viewer/share/yasmin_viewer/yasmin_viewer_web_client//logo512.png
[8.718s] -- Up-to-date symlink: /home/E14Raspberry/ScooperBot/tennisbot_ws/install/yasmin_viewer/share/yasmin_viewer/yasmin_viewer_web_client//manifest.json
[8.726s] -- Up-to-date symlink: /home/E14Raspberry/ScooperBot/tennisbot_ws/install/yasmin_viewer/share/yasmin_viewer/yasmin_viewer_web_client//robots.txt
[8.732s] -- Up-to-date symlink: /home/E14Raspberry/ScooperBot/tennisbot_ws/install/yasmin_viewer/share/yasmin_viewer/yasmin_viewer_web_client//static/css/main.073c9b0a.css
[8.738s] -- Up-to-date symlink: /home/E14Raspberry/ScooperBot/tennisbot_ws/install/yasmin_viewer/share/yasmin_viewer/yasmin_viewer_web_client//static/css/main.073c9b0a.css.map
[8.748s] -- Up-to-date symlink: /home/E14Raspberry/ScooperBot/tennisbot_ws/install/yasmin_viewer/share/yasmin_viewer/yasmin_viewer_web_client//static/js/787.d1eb2cfc.chunk.js
[8.754s] -- Up-to-date symlink: /home/E14Raspberry/ScooperBot/tennisbot_ws/install/yasmin_viewer/share/yasmin_viewer/yasmin_viewer_web_client//static/js/787.d1eb2cfc.chunk.js.map
[8.766s] -- Up-to-date symlink: /home/E14Raspberry/ScooperBot/tennisbot_ws/install/yasmin_viewer/share/yasmin_viewer/yasmin_viewer_web_client//static/js/main.713a3c3e.js
[8.770s] -- Up-to-date symlink: /home/E14Raspberry/ScooperBot/tennisbot_ws/install/yasmin_viewer/share/yasmin_viewer/yasmin_viewer_web_client//static/js/main.713a3c3e.js.LICENSE.txt
[8.772s] -- Up-to-date symlink: /home/E14Raspberry/ScooperBot/tennisbot_ws/install/yasmin_viewer/share/yasmin_viewer/yasmin_viewer_web_client//static/js/main.713a3c3e.js.map
[8.774s] -- Up-to-date symlink: /home/E14Raspberry/ScooperBot/tennisbot_ws/install/yasmin_viewer/share/yasmin_viewer/environment/library_path.sh
[8.781s] -- Up-to-date symlink: /home/E14Raspberry/ScooperBot/tennisbot_ws/install/yasmin_viewer/share/yasmin_viewer/environment/library_path.dsv
[8.787s] -- Up-to-date symlink: /home/E14Raspberry/ScooperBot/tennisbot_ws/install/yasmin_viewer/share/yasmin_viewer/environment/pythonpath.sh
[8.790s] -- Up-to-date symlink: /home/E14Raspberry/ScooperBot/tennisbot_ws/install/yasmin_viewer/share/yasmin_viewer/environment/pythonpath.dsv
[8.800s] -- Up-to-date symlink: /home/E14Raspberry/ScooperBot/tennisbot_ws/install/yasmin_viewer/lib/python3.12/site-packages/yasmin_viewer-2.3.1-py3.12.egg-info/PKG-INFO
[8.807s] -- Up-to-date symlink: /home/E14Raspberry/ScooperBot/tennisbot_ws/install/yasmin_viewer/lib/python3.12/site-packages/yasmin_viewer-2.3.1-py3.12.egg-info/SOURCES.txt
[8.813s] -- Up-to-date symlink: /home/E14Raspberry/ScooperBot/tennisbot_ws/install/yasmin_viewer/lib/python3.12/site-packages/yasmin_viewer-2.3.1-py3.12.egg-info/dependency_links.txt
[8.819s] -- Up-to-date symlink: /home/E14Raspberry/ScooperBot/tennisbot_ws/install/yasmin_viewer/lib/python3.12/site-packages/yasmin_viewer-2.3.1-py3.12.egg-info/top_level.txt
[8.826s] -- Up-to-date symlink: /home/E14Raspberry/ScooperBot/tennisbot_ws/install/yasmin_viewer/lib/python3.12/site-packages/yasmin_viewer/__init__.py
[8.834s] -- Up-to-date symlink: /home/E14Raspberry/ScooperBot/tennisbot_ws/install/yasmin_viewer/lib/python3.12/site-packages/yasmin_viewer/yasmin_viewer_node.py
[8.843s] -- Up-to-date symlink: /home/E14Raspberry/ScooperBot/tennisbot_ws/install/yasmin_viewer/lib/python3.12/site-packages/yasmin_viewer/yasmin_viewer_pub.py
[8.850s] -- Up-to-date symlink: /home/E14Raspberry/ScooperBot/tennisbot_ws/install/yasmin_viewer/share/ament_index/resource_index/package_run_dependencies/yasmin_viewer
[8.851s] -- Up-to-date symlink: /home/E14Raspberry/ScooperBot/tennisbot_ws/install/yasmin_viewer/share/ament_index/resource_index/parent_prefix_path/yasmin_viewer
[8.859s] -- Up-to-date symlink: /home/E14Raspberry/ScooperBot/tennisbot_ws/install/yasmin_viewer/share/yasmin_viewer/environment/ament_prefix_path.sh
[8.861s] -- Up-to-date symlink: /home/E14Raspberry/ScooperBot/tennisbot_ws/install/yasmin_viewer/share/yasmin_viewer/environment/ament_prefix_path.dsv
[8.868s] -- Up-to-date symlink: /home/E14Raspberry/ScooperBot/tennisbot_ws/install/yasmin_viewer/share/yasmin_viewer/environment/path.sh
[8.875s] -- Up-to-date symlink: /home/E14Raspberry/ScooperBot/tennisbot_ws/install/yasmin_viewer/share/yasmin_viewer/environment/path.dsv
[8.877s] -- Up-to-date symlink: /home/E14Raspberry/ScooperBot/tennisbot_ws/install/yasmin_viewer/share/yasmin_viewer/local_setup.bash
[8.881s] -- Up-to-date symlink: /home/E14Raspberry/ScooperBot/tennisbot_ws/install/yasmin_viewer/share/yasmin_viewer/local_setup.sh
[8.893s] -- Up-to-date symlink: /home/E14Raspberry/ScooperBot/tennisbot_ws/install/yasmin_viewer/share/yasmin_viewer/local_setup.zsh
[8.901s] -- Up-to-date symlink: /home/E14Raspberry/ScooperBot/tennisbot_ws/install/yasmin_viewer/share/yasmin_viewer/local_setup.dsv
[8.903s] -- Symlinking: /home/E14Raspberry/ScooperBot/tennisbot_ws/install/yasmin_viewer/share/yasmin_viewer/package.dsv
[9.081s] -- Up-to-date symlink: /home/E14Raspberry/ScooperBot/tennisbot_ws/install/yasmin_viewer/share/ament_index/resource_index/packages/yasmin_viewer
[9.087s] -- Up-to-date symlink: /home/E14Raspberry/ScooperBot/tennisbot_ws/install/yasmin_viewer/share/yasmin_viewer/cmake/ament_cmake_export_include_directories-extras.cmake
[9.098s] -- Up-to-date symlink: /home/E14Raspberry/ScooperBot/tennisbot_ws/install/yasmin_viewer/share/yasmin_viewer/cmake/ament_cmake_export_libraries-extras.cmake
[9.103s] -- Up-to-date symlink: /home/E14Raspberry/ScooperBot/tennisbot_ws/install/yasmin_viewer/share/yasmin_viewer/cmake/ament_cmake_export_dependencies-extras.cmake
[9.113s] -- Up-to-date symlink: /home/E14Raspberry/ScooperBot/tennisbot_ws/install/yasmin_viewer/share/yasmin_viewer/cmake/yasmin_viewerConfig.cmake
[9.169s] -- Up-to-date symlink: /home/E14Raspberry/ScooperBot/tennisbot_ws/install/yasmin_viewer/share/yasmin_viewer/cmake/yasmin_viewerConfig-version.cmake
[9.212s] -- Up-to-date symlink: /home/E14Raspberry/ScooperBot/tennisbot_ws/install/yasmin_viewer/share/yasmin_viewer/package.xml
[9.804s] Listing '/home/E14Raspberry/ScooperBot/tennisbot_ws/install/yasmin_viewer/lib/python3.12/site-packages/yasmin_viewer'...
[9.873s] -- Up-to-date: /home/E14Raspberry/ScooperBot/tennisbot_ws/install/yasmin_viewer/lib/yasmin_viewer/yasmin_viewer_node
[11.515s] Invoked command in '/home/E14Raspberry/ScooperBot/tennisbot_ws/build/yasmin_viewer' returned '0': AMENT_PREFIX_PATH=/home/E14Raspberry/ScooperBot/tennisbot_ws/install/yasmin_ros:/home/E14Raspberry/ScooperBot/tennisbot_ws/install/yasmin_msgs:/home/E14Raspberry/ScooperBot/tennisbot_ws/install/yasmin:${AMENT_PREFIX_PATH} CMAKE_PREFIX_PATH=/home/E14Raspberry/ScooperBot/tennisbot_ws/install/yasmin_ros:/home/E14Raspberry/ScooperBot/tennisbot_ws/install/yasmin_msgs:/home/E14Raspberry/ScooperBot/tennisbot_ws/install/yasmin:/opt/ros/jazzy/opt/gz_sim_vendor:/opt/ros/jazzy/opt/gz_sensors_vendor:/opt/ros/jazzy/opt/gz_physics_vendor:/opt/ros/jazzy/opt/sdformat_vendor:/opt/ros/jazzy/opt/gz_gui_vendor:/opt/ros/jazzy/opt/gz_transport_vendor:/opt/ros/jazzy/opt/gz_rendering_vendor:/opt/ros/jazzy/opt/gz_plugin_vendor:/opt/ros/jazzy/opt/gz_fuel_tools_vendor:/opt/ros/jazzy/opt/gz_msgs_vendor:/opt/ros/jazzy/opt/gz_common_vendor:/opt/ros/jazzy/opt/gz_math_vendor:/opt/ros/jazzy/opt/gz_utils_vendor:/opt/ros/jazzy/opt/gz_tools_vendor:/opt/ros/jazzy/opt/gz_ogre_next_vendor:/opt/ros/jazzy/opt/gz_dartsim_vendor:/opt/ros/jazzy/opt/gz_cmake_vendor:/opt/ros/jazzy LD_LIBRARY_PATH=/home/E14Raspberry/ScooperBot/tennisbot_ws/install/yasmin_ros/lib:/home/E14Raspberry/ScooperBot/tennisbot_ws/install/yasmin_msgs/lib:/home/E14Raspberry/ScooperBot/tennisbot_ws/install/yasmin/lib:${LD_LIBRARY_PATH} PYTHONPATH=/home/E14Raspberry/ScooperBot/tennisbot_ws/install/yasmin_ros/lib/python3.12/site-packages:/home/E14Raspberry/ScooperBot/tennisbot_ws/install/yasmin_msgs/lib/python3.12/site-packages:/home/E14Raspberry/ScooperBot/tennisbot_ws/install/yasmin/lib/python3.12/site-packages:${PYTHONPATH} /usr/bin/cmake --install /home/E14Raspberry/ScooperBot/tennisbot_ws/build/yasmin_viewer
