[11.013s] Invoking command in '/home/E14Raspberry/ScooperBot/tennisbot_ws/build/ros2_nav_to_pose': PYTHONPATH=/home/E14Raspberry/ScooperBot/tennisbot_ws/build/ros2_nav_to_pose/prefix_override:/usr/lib/python3/dist-packages/colcon_core/task/python/colcon_distutils_commands:/home/E14Raspberry/ScooperBot/tennisbot_ws/install/ros2_nav_to_pose/lib/python3.12/site-packages:${PYTHONPATH} /usr/bin/python3 -W ignore:setup.py install is deprecated setup.py develop --editable --build-directory /home/E14Raspberry/ScooperBot/tennisbot_ws/build/ros2_nav_to_pose/build --no-deps symlink_data
[15.586s] running develop
[15.592s] /usr/lib/python3/dist-packages/setuptools/command/develop.py:40: EasyInstallDeprecationWarning: easy_install command is deprecated.
[15.597s] !!
[15.600s] 
[15.602s]         ********************************************************************************
[15.604s]         Please avoid running ``setup.py`` and ``easy_install``.
[15.605s]         Instead, use pypa/build, pypa/installer or other
[15.607s]         standards-based tools.
[15.608s] 
[15.610s]         See https://github.com/pypa/setuptools/issues/917 for details.
[15.612s]         ********************************************************************************
[15.613s] 
[15.615s] !!
[15.617s]   easy_install.initialize_options(self)
[18.702s] running egg_info
[18.975s] writing ros2_nav_to_pose.egg-info/PKG-INFO
[18.980s] writing dependency_links to ros2_nav_to_pose.egg-info/dependency_links.txt
[18.989s] writing entry points to ros2_nav_to_pose.egg-info/entry_points.txt
[18.992s] writing requirements to ros2_nav_to_pose.egg-info/requires.txt
[18.994s] writing top-level names to ros2_nav_to_pose.egg-info/top_level.txt
[19.573s] reading manifest file 'ros2_nav_to_pose.egg-info/SOURCES.txt'
[19.582s] writing manifest file 'ros2_nav_to_pose.egg-info/SOURCES.txt'
[19.870s] running build_ext
[19.872s] Creating /home/E14Raspberry/ScooperBot/tennisbot_ws/install/ros2_nav_to_pose/lib/python3.12/site-packages/ros2-nav-to-pose.egg-link (link to .)
[19.878s] Installing nav_to_pose_action_client script to /home/E14Raspberry/ScooperBot/tennisbot_ws/install/ros2_nav_to_pose/lib/ros2_nav_to_pose
[19.881s] Installing nav_to_pose_action_server script to /home/E14Raspberry/ScooperBot/tennisbot_ws/install/ros2_nav_to_pose/lib/ros2_nav_to_pose
[19.884s] 
[19.891s] Installed /home/E14Raspberry/ScooperBot/tennisbot_ws/build/ros2_nav_to_pose
[19.893s] running symlink_data
[20.178s] Invoked command in '/home/E14Raspberry/ScooperBot/tennisbot_ws/build/ros2_nav_to_pose' returned '0': PYTHONPATH=/home/E14Raspberry/ScooperBot/tennisbot_ws/build/ros2_nav_to_pose/prefix_override:/usr/lib/python3/dist-packages/colcon_core/task/python/colcon_distutils_commands:/home/E14Raspberry/ScooperBot/tennisbot_ws/install/ros2_nav_to_pose/lib/python3.12/site-packages:${PYTHONPATH} /usr/bin/python3 -W ignore:setup.py install is deprecated setup.py develop --editable --build-directory /home/E14Raspberry/ScooperBot/tennisbot_ws/build/ros2_nav_to_pose/build --no-deps symlink_data
