[13.473s] Invoking command in '/home/E14Raspberry/ScooperBot/tennisbot_ws/build/twist_stamper': PYTHONPATH=/home/E14Raspberry/ScooperBot/tennisbot_ws/build/twist_stamper/prefix_override:/usr/lib/python3/dist-packages/colcon_core/task/python/colcon_distutils_commands:/home/E14Raspberry/ScooperBot/tennisbot_ws/install/twist_stamper/lib/python3.12/site-packages:${PYTHONPATH} /usr/bin/python3 -W ignore:setup.py install is deprecated setup.py develop --editable --build-directory /home/E14Raspberry/ScooperBot/tennisbot_ws/build/twist_stamper/build --no-deps symlink_data
[18.316s] running develop
[18.318s] /usr/lib/python3/dist-packages/setuptools/command/develop.py:40: EasyInstallDeprecationWarning: easy_install command is deprecated.
[18.320s] !!
[18.322s] 
[18.324s]         ********************************************************************************
[18.326s]         Please avoid running ``setup.py`` and ``easy_install``.
[18.327s]         Instead, use pypa/build, pypa/installer or other
[18.328s]         standards-based tools.
[18.330s] 
[18.331s]         See https://github.com/pypa/setuptools/issues/917 for details.
[18.332s]         ********************************************************************************
[18.334s] 
[18.335s] !!
[18.340s]   easy_install.initialize_options(self)
[21.409s] running egg_info
[21.734s] writing twist_stamper.egg-info/PKG-INFO
[21.737s] writing dependency_links to twist_stamper.egg-info/dependency_links.txt
[21.741s] writing entry points to twist_stamper.egg-info/entry_points.txt
[21.743s] writing requirements to twist_stamper.egg-info/requires.txt
[21.747s] writing top-level names to twist_stamper.egg-info/top_level.txt
[22.344s] reading manifest file 'twist_stamper.egg-info/SOURCES.txt'
[22.352s] writing manifest file 'twist_stamper.egg-info/SOURCES.txt'
[22.641s] running build_ext
[22.643s] Creating /home/E14Raspberry/ScooperBot/tennisbot_ws/install/twist_stamper/lib/python3.12/site-packages/twist-stamper.egg-link (link to .)
[22.649s] Installing twist_stamper script to /home/E14Raspberry/ScooperBot/tennisbot_ws/install/twist_stamper/lib/twist_stamper
[22.652s] Installing twist_unstamper script to /home/E14Raspberry/ScooperBot/tennisbot_ws/install/twist_stamper/lib/twist_stamper
[22.655s] 
[22.657s] Installed /home/E14Raspberry/ScooperBot/tennisbot_ws/build/twist_stamper
[22.658s] running symlink_data
[22.960s] Invoked command in '/home/E14Raspberry/ScooperBot/tennisbot_ws/build/twist_stamper' returned '0': PYTHONPATH=/home/E14Raspberry/ScooperBot/tennisbot_ws/build/twist_stamper/prefix_override:/usr/lib/python3/dist-packages/colcon_core/task/python/colcon_distutils_commands:/home/E14Raspberry/ScooperBot/tennisbot_ws/install/twist_stamper/lib/python3.12/site-packages:${PYTHONPATH} /usr/bin/python3 -W ignore:setup.py install is deprecated setup.py develop --editable --build-directory /home/E14Raspberry/ScooperBot/tennisbot_ws/build/twist_stamper/build --no-deps symlink_data
