[1.395s] DEBUG:colcon:Command line arguments: ['/usr/bin/colcon', 'build', '--symlink-install', '--packages-select', 'ros2_nav_to_pose']
[1.396s] DEBUG:colcon:Parsed command line arguments: Namespace(log_base=None, log_level=None, verb_name='build', build_base='build', install_base='install', merge_install=False, symlink_install=True, test_result_base=None, continue_on_error=False, executor='parallel', parallel_workers=4, event_handlers=None, ignore_user_meta=False, metas=['./colcon.meta'], base_paths=['.'], packages_ignore=None, packages_ignore_regex=None, paths=None, packages_up_to=None, packages_up_to_regex=None, packages_above=None, packages_above_and_dependencies=None, packages_above_depth=None, packages_select_by_dep=None, packages_skip_by_dep=None, packages_skip_up_to=None, packages_select_build_failed=False, packages_skip_build_finished=False, packages_select_test_failures=False, packages_skip_test_passed=False, packages_select=['ros2_nav_to_pose'], packages_skip=None, packages_select_regex=None, packages_skip_regex=None, packages_start=None, packages_end=None, allow_overriding=[], cmake_args=None, cmake_target=None, cmake_target_skip_unavailable=False, cmake_clean_cache=False, cmake_clean_first=False, cmake_force_configure=False, ament_cmake_args=None, catkin_cmake_args=None, catkin_skip_building_tests=False, mixin_files=None, mixin=None, verb_parser=<colcon_mixin.mixin.mixin_argument.MixinArgumentDecorator object at 0xffffb6a3d9a0>, verb_extension=<colcon_core.verb.build.BuildVerb object at 0xffffb6b8b110>, main=<bound method BuildVerb.main of <colcon_core.verb.build.BuildVerb object at 0xffffb6b8b110>>, mixin_verb=('build',))
[1.825s] Level 1:colcon.colcon_core.package_discovery:discover_packages(colcon_meta) check parameters
[1.826s] Level 1:colcon.colcon_core.package_discovery:discover_packages(recursive) check parameters
[1.826s] Level 1:colcon.colcon_core.package_discovery:discover_packages(ignore) check parameters
[1.826s] Level 1:colcon.colcon_core.package_discovery:discover_packages(path) check parameters
[1.827s] Level 1:colcon.colcon_core.package_discovery:discover_packages(colcon_meta) discover
[1.827s] Level 1:colcon.colcon_core.package_discovery:discover_packages(recursive) discover
[1.828s] INFO:colcon.colcon_core.package_discovery:Crawling recursively for packages in '/home/E14Raspberry/ScooperBot/tennisbot_ws'
[1.829s] Level 1:colcon.colcon_core.package_identification:_identify(.) by extensions ['ignore', 'ignore_ament_install']
[1.830s] Level 1:colcon.colcon_core.package_identification:_identify(.) by extension 'ignore'
[1.831s] Level 1:colcon.colcon_core.package_identification:_identify(.) by extension 'ignore_ament_install'
[1.831s] Level 1:colcon.colcon_core.package_identification:_identify(.) by extensions ['colcon_pkg']
[1.832s] Level 1:colcon.colcon_core.package_identification:_identify(.) by extension 'colcon_pkg'
[1.832s] Level 1:colcon.colcon_core.package_identification:_identify(.) by extensions ['colcon_meta']
[1.833s] Level 1:colcon.colcon_core.package_identification:_identify(.) by extension 'colcon_meta'
[1.833s] Level 1:colcon.colcon_core.package_identification:_identify(.) by extensions ['ros']
[1.833s] Level 1:colcon.colcon_core.package_identification:_identify(.) by extension 'ros'
[2.128s] Level 1:colcon.colcon_core.package_identification:_identify(.) by extensions ['cmake', 'python']
[2.129s] Level 1:colcon.colcon_core.package_identification:_identify(.) by extension 'cmake'
[2.130s] Level 1:colcon.colcon_core.package_identification:_identify(.) by extension 'python'
[2.130s] Level 1:colcon.colcon_core.package_identification:_identify(.) by extensions ['python_setup_py']
[2.131s] Level 1:colcon.colcon_core.package_identification:_identify(.) by extension 'python_setup_py'
[2.132s] Level 1:colcon.colcon_core.package_identification:_identify(build) by extensions ['ignore', 'ignore_ament_install']
[2.134s] Level 1:colcon.colcon_core.package_identification:_identify(build) by extension 'ignore'
[2.134s] Level 1:colcon.colcon_core.package_identification:_identify(build) ignored
[2.136s] Level 1:colcon.colcon_core.package_identification:_identify(install) by extensions ['ignore', 'ignore_ament_install']
[2.138s] Level 1:colcon.colcon_core.package_identification:_identify(install) by extension 'ignore'
[2.138s] Level 1:colcon.colcon_core.package_identification:_identify(install) ignored
[2.142s] Level 1:colcon.colcon_core.package_identification:_identify(log) by extensions ['ignore', 'ignore_ament_install']
[2.143s] Level 1:colcon.colcon_core.package_identification:_identify(log) by extension 'ignore'
[2.144s] Level 1:colcon.colcon_core.package_identification:_identify(log) ignored
[2.145s] Level 1:colcon.colcon_core.package_identification:_identify(src) by extensions ['ignore', 'ignore_ament_install']
[2.146s] Level 1:colcon.colcon_core.package_identification:_identify(src) by extension 'ignore'
[2.147s] Level 1:colcon.colcon_core.package_identification:_identify(src) by extension 'ignore_ament_install'
[2.148s] Level 1:colcon.colcon_core.package_identification:_identify(src) by extensions ['colcon_pkg']
[2.149s] Level 1:colcon.colcon_core.package_identification:_identify(src) by extension 'colcon_pkg'
[2.150s] Level 1:colcon.colcon_core.package_identification:_identify(src) by extensions ['colcon_meta']
[2.150s] Level 1:colcon.colcon_core.package_identification:_identify(src) by extension 'colcon_meta'
[2.151s] Level 1:colcon.colcon_core.package_identification:_identify(src) by extensions ['ros']
[2.151s] Level 1:colcon.colcon_core.package_identification:_identify(src) by extension 'ros'
[2.153s] Level 1:colcon.colcon_core.package_identification:_identify(src) by extensions ['cmake', 'python']
[2.153s] Level 1:colcon.colcon_core.package_identification:_identify(src) by extension 'cmake'
[2.154s] Level 1:colcon.colcon_core.package_identification:_identify(src) by extension 'python'
[2.155s] Level 1:colcon.colcon_core.package_identification:_identify(src) by extensions ['python_setup_py']
[2.155s] Level 1:colcon.colcon_core.package_identification:_identify(src) by extension 'python_setup_py'
[2.157s] Level 1:colcon.colcon_core.package_identification:_identify(src/ball_tracker) by extensions ['ignore', 'ignore_ament_install']
[2.158s] Level 1:colcon.colcon_core.package_identification:_identify(src/ball_tracker) by extension 'ignore'
[2.159s] Level 1:colcon.colcon_core.package_identification:_identify(src/ball_tracker) by extension 'ignore_ament_install'
[2.160s] Level 1:colcon.colcon_core.package_identification:_identify(src/ball_tracker) by extensions ['colcon_pkg']
[2.160s] Level 1:colcon.colcon_core.package_identification:_identify(src/ball_tracker) by extension 'colcon_pkg'
[2.161s] Level 1:colcon.colcon_core.package_identification:_identify(src/ball_tracker) by extensions ['colcon_meta']
[2.161s] Level 1:colcon.colcon_core.package_identification:_identify(src/ball_tracker) by extension 'colcon_meta'
[2.162s] Level 1:colcon.colcon_core.package_identification:_identify(src/ball_tracker) by extensions ['ros']
[2.162s] Level 1:colcon.colcon_core.package_identification:_identify(src/ball_tracker) by extension 'ros'
[2.190s] DEBUG:colcon.colcon_core.package_identification:Package 'src/ball_tracker' with type 'ros.ament_python' and name 'ball_tracker'
[2.192s] Level 1:colcon.colcon_core.package_identification:_identify(src/diffdrive_arduino) by extensions ['ignore', 'ignore_ament_install']
[2.193s] Level 1:colcon.colcon_core.package_identification:_identify(src/diffdrive_arduino) by extension 'ignore'
[2.194s] Level 1:colcon.colcon_core.package_identification:_identify(src/diffdrive_arduino) by extension 'ignore_ament_install'
[2.195s] Level 1:colcon.colcon_core.package_identification:_identify(src/diffdrive_arduino) by extensions ['colcon_pkg']
[2.196s] Level 1:colcon.colcon_core.package_identification:_identify(src/diffdrive_arduino) by extension 'colcon_pkg'
[2.197s] Level 1:colcon.colcon_core.package_identification:_identify(src/diffdrive_arduino) by extensions ['colcon_meta']
[2.197s] Level 1:colcon.colcon_core.package_identification:_identify(src/diffdrive_arduino) by extension 'colcon_meta'
[2.198s] Level 1:colcon.colcon_core.package_identification:_identify(src/diffdrive_arduino) by extensions ['ros']
[2.198s] Level 1:colcon.colcon_core.package_identification:_identify(src/diffdrive_arduino) by extension 'ros'
[2.209s] DEBUG:colcon.colcon_core.package_identification:Package 'src/diffdrive_arduino' with type 'ros.ament_cmake' and name 'diffdrive_arduino'
[2.210s] Level 1:colcon.colcon_core.package_identification:_identify(src/ros2_nav_to_pose) by extensions ['ignore', 'ignore_ament_install']
[2.211s] Level 1:colcon.colcon_core.package_identification:_identify(src/ros2_nav_to_pose) by extension 'ignore'
[2.213s] Level 1:colcon.colcon_core.package_identification:_identify(src/ros2_nav_to_pose) by extension 'ignore_ament_install'
[2.214s] Level 1:colcon.colcon_core.package_identification:_identify(src/ros2_nav_to_pose) by extensions ['colcon_pkg']
[2.215s] Level 1:colcon.colcon_core.package_identification:_identify(src/ros2_nav_to_pose) by extension 'colcon_pkg'
[2.215s] Level 1:colcon.colcon_core.package_identification:_identify(src/ros2_nav_to_pose) by extensions ['colcon_meta']
[2.216s] Level 1:colcon.colcon_core.package_identification:_identify(src/ros2_nav_to_pose) by extension 'colcon_meta'
[2.217s] Level 1:colcon.colcon_core.package_identification:_identify(src/ros2_nav_to_pose) by extensions ['ros']
[2.217s] Level 1:colcon.colcon_core.package_identification:_identify(src/ros2_nav_to_pose) by extension 'ros'
[2.225s] DEBUG:colcon.colcon_core.package_identification:Package 'src/ros2_nav_to_pose' with type 'ros.ament_python' and name 'ros2_nav_to_pose'
[2.226s] Level 1:colcon.colcon_core.package_identification:_identify(src/ros2_nav_to_pose_msgs) by extensions ['ignore', 'ignore_ament_install']
[2.227s] Level 1:colcon.colcon_core.package_identification:_identify(src/ros2_nav_to_pose_msgs) by extension 'ignore'
[2.228s] Level 1:colcon.colcon_core.package_identification:_identify(src/ros2_nav_to_pose_msgs) by extension 'ignore_ament_install'
[2.229s] Level 1:colcon.colcon_core.package_identification:_identify(src/ros2_nav_to_pose_msgs) by extensions ['colcon_pkg']
[2.229s] Level 1:colcon.colcon_core.package_identification:_identify(src/ros2_nav_to_pose_msgs) by extension 'colcon_pkg'
[2.229s] Level 1:colcon.colcon_core.package_identification:_identify(src/ros2_nav_to_pose_msgs) by extensions ['colcon_meta']
[2.230s] Level 1:colcon.colcon_core.package_identification:_identify(src/ros2_nav_to_pose_msgs) by extension 'colcon_meta'
[2.230s] Level 1:colcon.colcon_core.package_identification:_identify(src/ros2_nav_to_pose_msgs) by extensions ['ros']
[2.231s] Level 1:colcon.colcon_core.package_identification:_identify(src/ros2_nav_to_pose_msgs) by extension 'ros'
[2.238s] DEBUG:colcon.colcon_core.package_identification:Package 'src/ros2_nav_to_pose_msgs' with type 'ros.ament_cmake' and name 'ros2_nav_to_pose_msgs'
[2.240s] Level 1:colcon.colcon_core.package_identification:_identify(src/serial_motor_demo) by extensions ['ignore', 'ignore_ament_install']
[2.241s] Level 1:colcon.colcon_core.package_identification:_identify(src/serial_motor_demo) by extension 'ignore'
[2.242s] Level 1:colcon.colcon_core.package_identification:_identify(src/serial_motor_demo) by extension 'ignore_ament_install'
[2.243s] Level 1:colcon.colcon_core.package_identification:_identify(src/serial_motor_demo) by extensions ['colcon_pkg']
[2.244s] Level 1:colcon.colcon_core.package_identification:_identify(src/serial_motor_demo) by extension 'colcon_pkg'
[2.245s] Level 1:colcon.colcon_core.package_identification:_identify(src/serial_motor_demo) by extensions ['colcon_meta']
[2.245s] Level 1:colcon.colcon_core.package_identification:_identify(src/serial_motor_demo) by extension 'colcon_meta'
[2.246s] Level 1:colcon.colcon_core.package_identification:_identify(src/serial_motor_demo) by extensions ['ros']
[2.247s] Level 1:colcon.colcon_core.package_identification:_identify(src/serial_motor_demo) by extension 'ros'
[2.248s] Level 1:colcon.colcon_core.package_identification:_identify(src/serial_motor_demo) by extensions ['cmake', 'python']
[2.249s] Level 1:colcon.colcon_core.package_identification:_identify(src/serial_motor_demo) by extension 'cmake'
[2.249s] Level 1:colcon.colcon_core.package_identification:_identify(src/serial_motor_demo) by extension 'python'
[2.250s] Level 1:colcon.colcon_core.package_identification:_identify(src/serial_motor_demo) by extensions ['python_setup_py']
[2.251s] Level 1:colcon.colcon_core.package_identification:_identify(src/serial_motor_demo) by extension 'python_setup_py'
[2.252s] Level 1:colcon.colcon_core.package_identification:_identify(src/serial_motor_demo/serial_motor_demo) by extensions ['ignore', 'ignore_ament_install']
[2.253s] Level 1:colcon.colcon_core.package_identification:_identify(src/serial_motor_demo/serial_motor_demo) by extension 'ignore'
[2.254s] Level 1:colcon.colcon_core.package_identification:_identify(src/serial_motor_demo/serial_motor_demo) by extension 'ignore_ament_install'
[2.255s] Level 1:colcon.colcon_core.package_identification:_identify(src/serial_motor_demo/serial_motor_demo) by extensions ['colcon_pkg']
[2.255s] Level 1:colcon.colcon_core.package_identification:_identify(src/serial_motor_demo/serial_motor_demo) by extension 'colcon_pkg'
[2.256s] Level 1:colcon.colcon_core.package_identification:_identify(src/serial_motor_demo/serial_motor_demo) by extensions ['colcon_meta']
[2.256s] Level 1:colcon.colcon_core.package_identification:_identify(src/serial_motor_demo/serial_motor_demo) by extension 'colcon_meta'
[2.257s] Level 1:colcon.colcon_core.package_identification:_identify(src/serial_motor_demo/serial_motor_demo) by extensions ['ros']
[2.257s] Level 1:colcon.colcon_core.package_identification:_identify(src/serial_motor_demo/serial_motor_demo) by extension 'ros'
[2.264s] DEBUG:colcon.colcon_core.package_identification:Package 'src/serial_motor_demo/serial_motor_demo' with type 'ros.ament_python' and name 'serial_motor_demo'
[2.265s] Level 1:colcon.colcon_core.package_identification:_identify(src/serial_motor_demo/serial_motor_demo_msgs) by extensions ['ignore', 'ignore_ament_install']
[2.266s] Level 1:colcon.colcon_core.package_identification:_identify(src/serial_motor_demo/serial_motor_demo_msgs) by extension 'ignore'
[2.267s] Level 1:colcon.colcon_core.package_identification:_identify(src/serial_motor_demo/serial_motor_demo_msgs) by extension 'ignore_ament_install'
[2.268s] Level 1:colcon.colcon_core.package_identification:_identify(src/serial_motor_demo/serial_motor_demo_msgs) by extensions ['colcon_pkg']
[2.268s] Level 1:colcon.colcon_core.package_identification:_identify(src/serial_motor_demo/serial_motor_demo_msgs) by extension 'colcon_pkg'
[2.269s] Level 1:colcon.colcon_core.package_identification:_identify(src/serial_motor_demo/serial_motor_demo_msgs) by extensions ['colcon_meta']
[2.269s] Level 1:colcon.colcon_core.package_identification:_identify(src/serial_motor_demo/serial_motor_demo_msgs) by extension 'colcon_meta'
[2.270s] Level 1:colcon.colcon_core.package_identification:_identify(src/serial_motor_demo/serial_motor_demo_msgs) by extensions ['ros']
[2.270s] Level 1:colcon.colcon_core.package_identification:_identify(src/serial_motor_demo/serial_motor_demo_msgs) by extension 'ros'
[2.275s] DEBUG:colcon.colcon_core.package_identification:Package 'src/serial_motor_demo/serial_motor_demo_msgs' with type 'ros.ament_cmake' and name 'serial_motor_demo_msgs'
[2.277s] Level 1:colcon.colcon_core.package_identification:_identify(src/tennisbotmaster) by extensions ['ignore', 'ignore_ament_install']
[2.278s] Level 1:colcon.colcon_core.package_identification:_identify(src/tennisbotmaster) by extension 'ignore'
[2.279s] Level 1:colcon.colcon_core.package_identification:_identify(src/tennisbotmaster) by extension 'ignore_ament_install'
[2.280s] Level 1:colcon.colcon_core.package_identification:_identify(src/tennisbotmaster) by extensions ['colcon_pkg']
[2.280s] Level 1:colcon.colcon_core.package_identification:_identify(src/tennisbotmaster) by extension 'colcon_pkg'
[2.281s] Level 1:colcon.colcon_core.package_identification:_identify(src/tennisbotmaster) by extensions ['colcon_meta']
[2.281s] Level 1:colcon.colcon_core.package_identification:_identify(src/tennisbotmaster) by extension 'colcon_meta'
[2.282s] Level 1:colcon.colcon_core.package_identification:_identify(src/tennisbotmaster) by extensions ['ros']
[2.282s] Level 1:colcon.colcon_core.package_identification:_identify(src/tennisbotmaster) by extension 'ros'
[2.286s] DEBUG:colcon.colcon_core.package_identification:Package 'src/tennisbotmaster' with type 'ros.ament_cmake' and name 'tennisbotmaster'
[2.288s] Level 1:colcon.colcon_core.package_identification:_identify(src/twist_stamper) by extensions ['ignore', 'ignore_ament_install']
[2.288s] Level 1:colcon.colcon_core.package_identification:_identify(src/twist_stamper) by extension 'ignore'
[2.289s] Level 1:colcon.colcon_core.package_identification:_identify(src/twist_stamper) by extension 'ignore_ament_install'
[2.290s] Level 1:colcon.colcon_core.package_identification:_identify(src/twist_stamper) by extensions ['colcon_pkg']
[2.290s] Level 1:colcon.colcon_core.package_identification:_identify(src/twist_stamper) by extension 'colcon_pkg'
[2.291s] Level 1:colcon.colcon_core.package_identification:_identify(src/twist_stamper) by extensions ['colcon_meta']
[2.291s] Level 1:colcon.colcon_core.package_identification:_identify(src/twist_stamper) by extension 'colcon_meta'
[2.292s] Level 1:colcon.colcon_core.package_identification:_identify(src/twist_stamper) by extensions ['ros']
[2.292s] Level 1:colcon.colcon_core.package_identification:_identify(src/twist_stamper) by extension 'ros'
[2.297s] DEBUG:colcon.colcon_core.package_identification:Package 'src/twist_stamper' with type 'ros.ament_python' and name 'twist_stamper'
[2.299s] Level 1:colcon.colcon_core.package_identification:_identify(src/yasmin) by extensions ['ignore', 'ignore_ament_install']
[2.300s] Level 1:colcon.colcon_core.package_identification:_identify(src/yasmin) by extension 'ignore'
[2.301s] Level 1:colcon.colcon_core.package_identification:_identify(src/yasmin) by extension 'ignore_ament_install'
[2.301s] Level 1:colcon.colcon_core.package_identification:_identify(src/yasmin) by extensions ['colcon_pkg']
[2.302s] Level 1:colcon.colcon_core.package_identification:_identify(src/yasmin) by extension 'colcon_pkg'
[2.302s] Level 1:colcon.colcon_core.package_identification:_identify(src/yasmin) by extensions ['colcon_meta']
[2.303s] Level 1:colcon.colcon_core.package_identification:_identify(src/yasmin) by extension 'colcon_meta'
[2.303s] Level 1:colcon.colcon_core.package_identification:_identify(src/yasmin) by extensions ['ros']
[2.304s] Level 1:colcon.colcon_core.package_identification:_identify(src/yasmin) by extension 'ros'
[2.306s] Level 1:colcon.colcon_core.package_identification:_identify(src/yasmin) by extensions ['cmake', 'python']
[2.306s] Level 1:colcon.colcon_core.package_identification:_identify(src/yasmin) by extension 'cmake'
[2.307s] Level 1:colcon.colcon_core.package_identification:_identify(src/yasmin) by extension 'python'
[2.307s] Level 1:colcon.colcon_core.package_identification:_identify(src/yasmin) by extensions ['python_setup_py']
[2.307s] Level 1:colcon.colcon_core.package_identification:_identify(src/yasmin) by extension 'python_setup_py'
[2.309s] Level 1:colcon.colcon_core.package_identification:_identify(src/yasmin/docs) by extensions ['ignore', 'ignore_ament_install']
[2.310s] Level 1:colcon.colcon_core.package_identification:_identify(src/yasmin/docs) by extension 'ignore'
[2.311s] Level 1:colcon.colcon_core.package_identification:_identify(src/yasmin/docs) by extension 'ignore_ament_install'
[2.312s] Level 1:colcon.colcon_core.package_identification:_identify(src/yasmin/docs) by extensions ['colcon_pkg']
[2.312s] Level 1:colcon.colcon_core.package_identification:_identify(src/yasmin/docs) by extension 'colcon_pkg'
[2.313s] Level 1:colcon.colcon_core.package_identification:_identify(src/yasmin/docs) by extensions ['colcon_meta']
[2.314s] Level 1:colcon.colcon_core.package_identification:_identify(src/yasmin/docs) by extension 'colcon_meta'
[2.314s] Level 1:colcon.colcon_core.package_identification:_identify(src/yasmin/docs) by extensions ['ros']
[2.315s] Level 1:colcon.colcon_core.package_identification:_identify(src/yasmin/docs) by extension 'ros'
[2.316s] Level 1:colcon.colcon_core.package_identification:_identify(src/yasmin/docs) by extensions ['cmake', 'python']
[2.316s] Level 1:colcon.colcon_core.package_identification:_identify(src/yasmin/docs) by extension 'cmake'
[2.317s] Level 1:colcon.colcon_core.package_identification:_identify(src/yasmin/docs) by extension 'python'
[2.318s] Level 1:colcon.colcon_core.package_identification:_identify(src/yasmin/docs) by extensions ['python_setup_py']
[2.318s] Level 1:colcon.colcon_core.package_identification:_identify(src/yasmin/docs) by extension 'python_setup_py'
[2.319s] Level 1:colcon.colcon_core.package_identification:_identify(src/yasmin/yasmin) by extensions ['ignore', 'ignore_ament_install']
[2.320s] Level 1:colcon.colcon_core.package_identification:_identify(src/yasmin/yasmin) by extension 'ignore'
[2.321s] Level 1:colcon.colcon_core.package_identification:_identify(src/yasmin/yasmin) by extension 'ignore_ament_install'
[2.322s] Level 1:colcon.colcon_core.package_identification:_identify(src/yasmin/yasmin) by extensions ['colcon_pkg']
[2.323s] Level 1:colcon.colcon_core.package_identification:_identify(src/yasmin/yasmin) by extension 'colcon_pkg'
[2.323s] Level 1:colcon.colcon_core.package_identification:_identify(src/yasmin/yasmin) by extensions ['colcon_meta']
[2.324s] Level 1:colcon.colcon_core.package_identification:_identify(src/yasmin/yasmin) by extension 'colcon_meta'
[2.324s] Level 1:colcon.colcon_core.package_identification:_identify(src/yasmin/yasmin) by extensions ['ros']
[2.324s] Level 1:colcon.colcon_core.package_identification:_identify(src/yasmin/yasmin) by extension 'ros'
[2.331s] DEBUG:colcon.colcon_core.package_identification:Package 'src/yasmin/yasmin' with type 'ros.ament_cmake' and name 'yasmin'
[2.333s] Level 1:colcon.colcon_core.package_identification:_identify(src/yasmin/yasmin_demos) by extensions ['ignore', 'ignore_ament_install']
[2.333s] Level 1:colcon.colcon_core.package_identification:_identify(src/yasmin/yasmin_demos) by extension 'ignore'
[2.334s] Level 1:colcon.colcon_core.package_identification:_identify(src/yasmin/yasmin_demos) by extension 'ignore_ament_install'
[2.335s] Level 1:colcon.colcon_core.package_identification:_identify(src/yasmin/yasmin_demos) by extensions ['colcon_pkg']
[2.335s] Level 1:colcon.colcon_core.package_identification:_identify(src/yasmin/yasmin_demos) by extension 'colcon_pkg'
[2.336s] Level 1:colcon.colcon_core.package_identification:_identify(src/yasmin/yasmin_demos) by extensions ['colcon_meta']
[2.336s] Level 1:colcon.colcon_core.package_identification:_identify(src/yasmin/yasmin_demos) by extension 'colcon_meta'
[2.337s] Level 1:colcon.colcon_core.package_identification:_identify(src/yasmin/yasmin_demos) by extensions ['ros']
[2.337s] Level 1:colcon.colcon_core.package_identification:_identify(src/yasmin/yasmin_demos) by extension 'ros'
[2.347s] DEBUG:colcon.colcon_core.package_identification:Package 'src/yasmin/yasmin_demos' with type 'ros.ament_cmake' and name 'yasmin_demos'
[2.348s] Level 1:colcon.colcon_core.package_identification:_identify(src/yasmin/yasmin_msgs) by extensions ['ignore', 'ignore_ament_install']
[2.349s] Level 1:colcon.colcon_core.package_identification:_identify(src/yasmin/yasmin_msgs) by extension 'ignore'
[2.350s] Level 1:colcon.colcon_core.package_identification:_identify(src/yasmin/yasmin_msgs) by extension 'ignore_ament_install'
[2.350s] Level 1:colcon.colcon_core.package_identification:_identify(src/yasmin/yasmin_msgs) by extensions ['colcon_pkg']
[2.351s] Level 1:colcon.colcon_core.package_identification:_identify(src/yasmin/yasmin_msgs) by extension 'colcon_pkg'
[2.351s] Level 1:colcon.colcon_core.package_identification:_identify(src/yasmin/yasmin_msgs) by extensions ['colcon_meta']
[2.351s] Level 1:colcon.colcon_core.package_identification:_identify(src/yasmin/yasmin_msgs) by extension 'colcon_meta'
[2.352s] Level 1:colcon.colcon_core.package_identification:_identify(src/yasmin/yasmin_msgs) by extensions ['ros']
[2.352s] Level 1:colcon.colcon_core.package_identification:_identify(src/yasmin/yasmin_msgs) by extension 'ros'
[2.357s] DEBUG:colcon.colcon_core.package_identification:Package 'src/yasmin/yasmin_msgs' with type 'ros.ament_cmake' and name 'yasmin_msgs'
[2.358s] Level 1:colcon.colcon_core.package_identification:_identify(src/yasmin/yasmin_ros) by extensions ['ignore', 'ignore_ament_install']
[2.359s] Level 1:colcon.colcon_core.package_identification:_identify(src/yasmin/yasmin_ros) by extension 'ignore'
[2.359s] Level 1:colcon.colcon_core.package_identification:_identify(src/yasmin/yasmin_ros) by extension 'ignore_ament_install'
[2.360s] Level 1:colcon.colcon_core.package_identification:_identify(src/yasmin/yasmin_ros) by extensions ['colcon_pkg']
[2.360s] Level 1:colcon.colcon_core.package_identification:_identify(src/yasmin/yasmin_ros) by extension 'colcon_pkg'
[2.361s] Level 1:colcon.colcon_core.package_identification:_identify(src/yasmin/yasmin_ros) by extensions ['colcon_meta']
[2.361s] Level 1:colcon.colcon_core.package_identification:_identify(src/yasmin/yasmin_ros) by extension 'colcon_meta'
[2.362s] Level 1:colcon.colcon_core.package_identification:_identify(src/yasmin/yasmin_ros) by extensions ['ros']
[2.362s] Level 1:colcon.colcon_core.package_identification:_identify(src/yasmin/yasmin_ros) by extension 'ros'
[2.369s] DEBUG:colcon.colcon_core.package_identification:Package 'src/yasmin/yasmin_ros' with type 'ros.ament_cmake' and name 'yasmin_ros'
[2.370s] Level 1:colcon.colcon_core.package_identification:_identify(src/yasmin/yasmin_viewer) by extensions ['ignore', 'ignore_ament_install']
[2.371s] Level 1:colcon.colcon_core.package_identification:_identify(src/yasmin/yasmin_viewer) by extension 'ignore'
[2.371s] Level 1:colcon.colcon_core.package_identification:_identify(src/yasmin/yasmin_viewer) by extension 'ignore_ament_install'
[2.372s] Level 1:colcon.colcon_core.package_identification:_identify(src/yasmin/yasmin_viewer) by extensions ['colcon_pkg']
[2.372s] Level 1:colcon.colcon_core.package_identification:_identify(src/yasmin/yasmin_viewer) by extension 'colcon_pkg'
[2.373s] Level 1:colcon.colcon_core.package_identification:_identify(src/yasmin/yasmin_viewer) by extensions ['colcon_meta']
[2.373s] Level 1:colcon.colcon_core.package_identification:_identify(src/yasmin/yasmin_viewer) by extension 'colcon_meta'
[2.374s] Level 1:colcon.colcon_core.package_identification:_identify(src/yasmin/yasmin_viewer) by extensions ['ros']
[2.374s] Level 1:colcon.colcon_core.package_identification:_identify(src/yasmin/yasmin_viewer) by extension 'ros'
[2.382s] DEBUG:colcon.colcon_core.package_identification:Package 'src/yasmin/yasmin_viewer' with type 'ros.ament_cmake' and name 'yasmin_viewer'
[2.383s] Level 1:colcon.colcon_core.package_discovery:discover_packages(recursive) using defaults
[2.384s] Level 1:colcon.colcon_core.package_discovery:discover_packages(ignore) discover
[2.384s] Level 1:colcon.colcon_core.package_discovery:discover_packages(ignore) using defaults
[2.384s] Level 1:colcon.colcon_core.package_discovery:discover_packages(path) discover
[2.384s] Level 1:colcon.colcon_core.package_discovery:discover_packages(path) using defaults
[2.622s] INFO:colcon.colcon_core.package_selection:Skipping not selected package 'ball_tracker' in 'src/ball_tracker'
[2.622s] INFO:colcon.colcon_core.package_selection:Skipping not selected package 'diffdrive_arduino' in 'src/diffdrive_arduino'
[2.623s] INFO:colcon.colcon_core.package_selection:Skipping not selected package 'ros2_nav_to_pose_msgs' in 'src/ros2_nav_to_pose_msgs'
[2.623s] INFO:colcon.colcon_core.package_selection:Skipping not selected package 'serial_motor_demo_msgs' in 'src/serial_motor_demo/serial_motor_demo_msgs'
[2.623s] INFO:colcon.colcon_core.package_selection:Skipping not selected package 'tennisbotmaster' in 'src/tennisbotmaster'
[2.624s] INFO:colcon.colcon_core.package_selection:Skipping not selected package 'twist_stamper' in 'src/twist_stamper'
[2.624s] INFO:colcon.colcon_core.package_selection:Skipping not selected package 'yasmin' in 'src/yasmin/yasmin'
[2.624s] INFO:colcon.colcon_core.package_selection:Skipping not selected package 'yasmin_msgs' in 'src/yasmin/yasmin_msgs'
[2.625s] INFO:colcon.colcon_core.package_selection:Skipping not selected package 'serial_motor_demo' in 'src/serial_motor_demo/serial_motor_demo'
[2.625s] INFO:colcon.colcon_core.package_selection:Skipping not selected package 'yasmin_ros' in 'src/yasmin/yasmin_ros'
[2.625s] INFO:colcon.colcon_core.package_selection:Skipping not selected package 'yasmin_viewer' in 'src/yasmin/yasmin_viewer'
[2.625s] INFO:colcon.colcon_core.package_selection:Skipping not selected package 'yasmin_demos' in 'src/yasmin/yasmin_demos'
[2.629s] Level 1:colcon.colcon_core.package_discovery:discover_packages(prefix_path) check parameters
[2.630s] Level 1:colcon.colcon_core.package_discovery:discover_packages(prefix_path) discover
[2.671s] DEBUG:colcon.colcon_installed_package_information.package_discovery:Found 13 installed packages in /home/E14Raspberry/ScooperBot/tennisbot_ws/install
[2.707s] DEBUG:colcon.colcon_installed_package_information.package_discovery:Found 341 installed packages in /opt/ros/jazzy
[2.720s] Level 1:colcon.colcon_core.package_discovery:discover_packages(prefix_path) using defaults
[3.366s] Level 5:colcon.colcon_core.verb:set package 'ros2_nav_to_pose' build argument 'cmake_args' from command line to 'None'
[3.367s] Level 5:colcon.colcon_core.verb:set package 'ros2_nav_to_pose' build argument 'cmake_target' from command line to 'None'
[3.367s] Level 5:colcon.colcon_core.verb:set package 'ros2_nav_to_pose' build argument 'cmake_target_skip_unavailable' from command line to 'False'
[3.367s] Level 5:colcon.colcon_core.verb:set package 'ros2_nav_to_pose' build argument 'cmake_clean_cache' from command line to 'False'
[3.368s] Level 5:colcon.colcon_core.verb:set package 'ros2_nav_to_pose' build argument 'cmake_clean_first' from command line to 'False'
[3.368s] Level 5:colcon.colcon_core.verb:set package 'ros2_nav_to_pose' build argument 'cmake_force_configure' from command line to 'False'
[3.368s] Level 5:colcon.colcon_core.verb:set package 'ros2_nav_to_pose' build argument 'ament_cmake_args' from command line to 'None'
[3.369s] Level 5:colcon.colcon_core.verb:set package 'ros2_nav_to_pose' build argument 'catkin_cmake_args' from command line to 'None'
[3.369s] Level 5:colcon.colcon_core.verb:set package 'ros2_nav_to_pose' build argument 'catkin_skip_building_tests' from command line to 'False'
[3.369s] DEBUG:colcon.colcon_core.verb:Building package 'ros2_nav_to_pose' with the following arguments: {'ament_cmake_args': None, 'build_base': '/home/E14Raspberry/ScooperBot/tennisbot_ws/build/ros2_nav_to_pose', 'catkin_cmake_args': None, 'catkin_skip_building_tests': False, 'cmake_args': None, 'cmake_clean_cache': False, 'cmake_clean_first': False, 'cmake_force_configure': False, 'cmake_target': None, 'cmake_target_skip_unavailable': False, 'install_base': '/home/E14Raspberry/ScooperBot/tennisbot_ws/install/ros2_nav_to_pose', 'merge_install': False, 'path': '/home/E14Raspberry/ScooperBot/tennisbot_ws/src/ros2_nav_to_pose', 'symlink_install': True, 'test_result_base': None}
[3.370s] INFO:colcon.colcon_core.executor:Executing jobs using 'parallel' executor
[3.381s] DEBUG:colcon.colcon_parallel_executor.executor.parallel:run_until_complete
[3.384s] INFO:colcon.colcon_ros.task.ament_python.build:Building ROS package in '/home/E14Raspberry/ScooperBot/tennisbot_ws/src/ros2_nav_to_pose' with build type 'ament_python'
[3.389s] Level 1:colcon.colcon_core.shell:create_environment_hook('ros2_nav_to_pose', 'ament_prefix_path')
[3.418s] INFO:colcon.colcon_core.plugin_system:Skipping extension 'colcon_core.shell.bat': Not used on non-Windows systems
[3.421s] INFO:colcon.colcon_core.shell:Creating environment hook '/home/E14Raspberry/ScooperBot/tennisbot_ws/install/ros2_nav_to_pose/share/ros2_nav_to_pose/hook/ament_prefix_path.ps1'
[3.426s] INFO:colcon.colcon_core.shell:Creating environment descriptor '/home/E14Raspberry/ScooperBot/tennisbot_ws/install/ros2_nav_to_pose/share/ros2_nav_to_pose/hook/ament_prefix_path.dsv'
[3.431s] INFO:colcon.colcon_core.shell:Creating environment hook '/home/E14Raspberry/ScooperBot/tennisbot_ws/install/ros2_nav_to_pose/share/ros2_nav_to_pose/hook/ament_prefix_path.sh'
[3.438s] INFO:colcon.colcon_core.shell:Skip shell extension 'powershell' for command environment: Not usable outside of PowerShell
[3.439s] DEBUG:colcon.colcon_core.shell:Skip shell extension 'dsv' for command environment
[6.349s] WARNING:colcon.colcon_ros.task.ament_python.build:Package 'ros2_nav_to_pose' doesn't explicitly install a marker in the package index (colcon-ros currently does it implicitly but that fallback will be removed in the future)
[6.351s] INFO:colcon.colcon_core.task.python.build:Building Python package in '/home/E14Raspberry/ScooperBot/tennisbot_ws/src/ros2_nav_to_pose'
[6.352s] INFO:colcon.colcon_core.shell:Skip shell extension 'powershell' for command environment: Not usable outside of PowerShell
[6.353s] DEBUG:colcon.colcon_core.shell:Skip shell extension 'dsv' for command environment
[14.405s] DEBUG:colcon.colcon_core.event_handler.log_command:Invoking command in '/home/E14Raspberry/ScooperBot/tennisbot_ws/build/ros2_nav_to_pose': PYTHONPATH=/home/E14Raspberry/ScooperBot/tennisbot_ws/build/ros2_nav_to_pose/prefix_override:/usr/lib/python3/dist-packages/colcon_core/task/python/colcon_distutils_commands:/home/E14Raspberry/ScooperBot/tennisbot_ws/install/ros2_nav_to_pose/lib/python3.12/site-packages:${PYTHONPATH} /usr/bin/python3 -W ignore:setup.py install is deprecated setup.py develop --editable --build-directory /home/E14Raspberry/ScooperBot/tennisbot_ws/build/ros2_nav_to_pose/build --no-deps symlink_data
[23.563s] Level 1:colcon.colcon_core.shell:create_environment_hook('ros2_nav_to_pose', 'pythonpath_develop')
[23.565s] INFO:colcon.colcon_core.shell:Creating environment hook '/home/E14Raspberry/ScooperBot/tennisbot_ws/build/ros2_nav_to_pose/share/ros2_nav_to_pose/hook/pythonpath_develop.ps1'
[23.568s] DEBUG:colcon.colcon_core.event_handler.log_command:Invoked command in '/home/E14Raspberry/ScooperBot/tennisbot_ws/build/ros2_nav_to_pose' returned '0': PYTHONPATH=/home/E14Raspberry/ScooperBot/tennisbot_ws/build/ros2_nav_to_pose/prefix_override:/usr/lib/python3/dist-packages/colcon_core/task/python/colcon_distutils_commands:/home/E14Raspberry/ScooperBot/tennisbot_ws/install/ros2_nav_to_pose/lib/python3.12/site-packages:${PYTHONPATH} /usr/bin/python3 -W ignore:setup.py install is deprecated setup.py develop --editable --build-directory /home/E14Raspberry/ScooperBot/tennisbot_ws/build/ros2_nav_to_pose/build --no-deps symlink_data
[23.572s] INFO:colcon.colcon_core.shell:Creating environment descriptor '/home/E14Raspberry/ScooperBot/tennisbot_ws/build/ros2_nav_to_pose/share/ros2_nav_to_pose/hook/pythonpath_develop.dsv'
[23.576s] INFO:colcon.colcon_core.shell:Creating environment hook '/home/E14Raspberry/ScooperBot/tennisbot_ws/build/ros2_nav_to_pose/share/ros2_nav_to_pose/hook/pythonpath_develop.sh'
[23.607s] Level 1:colcon.colcon_core.environment:checking '/home/E14Raspberry/ScooperBot/tennisbot_ws/install/ros2_nav_to_pose' for CMake module files
[23.616s] Level 1:colcon.colcon_core.environment:checking '/home/E14Raspberry/ScooperBot/tennisbot_ws/install/ros2_nav_to_pose' for CMake config files
[23.625s] Level 1:colcon.colcon_core.environment:checking '/home/E14Raspberry/ScooperBot/tennisbot_ws/install/ros2_nav_to_pose/lib'
[23.627s] Level 1:colcon.colcon_core.environment:checking '/home/E14Raspberry/ScooperBot/tennisbot_ws/install/ros2_nav_to_pose/bin'
[23.628s] Level 1:colcon.colcon_core.environment:checking '/home/E14Raspberry/ScooperBot/tennisbot_ws/install/ros2_nav_to_pose/lib/pkgconfig/ros2_nav_to_pose.pc'
[23.630s] Level 1:colcon.colcon_core.environment:checking '/home/E14Raspberry/ScooperBot/tennisbot_ws/install/ros2_nav_to_pose/lib/python3.12/site-packages'
[23.632s] Level 1:colcon.colcon_core.shell:create_environment_hook('ros2_nav_to_pose', 'pythonpath')
[23.633s] INFO:colcon.colcon_core.shell:Creating environment hook '/home/E14Raspberry/ScooperBot/tennisbot_ws/install/ros2_nav_to_pose/share/ros2_nav_to_pose/hook/pythonpath.ps1'
[23.638s] INFO:colcon.colcon_core.shell:Creating environment descriptor '/home/E14Raspberry/ScooperBot/tennisbot_ws/install/ros2_nav_to_pose/share/ros2_nav_to_pose/hook/pythonpath.dsv'
[23.642s] INFO:colcon.colcon_core.shell:Creating environment hook '/home/E14Raspberry/ScooperBot/tennisbot_ws/install/ros2_nav_to_pose/share/ros2_nav_to_pose/hook/pythonpath.sh'
[23.648s] Level 1:colcon.colcon_core.environment:checking '/home/E14Raspberry/ScooperBot/tennisbot_ws/install/ros2_nav_to_pose/bin'
[23.649s] Level 1:colcon.colcon_core.environment:create_environment_scripts_only(ros2_nav_to_pose)
[23.652s] INFO:colcon.colcon_core.shell:Creating package script '/home/E14Raspberry/ScooperBot/tennisbot_ws/install/ros2_nav_to_pose/share/ros2_nav_to_pose/package.ps1'
[23.660s] INFO:colcon.colcon_core.shell:Creating package descriptor '/home/E14Raspberry/ScooperBot/tennisbot_ws/install/ros2_nav_to_pose/share/ros2_nav_to_pose/package.dsv'
[23.667s] INFO:colcon.colcon_core.shell:Creating package script '/home/E14Raspberry/ScooperBot/tennisbot_ws/install/ros2_nav_to_pose/share/ros2_nav_to_pose/package.sh'
[23.674s] INFO:colcon.colcon_core.shell:Creating package script '/home/E14Raspberry/ScooperBot/tennisbot_ws/install/ros2_nav_to_pose/share/ros2_nav_to_pose/package.bash'
[23.682s] INFO:colcon.colcon_core.shell:Creating package script '/home/E14Raspberry/ScooperBot/tennisbot_ws/install/ros2_nav_to_pose/share/ros2_nav_to_pose/package.zsh'
[23.689s] Level 1:colcon.colcon_core.environment:create_file_with_runtime_dependencies(/home/E14Raspberry/ScooperBot/tennisbot_ws/install/ros2_nav_to_pose/share/colcon-core/packages/ros2_nav_to_pose)
[23.692s] DEBUG:colcon.colcon_parallel_executor.executor.parallel:closing loop
[23.695s] DEBUG:colcon.colcon_parallel_executor.executor.parallel:loop closed
[23.696s] DEBUG:colcon.colcon_parallel_executor.executor.parallel:run_until_complete finished with '0'
[23.698s] DEBUG:colcon.colcon_core.event_reactor:joining thread
[23.765s] INFO:colcon.colcon_core.plugin_system:Skipping extension 'colcon_notification.desktop_notification.notify_send': Could not find 'notify-send'
[23.766s] INFO:colcon.colcon_core.plugin_system:Skipping extension 'colcon_notification.desktop_notification.terminal_notifier': Not used on non-Darwin systems
[23.767s] INFO:colcon.colcon_core.plugin_system:Skipping extension 'colcon_notification.desktop_notification.win32': Not used on non-Windows systems
[23.767s] INFO:colcon.colcon_notification.desktop_notification:Sending desktop notification using 'notify2'
[23.776s] DEBUG:colcon.colcon_notification.desktop_notification.notify2:Failed to initialize notify2: org.freedesktop.DBus.Error.ServiceUnknown: The name org.freedesktop.Notifications was not provided by any .service files
[23.778s] DEBUG:colcon.colcon_core.event_reactor:joined thread
[23.780s] INFO:colcon.colcon_core.shell:Creating prefix script '/home/E14Raspberry/ScooperBot/tennisbot_ws/install/local_setup.ps1'
[23.788s] INFO:colcon.colcon_core.shell:Creating prefix util module '/home/E14Raspberry/ScooperBot/tennisbot_ws/install/_local_setup_util_ps1.py'
[23.799s] INFO:colcon.colcon_core.shell:Creating prefix chain script '/home/E14Raspberry/ScooperBot/tennisbot_ws/install/setup.ps1'
[23.822s] INFO:colcon.colcon_core.shell:Creating prefix script '/home/E14Raspberry/ScooperBot/tennisbot_ws/install/local_setup.sh'
[23.827s] INFO:colcon.colcon_core.shell:Creating prefix util module '/home/E14Raspberry/ScooperBot/tennisbot_ws/install/_local_setup_util_sh.py'
[23.833s] INFO:colcon.colcon_core.shell:Creating prefix chain script '/home/E14Raspberry/ScooperBot/tennisbot_ws/install/setup.sh'
[23.855s] INFO:colcon.colcon_core.shell:Creating prefix script '/home/E14Raspberry/ScooperBot/tennisbot_ws/install/local_setup.bash'
[23.859s] INFO:colcon.colcon_core.shell:Creating prefix chain script '/home/E14Raspberry/ScooperBot/tennisbot_ws/install/setup.bash'
[23.880s] INFO:colcon.colcon_core.shell:Creating prefix script '/home/E14Raspberry/ScooperBot/tennisbot_ws/install/local_setup.zsh'
[23.885s] INFO:colcon.colcon_core.shell:Creating prefix chain script '/home/E14Raspberry/ScooperBot/tennisbot_ws/install/setup.zsh'
