[0.301s] Invoking command in '/home/E14Raspberry/ScooperBot/tennisbot_ws/build/ros2_nav_to_pose_msgs': /usr/bin/cmake /home/E14Raspberry/ScooperBot/tennisbot_ws/src/ros2_nav_to_pose_msgs -DCMAKE_INSTALL_PREFIX=/home/E14Raspberry/ScooperBot/tennisbot_ws/install/ros2_nav_to_pose_msgs
[1.613s] -- The C compiler identification is GNU 13.2.0
[2.862s] -- The CXX compiler identification is GNU 13.2.0
[3.363s] -- Detecting C compiler ABI info
[6.886s] -- Detecting C compiler ABI info - done
[7.338s] -- Check for working C compiler: /usr/bin/cc - skipped
[7.351s] -- Detecting C compile features
[7.382s] -- Detecting C compile features - done
[7.744s] -- Detecting CXX compiler ABI info
[11.840s] -- Detecting CXX compiler ABI info - done
[11.995s] -- Check for working CXX compiler: /usr/bin/c++ - skipped
[12.005s] -- Detecting CXX compile features
[12.008s] -- Detecting CXX compile features - done
[12.246s] -- Found ament_cmake: 2.5.2 (/opt/ros/jazzy/share/ament_cmake/cmake)
[17.482s] -- Found Python3: /usr/bin/python3 (found version "3.12.3") found components: Interpreter 
[25.948s] -- Found rclpy: 7.1.1 (/opt/ros/jazzy/share/rclpy/cmake)
[26.551s] -- Found sensor_msgs: 5.3.5 (/opt/ros/jazzy/share/sensor_msgs/cmake)
[29.171s] -- Found rosidl_generator_c: 4.6.3 (/opt/ros/jazzy/share/rosidl_generator_c/cmake)
[30.139s] -- Found rosidl_generator_cpp: 4.6.3 (/opt/ros/jazzy/share/rosidl_generator_cpp/cmake)
[31.042s] -- Using all available rosidl_typesupport_c: rosidl_typesupport_fastrtps_c;rosidl_typesupport_introspection_c
[32.081s] -- Using all available rosidl_typesupport_cpp: rosidl_typesupport_fastrtps_cpp;rosidl_typesupport_introspection_cpp
[35.301s] -- Found rosidl_default_generators: 1.6.0 (/opt/ros/jazzy/share/rosidl_default_generators/cmake)
[36.414s] -- Found rosidl_adapter: 4.6.3 (/opt/ros/jazzy/share/rosidl_adapter/cmake)
[43.404s] Error parsing '/home/E14Raspberry/ScooperBot/tennisbot_ws/src/ros2_nav_to_pose_msgs/package.xml':
[62.707s] Traceback (most recent call last):
[62.711s]   File "/opt/ros/jazzy/share/ament_cmake_core/cmake/core/package_xml_2_cmake.py", line 150, in <module>
[62.715s]     main()
[62.720s]   File "/opt/ros/jazzy/share/ament_cmake_core/cmake/core/package_xml_2_cmake.py", line 53, in main
[62.723s]     raise e
[62.729s]   File "/opt/ros/jazzy/share/ament_cmake_core/cmake/core/package_xml_2_cmake.py", line 49, in main
[62.732s]     package = parse_package_string(
[62.734s]               ^^^^^^^^^^^^^^^^^^^^^
[62.735s]   File "/usr/lib/python3/dist-packages/catkin_pkg/package.py", line 788, in parse_package_string
[62.738s]     pkg.validate(warnings=warnings)
[62.740s]   File "/usr/lib/python3/dist-packages/catkin_pkg/package.py", line 330, in validate
[62.745s]     raise InvalidPackage('\n'.join(errors), self.filename)
[62.746s] catkin_pkg.package.InvalidPackage: Error(s) in package '/home/E14Raspberry/ScooperBot/tennisbot_ws/src/ros2_nav_to_pose_msgs/package.xml':
[62.748s] Invalid email "NA" for person "E14"
[63.082s] [31mCMake Error at /opt/ros/jazzy/share/ament_cmake_core/cmake/core/ament_package_xml.cmake:95 (message):
[63.084s]   execute_process(/usr/bin/python3
[63.086s]   /opt/ros/jazzy/share/ament_cmake_core/cmake/core/package_xml_2_cmake.py
[63.087s]   /home/E14Raspberry/ScooperBot/tennisbot_ws/src/ros2_nav_to_pose_msgs/package.xml
[63.088s]   /home/E14Raspberry/ScooperBot/tennisbot_ws/build/ros2_nav_to_pose_msgs/ament_cmake_core/package.cmake)
[63.090s]   returned error code 1
[63.091s] Call Stack (most recent call first):
[63.092s]   /opt/ros/jazzy/share/ament_cmake_core/cmake/core/ament_package_xml.cmake:49 (_ament_package_xml)
[63.094s]   /opt/ros/jazzy/share/rosidl_cmake/cmake/rosidl_generate_interfaces.cmake:220 (ament_package_xml)
[63.095s]   CMakeLists.txt:26 (rosidl_generate_interfaces)
[63.097s] 
[63.098s] [0m
[63.101s] -- Configuring incomplete, errors occurred!
