[10.819s] Invoking command in '/home/E14Raspberry/ScooperBot/tennisbot_ws/build/ball_tracker': PYTHONPATH=/home/E14Raspberry/ScooperBot/tennisbot_ws/build/ball_tracker/prefix_override:/usr/lib/python3/dist-packages/colcon_core/task/python/colcon_distutils_commands:/home/E14Raspberry/ScooperBot/tennisbot_ws/install/ball_tracker/lib/python3.12/site-packages:${PYTHONPATH} /usr/bin/python3 -W ignore:setup.py install is deprecated setup.py develop --editable --build-directory /home/E14Raspberry/ScooperBot/tennisbot_ws/build/ball_tracker/build --no-deps symlink_data
[15.330s] running develop
[15.338s] /usr/lib/python3/dist-packages/setuptools/command/develop.py:40: EasyInstallDeprecationWarning: easy_install command is deprecated.
[15.343s] !!
[15.344s] 
[15.350s]         ********************************************************************************
[15.355s]         Please avoid running ``setup.py`` and ``easy_install``.
[15.356s]         Instead, use pypa/build, pypa/installer or other
[15.357s]         standards-based tools.
[15.358s] 
[15.360s]         See https://github.com/pypa/setuptools/issues/917 for details.
[15.361s]         ********************************************************************************
[15.362s] 
[15.363s] !!
[15.365s]   easy_install.initialize_options(self)
[18.367s] running egg_info
[18.630s] writing ball_tracker.egg-info/PKG-INFO
[18.632s] writing dependency_links to ball_tracker.egg-info/dependency_links.txt
[18.635s] writing entry points to ball_tracker.egg-info/entry_points.txt
[18.637s] writing requirements to ball_tracker.egg-info/requires.txt
[18.639s] writing top-level names to ball_tracker.egg-info/top_level.txt
[19.179s] reading manifest file 'ball_tracker.egg-info/SOURCES.txt'
[19.191s] writing manifest file 'ball_tracker.egg-info/SOURCES.txt'
[19.471s] running build_ext
[19.474s] Creating /home/E14Raspberry/ScooperBot/tennisbot_ws/install/ball_tracker/lib/python3.12/site-packages/ball-tracker.egg-link (link to .)
[19.479s] Installing detect_ball script to /home/E14Raspberry/ScooperBot/tennisbot_ws/install/ball_tracker/lib/ball_tracker
[19.482s] Installing detect_ball_3d script to /home/E14Raspberry/ScooperBot/tennisbot_ws/install/ball_tracker/lib/ball_tracker
[19.484s] Installing detect_ball_nn script to /home/E14Raspberry/ScooperBot/tennisbot_ws/install/ball_tracker/lib/ball_tracker
[19.486s] Installing detect_ball_nn_offload script to /home/E14Raspberry/ScooperBot/tennisbot_ws/install/ball_tracker/lib/ball_tracker
[19.488s] Installing follow_ball script to /home/E14Raspberry/ScooperBot/tennisbot_ws/install/ball_tracker/lib/ball_tracker
[19.490s] Installing follow_ball_action_server script to /home/E14Raspberry/ScooperBot/tennisbot_ws/install/ball_tracker/lib/ball_tracker
[19.495s] 
[19.496s] Installed /home/E14Raspberry/ScooperBot/tennisbot_ws/build/ball_tracker
[19.498s] running symlink_data
[19.792s] Invoked command in '/home/E14Raspberry/ScooperBot/tennisbot_ws/build/ball_tracker' returned '0': PYTHONPATH=/home/E14Raspberry/ScooperBot/tennisbot_ws/build/ball_tracker/prefix_override:/usr/lib/python3/dist-packages/colcon_core/task/python/colcon_distutils_commands:/home/E14Raspberry/ScooperBot/tennisbot_ws/install/ball_tracker/lib/python3.12/site-packages:${PYTHONPATH} /usr/bin/python3 -W ignore:setup.py install is deprecated setup.py develop --editable --build-directory /home/E14Raspberry/ScooperBot/tennisbot_ws/build/ball_tracker/build --no-deps symlink_data
