-- The C compiler identification is GNU 13.2.0
-- The CXX compiler identification is GNU 13.2.0
-- Detecting C compiler ABI info
-- Detecting C compiler ABI info - done
-- Check for working C compiler: /usr/bin/cc - skipped
-- Detecting C compile features
-- Detecting C compile features - done
-- Detecting CXX compiler ABI info
-- Detecting CXX compiler ABI info - done
-- Check for working CXX compiler: /usr/bin/c++ - skipped
-- Detecting CXX compile features
-- Detecting CXX compile features - done
-- Build for ROS2 Jazzy
-- Found ament_cmake: 2.5.2 (/opt/ros/jazzy/share/ament_cmake/cmake)
-- Found Python3: /usr/bin/python3 (found version "3.12.3") found components: Interpreter 
-- Override CMake install command with custom implementation using symlinks instead of copying resources
-- Found rclcpp: 28.1.3 (/opt/ros/jazzy/share/rclcpp/cmake)
-- Found rosidl_generator_c: 4.6.3 (/opt/ros/jazzy/share/rosidl_generator_c/cmake)
-- Found rosidl_generator_cpp: 4.6.3 (/opt/ros/jazzy/share/rosidl_generator_cpp/cmake)
-- Using all available rosidl_typesupport_c: rosidl_typesupport_fastrtps_c;rosidl_typesupport_introspection_c
-- Using all available rosidl_typesupport_cpp: rosidl_typesupport_fastrtps_cpp;rosidl_typesupport_introspection_cpp
-- Found rmw_implementation_cmake: 7.3.1 (/opt/ros/jazzy/share/rmw_implementation_cmake/cmake)
-- Found rmw_fastrtps_cpp: 8.4.1 (/opt/ros/jazzy/share/rmw_fastrtps_cpp/cmake)
-- Found OpenSSL: /usr/lib/aarch64-linux-gnu/libcrypto.so (found version "3.0.13")  
-- Found FastRTPS: /opt/ros/jazzy/include (Required is at least version "2.13") 
-- Using RMW implementation 'rmw_fastrtps_cpp' as default
-- Found rclcpp_action: 28.1.3 (/opt/ros/jazzy/share/rclcpp_action/cmake)
-- Found rclpy: 7.1.1 (/opt/ros/jazzy/share/rclpy/cmake)
-- Found yasmin: 2.3.1 (/home/E14Raspberry/ScooperBot/tennisbot_ws/install/yasmin/share/yasmin/cmake)
-- Configuring done (25.7s)
-- Generating done (0.1s)
-- Build files have been written to: /home/E14Raspberry/ScooperBot/tennisbot_ws/build/yasmin_ros
[ 20%] [32mBuilding CXX object CMakeFiles/yasmin_ros_lib.dir/src/yasmin_ros/yasmin_node.cpp.o[0m
[ 40%] [32mBuilding CXX object CMakeFiles/yasmin_ros_lib.dir/src/yasmin_ros/service_state.cpp.o[0m
[ 60%] [32mBuilding CXX object CMakeFiles/yasmin_ros_lib.dir/src/yasmin_ros/action_state.cpp.o[0m
[ 80%] [32mBuilding CXX object CMakeFiles/yasmin_ros_lib.dir/src/yasmin_ros/monitor_state.cpp.o[0m
[100%] [32m[1mLinking CXX static library libyasmin_ros_lib.a[0m
[100%] Built target yasmin_ros_lib
[100%] Built target ament_cmake_python_symlink_yasmin_ros
running egg_info
creating yasmin_ros.egg-info
writing yasmin_ros.egg-info/PKG-INFO
writing dependency_links to yasmin_ros.egg-info/dependency_links.txt
writing top-level names to yasmin_ros.egg-info/top_level.txt
writing manifest file 'yasmin_ros.egg-info/SOURCES.txt'
reading manifest file 'yasmin_ros.egg-info/SOURCES.txt'
writing manifest file 'yasmin_ros.egg-info/SOURCES.txt'
[100%] Built target ament_cmake_python_build_yasmin_ros_egg
-- Install configuration: ""
-- Execute custom install script
-- Symlinking: /home/E14Raspberry/ScooperBot/tennisbot_ws/install/yasmin_ros/lib/libyasmin_ros_lib.a
-- Symlinking: /home/E14Raspberry/ScooperBot/tennisbot_ws/install/yasmin_ros/include//yasmin_ros/action_state.hpp
-- Symlinking: /home/E14Raspberry/ScooperBot/tennisbot_ws/install/yasmin_ros/include//yasmin_ros/basic_outcomes.hpp
-- Symlinking: /home/E14Raspberry/ScooperBot/tennisbot_ws/install/yasmin_ros/include//yasmin_ros/monitor_state.hpp
-- Symlinking: /home/E14Raspberry/ScooperBot/tennisbot_ws/install/yasmin_ros/include//yasmin_ros/service_state.hpp
-- Symlinking: /home/E14Raspberry/ScooperBot/tennisbot_ws/install/yasmin_ros/include//yasmin_ros/yasmin_node.hpp
-- Symlinking: /home/E14Raspberry/ScooperBot/tennisbot_ws/install/yasmin_ros/share/yasmin_ros/environment/library_path.sh
-- Symlinking: /home/E14Raspberry/ScooperBot/tennisbot_ws/install/yasmin_ros/share/yasmin_ros/environment/library_path.dsv
-- Symlinking: /home/E14Raspberry/ScooperBot/tennisbot_ws/install/yasmin_ros/share/yasmin_ros/environment/pythonpath.sh
-- Symlinking: /home/E14Raspberry/ScooperBot/tennisbot_ws/install/yasmin_ros/share/yasmin_ros/environment/pythonpath.dsv
-- Symlinking: /home/E14Raspberry/ScooperBot/tennisbot_ws/install/yasmin_ros/lib/python3.12/site-packages/yasmin_ros-2.3.1-py3.12.egg-info/PKG-INFO
-- Symlinking: /home/E14Raspberry/ScooperBot/tennisbot_ws/install/yasmin_ros/lib/python3.12/site-packages/yasmin_ros-2.3.1-py3.12.egg-info/SOURCES.txt
-- Symlinking: /home/E14Raspberry/ScooperBot/tennisbot_ws/install/yasmin_ros/lib/python3.12/site-packages/yasmin_ros-2.3.1-py3.12.egg-info/dependency_links.txt
-- Symlinking: /home/E14Raspberry/ScooperBot/tennisbot_ws/install/yasmin_ros/lib/python3.12/site-packages/yasmin_ros-2.3.1-py3.12.egg-info/top_level.txt
-- Symlinking: /home/E14Raspberry/ScooperBot/tennisbot_ws/install/yasmin_ros/lib/python3.12/site-packages/yasmin_ros/__init__.py
-- Symlinking: /home/E14Raspberry/ScooperBot/tennisbot_ws/install/yasmin_ros/lib/python3.12/site-packages/yasmin_ros/action_state.py
-- Symlinking: /home/E14Raspberry/ScooperBot/tennisbot_ws/install/yasmin_ros/lib/python3.12/site-packages/yasmin_ros/basic_outcomes.py
-- Symlinking: /home/E14Raspberry/ScooperBot/tennisbot_ws/install/yasmin_ros/lib/python3.12/site-packages/yasmin_ros/monitor_state.py
-- Symlinking: /home/E14Raspberry/ScooperBot/tennisbot_ws/install/yasmin_ros/lib/python3.12/site-packages/yasmin_ros/service_state.py
-- Symlinking: /home/E14Raspberry/ScooperBot/tennisbot_ws/install/yasmin_ros/lib/python3.12/site-packages/yasmin_ros/yasmin_node.py
-- Symlinking: /home/E14Raspberry/ScooperBot/tennisbot_ws/install/yasmin_ros/pytests//run_pytests.sh
-- Symlinking: /home/E14Raspberry/ScooperBot/tennisbot_ws/install/yasmin_ros/pytests//test_yasmin_ros.py
-- Symlinking: /home/E14Raspberry/ScooperBot/tennisbot_ws/install/yasmin_ros/lib/yasmin_ros/run_pytests.sh
-- Symlinking: /home/E14Raspberry/ScooperBot/tennisbot_ws/install/yasmin_ros/share/ament_index/resource_index/package_run_dependencies/yasmin_ros
-- Symlinking: /home/E14Raspberry/ScooperBot/tennisbot_ws/install/yasmin_ros/share/ament_index/resource_index/parent_prefix_path/yasmin_ros
-- Symlinking: /home/E14Raspberry/ScooperBot/tennisbot_ws/install/yasmin_ros/share/yasmin_ros/environment/ament_prefix_path.sh
-- Symlinking: /home/E14Raspberry/ScooperBot/tennisbot_ws/install/yasmin_ros/share/yasmin_ros/environment/ament_prefix_path.dsv
-- Symlinking: /home/E14Raspberry/ScooperBot/tennisbot_ws/install/yasmin_ros/share/yasmin_ros/environment/path.sh
-- Symlinking: /home/E14Raspberry/ScooperBot/tennisbot_ws/install/yasmin_ros/share/yasmin_ros/environment/path.dsv
-- Symlinking: /home/E14Raspberry/ScooperBot/tennisbot_ws/install/yasmin_ros/share/yasmin_ros/local_setup.bash
-- Symlinking: /home/E14Raspberry/ScooperBot/tennisbot_ws/install/yasmin_ros/share/yasmin_ros/local_setup.sh
-- Symlinking: /home/E14Raspberry/ScooperBot/tennisbot_ws/install/yasmin_ros/share/yasmin_ros/local_setup.zsh
-- Symlinking: /home/E14Raspberry/ScooperBot/tennisbot_ws/install/yasmin_ros/share/yasmin_ros/local_setup.dsv
-- Symlinking: /home/E14Raspberry/ScooperBot/tennisbot_ws/install/yasmin_ros/share/yasmin_ros/package.dsv
-- Symlinking: /home/E14Raspberry/ScooperBot/tennisbot_ws/install/yasmin_ros/share/ament_index/resource_index/packages/yasmin_ros
-- Symlinking: /home/E14Raspberry/ScooperBot/tennisbot_ws/install/yasmin_ros/share/yasmin_ros/cmake/ament_cmake_export_include_directories-extras.cmake
-- Symlinking: /home/E14Raspberry/ScooperBot/tennisbot_ws/install/yasmin_ros/share/yasmin_ros/cmake/ament_cmake_export_libraries-extras.cmake
-- Symlinking: /home/E14Raspberry/ScooperBot/tennisbot_ws/install/yasmin_ros/share/yasmin_ros/cmake/ament_cmake_export_dependencies-extras.cmake
-- Symlinking: /home/E14Raspberry/ScooperBot/tennisbot_ws/install/yasmin_ros/share/yasmin_ros/cmake/yasmin_rosConfig.cmake
-- Symlinking: /home/E14Raspberry/ScooperBot/tennisbot_ws/install/yasmin_ros/share/yasmin_ros/cmake/yasmin_rosConfig-version.cmake
-- Symlinking: /home/E14Raspberry/ScooperBot/tennisbot_ws/install/yasmin_ros/share/yasmin_ros/package.xml
Listing '/home/E14Raspberry/ScooperBot/tennisbot_ws/install/yasmin_ros/lib/python3.12/site-packages/yasmin_ros'...
Compiling '/home/E14Raspberry/ScooperBot/tennisbot_ws/install/yasmin_ros/lib/python3.12/site-packages/yasmin_ros/__init__.py'...
Compiling '/home/E14Raspberry/ScooperBot/tennisbot_ws/install/yasmin_ros/lib/python3.12/site-packages/yasmin_ros/action_state.py'...
Compiling '/home/E14Raspberry/ScooperBot/tennisbot_ws/install/yasmin_ros/lib/python3.12/site-packages/yasmin_ros/basic_outcomes.py'...
Compiling '/home/E14Raspberry/ScooperBot/tennisbot_ws/install/yasmin_ros/lib/python3.12/site-packages/yasmin_ros/monitor_state.py'...
Compiling '/home/E14Raspberry/ScooperBot/tennisbot_ws/install/yasmin_ros/lib/python3.12/site-packages/yasmin_ros/service_state.py'...
Compiling '/home/E14Raspberry/ScooperBot/tennisbot_ws/install/yasmin_ros/lib/python3.12/site-packages/yasmin_ros/yasmin_node.py'...
