[0.081s] Invoking command in '/home/E14Raspberry/ScooperBot/tennisbot_ws/build/tennisbotmaster': CMAKE_PREFIX_PATH=${CMAKE_PREFIX_PATH}:/home/E14Raspberry/ScooperBot/tennisbot_ws/install/twist_stamper:/home/E14Raspberry/ScooperBot/tennisbot_ws/install/serial_motor_demo:/opt/ros/jazzy /usr/bin/cmake --build /home/E14Raspberry/ScooperBot/tennisbot_ws/build/tennisbotmaster -- -j4 -l4
[1.378s] Invoked command in '/home/E14Raspberry/ScooperBot/tennisbot_ws/build/tennisbotmaster' returned '0': CMAKE_PREFIX_PATH=${CMAKE_PREFIX_PATH}:/home/E14Raspberry/ScooperBot/tennisbot_ws/install/twist_stamper:/home/E14Raspberry/ScooperBot/tennisbot_ws/install/serial_motor_demo:/opt/ros/jazzy /usr/bin/cmake --build /home/E14Raspberry/ScooperBot/tennisbot_ws/build/tennisbotmaster -- -j4 -l4
[1.538s] Invoking command in '/home/E14Raspberry/ScooperBot/tennisbot_ws/build/tennisbotmaster': CMAKE_PREFIX_PATH=${CMAKE_PREFIX_PATH}:/home/E14Raspberry/ScooperBot/tennisbot_ws/install/twist_stamper:/home/E14Raspberry/ScooperBot/tennisbot_ws/install/serial_motor_demo:/opt/ros/jazzy /usr/bin/cmake --install /home/E14Raspberry/ScooperBot/tennisbot_ws/build/tennisbotmaster
[1.600s] -- Install configuration: ""
[1.604s] -- Execute custom install script
[1.605s] -- Up-to-date symlink: /home/E14Raspberry/ScooperBot/tennisbot_ws/install/tennisbotmaster/share/tennisbotmaster/description/inertial_macros.xacro
[1.612s] -- Up-to-date symlink: /home/E14Raspberry/ScooperBot/tennisbot_ws/install/tennisbotmaster/share/tennisbotmaster/description/robot.urdf.xacro
[1.612s] -- Up-to-date symlink: /home/E14Raspberry/ScooperBot/tennisbot_ws/install/tennisbotmaster/share/tennisbotmaster/description/robot_core.xacro
[1.613s] -- Up-to-date symlink: /home/E14Raspberry/ScooperBot/tennisbot_ws/install/tennisbotmaster/share/tennisbotmaster/description/ros2_control.xacro
[1.619s] -- Up-to-date symlink: /home/E14Raspberry/ScooperBot/tennisbot_ws/install/tennisbotmaster/share/tennisbotmaster/launch/robot_state_pub.launch.py
[1.619s] -- Up-to-date symlink: /home/E14Raspberry/ScooperBot/tennisbot_ws/install/tennisbotmaster/share/tennisbotmaster/launch/start_robot_ctlr.launch.py
[1.621s] -- Up-to-date symlink: /home/E14Raspberry/ScooperBot/tennisbot_ws/install/tennisbotmaster/share/tennisbotmaster/config/my_controllers.yaml
[1.621s] -- Up-to-date symlink: /home/E14Raspberry/ScooperBot/tennisbot_ws/install/tennisbotmaster/share/ament_index/resource_index/package_run_dependencies/tennisbotmaster
[1.624s] -- Up-to-date symlink: /home/E14Raspberry/ScooperBot/tennisbot_ws/install/tennisbotmaster/share/ament_index/resource_index/parent_prefix_path/tennisbotmaster
[1.625s] -- Up-to-date symlink: /home/E14Raspberry/ScooperBot/tennisbot_ws/install/tennisbotmaster/share/tennisbotmaster/environment/ament_prefix_path.sh
[1.627s] -- Up-to-date symlink: /home/E14Raspberry/ScooperBot/tennisbot_ws/install/tennisbotmaster/share/tennisbotmaster/environment/ament_prefix_path.dsv
[1.628s] -- Up-to-date symlink: /home/E14Raspberry/ScooperBot/tennisbot_ws/install/tennisbotmaster/share/tennisbotmaster/environment/path.sh
[1.632s] -- Up-to-date symlink: /home/E14Raspberry/ScooperBot/tennisbot_ws/install/tennisbotmaster/share/tennisbotmaster/environment/path.dsv
[1.632s] -- Up-to-date symlink: /home/E14Raspberry/ScooperBot/tennisbot_ws/install/tennisbotmaster/share/tennisbotmaster/local_setup.bash
[1.637s] -- Up-to-date symlink: /home/E14Raspberry/ScooperBot/tennisbot_ws/install/tennisbotmaster/share/tennisbotmaster/local_setup.sh
[1.638s] -- Up-to-date symlink: /home/E14Raspberry/ScooperBot/tennisbot_ws/install/tennisbotmaster/share/tennisbotmaster/local_setup.zsh
[1.638s] -- Up-to-date symlink: /home/E14Raspberry/ScooperBot/tennisbot_ws/install/tennisbotmaster/share/tennisbotmaster/local_setup.dsv
[1.640s] -- Symlinking: /home/E14Raspberry/ScooperBot/tennisbot_ws/install/tennisbotmaster/share/tennisbotmaster/package.dsv
[1.694s] -- Up-to-date symlink: /home/E14Raspberry/ScooperBot/tennisbot_ws/install/tennisbotmaster/share/ament_index/resource_index/packages/tennisbotmaster
[1.695s] -- Up-to-date symlink: /home/E14Raspberry/ScooperBot/tennisbot_ws/install/tennisbotmaster/share/tennisbotmaster/cmake/tennisbotmasterConfig.cmake
[1.699s] -- Up-to-date symlink: /home/E14Raspberry/ScooperBot/tennisbot_ws/install/tennisbotmaster/share/tennisbotmaster/cmake/tennisbotmasterConfig-version.cmake
[1.700s] -- Up-to-date symlink: /home/E14Raspberry/ScooperBot/tennisbot_ws/install/tennisbotmaster/share/tennisbotmaster/package.xml
[1.711s] Invoked command in '/home/E14Raspberry/ScooperBot/tennisbot_ws/build/tennisbotmaster' returned '0': CMAKE_PREFIX_PATH=${CMAKE_PREFIX_PATH}:/home/E14Raspberry/ScooperBot/tennisbot_ws/install/twist_stamper:/home/E14Raspberry/ScooperBot/tennisbot_ws/install/serial_motor_demo:/opt/ros/jazzy /usr/bin/cmake --install /home/E14Raspberry/ScooperBot/tennisbot_ws/build/tennisbotmaster
