[9.958s] Invoking command in '/home/E14Raspberry/ScooperBot/tennisbot_ws/build/ros2_nav_to_pose': PYTHONPATH=/home/E14Raspberry/ScooperBot/tennisbot_ws/build/ros2_nav_to_pose/prefix_override:/usr/lib/python3/dist-packages/colcon_core/task/python/colcon_distutils_commands:/home/E14Raspberry/ScooperBot/tennisbot_ws/install/ros2_nav_to_pose/lib/python3.12/site-packages:${PYTHONPATH} /usr/bin/python3 -W ignore:setup.py install is deprecated setup.py develop --editable --build-directory /home/E14Raspberry/ScooperBot/tennisbot_ws/build/ros2_nav_to_pose/build --no-deps symlink_data
[14.129s] running develop
[14.131s] /usr/lib/python3/dist-packages/setuptools/command/develop.py:40: EasyInstallDeprecationWarning: easy_install command is deprecated.
[14.132s] !!
[14.134s] 
[14.135s]         ********************************************************************************
[14.137s]         Please avoid running ``setup.py`` and ``easy_install``.
[14.138s]         Instead, use pypa/build, pypa/installer or other
[14.139s]         standards-based tools.
[14.141s] 
[14.142s]         See https://github.com/pypa/setuptools/issues/917 for details.
[14.143s]         ********************************************************************************
[14.144s] 
[14.145s] !!
[14.146s]   easy_install.initialize_options(self)
[16.899s] running egg_info
[17.159s] writing ros2_nav_to_pose.egg-info/PKG-INFO
[17.162s] writing dependency_links to ros2_nav_to_pose.egg-info/dependency_links.txt
[17.164s] writing entry points to ros2_nav_to_pose.egg-info/entry_points.txt
[17.166s] writing requirements to ros2_nav_to_pose.egg-info/requires.txt
[17.171s] writing top-level names to ros2_nav_to_pose.egg-info/top_level.txt
[17.704s] reading manifest file 'ros2_nav_to_pose.egg-info/SOURCES.txt'
[17.712s] writing manifest file 'ros2_nav_to_pose.egg-info/SOURCES.txt'
[17.993s] running build_ext
[17.994s] Creating /home/E14Raspberry/ScooperBot/tennisbot_ws/install/ros2_nav_to_pose/lib/python3.12/site-packages/ros2-nav-to-pose.egg-link (link to .)
[18.002s] Installing nav_to_pose_action_client script to /home/E14Raspberry/ScooperBot/tennisbot_ws/install/ros2_nav_to_pose/lib/ros2_nav_to_pose
[18.007s] Installing nav_to_pose_action_server script to /home/E14Raspberry/ScooperBot/tennisbot_ws/install/ros2_nav_to_pose/lib/ros2_nav_to_pose
[18.009s] 
[18.010s] Installed /home/E14Raspberry/ScooperBot/tennisbot_ws/build/ros2_nav_to_pose
[18.012s] running symlink_data
[18.273s] Invoked command in '/home/E14Raspberry/ScooperBot/tennisbot_ws/build/ros2_nav_to_pose' returned '0': PYTHONPATH=/home/E14Raspberry/ScooperBot/tennisbot_ws/build/ros2_nav_to_pose/prefix_override:/usr/lib/python3/dist-packages/colcon_core/task/python/colcon_distutils_commands:/home/E14Raspberry/ScooperBot/tennisbot_ws/install/ros2_nav_to_pose/lib/python3.12/site-packages:${PYTHONPATH} /usr/bin/python3 -W ignore:setup.py install is deprecated setup.py develop --editable --build-directory /home/E14Raspberry/ScooperBot/tennisbot_ws/build/ros2_nav_to_pose/build --no-deps symlink_data
