[ 25%] Built target yasmin_demo
[ 50%] Built target monitor_demo
[ 75%] Built target action_client_demo
[100%] Built target service_client_demo
[100%] Built target ament_cmake_python_symlink_yasmin_demos
running egg_info
writing yasmin_demos.egg-info/PKG-INFO
writing dependency_links to yasmin_demos.egg-info/dependency_links.txt
writing top-level names to yasmin_demos.egg-info/top_level.txt
reading manifest file 'yasmin_demos.egg-info/SOURCES.txt'
writing manifest file 'yasmin_demos.egg-info/SOURCES.txt'
[100%] Built target ament_cmake_python_build_yasmin_demos_egg
-- Install configuration: ""
-- Execute custom install script
-- Up-to-date symlink: /home/E14Raspberry/ScooperBot/tennisbot_ws/install/yasmin_demos/lib/yasmin_demos/yasmin_demo
-- Up-to-date symlink: /home/E14Raspberry/ScooperBot/tennisbot_ws/install/yasmin_demos/lib/yasmin_demos/monitor_demo
-- Up-to-date symlink: /home/E14Raspberry/ScooperBot/tennisbot_ws/install/yasmin_demos/lib/yasmin_demos/service_client_demo
-- Up-to-date symlink: /home/E14Raspberry/ScooperBot/tennisbot_ws/install/yasmin_demos/lib/yasmin_demos/action_client_demo
-- Up-to-date symlink: /home/E14Raspberry/ScooperBot/tennisbot_ws/install/yasmin_demos/share/yasmin_demos/environment/library_path.sh
-- Up-to-date symlink: /home/E14Raspberry/ScooperBot/tennisbot_ws/install/yasmin_demos/share/yasmin_demos/environment/library_path.dsv
-- Up-to-date symlink: /home/E14Raspberry/ScooperBot/tennisbot_ws/install/yasmin_demos/share/yasmin_demos/environment/pythonpath.sh
-- Up-to-date symlink: /home/E14Raspberry/ScooperBot/tennisbot_ws/install/yasmin_demos/share/yasmin_demos/environment/pythonpath.dsv
-- Up-to-date symlink: /home/E14Raspberry/ScooperBot/tennisbot_ws/install/yasmin_demos/lib/python3.12/site-packages/yasmin_demos-2.3.1-py3.12.egg-info/PKG-INFO
-- Up-to-date symlink: /home/E14Raspberry/ScooperBot/tennisbot_ws/install/yasmin_demos/lib/python3.12/site-packages/yasmin_demos-2.3.1-py3.12.egg-info/SOURCES.txt
-- Up-to-date symlink: /home/E14Raspberry/ScooperBot/tennisbot_ws/install/yasmin_demos/lib/python3.12/site-packages/yasmin_demos-2.3.1-py3.12.egg-info/dependency_links.txt
-- Up-to-date symlink: /home/E14Raspberry/ScooperBot/tennisbot_ws/install/yasmin_demos/lib/python3.12/site-packages/yasmin_demos-2.3.1-py3.12.egg-info/top_level.txt
-- Up-to-date symlink: /home/E14Raspberry/ScooperBot/tennisbot_ws/install/yasmin_demos/lib/python3.12/site-packages/yasmin_demos/__init__.py
-- Up-to-date symlink: /home/E14Raspberry/ScooperBot/tennisbot_ws/install/yasmin_demos/lib/python3.12/site-packages/yasmin_demos/action_client_demo.py
-- Up-to-date symlink: /home/E14Raspberry/ScooperBot/tennisbot_ws/install/yasmin_demos/lib/python3.12/site-packages/yasmin_demos/monitor_demo.py
-- Up-to-date symlink: /home/E14Raspberry/ScooperBot/tennisbot_ws/install/yasmin_demos/lib/python3.12/site-packages/yasmin_demos/nav_demo.py
-- Up-to-date symlink: /home/E14Raspberry/ScooperBot/tennisbot_ws/install/yasmin_demos/lib/python3.12/site-packages/yasmin_demos/service_client_demo.py
-- Up-to-date symlink: /home/E14Raspberry/ScooperBot/tennisbot_ws/install/yasmin_demos/lib/python3.12/site-packages/yasmin_demos/yasmin_demo.py
-- Up-to-date symlink: /home/E14Raspberry/ScooperBot/tennisbot_ws/install/yasmin_demos/lib/yasmin_demos/yasmin_demo.py
-- Up-to-date symlink: /home/E14Raspberry/ScooperBot/tennisbot_ws/install/yasmin_demos/lib/yasmin_demos/monitor_demo.py
-- Up-to-date symlink: /home/E14Raspberry/ScooperBot/tennisbot_ws/install/yasmin_demos/lib/yasmin_demos/service_client_demo.py
-- Up-to-date symlink: /home/E14Raspberry/ScooperBot/tennisbot_ws/install/yasmin_demos/lib/yasmin_demos/action_client_demo.py
-- Up-to-date symlink: /home/E14Raspberry/ScooperBot/tennisbot_ws/install/yasmin_demos/lib/yasmin_demos/nav_demo.py
-- Up-to-date symlink: /home/E14Raspberry/ScooperBot/tennisbot_ws/install/yasmin_demos/share/ament_index/resource_index/package_run_dependencies/yasmin_demos
-- Up-to-date symlink: /home/E14Raspberry/ScooperBot/tennisbot_ws/install/yasmin_demos/share/ament_index/resource_index/parent_prefix_path/yasmin_demos
-- Up-to-date symlink: /home/E14Raspberry/ScooperBot/tennisbot_ws/install/yasmin_demos/share/yasmin_demos/environment/ament_prefix_path.sh
-- Up-to-date symlink: /home/E14Raspberry/ScooperBot/tennisbot_ws/install/yasmin_demos/share/yasmin_demos/environment/ament_prefix_path.dsv
-- Up-to-date symlink: /home/E14Raspberry/ScooperBot/tennisbot_ws/install/yasmin_demos/share/yasmin_demos/environment/path.sh
-- Up-to-date symlink: /home/E14Raspberry/ScooperBot/tennisbot_ws/install/yasmin_demos/share/yasmin_demos/environment/path.dsv
-- Up-to-date symlink: /home/E14Raspberry/ScooperBot/tennisbot_ws/install/yasmin_demos/share/yasmin_demos/local_setup.bash
-- Up-to-date symlink: /home/E14Raspberry/ScooperBot/tennisbot_ws/install/yasmin_demos/share/yasmin_demos/local_setup.sh
-- Up-to-date symlink: /home/E14Raspberry/ScooperBot/tennisbot_ws/install/yasmin_demos/share/yasmin_demos/local_setup.zsh
-- Up-to-date symlink: /home/E14Raspberry/ScooperBot/tennisbot_ws/install/yasmin_demos/share/yasmin_demos/local_setup.dsv
-- Symlinking: /home/E14Raspberry/ScooperBot/tennisbot_ws/install/yasmin_demos/share/yasmin_demos/package.dsv
-- Up-to-date symlink: /home/E14Raspberry/ScooperBot/tennisbot_ws/install/yasmin_demos/share/ament_index/resource_index/packages/yasmin_demos
-- Up-to-date symlink: /home/E14Raspberry/ScooperBot/tennisbot_ws/install/yasmin_demos/share/yasmin_demos/cmake/ament_cmake_export_include_directories-extras.cmake
-- Up-to-date symlink: /home/E14Raspberry/ScooperBot/tennisbot_ws/install/yasmin_demos/share/yasmin_demos/cmake/ament_cmake_export_libraries-extras.cmake
-- Up-to-date symlink: /home/E14Raspberry/ScooperBot/tennisbot_ws/install/yasmin_demos/share/yasmin_demos/cmake/yasmin_demosConfig.cmake
-- Up-to-date symlink: /home/E14Raspberry/ScooperBot/tennisbot_ws/install/yasmin_demos/share/yasmin_demos/cmake/yasmin_demosConfig-version.cmake
-- Up-to-date symlink: /home/E14Raspberry/ScooperBot/tennisbot_ws/install/yasmin_demos/share/yasmin_demos/package.xml
Listing '/home/E14Raspberry/ScooperBot/tennisbot_ws/install/yasmin_demos/lib/python3.12/site-packages/yasmin_demos'...
