[0.295s] Invoking command in '/home/E14Raspberry/ScooperBot/tennisbot_ws/build/yasmin_demos': AMENT_PREFIX_PATH=/home/E14Raspberry/ScooperBot/tennisbot_ws/install/yasmin_viewer:/home/E14Raspberry/ScooperBot/tennisbot_ws/install/yasmin_ros:/home/E14Raspberry/ScooperBot/tennisbot_ws/install/yasmin_msgs:/home/E14Raspberry/ScooperBot/tennisbot_ws/install/yasmin:${AMENT_PREFIX_PATH} CMAKE_PREFIX_PATH=/home/E14Raspberry/ScooperBot/tennisbot_ws/install/yasmin_viewer:/home/E14Raspberry/ScooperBot/tennisbot_ws/install/yasmin_ros:/home/E14Raspberry/ScooperBot/tennisbot_ws/install/yasmin_msgs:/home/E14Raspberry/ScooperBot/tennisbot_ws/install/yasmin:/opt/ros/jazzy/opt/gz_sim_vendor:/opt/ros/jazzy/opt/gz_sensors_vendor:/opt/ros/jazzy/opt/gz_physics_vendor:/opt/ros/jazzy/opt/sdformat_vendor:/opt/ros/jazzy/opt/gz_gui_vendor:/opt/ros/jazzy/opt/gz_transport_vendor:/opt/ros/jazzy/opt/gz_rendering_vendor:/opt/ros/jazzy/opt/gz_plugin_vendor:/opt/ros/jazzy/opt/gz_fuel_tools_vendor:/opt/ros/jazzy/opt/gz_msgs_vendor:/opt/ros/jazzy/opt/gz_common_vendor:/opt/ros/jazzy/opt/gz_math_vendor:/opt/ros/jazzy/opt/gz_utils_vendor:/opt/ros/jazzy/opt/gz_tools_vendor:/opt/ros/jazzy/opt/gz_ogre_next_vendor:/opt/ros/jazzy/opt/gz_dartsim_vendor:/opt/ros/jazzy/opt/gz_cmake_vendor:/opt/ros/jazzy LD_LIBRARY_PATH=/home/E14Raspberry/ScooperBot/tennisbot_ws/install/yasmin_viewer/lib:/home/E14Raspberry/ScooperBot/tennisbot_ws/install/yasmin_ros/lib:/home/E14Raspberry/ScooperBot/tennisbot_ws/install/yasmin_msgs/lib:/home/E14Raspberry/ScooperBot/tennisbot_ws/install/yasmin/lib:${LD_LIBRARY_PATH} PYTHONPATH=/home/E14Raspberry/ScooperBot/tennisbot_ws/install/yasmin_viewer/lib/python3.12/site-packages:/home/E14Raspberry/ScooperBot/tennisbot_ws/install/yasmin_ros/lib/python3.12/site-packages:/home/E14Raspberry/ScooperBot/tennisbot_ws/install/yasmin_msgs/lib/python3.12/site-packages:/home/E14Raspberry/ScooperBot/tennisbot_ws/install/yasmin/lib/python3.12/site-packages:${PYTHONPATH} /usr/bin/cmake --build /home/E14Raspberry/ScooperBot/tennisbot_ws/build/yasmin_demos -- -j4 -l4
[1.997s] [ 25%] Built target yasmin_demo
[2.040s] [ 50%] Built target monitor_demo
[2.142s] [ 75%] Built target action_client_demo
[2.173s] [100%] Built target service_client_demo
[2.649s] [100%] Built target ament_cmake_python_symlink_yasmin_demos
[5.611s] running egg_info
[5.902s] writing yasmin_demos.egg-info/PKG-INFO
[5.905s] writing dependency_links to yasmin_demos.egg-info/dependency_links.txt
[5.909s] writing top-level names to yasmin_demos.egg-info/top_level.txt
[6.773s] reading manifest file 'yasmin_demos.egg-info/SOURCES.txt'
[6.782s] writing manifest file 'yasmin_demos.egg-info/SOURCES.txt'
[7.170s] [100%] Built target ament_cmake_python_build_yasmin_demos_egg
[7.373s] Invoked command in '/home/E14Raspberry/ScooperBot/tennisbot_ws/build/yasmin_demos' returned '0': AMENT_PREFIX_PATH=/home/E14Raspberry/ScooperBot/tennisbot_ws/install/yasmin_viewer:/home/E14Raspberry/ScooperBot/tennisbot_ws/install/yasmin_ros:/home/E14Raspberry/ScooperBot/tennisbot_ws/install/yasmin_msgs:/home/E14Raspberry/ScooperBot/tennisbot_ws/install/yasmin:${AMENT_PREFIX_PATH} CMAKE_PREFIX_PATH=/home/E14Raspberry/ScooperBot/tennisbot_ws/install/yasmin_viewer:/home/E14Raspberry/ScooperBot/tennisbot_ws/install/yasmin_ros:/home/E14Raspberry/ScooperBot/tennisbot_ws/install/yasmin_msgs:/home/E14Raspberry/ScooperBot/tennisbot_ws/install/yasmin:/opt/ros/jazzy/opt/gz_sim_vendor:/opt/ros/jazzy/opt/gz_sensors_vendor:/opt/ros/jazzy/opt/gz_physics_vendor:/opt/ros/jazzy/opt/sdformat_vendor:/opt/ros/jazzy/opt/gz_gui_vendor:/opt/ros/jazzy/opt/gz_transport_vendor:/opt/ros/jazzy/opt/gz_rendering_vendor:/opt/ros/jazzy/opt/gz_plugin_vendor:/opt/ros/jazzy/opt/gz_fuel_tools_vendor:/opt/ros/jazzy/opt/gz_msgs_vendor:/opt/ros/jazzy/opt/gz_common_vendor:/opt/ros/jazzy/opt/gz_math_vendor:/opt/ros/jazzy/opt/gz_utils_vendor:/opt/ros/jazzy/opt/gz_tools_vendor:/opt/ros/jazzy/opt/gz_ogre_next_vendor:/opt/ros/jazzy/opt/gz_dartsim_vendor:/opt/ros/jazzy/opt/gz_cmake_vendor:/opt/ros/jazzy LD_LIBRARY_PATH=/home/E14Raspberry/ScooperBot/tennisbot_ws/install/yasmin_viewer/lib:/home/E14Raspberry/ScooperBot/tennisbot_ws/install/yasmin_ros/lib:/home/E14Raspberry/ScooperBot/tennisbot_ws/install/yasmin_msgs/lib:/home/E14Raspberry/ScooperBot/tennisbot_ws/install/yasmin/lib:${LD_LIBRARY_PATH} PYTHONPATH=/home/E14Raspberry/ScooperBot/tennisbot_ws/install/yasmin_viewer/lib/python3.12/site-packages:/home/E14Raspberry/ScooperBot/tennisbot_ws/install/yasmin_ros/lib/python3.12/site-packages:/home/E14Raspberry/ScooperBot/tennisbot_ws/install/yasmin_msgs/lib/python3.12/site-packages:/home/E14Raspberry/ScooperBot/tennisbot_ws/install/yasmin/lib/python3.12/site-packages:${PYTHONPATH} /usr/bin/cmake --build /home/E14Raspberry/ScooperBot/tennisbot_ws/build/yasmin_demos -- -j4 -l4
[8.015s] Invoking command in '/home/E14Raspberry/ScooperBot/tennisbot_ws/build/yasmin_demos': AMENT_PREFIX_PATH=/home/E14Raspberry/ScooperBot/tennisbot_ws/install/yasmin_viewer:/home/E14Raspberry/ScooperBot/tennisbot_ws/install/yasmin_ros:/home/E14Raspberry/ScooperBot/tennisbot_ws/install/yasmin_msgs:/home/E14Raspberry/ScooperBot/tennisbot_ws/install/yasmin:${AMENT_PREFIX_PATH} CMAKE_PREFIX_PATH=/home/E14Raspberry/ScooperBot/tennisbot_ws/install/yasmin_viewer:/home/E14Raspberry/ScooperBot/tennisbot_ws/install/yasmin_ros:/home/E14Raspberry/ScooperBot/tennisbot_ws/install/yasmin_msgs:/home/E14Raspberry/ScooperBot/tennisbot_ws/install/yasmin:/opt/ros/jazzy/opt/gz_sim_vendor:/opt/ros/jazzy/opt/gz_sensors_vendor:/opt/ros/jazzy/opt/gz_physics_vendor:/opt/ros/jazzy/opt/sdformat_vendor:/opt/ros/jazzy/opt/gz_gui_vendor:/opt/ros/jazzy/opt/gz_transport_vendor:/opt/ros/jazzy/opt/gz_rendering_vendor:/opt/ros/jazzy/opt/gz_plugin_vendor:/opt/ros/jazzy/opt/gz_fuel_tools_vendor:/opt/ros/jazzy/opt/gz_msgs_vendor:/opt/ros/jazzy/opt/gz_common_vendor:/opt/ros/jazzy/opt/gz_math_vendor:/opt/ros/jazzy/opt/gz_utils_vendor:/opt/ros/jazzy/opt/gz_tools_vendor:/opt/ros/jazzy/opt/gz_ogre_next_vendor:/opt/ros/jazzy/opt/gz_dartsim_vendor:/opt/ros/jazzy/opt/gz_cmake_vendor:/opt/ros/jazzy LD_LIBRARY_PATH=/home/E14Raspberry/ScooperBot/tennisbot_ws/install/yasmin_viewer/lib:/home/E14Raspberry/ScooperBot/tennisbot_ws/install/yasmin_ros/lib:/home/E14Raspberry/ScooperBot/tennisbot_ws/install/yasmin_msgs/lib:/home/E14Raspberry/ScooperBot/tennisbot_ws/install/yasmin/lib:${LD_LIBRARY_PATH} PYTHONPATH=/home/E14Raspberry/ScooperBot/tennisbot_ws/install/yasmin_viewer/lib/python3.12/site-packages:/home/E14Raspberry/ScooperBot/tennisbot_ws/install/yasmin_ros/lib/python3.12/site-packages:/home/E14Raspberry/ScooperBot/tennisbot_ws/install/yasmin_msgs/lib/python3.12/site-packages:/home/E14Raspberry/ScooperBot/tennisbot_ws/install/yasmin/lib/python3.12/site-packages:${PYTHONPATH} /usr/bin/cmake --install /home/E14Raspberry/ScooperBot/tennisbot_ws/build/yasmin_demos
[8.170s] -- Install configuration: ""
[8.176s] -- Execute custom install script
[8.184s] -- Up-to-date symlink: /home/E14Raspberry/ScooperBot/tennisbot_ws/install/yasmin_demos/lib/yasmin_demos/yasmin_demo
[8.189s] -- Up-to-date symlink: /home/E14Raspberry/ScooperBot/tennisbot_ws/install/yasmin_demos/lib/yasmin_demos/monitor_demo
[8.195s] -- Up-to-date symlink: /home/E14Raspberry/ScooperBot/tennisbot_ws/install/yasmin_demos/lib/yasmin_demos/service_client_demo
[8.201s] -- Up-to-date symlink: /home/E14Raspberry/ScooperBot/tennisbot_ws/install/yasmin_demos/lib/yasmin_demos/action_client_demo
[8.204s] -- Up-to-date symlink: /home/E14Raspberry/ScooperBot/tennisbot_ws/install/yasmin_demos/share/yasmin_demos/environment/library_path.sh
[8.207s] -- Up-to-date symlink: /home/E14Raspberry/ScooperBot/tennisbot_ws/install/yasmin_demos/share/yasmin_demos/environment/library_path.dsv
[8.211s] -- Up-to-date symlink: /home/E14Raspberry/ScooperBot/tennisbot_ws/install/yasmin_demos/share/yasmin_demos/environment/pythonpath.sh
[8.214s] -- Up-to-date symlink: /home/E14Raspberry/ScooperBot/tennisbot_ws/install/yasmin_demos/share/yasmin_demos/environment/pythonpath.dsv
[8.223s] -- Up-to-date symlink: /home/E14Raspberry/ScooperBot/tennisbot_ws/install/yasmin_demos/lib/python3.12/site-packages/yasmin_demos-2.3.1-py3.12.egg-info/PKG-INFO
[8.227s] -- Up-to-date symlink: /home/E14Raspberry/ScooperBot/tennisbot_ws/install/yasmin_demos/lib/python3.12/site-packages/yasmin_demos-2.3.1-py3.12.egg-info/SOURCES.txt
[8.231s] -- Up-to-date symlink: /home/E14Raspberry/ScooperBot/tennisbot_ws/install/yasmin_demos/lib/python3.12/site-packages/yasmin_demos-2.3.1-py3.12.egg-info/dependency_links.txt
[8.234s] -- Up-to-date symlink: /home/E14Raspberry/ScooperBot/tennisbot_ws/install/yasmin_demos/lib/python3.12/site-packages/yasmin_demos-2.3.1-py3.12.egg-info/top_level.txt
[8.246s] -- Up-to-date symlink: /home/E14Raspberry/ScooperBot/tennisbot_ws/install/yasmin_demos/lib/python3.12/site-packages/yasmin_demos/__init__.py
[8.249s] -- Up-to-date symlink: /home/E14Raspberry/ScooperBot/tennisbot_ws/install/yasmin_demos/lib/python3.12/site-packages/yasmin_demos/action_client_demo.py
[8.252s] -- Up-to-date symlink: /home/E14Raspberry/ScooperBot/tennisbot_ws/install/yasmin_demos/lib/python3.12/site-packages/yasmin_demos/monitor_demo.py
[8.256s] -- Up-to-date symlink: /home/E14Raspberry/ScooperBot/tennisbot_ws/install/yasmin_demos/lib/python3.12/site-packages/yasmin_demos/nav_demo.py
[8.260s] -- Up-to-date symlink: /home/E14Raspberry/ScooperBot/tennisbot_ws/install/yasmin_demos/lib/python3.12/site-packages/yasmin_demos/service_client_demo.py
[8.263s] -- Up-to-date symlink: /home/E14Raspberry/ScooperBot/tennisbot_ws/install/yasmin_demos/lib/python3.12/site-packages/yasmin_demos/yasmin_demo.py
[8.267s] -- Up-to-date symlink: /home/E14Raspberry/ScooperBot/tennisbot_ws/install/yasmin_demos/lib/yasmin_demos/yasmin_demo.py
[8.271s] -- Up-to-date symlink: /home/E14Raspberry/ScooperBot/tennisbot_ws/install/yasmin_demos/lib/yasmin_demos/monitor_demo.py
[8.275s] -- Up-to-date symlink: /home/E14Raspberry/ScooperBot/tennisbot_ws/install/yasmin_demos/lib/yasmin_demos/service_client_demo.py
[8.279s] -- Up-to-date symlink: /home/E14Raspberry/ScooperBot/tennisbot_ws/install/yasmin_demos/lib/yasmin_demos/action_client_demo.py
[8.283s] -- Up-to-date symlink: /home/E14Raspberry/ScooperBot/tennisbot_ws/install/yasmin_demos/lib/yasmin_demos/nav_demo.py
[8.290s] -- Up-to-date symlink: /home/E14Raspberry/ScooperBot/tennisbot_ws/install/yasmin_demos/share/ament_index/resource_index/package_run_dependencies/yasmin_demos
[8.296s] -- Up-to-date symlink: /home/E14Raspberry/ScooperBot/tennisbot_ws/install/yasmin_demos/share/ament_index/resource_index/parent_prefix_path/yasmin_demos
[8.300s] -- Up-to-date symlink: /home/E14Raspberry/ScooperBot/tennisbot_ws/install/yasmin_demos/share/yasmin_demos/environment/ament_prefix_path.sh
[8.304s] -- Up-to-date symlink: /home/E14Raspberry/ScooperBot/tennisbot_ws/install/yasmin_demos/share/yasmin_demos/environment/ament_prefix_path.dsv
[8.308s] -- Up-to-date symlink: /home/E14Raspberry/ScooperBot/tennisbot_ws/install/yasmin_demos/share/yasmin_demos/environment/path.sh
[8.311s] -- Up-to-date symlink: /home/E14Raspberry/ScooperBot/tennisbot_ws/install/yasmin_demos/share/yasmin_demos/environment/path.dsv
[8.315s] -- Up-to-date symlink: /home/E14Raspberry/ScooperBot/tennisbot_ws/install/yasmin_demos/share/yasmin_demos/local_setup.bash
[8.319s] -- Up-to-date symlink: /home/E14Raspberry/ScooperBot/tennisbot_ws/install/yasmin_demos/share/yasmin_demos/local_setup.sh
[8.323s] -- Up-to-date symlink: /home/E14Raspberry/ScooperBot/tennisbot_ws/install/yasmin_demos/share/yasmin_demos/local_setup.zsh
[8.326s] -- Up-to-date symlink: /home/E14Raspberry/ScooperBot/tennisbot_ws/install/yasmin_demos/share/yasmin_demos/local_setup.dsv
[8.328s] -- Symlinking: /home/E14Raspberry/ScooperBot/tennisbot_ws/install/yasmin_demos/share/yasmin_demos/package.dsv
[8.506s] -- Up-to-date symlink: /home/E14Raspberry/ScooperBot/tennisbot_ws/install/yasmin_demos/share/ament_index/resource_index/packages/yasmin_demos
[8.510s] -- Up-to-date symlink: /home/E14Raspberry/ScooperBot/tennisbot_ws/install/yasmin_demos/share/yasmin_demos/cmake/ament_cmake_export_include_directories-extras.cmake
[8.515s] -- Up-to-date symlink: /home/E14Raspberry/ScooperBot/tennisbot_ws/install/yasmin_demos/share/yasmin_demos/cmake/ament_cmake_export_libraries-extras.cmake
[8.519s] -- Up-to-date symlink: /home/E14Raspberry/ScooperBot/tennisbot_ws/install/yasmin_demos/share/yasmin_demos/cmake/yasmin_demosConfig.cmake
[8.522s] -- Up-to-date symlink: /home/E14Raspberry/ScooperBot/tennisbot_ws/install/yasmin_demos/share/yasmin_demos/cmake/yasmin_demosConfig-version.cmake
[8.526s] -- Up-to-date symlink: /home/E14Raspberry/ScooperBot/tennisbot_ws/install/yasmin_demos/share/yasmin_demos/package.xml
[8.996s] Listing '/home/E14Raspberry/ScooperBot/tennisbot_ws/install/yasmin_demos/lib/python3.12/site-packages/yasmin_demos'...
[9.073s] Invoked command in '/home/E14Raspberry/ScooperBot/tennisbot_ws/build/yasmin_demos' returned '0': AMENT_PREFIX_PATH=/home/E14Raspberry/ScooperBot/tennisbot_ws/install/yasmin_viewer:/home/E14Raspberry/ScooperBot/tennisbot_ws/install/yasmin_ros:/home/E14Raspberry/ScooperBot/tennisbot_ws/install/yasmin_msgs:/home/E14Raspberry/ScooperBot/tennisbot_ws/install/yasmin:${AMENT_PREFIX_PATH} CMAKE_PREFIX_PATH=/home/E14Raspberry/ScooperBot/tennisbot_ws/install/yasmin_viewer:/home/E14Raspberry/ScooperBot/tennisbot_ws/install/yasmin_ros:/home/E14Raspberry/ScooperBot/tennisbot_ws/install/yasmin_msgs:/home/E14Raspberry/ScooperBot/tennisbot_ws/install/yasmin:/opt/ros/jazzy/opt/gz_sim_vendor:/opt/ros/jazzy/opt/gz_sensors_vendor:/opt/ros/jazzy/opt/gz_physics_vendor:/opt/ros/jazzy/opt/sdformat_vendor:/opt/ros/jazzy/opt/gz_gui_vendor:/opt/ros/jazzy/opt/gz_transport_vendor:/opt/ros/jazzy/opt/gz_rendering_vendor:/opt/ros/jazzy/opt/gz_plugin_vendor:/opt/ros/jazzy/opt/gz_fuel_tools_vendor:/opt/ros/jazzy/opt/gz_msgs_vendor:/opt/ros/jazzy/opt/gz_common_vendor:/opt/ros/jazzy/opt/gz_math_vendor:/opt/ros/jazzy/opt/gz_utils_vendor:/opt/ros/jazzy/opt/gz_tools_vendor:/opt/ros/jazzy/opt/gz_ogre_next_vendor:/opt/ros/jazzy/opt/gz_dartsim_vendor:/opt/ros/jazzy/opt/gz_cmake_vendor:/opt/ros/jazzy LD_LIBRARY_PATH=/home/E14Raspberry/ScooperBot/tennisbot_ws/install/yasmin_viewer/lib:/home/E14Raspberry/ScooperBot/tennisbot_ws/install/yasmin_ros/lib:/home/E14Raspberry/ScooperBot/tennisbot_ws/install/yasmin_msgs/lib:/home/E14Raspberry/ScooperBot/tennisbot_ws/install/yasmin/lib:${LD_LIBRARY_PATH} PYTHONPATH=/home/E14Raspberry/ScooperBot/tennisbot_ws/install/yasmin_viewer/lib/python3.12/site-packages:/home/E14Raspberry/ScooperBot/tennisbot_ws/install/yasmin_ros/lib/python3.12/site-packages:/home/E14Raspberry/ScooperBot/tennisbot_ws/install/yasmin_msgs/lib/python3.12/site-packages:/home/E14Raspberry/ScooperBot/tennisbot_ws/install/yasmin/lib/python3.12/site-packages:${PYTHONPATH} /usr/bin/cmake --install /home/E14Raspberry/ScooperBot/tennisbot_ws/build/yasmin_demos
