[1.382s] DEBUG:colcon:Command line arguments: ['/usr/bin/colcon', 'build', '--symlink-install', '--packages-select', 'ball_tracker']
[1.383s] DEBUG:colcon:Parsed command line arguments: Namespace(log_base=None, log_level=None, verb_name='build', build_base='build', install_base='install', merge_install=False, symlink_install=True, test_result_base=None, continue_on_error=False, executor='parallel', parallel_workers=4, event_handlers=None, ignore_user_meta=False, metas=['./colcon.meta'], base_paths=['.'], packages_ignore=None, packages_ignore_regex=None, paths=None, packages_up_to=None, packages_up_to_regex=None, packages_above=None, packages_above_and_dependencies=None, packages_above_depth=None, packages_select_by_dep=None, packages_skip_by_dep=None, packages_skip_up_to=None, packages_select_build_failed=False, packages_skip_build_finished=False, packages_select_test_failures=False, packages_skip_test_passed=False, packages_select=['ball_tracker'], packages_skip=None, packages_select_regex=None, packages_skip_regex=None, packages_start=None, packages_end=None, allow_overriding=[], cmake_args=None, cmake_target=None, cmake_target_skip_unavailable=False, cmake_clean_cache=False, cmake_clean_first=False, cmake_force_configure=False, ament_cmake_args=None, catkin_cmake_args=None, catkin_skip_building_tests=False, mixin_files=None, mixin=None, verb_parser=<colcon_mixin.mixin.mixin_argument.MixinArgumentDecorator object at 0xffffb003e120>, verb_extension=<colcon_core.verb.build.BuildVerb object at 0xffffb09e4f80>, main=<bound method BuildVerb.main of <colcon_core.verb.build.BuildVerb object at 0xffffb09e4f80>>, mixin_verb=('build',))
[1.806s] Level 1:colcon.colcon_core.package_discovery:discover_packages(colcon_meta) check parameters
[1.808s] Level 1:colcon.colcon_core.package_discovery:discover_packages(recursive) check parameters
[1.808s] Level 1:colcon.colcon_core.package_discovery:discover_packages(ignore) check parameters
[1.808s] Level 1:colcon.colcon_core.package_discovery:discover_packages(path) check parameters
[1.809s] Level 1:colcon.colcon_core.package_discovery:discover_packages(colcon_meta) discover
[1.810s] Level 1:colcon.colcon_core.package_discovery:discover_packages(recursive) discover
[1.810s] INFO:colcon.colcon_core.package_discovery:Crawling recursively for packages in '/home/E14Raspberry/ScooperBot/tennisbot_ws'
[1.811s] Level 1:colcon.colcon_core.package_identification:_identify(.) by extensions ['ignore', 'ignore_ament_install']
[1.812s] Level 1:colcon.colcon_core.package_identification:_identify(.) by extension 'ignore'
[1.813s] Level 1:colcon.colcon_core.package_identification:_identify(.) by extension 'ignore_ament_install'
[1.814s] Level 1:colcon.colcon_core.package_identification:_identify(.) by extensions ['colcon_pkg']
[1.814s] Level 1:colcon.colcon_core.package_identification:_identify(.) by extension 'colcon_pkg'
[1.815s] Level 1:colcon.colcon_core.package_identification:_identify(.) by extensions ['colcon_meta']
[1.815s] Level 1:colcon.colcon_core.package_identification:_identify(.) by extension 'colcon_meta'
[1.815s] Level 1:colcon.colcon_core.package_identification:_identify(.) by extensions ['ros']
[1.816s] Level 1:colcon.colcon_core.package_identification:_identify(.) by extension 'ros'
[2.115s] Level 1:colcon.colcon_core.package_identification:_identify(.) by extensions ['cmake', 'python']
[2.115s] Level 1:colcon.colcon_core.package_identification:_identify(.) by extension 'cmake'
[2.116s] Level 1:colcon.colcon_core.package_identification:_identify(.) by extension 'python'
[2.116s] Level 1:colcon.colcon_core.package_identification:_identify(.) by extensions ['python_setup_py']
[2.117s] Level 1:colcon.colcon_core.package_identification:_identify(.) by extension 'python_setup_py'
[2.119s] Level 1:colcon.colcon_core.package_identification:_identify(build) by extensions ['ignore', 'ignore_ament_install']
[2.120s] Level 1:colcon.colcon_core.package_identification:_identify(build) by extension 'ignore'
[2.120s] Level 1:colcon.colcon_core.package_identification:_identify(build) ignored
[2.122s] Level 1:colcon.colcon_core.package_identification:_identify(install) by extensions ['ignore', 'ignore_ament_install']
[2.123s] Level 1:colcon.colcon_core.package_identification:_identify(install) by extension 'ignore'
[2.124s] Level 1:colcon.colcon_core.package_identification:_identify(install) ignored
[2.129s] Level 1:colcon.colcon_core.package_identification:_identify(log) by extensions ['ignore', 'ignore_ament_install']
[2.130s] Level 1:colcon.colcon_core.package_identification:_identify(log) by extension 'ignore'
[2.131s] Level 1:colcon.colcon_core.package_identification:_identify(log) ignored
[2.132s] Level 1:colcon.colcon_core.package_identification:_identify(src) by extensions ['ignore', 'ignore_ament_install']
[2.133s] Level 1:colcon.colcon_core.package_identification:_identify(src) by extension 'ignore'
[2.133s] Level 1:colcon.colcon_core.package_identification:_identify(src) by extension 'ignore_ament_install'
[2.134s] Level 1:colcon.colcon_core.package_identification:_identify(src) by extensions ['colcon_pkg']
[2.135s] Level 1:colcon.colcon_core.package_identification:_identify(src) by extension 'colcon_pkg'
[2.135s] Level 1:colcon.colcon_core.package_identification:_identify(src) by extensions ['colcon_meta']
[2.135s] Level 1:colcon.colcon_core.package_identification:_identify(src) by extension 'colcon_meta'
[2.136s] Level 1:colcon.colcon_core.package_identification:_identify(src) by extensions ['ros']
[2.136s] Level 1:colcon.colcon_core.package_identification:_identify(src) by extension 'ros'
[2.137s] Level 1:colcon.colcon_core.package_identification:_identify(src) by extensions ['cmake', 'python']
[2.138s] Level 1:colcon.colcon_core.package_identification:_identify(src) by extension 'cmake'
[2.138s] Level 1:colcon.colcon_core.package_identification:_identify(src) by extension 'python'
[2.139s] Level 1:colcon.colcon_core.package_identification:_identify(src) by extensions ['python_setup_py']
[2.139s] Level 1:colcon.colcon_core.package_identification:_identify(src) by extension 'python_setup_py'
[2.140s] Level 1:colcon.colcon_core.package_identification:_identify(src/ball_tracker) by extensions ['ignore', 'ignore_ament_install']
[2.141s] Level 1:colcon.colcon_core.package_identification:_identify(src/ball_tracker) by extension 'ignore'
[2.142s] Level 1:colcon.colcon_core.package_identification:_identify(src/ball_tracker) by extension 'ignore_ament_install'
[2.143s] Level 1:colcon.colcon_core.package_identification:_identify(src/ball_tracker) by extensions ['colcon_pkg']
[2.143s] Level 1:colcon.colcon_core.package_identification:_identify(src/ball_tracker) by extension 'colcon_pkg'
[2.144s] Level 1:colcon.colcon_core.package_identification:_identify(src/ball_tracker) by extensions ['colcon_meta']
[2.144s] Level 1:colcon.colcon_core.package_identification:_identify(src/ball_tracker) by extension 'colcon_meta'
[2.145s] Level 1:colcon.colcon_core.package_identification:_identify(src/ball_tracker) by extensions ['ros']
[2.145s] Level 1:colcon.colcon_core.package_identification:_identify(src/ball_tracker) by extension 'ros'
[2.170s] DEBUG:colcon.colcon_core.package_identification:Package 'src/ball_tracker' with type 'ros.ament_python' and name 'ball_tracker'
[2.171s] Level 1:colcon.colcon_core.package_identification:_identify(src/ball_tracker_msgs) by extensions ['ignore', 'ignore_ament_install']
[2.172s] Level 1:colcon.colcon_core.package_identification:_identify(src/ball_tracker_msgs) by extension 'ignore'
[2.173s] Level 1:colcon.colcon_core.package_identification:_identify(src/ball_tracker_msgs) by extension 'ignore_ament_install'
[2.174s] Level 1:colcon.colcon_core.package_identification:_identify(src/ball_tracker_msgs) by extensions ['colcon_pkg']
[2.174s] Level 1:colcon.colcon_core.package_identification:_identify(src/ball_tracker_msgs) by extension 'colcon_pkg'
[2.175s] Level 1:colcon.colcon_core.package_identification:_identify(src/ball_tracker_msgs) by extensions ['colcon_meta']
[2.175s] Level 1:colcon.colcon_core.package_identification:_identify(src/ball_tracker_msgs) by extension 'colcon_meta'
[2.175s] Level 1:colcon.colcon_core.package_identification:_identify(src/ball_tracker_msgs) by extensions ['ros']
[2.176s] Level 1:colcon.colcon_core.package_identification:_identify(src/ball_tracker_msgs) by extension 'ros'
[2.182s] DEBUG:colcon.colcon_core.package_identification:Package 'src/ball_tracker_msgs' with type 'ros.ament_cmake' and name 'ball_tracker_msgs'
[2.184s] Level 1:colcon.colcon_core.package_identification:_identify(src/diffdrive_arduino) by extensions ['ignore', 'ignore_ament_install']
[2.184s] Level 1:colcon.colcon_core.package_identification:_identify(src/diffdrive_arduino) by extension 'ignore'
[2.185s] Level 1:colcon.colcon_core.package_identification:_identify(src/diffdrive_arduino) by extension 'ignore_ament_install'
[2.186s] Level 1:colcon.colcon_core.package_identification:_identify(src/diffdrive_arduino) by extensions ['colcon_pkg']
[2.187s] Level 1:colcon.colcon_core.package_identification:_identify(src/diffdrive_arduino) by extension 'colcon_pkg'
[2.188s] Level 1:colcon.colcon_core.package_identification:_identify(src/diffdrive_arduino) by extensions ['colcon_meta']
[2.188s] Level 1:colcon.colcon_core.package_identification:_identify(src/diffdrive_arduino) by extension 'colcon_meta'
[2.189s] Level 1:colcon.colcon_core.package_identification:_identify(src/diffdrive_arduino) by extensions ['ros']
[2.189s] Level 1:colcon.colcon_core.package_identification:_identify(src/diffdrive_arduino) by extension 'ros'
[2.200s] DEBUG:colcon.colcon_core.package_identification:Package 'src/diffdrive_arduino' with type 'ros.ament_cmake' and name 'diffdrive_arduino'
[2.201s] Level 1:colcon.colcon_core.package_identification:_identify(src/ros2_nav_to_pose) by extensions ['ignore', 'ignore_ament_install']
[2.202s] Level 1:colcon.colcon_core.package_identification:_identify(src/ros2_nav_to_pose) by extension 'ignore'
[2.203s] Level 1:colcon.colcon_core.package_identification:_identify(src/ros2_nav_to_pose) by extension 'ignore_ament_install'
[2.204s] Level 1:colcon.colcon_core.package_identification:_identify(src/ros2_nav_to_pose) by extensions ['colcon_pkg']
[2.204s] Level 1:colcon.colcon_core.package_identification:_identify(src/ros2_nav_to_pose) by extension 'colcon_pkg'
[2.205s] Level 1:colcon.colcon_core.package_identification:_identify(src/ros2_nav_to_pose) by extensions ['colcon_meta']
[2.205s] Level 1:colcon.colcon_core.package_identification:_identify(src/ros2_nav_to_pose) by extension 'colcon_meta'
[2.206s] Level 1:colcon.colcon_core.package_identification:_identify(src/ros2_nav_to_pose) by extensions ['ros']
[2.206s] Level 1:colcon.colcon_core.package_identification:_identify(src/ros2_nav_to_pose) by extension 'ros'
[2.212s] DEBUG:colcon.colcon_core.package_identification:Package 'src/ros2_nav_to_pose' with type 'ros.ament_python' and name 'ros2_nav_to_pose'
[2.213s] Level 1:colcon.colcon_core.package_identification:_identify(src/ros2_nav_to_pose_msgs) by extensions ['ignore', 'ignore_ament_install']
[2.214s] Level 1:colcon.colcon_core.package_identification:_identify(src/ros2_nav_to_pose_msgs) by extension 'ignore'
[2.215s] Level 1:colcon.colcon_core.package_identification:_identify(src/ros2_nav_to_pose_msgs) by extension 'ignore_ament_install'
[2.216s] Level 1:colcon.colcon_core.package_identification:_identify(src/ros2_nav_to_pose_msgs) by extensions ['colcon_pkg']
[2.217s] Level 1:colcon.colcon_core.package_identification:_identify(src/ros2_nav_to_pose_msgs) by extension 'colcon_pkg'
[2.218s] Level 1:colcon.colcon_core.package_identification:_identify(src/ros2_nav_to_pose_msgs) by extensions ['colcon_meta']
[2.218s] Level 1:colcon.colcon_core.package_identification:_identify(src/ros2_nav_to_pose_msgs) by extension 'colcon_meta'
[2.219s] Level 1:colcon.colcon_core.package_identification:_identify(src/ros2_nav_to_pose_msgs) by extensions ['ros']
[2.219s] Level 1:colcon.colcon_core.package_identification:_identify(src/ros2_nav_to_pose_msgs) by extension 'ros'
[2.226s] DEBUG:colcon.colcon_core.package_identification:Package 'src/ros2_nav_to_pose_msgs' with type 'ros.ament_cmake' and name 'ros2_nav_to_pose_msgs'
[2.227s] Level 1:colcon.colcon_core.package_identification:_identify(src/serial_motor_demo) by extensions ['ignore', 'ignore_ament_install']
[2.228s] Level 1:colcon.colcon_core.package_identification:_identify(src/serial_motor_demo) by extension 'ignore'
[2.229s] Level 1:colcon.colcon_core.package_identification:_identify(src/serial_motor_demo) by extension 'ignore_ament_install'
[2.230s] Level 1:colcon.colcon_core.package_identification:_identify(src/serial_motor_demo) by extensions ['colcon_pkg']
[2.230s] Level 1:colcon.colcon_core.package_identification:_identify(src/serial_motor_demo) by extension 'colcon_pkg'
[2.231s] Level 1:colcon.colcon_core.package_identification:_identify(src/serial_motor_demo) by extensions ['colcon_meta']
[2.231s] Level 1:colcon.colcon_core.package_identification:_identify(src/serial_motor_demo) by extension 'colcon_meta'
[2.232s] Level 1:colcon.colcon_core.package_identification:_identify(src/serial_motor_demo) by extensions ['ros']
[2.232s] Level 1:colcon.colcon_core.package_identification:_identify(src/serial_motor_demo) by extension 'ros'
[2.233s] Level 1:colcon.colcon_core.package_identification:_identify(src/serial_motor_demo) by extensions ['cmake', 'python']
[2.234s] Level 1:colcon.colcon_core.package_identification:_identify(src/serial_motor_demo) by extension 'cmake'
[2.234s] Level 1:colcon.colcon_core.package_identification:_identify(src/serial_motor_demo) by extension 'python'
[2.235s] Level 1:colcon.colcon_core.package_identification:_identify(src/serial_motor_demo) by extensions ['python_setup_py']
[2.235s] Level 1:colcon.colcon_core.package_identification:_identify(src/serial_motor_demo) by extension 'python_setup_py'
[2.237s] Level 1:colcon.colcon_core.package_identification:_identify(src/serial_motor_demo/serial_motor_demo) by extensions ['ignore', 'ignore_ament_install']
[2.238s] Level 1:colcon.colcon_core.package_identification:_identify(src/serial_motor_demo/serial_motor_demo) by extension 'ignore'
[2.238s] Level 1:colcon.colcon_core.package_identification:_identify(src/serial_motor_demo/serial_motor_demo) by extension 'ignore_ament_install'
[2.239s] Level 1:colcon.colcon_core.package_identification:_identify(src/serial_motor_demo/serial_motor_demo) by extensions ['colcon_pkg']
[2.240s] Level 1:colcon.colcon_core.package_identification:_identify(src/serial_motor_demo/serial_motor_demo) by extension 'colcon_pkg'
[2.240s] Level 1:colcon.colcon_core.package_identification:_identify(src/serial_motor_demo/serial_motor_demo) by extensions ['colcon_meta']
[2.240s] Level 1:colcon.colcon_core.package_identification:_identify(src/serial_motor_demo/serial_motor_demo) by extension 'colcon_meta'
[2.241s] Level 1:colcon.colcon_core.package_identification:_identify(src/serial_motor_demo/serial_motor_demo) by extensions ['ros']
[2.241s] Level 1:colcon.colcon_core.package_identification:_identify(src/serial_motor_demo/serial_motor_demo) by extension 'ros'
[2.247s] DEBUG:colcon.colcon_core.package_identification:Package 'src/serial_motor_demo/serial_motor_demo' with type 'ros.ament_python' and name 'serial_motor_demo'
[2.248s] Level 1:colcon.colcon_core.package_identification:_identify(src/serial_motor_demo/serial_motor_demo_msgs) by extensions ['ignore', 'ignore_ament_install']
[2.249s] Level 1:colcon.colcon_core.package_identification:_identify(src/serial_motor_demo/serial_motor_demo_msgs) by extension 'ignore'
[2.250s] Level 1:colcon.colcon_core.package_identification:_identify(src/serial_motor_demo/serial_motor_demo_msgs) by extension 'ignore_ament_install'
[2.251s] Level 1:colcon.colcon_core.package_identification:_identify(src/serial_motor_demo/serial_motor_demo_msgs) by extensions ['colcon_pkg']
[2.251s] Level 1:colcon.colcon_core.package_identification:_identify(src/serial_motor_demo/serial_motor_demo_msgs) by extension 'colcon_pkg'
[2.252s] Level 1:colcon.colcon_core.package_identification:_identify(src/serial_motor_demo/serial_motor_demo_msgs) by extensions ['colcon_meta']
[2.252s] Level 1:colcon.colcon_core.package_identification:_identify(src/serial_motor_demo/serial_motor_demo_msgs) by extension 'colcon_meta'
[2.253s] Level 1:colcon.colcon_core.package_identification:_identify(src/serial_motor_demo/serial_motor_demo_msgs) by extensions ['ros']
[2.253s] Level 1:colcon.colcon_core.package_identification:_identify(src/serial_motor_demo/serial_motor_demo_msgs) by extension 'ros'
[2.257s] DEBUG:colcon.colcon_core.package_identification:Package 'src/serial_motor_demo/serial_motor_demo_msgs' with type 'ros.ament_cmake' and name 'serial_motor_demo_msgs'
[2.259s] Level 1:colcon.colcon_core.package_identification:_identify(src/tennisbotmaster) by extensions ['ignore', 'ignore_ament_install']
[2.260s] Level 1:colcon.colcon_core.package_identification:_identify(src/tennisbotmaster) by extension 'ignore'
[2.261s] Level 1:colcon.colcon_core.package_identification:_identify(src/tennisbotmaster) by extension 'ignore_ament_install'
[2.261s] Level 1:colcon.colcon_core.package_identification:_identify(src/tennisbotmaster) by extensions ['colcon_pkg']
[2.262s] Level 1:colcon.colcon_core.package_identification:_identify(src/tennisbotmaster) by extension 'colcon_pkg'
[2.262s] Level 1:colcon.colcon_core.package_identification:_identify(src/tennisbotmaster) by extensions ['colcon_meta']
[2.263s] Level 1:colcon.colcon_core.package_identification:_identify(src/tennisbotmaster) by extension 'colcon_meta'
[2.263s] Level 1:colcon.colcon_core.package_identification:_identify(src/tennisbotmaster) by extensions ['ros']
[2.263s] Level 1:colcon.colcon_core.package_identification:_identify(src/tennisbotmaster) by extension 'ros'
[2.268s] DEBUG:colcon.colcon_core.package_identification:Package 'src/tennisbotmaster' with type 'ros.ament_cmake' and name 'tennisbotmaster'
[2.270s] Level 1:colcon.colcon_core.package_identification:_identify(src/twist_stamper) by extensions ['ignore', 'ignore_ament_install']
[2.270s] Level 1:colcon.colcon_core.package_identification:_identify(src/twist_stamper) by extension 'ignore'
[2.271s] Level 1:colcon.colcon_core.package_identification:_identify(src/twist_stamper) by extension 'ignore_ament_install'
[2.272s] Level 1:colcon.colcon_core.package_identification:_identify(src/twist_stamper) by extensions ['colcon_pkg']
[2.272s] Level 1:colcon.colcon_core.package_identification:_identify(src/twist_stamper) by extension 'colcon_pkg'
[2.273s] Level 1:colcon.colcon_core.package_identification:_identify(src/twist_stamper) by extensions ['colcon_meta']
[2.273s] Level 1:colcon.colcon_core.package_identification:_identify(src/twist_stamper) by extension 'colcon_meta'
[2.274s] Level 1:colcon.colcon_core.package_identification:_identify(src/twist_stamper) by extensions ['ros']
[2.274s] Level 1:colcon.colcon_core.package_identification:_identify(src/twist_stamper) by extension 'ros'
[2.280s] DEBUG:colcon.colcon_core.package_identification:Package 'src/twist_stamper' with type 'ros.ament_python' and name 'twist_stamper'
[2.282s] Level 1:colcon.colcon_core.package_identification:_identify(src/yasmin) by extensions ['ignore', 'ignore_ament_install']
[2.283s] Level 1:colcon.colcon_core.package_identification:_identify(src/yasmin) by extension 'ignore'
[2.283s] Level 1:colcon.colcon_core.package_identification:_identify(src/yasmin) by extension 'ignore_ament_install'
[2.284s] Level 1:colcon.colcon_core.package_identification:_identify(src/yasmin) by extensions ['colcon_pkg']
[2.285s] Level 1:colcon.colcon_core.package_identification:_identify(src/yasmin) by extension 'colcon_pkg'
[2.285s] Level 1:colcon.colcon_core.package_identification:_identify(src/yasmin) by extensions ['colcon_meta']
[2.286s] Level 1:colcon.colcon_core.package_identification:_identify(src/yasmin) by extension 'colcon_meta'
[2.286s] Level 1:colcon.colcon_core.package_identification:_identify(src/yasmin) by extensions ['ros']
[2.286s] Level 1:colcon.colcon_core.package_identification:_identify(src/yasmin) by extension 'ros'
[2.288s] Level 1:colcon.colcon_core.package_identification:_identify(src/yasmin) by extensions ['cmake', 'python']
[2.288s] Level 1:colcon.colcon_core.package_identification:_identify(src/yasmin) by extension 'cmake'
[2.288s] Level 1:colcon.colcon_core.package_identification:_identify(src/yasmin) by extension 'python'
[2.289s] Level 1:colcon.colcon_core.package_identification:_identify(src/yasmin) by extensions ['python_setup_py']
[2.290s] Level 1:colcon.colcon_core.package_identification:_identify(src/yasmin) by extension 'python_setup_py'
[2.291s] Level 1:colcon.colcon_core.package_identification:_identify(src/yasmin/docs) by extensions ['ignore', 'ignore_ament_install']
[2.292s] Level 1:colcon.colcon_core.package_identification:_identify(src/yasmin/docs) by extension 'ignore'
[2.293s] Level 1:colcon.colcon_core.package_identification:_identify(src/yasmin/docs) by extension 'ignore_ament_install'
[2.294s] Level 1:colcon.colcon_core.package_identification:_identify(src/yasmin/docs) by extensions ['colcon_pkg']
[2.294s] Level 1:colcon.colcon_core.package_identification:_identify(src/yasmin/docs) by extension 'colcon_pkg'
[2.295s] Level 1:colcon.colcon_core.package_identification:_identify(src/yasmin/docs) by extensions ['colcon_meta']
[2.295s] Level 1:colcon.colcon_core.package_identification:_identify(src/yasmin/docs) by extension 'colcon_meta'
[2.296s] Level 1:colcon.colcon_core.package_identification:_identify(src/yasmin/docs) by extensions ['ros']
[2.296s] Level 1:colcon.colcon_core.package_identification:_identify(src/yasmin/docs) by extension 'ros'
[2.297s] Level 1:colcon.colcon_core.package_identification:_identify(src/yasmin/docs) by extensions ['cmake', 'python']
[2.298s] Level 1:colcon.colcon_core.package_identification:_identify(src/yasmin/docs) by extension 'cmake'
[2.298s] Level 1:colcon.colcon_core.package_identification:_identify(src/yasmin/docs) by extension 'python'
[2.299s] Level 1:colcon.colcon_core.package_identification:_identify(src/yasmin/docs) by extensions ['python_setup_py']
[2.299s] Level 1:colcon.colcon_core.package_identification:_identify(src/yasmin/docs) by extension 'python_setup_py'
[2.301s] Level 1:colcon.colcon_core.package_identification:_identify(src/yasmin/yasmin) by extensions ['ignore', 'ignore_ament_install']
[2.302s] Level 1:colcon.colcon_core.package_identification:_identify(src/yasmin/yasmin) by extension 'ignore'
[2.303s] Level 1:colcon.colcon_core.package_identification:_identify(src/yasmin/yasmin) by extension 'ignore_ament_install'
[2.303s] Level 1:colcon.colcon_core.package_identification:_identify(src/yasmin/yasmin) by extensions ['colcon_pkg']
[2.304s] Level 1:colcon.colcon_core.package_identification:_identify(src/yasmin/yasmin) by extension 'colcon_pkg'
[2.304s] Level 1:colcon.colcon_core.package_identification:_identify(src/yasmin/yasmin) by extensions ['colcon_meta']
[2.305s] Level 1:colcon.colcon_core.package_identification:_identify(src/yasmin/yasmin) by extension 'colcon_meta'
[2.306s] Level 1:colcon.colcon_core.package_identification:_identify(src/yasmin/yasmin) by extensions ['ros']
[2.306s] Level 1:colcon.colcon_core.package_identification:_identify(src/yasmin/yasmin) by extension 'ros'
[2.313s] DEBUG:colcon.colcon_core.package_identification:Package 'src/yasmin/yasmin' with type 'ros.ament_cmake' and name 'yasmin'
[2.314s] Level 1:colcon.colcon_core.package_identification:_identify(src/yasmin/yasmin_demos) by extensions ['ignore', 'ignore_ament_install']
[2.315s] Level 1:colcon.colcon_core.package_identification:_identify(src/yasmin/yasmin_demos) by extension 'ignore'
[2.316s] Level 1:colcon.colcon_core.package_identification:_identify(src/yasmin/yasmin_demos) by extension 'ignore_ament_install'
[2.317s] Level 1:colcon.colcon_core.package_identification:_identify(src/yasmin/yasmin_demos) by extensions ['colcon_pkg']
[2.317s] Level 1:colcon.colcon_core.package_identification:_identify(src/yasmin/yasmin_demos) by extension 'colcon_pkg'
[2.318s] Level 1:colcon.colcon_core.package_identification:_identify(src/yasmin/yasmin_demos) by extensions ['colcon_meta']
[2.318s] Level 1:colcon.colcon_core.package_identification:_identify(src/yasmin/yasmin_demos) by extension 'colcon_meta'
[2.319s] Level 1:colcon.colcon_core.package_identification:_identify(src/yasmin/yasmin_demos) by extensions ['ros']
[2.320s] Level 1:colcon.colcon_core.package_identification:_identify(src/yasmin/yasmin_demos) by extension 'ros'
[2.330s] DEBUG:colcon.colcon_core.package_identification:Package 'src/yasmin/yasmin_demos' with type 'ros.ament_cmake' and name 'yasmin_demos'
[2.331s] Level 1:colcon.colcon_core.package_identification:_identify(src/yasmin/yasmin_msgs) by extensions ['ignore', 'ignore_ament_install']
[2.332s] Level 1:colcon.colcon_core.package_identification:_identify(src/yasmin/yasmin_msgs) by extension 'ignore'
[2.333s] Level 1:colcon.colcon_core.package_identification:_identify(src/yasmin/yasmin_msgs) by extension 'ignore_ament_install'
[2.334s] Level 1:colcon.colcon_core.package_identification:_identify(src/yasmin/yasmin_msgs) by extensions ['colcon_pkg']
[2.334s] Level 1:colcon.colcon_core.package_identification:_identify(src/yasmin/yasmin_msgs) by extension 'colcon_pkg'
[2.335s] Level 1:colcon.colcon_core.package_identification:_identify(src/yasmin/yasmin_msgs) by extensions ['colcon_meta']
[2.335s] Level 1:colcon.colcon_core.package_identification:_identify(src/yasmin/yasmin_msgs) by extension 'colcon_meta'
[2.336s] Level 1:colcon.colcon_core.package_identification:_identify(src/yasmin/yasmin_msgs) by extensions ['ros']
[2.336s] Level 1:colcon.colcon_core.package_identification:_identify(src/yasmin/yasmin_msgs) by extension 'ros'
[2.341s] DEBUG:colcon.colcon_core.package_identification:Package 'src/yasmin/yasmin_msgs' with type 'ros.ament_cmake' and name 'yasmin_msgs'
[2.342s] Level 1:colcon.colcon_core.package_identification:_identify(src/yasmin/yasmin_ros) by extensions ['ignore', 'ignore_ament_install']
[2.343s] Level 1:colcon.colcon_core.package_identification:_identify(src/yasmin/yasmin_ros) by extension 'ignore'
[2.344s] Level 1:colcon.colcon_core.package_identification:_identify(src/yasmin/yasmin_ros) by extension 'ignore_ament_install'
[2.345s] Level 1:colcon.colcon_core.package_identification:_identify(src/yasmin/yasmin_ros) by extensions ['colcon_pkg']
[2.345s] Level 1:colcon.colcon_core.package_identification:_identify(src/yasmin/yasmin_ros) by extension 'colcon_pkg'
[2.346s] Level 1:colcon.colcon_core.package_identification:_identify(src/yasmin/yasmin_ros) by extensions ['colcon_meta']
[2.346s] Level 1:colcon.colcon_core.package_identification:_identify(src/yasmin/yasmin_ros) by extension 'colcon_meta'
[2.347s] Level 1:colcon.colcon_core.package_identification:_identify(src/yasmin/yasmin_ros) by extensions ['ros']
[2.347s] Level 1:colcon.colcon_core.package_identification:_identify(src/yasmin/yasmin_ros) by extension 'ros'
[2.353s] DEBUG:colcon.colcon_core.package_identification:Package 'src/yasmin/yasmin_ros' with type 'ros.ament_cmake' and name 'yasmin_ros'
[2.355s] Level 1:colcon.colcon_core.package_identification:_identify(src/yasmin/yasmin_viewer) by extensions ['ignore', 'ignore_ament_install']
[2.356s] Level 1:colcon.colcon_core.package_identification:_identify(src/yasmin/yasmin_viewer) by extension 'ignore'
[2.356s] Level 1:colcon.colcon_core.package_identification:_identify(src/yasmin/yasmin_viewer) by extension 'ignore_ament_install'
[2.357s] Level 1:colcon.colcon_core.package_identification:_identify(src/yasmin/yasmin_viewer) by extensions ['colcon_pkg']
[2.358s] Level 1:colcon.colcon_core.package_identification:_identify(src/yasmin/yasmin_viewer) by extension 'colcon_pkg'
[2.358s] Level 1:colcon.colcon_core.package_identification:_identify(src/yasmin/yasmin_viewer) by extensions ['colcon_meta']
[2.359s] Level 1:colcon.colcon_core.package_identification:_identify(src/yasmin/yasmin_viewer) by extension 'colcon_meta'
[2.359s] Level 1:colcon.colcon_core.package_identification:_identify(src/yasmin/yasmin_viewer) by extensions ['ros']
[2.359s] Level 1:colcon.colcon_core.package_identification:_identify(src/yasmin/yasmin_viewer) by extension 'ros'
[2.368s] DEBUG:colcon.colcon_core.package_identification:Package 'src/yasmin/yasmin_viewer' with type 'ros.ament_cmake' and name 'yasmin_viewer'
[2.370s] Level 1:colcon.colcon_core.package_identification:_identify(venv) by extensions ['ignore', 'ignore_ament_install']
[2.371s] Level 1:colcon.colcon_core.package_identification:_identify(venv) by extension 'ignore'
[2.371s] Level 1:colcon.colcon_core.package_identification:_identify(venv) ignored
[2.372s] Level 1:colcon.colcon_core.package_discovery:discover_packages(recursive) using defaults
[2.372s] Level 1:colcon.colcon_core.package_discovery:discover_packages(ignore) discover
[2.373s] Level 1:colcon.colcon_core.package_discovery:discover_packages(ignore) using defaults
[2.373s] Level 1:colcon.colcon_core.package_discovery:discover_packages(path) discover
[2.373s] Level 1:colcon.colcon_core.package_discovery:discover_packages(path) using defaults
[2.611s] INFO:colcon.colcon_core.package_selection:Skipping not selected package 'ball_tracker_msgs' in 'src/ball_tracker_msgs'
[2.611s] INFO:colcon.colcon_core.package_selection:Skipping not selected package 'diffdrive_arduino' in 'src/diffdrive_arduino'
[2.612s] INFO:colcon.colcon_core.package_selection:Skipping not selected package 'ros2_nav_to_pose' in 'src/ros2_nav_to_pose'
[2.612s] INFO:colcon.colcon_core.package_selection:Skipping not selected package 'ros2_nav_to_pose_msgs' in 'src/ros2_nav_to_pose_msgs'
[2.612s] INFO:colcon.colcon_core.package_selection:Skipping not selected package 'serial_motor_demo_msgs' in 'src/serial_motor_demo/serial_motor_demo_msgs'
[2.613s] INFO:colcon.colcon_core.package_selection:Skipping not selected package 'tennisbotmaster' in 'src/tennisbotmaster'
[2.613s] INFO:colcon.colcon_core.package_selection:Skipping not selected package 'twist_stamper' in 'src/twist_stamper'
[2.613s] INFO:colcon.colcon_core.package_selection:Skipping not selected package 'yasmin' in 'src/yasmin/yasmin'
[2.614s] INFO:colcon.colcon_core.package_selection:Skipping not selected package 'yasmin_msgs' in 'src/yasmin/yasmin_msgs'
[2.614s] INFO:colcon.colcon_core.package_selection:Skipping not selected package 'serial_motor_demo' in 'src/serial_motor_demo/serial_motor_demo'
[2.614s] INFO:colcon.colcon_core.package_selection:Skipping not selected package 'yasmin_ros' in 'src/yasmin/yasmin_ros'
[2.615s] INFO:colcon.colcon_core.package_selection:Skipping not selected package 'yasmin_viewer' in 'src/yasmin/yasmin_viewer'
[2.615s] INFO:colcon.colcon_core.package_selection:Skipping not selected package 'yasmin_demos' in 'src/yasmin/yasmin_demos'
[2.619s] Level 1:colcon.colcon_core.package_discovery:discover_packages(prefix_path) check parameters
[2.619s] Level 1:colcon.colcon_core.package_discovery:discover_packages(prefix_path) discover
[2.658s] DEBUG:colcon.colcon_installed_package_information.package_discovery:Found 14 installed packages in /home/E14Raspberry/ScooperBot/tennisbot_ws/install
[2.696s] DEBUG:colcon.colcon_installed_package_information.package_discovery:Found 342 installed packages in /opt/ros/jazzy
[2.709s] Level 1:colcon.colcon_core.package_discovery:discover_packages(prefix_path) using defaults
[3.336s] Level 5:colcon.colcon_core.verb:set package 'ball_tracker' build argument 'cmake_args' from command line to 'None'
[3.336s] Level 5:colcon.colcon_core.verb:set package 'ball_tracker' build argument 'cmake_target' from command line to 'None'
[3.337s] Level 5:colcon.colcon_core.verb:set package 'ball_tracker' build argument 'cmake_target_skip_unavailable' from command line to 'False'
[3.337s] Level 5:colcon.colcon_core.verb:set package 'ball_tracker' build argument 'cmake_clean_cache' from command line to 'False'
[3.338s] Level 5:colcon.colcon_core.verb:set package 'ball_tracker' build argument 'cmake_clean_first' from command line to 'False'
[3.338s] Level 5:colcon.colcon_core.verb:set package 'ball_tracker' build argument 'cmake_force_configure' from command line to 'False'
[3.338s] Level 5:colcon.colcon_core.verb:set package 'ball_tracker' build argument 'ament_cmake_args' from command line to 'None'
[3.338s] Level 5:colcon.colcon_core.verb:set package 'ball_tracker' build argument 'catkin_cmake_args' from command line to 'None'
[3.339s] Level 5:colcon.colcon_core.verb:set package 'ball_tracker' build argument 'catkin_skip_building_tests' from command line to 'False'
[3.339s] DEBUG:colcon.colcon_core.verb:Building package 'ball_tracker' with the following arguments: {'ament_cmake_args': None, 'build_base': '/home/E14Raspberry/ScooperBot/tennisbot_ws/build/ball_tracker', 'catkin_cmake_args': None, 'catkin_skip_building_tests': False, 'cmake_args': None, 'cmake_clean_cache': False, 'cmake_clean_first': False, 'cmake_force_configure': False, 'cmake_target': None, 'cmake_target_skip_unavailable': False, 'install_base': '/home/E14Raspberry/ScooperBot/tennisbot_ws/install/ball_tracker', 'merge_install': False, 'path': '/home/E14Raspberry/ScooperBot/tennisbot_ws/src/ball_tracker', 'symlink_install': True, 'test_result_base': None}
[3.340s] INFO:colcon.colcon_core.executor:Executing jobs using 'parallel' executor
[3.347s] DEBUG:colcon.colcon_parallel_executor.executor.parallel:run_until_complete
[3.349s] INFO:colcon.colcon_ros.task.ament_python.build:Building ROS package in '/home/E14Raspberry/ScooperBot/tennisbot_ws/src/ball_tracker' with build type 'ament_python'
[3.351s] Level 1:colcon.colcon_core.shell:create_environment_hook('ball_tracker', 'ament_prefix_path')
[3.379s] INFO:colcon.colcon_core.plugin_system:Skipping extension 'colcon_core.shell.bat': Not used on non-Windows systems
[3.381s] INFO:colcon.colcon_core.shell:Creating environment hook '/home/E14Raspberry/ScooperBot/tennisbot_ws/install/ball_tracker/share/ball_tracker/hook/ament_prefix_path.ps1'
[3.389s] INFO:colcon.colcon_core.shell:Creating environment descriptor '/home/E14Raspberry/ScooperBot/tennisbot_ws/install/ball_tracker/share/ball_tracker/hook/ament_prefix_path.dsv'
[3.395s] INFO:colcon.colcon_core.shell:Creating environment hook '/home/E14Raspberry/ScooperBot/tennisbot_ws/install/ball_tracker/share/ball_tracker/hook/ament_prefix_path.sh'
[3.401s] INFO:colcon.colcon_core.shell:Skip shell extension 'powershell' for command environment: Not usable outside of PowerShell
[3.402s] DEBUG:colcon.colcon_core.shell:Skip shell extension 'dsv' for command environment
[6.670s] INFO:colcon.colcon_core.task.python.build:Building Python package in '/home/E14Raspberry/ScooperBot/tennisbot_ws/src/ball_tracker'
[6.672s] INFO:colcon.colcon_core.shell:Skip shell extension 'powershell' for command environment: Not usable outside of PowerShell
[6.672s] DEBUG:colcon.colcon_core.shell:Skip shell extension 'dsv' for command environment
[14.591s] DEBUG:colcon.colcon_core.event_handler.log_command:Invoking command in '/home/E14Raspberry/ScooperBot/tennisbot_ws/build/ball_tracker': PYTHONPATH=/home/E14Raspberry/ScooperBot/tennisbot_ws/build/ball_tracker/prefix_override:/usr/lib/python3/dist-packages/colcon_core/task/python/colcon_distutils_commands:/home/E14Raspberry/ScooperBot/tennisbot_ws/install/ball_tracker/lib/python3.12/site-packages:${PYTHONPATH} /usr/bin/python3 -W ignore:setup.py install is deprecated setup.py develop --editable --build-directory /home/E14Raspberry/ScooperBot/tennisbot_ws/build/ball_tracker/build --no-deps symlink_data
[24.049s] Level 1:colcon.colcon_core.shell:create_environment_hook('ball_tracker', 'pythonpath_develop')
[24.051s] INFO:colcon.colcon_core.shell:Creating environment hook '/home/E14Raspberry/ScooperBot/tennisbot_ws/build/ball_tracker/share/ball_tracker/hook/pythonpath_develop.ps1'
[24.054s] DEBUG:colcon.colcon_core.event_handler.log_command:Invoked command in '/home/E14Raspberry/ScooperBot/tennisbot_ws/build/ball_tracker' returned '0': PYTHONPATH=/home/E14Raspberry/ScooperBot/tennisbot_ws/build/ball_tracker/prefix_override:/usr/lib/python3/dist-packages/colcon_core/task/python/colcon_distutils_commands:/home/E14Raspberry/ScooperBot/tennisbot_ws/install/ball_tracker/lib/python3.12/site-packages:${PYTHONPATH} /usr/bin/python3 -W ignore:setup.py install is deprecated setup.py develop --editable --build-directory /home/E14Raspberry/ScooperBot/tennisbot_ws/build/ball_tracker/build --no-deps symlink_data
[24.059s] INFO:colcon.colcon_core.shell:Creating environment descriptor '/home/E14Raspberry/ScooperBot/tennisbot_ws/build/ball_tracker/share/ball_tracker/hook/pythonpath_develop.dsv'
[24.063s] INFO:colcon.colcon_core.shell:Creating environment hook '/home/E14Raspberry/ScooperBot/tennisbot_ws/build/ball_tracker/share/ball_tracker/hook/pythonpath_develop.sh'
[24.103s] Level 1:colcon.colcon_core.environment:checking '/home/E14Raspberry/ScooperBot/tennisbot_ws/install/ball_tracker' for CMake module files
[24.112s] Level 1:colcon.colcon_core.environment:checking '/home/E14Raspberry/ScooperBot/tennisbot_ws/install/ball_tracker' for CMake config files
[24.123s] Level 1:colcon.colcon_core.environment:checking '/home/E14Raspberry/ScooperBot/tennisbot_ws/install/ball_tracker/lib'
[24.125s] Level 1:colcon.colcon_core.environment:checking '/home/E14Raspberry/ScooperBot/tennisbot_ws/install/ball_tracker/bin'
[24.126s] Level 1:colcon.colcon_core.environment:checking '/home/E14Raspberry/ScooperBot/tennisbot_ws/install/ball_tracker/lib/pkgconfig/ball_tracker.pc'
[24.129s] Level 1:colcon.colcon_core.environment:checking '/home/E14Raspberry/ScooperBot/tennisbot_ws/install/ball_tracker/lib/python3.12/site-packages'
[24.130s] Level 1:colcon.colcon_core.shell:create_environment_hook('ball_tracker', 'pythonpath')
[24.132s] INFO:colcon.colcon_core.shell:Creating environment hook '/home/E14Raspberry/ScooperBot/tennisbot_ws/install/ball_tracker/share/ball_tracker/hook/pythonpath.ps1'
[24.136s] INFO:colcon.colcon_core.shell:Creating environment descriptor '/home/E14Raspberry/ScooperBot/tennisbot_ws/install/ball_tracker/share/ball_tracker/hook/pythonpath.dsv'
[24.140s] INFO:colcon.colcon_core.shell:Creating environment hook '/home/E14Raspberry/ScooperBot/tennisbot_ws/install/ball_tracker/share/ball_tracker/hook/pythonpath.sh'
[24.147s] Level 1:colcon.colcon_core.environment:checking '/home/E14Raspberry/ScooperBot/tennisbot_ws/install/ball_tracker/bin'
[24.148s] Level 1:colcon.colcon_core.environment:create_environment_scripts_only(ball_tracker)
[24.151s] INFO:colcon.colcon_core.shell:Creating package script '/home/E14Raspberry/ScooperBot/tennisbot_ws/install/ball_tracker/share/ball_tracker/package.ps1'
[24.161s] INFO:colcon.colcon_core.shell:Creating package descriptor '/home/E14Raspberry/ScooperBot/tennisbot_ws/install/ball_tracker/share/ball_tracker/package.dsv'
[24.168s] INFO:colcon.colcon_core.shell:Creating package script '/home/E14Raspberry/ScooperBot/tennisbot_ws/install/ball_tracker/share/ball_tracker/package.sh'
[24.175s] INFO:colcon.colcon_core.shell:Creating package script '/home/E14Raspberry/ScooperBot/tennisbot_ws/install/ball_tracker/share/ball_tracker/package.bash'
[24.182s] INFO:colcon.colcon_core.shell:Creating package script '/home/E14Raspberry/ScooperBot/tennisbot_ws/install/ball_tracker/share/ball_tracker/package.zsh'
[24.190s] Level 1:colcon.colcon_core.environment:create_file_with_runtime_dependencies(/home/E14Raspberry/ScooperBot/tennisbot_ws/install/ball_tracker/share/colcon-core/packages/ball_tracker)
[24.194s] DEBUG:colcon.colcon_parallel_executor.executor.parallel:closing loop
[24.198s] DEBUG:colcon.colcon_parallel_executor.executor.parallel:loop closed
[24.201s] DEBUG:colcon.colcon_parallel_executor.executor.parallel:run_until_complete finished with '0'
[24.203s] DEBUG:colcon.colcon_core.event_reactor:joining thread
[24.276s] INFO:colcon.colcon_core.plugin_system:Skipping extension 'colcon_notification.desktop_notification.notify_send': Could not find 'notify-send'
[24.277s] INFO:colcon.colcon_core.plugin_system:Skipping extension 'colcon_notification.desktop_notification.terminal_notifier': Not used on non-Darwin systems
[24.278s] INFO:colcon.colcon_core.plugin_system:Skipping extension 'colcon_notification.desktop_notification.win32': Not used on non-Windows systems
[24.279s] INFO:colcon.colcon_notification.desktop_notification:Sending desktop notification using 'notify2'
[24.289s] DEBUG:colcon.colcon_notification.desktop_notification.notify2:Failed to initialize notify2: org.freedesktop.DBus.Error.ServiceUnknown: The name org.freedesktop.Notifications was not provided by any .service files
[24.290s] DEBUG:colcon.colcon_core.event_reactor:joined thread
[24.293s] INFO:colcon.colcon_core.shell:Creating prefix script '/home/E14Raspberry/ScooperBot/tennisbot_ws/install/local_setup.ps1'
[24.303s] INFO:colcon.colcon_core.shell:Creating prefix util module '/home/E14Raspberry/ScooperBot/tennisbot_ws/install/_local_setup_util_ps1.py'
[24.316s] INFO:colcon.colcon_core.shell:Creating prefix chain script '/home/E14Raspberry/ScooperBot/tennisbot_ws/install/setup.ps1'
[24.339s] INFO:colcon.colcon_core.shell:Creating prefix script '/home/E14Raspberry/ScooperBot/tennisbot_ws/install/local_setup.sh'
[24.344s] INFO:colcon.colcon_core.shell:Creating prefix util module '/home/E14Raspberry/ScooperBot/tennisbot_ws/install/_local_setup_util_sh.py'
[24.350s] INFO:colcon.colcon_core.shell:Creating prefix chain script '/home/E14Raspberry/ScooperBot/tennisbot_ws/install/setup.sh'
[24.373s] INFO:colcon.colcon_core.shell:Creating prefix script '/home/E14Raspberry/ScooperBot/tennisbot_ws/install/local_setup.bash'
[24.378s] INFO:colcon.colcon_core.shell:Creating prefix chain script '/home/E14Raspberry/ScooperBot/tennisbot_ws/install/setup.bash'
[24.403s] INFO:colcon.colcon_core.shell:Creating prefix script '/home/E14Raspberry/ScooperBot/tennisbot_ws/install/local_setup.zsh'
[24.409s] INFO:colcon.colcon_core.shell:Creating prefix chain script '/home/E14Raspberry/ScooperBot/tennisbot_ws/install/setup.zsh'
