[11.134s] Invoking command in '/home/E14Raspberry/ScooperBot/tennisbot_ws/build/twist_stamper': PYTHONPATH=/home/E14Raspberry/ScooperBot/tennisbot_ws/build/twist_stamper/prefix_override:/usr/lib/python3/dist-packages/colcon_core/task/python/colcon_distutils_commands:/home/E14Raspberry/ScooperBot/tennisbot_ws/install/twist_stamper/lib/python3.12/site-packages:${PYTHONPATH} /usr/bin/python3 -W ignore:setup.py install is deprecated setup.py develop --editable --build-directory /home/E14Raspberry/ScooperBot/tennisbot_ws/build/twist_stamper/build --no-deps symlink_data
[15.562s] running develop
[15.565s] /usr/lib/python3/dist-packages/setuptools/command/develop.py:40: EasyInstallDeprecationWarning: easy_install command is deprecated.
[15.568s] !!
[15.569s] 
[15.570s]         ********************************************************************************
[15.572s]         Please avoid running ``setup.py`` and ``easy_install``.
[15.574s]         Instead, use pypa/build, pypa/installer or other
[15.575s]         standards-based tools.
[15.579s] 
[15.580s]         See https://github.com/pypa/setuptools/issues/917 for details.
[15.582s]         ********************************************************************************
[15.583s] 
[15.584s] !!
[15.586s]   easy_install.initialize_options(self)
[18.506s] running egg_info
[18.766s] writing twist_stamper.egg-info/PKG-INFO
[18.768s] writing dependency_links to twist_stamper.egg-info/dependency_links.txt
[18.771s] writing entry points to twist_stamper.egg-info/entry_points.txt
[18.773s] writing requirements to twist_stamper.egg-info/requires.txt
[18.775s] writing top-level names to twist_stamper.egg-info/top_level.txt
[19.306s] reading manifest file 'twist_stamper.egg-info/SOURCES.txt'
[19.314s] writing manifest file 'twist_stamper.egg-info/SOURCES.txt'
[19.571s] running build_ext
[19.573s] Creating /home/E14Raspberry/ScooperBot/tennisbot_ws/install/twist_stamper/lib/python3.12/site-packages/twist-stamper.egg-link (link to .)
[19.580s] Installing twist_stamper script to /home/E14Raspberry/ScooperBot/tennisbot_ws/install/twist_stamper/lib/twist_stamper
[19.587s] Installing twist_unstamper script to /home/E14Raspberry/ScooperBot/tennisbot_ws/install/twist_stamper/lib/twist_stamper
[19.595s] 
[19.601s] Installed /home/E14Raspberry/ScooperBot/tennisbot_ws/build/twist_stamper
[19.603s] running symlink_data
[19.873s] Invoked command in '/home/E14Raspberry/ScooperBot/tennisbot_ws/build/twist_stamper' returned '0': PYTHONPATH=/home/E14Raspberry/ScooperBot/tennisbot_ws/build/twist_stamper/prefix_override:/usr/lib/python3/dist-packages/colcon_core/task/python/colcon_distutils_commands:/home/E14Raspberry/ScooperBot/tennisbot_ws/install/twist_stamper/lib/python3.12/site-packages:${PYTHONPATH} /usr/bin/python3 -W ignore:setup.py install is deprecated setup.py develop --editable --build-directory /home/E14Raspberry/ScooperBot/tennisbot_ws/build/twist_stamper/build --no-deps symlink_data
