[0.334s] Invoking command in '/home/E14Raspberry/ScooperBot/tennisbot_ws/build/serial_motor_demo_msgs': CMAKE_PREFIX_PATH=${CMAKE_PREFIX_PATH}:/opt/ros/jazzy /usr/bin/cmake --build /home/E14Raspberry/ScooperBot/tennisbot_ws/build/serial_motor_demo_msgs -- -j4 -l4
[4.088s] [  1%] Built target serial_motor_demo_msgs__rosidl_generator_type_description
[4.099s] [  1%] Built target ament_cmake_python_symlink_serial_motor_demo_msgs
[4.100s] [  3%] Built target serial_motor_demo_msgs__cpp
[4.105s] [ 24%] Built target serial_motor_demo_msgs__rosidl_generator_c
[4.130s] [ 33%] Built target serial_motor_demo_msgs__rosidl_typesupport_cpp
[4.132s] [ 42%] Built target serial_motor_demo_msgs__rosidl_typesupport_introspection_cpp
[4.142s] [ 51%] Built target serial_motor_demo_msgs__rosidl_typesupport_fastrtps_c
[4.147s] [ 61%] Built target serial_motor_demo_msgs__rosidl_typesupport_introspection_c
[4.274s] [ 70%] Built target serial_motor_demo_msgs__rosidl_typesupport_c
[4.407s] [ 79%] Built target serial_motor_demo_msgs__rosidl_typesupport_fastrtps_cpp
[5.136s] [ 79%] Built target serial_motor_demo_msgs
[5.721s] [ 81%] Built target serial_motor_demo_msgs__py
[6.613s] [ 88%] Built target serial_motor_demo_msgs__rosidl_generator_py
[7.477s] [ 92%] Built target serial_motor_demo_msgs_s__rosidl_typesupport_fastrtps_c
[7.776s] [ 96%] Built target serial_motor_demo_msgs_s__rosidl_typesupport_introspection_c
[8.073s] [100%] Built target serial_motor_demo_msgs_s__rosidl_typesupport_c
[8.178s] running egg_info
[8.606s] writing serial_motor_demo_msgs.egg-info/PKG-INFO
[8.619s] writing dependency_links to serial_motor_demo_msgs.egg-info/dependency_links.txt
[8.637s] writing top-level names to serial_motor_demo_msgs.egg-info/top_level.txt
[9.563s] reading manifest file 'serial_motor_demo_msgs.egg-info/SOURCES.txt'
[9.574s] writing manifest file 'serial_motor_demo_msgs.egg-info/SOURCES.txt'
[9.999s] [100%] Built target ament_cmake_python_build_serial_motor_demo_msgs_egg
[12.027s] Invoked command in '/home/E14Raspberry/ScooperBot/tennisbot_ws/build/serial_motor_demo_msgs' returned '0': CMAKE_PREFIX_PATH=${CMAKE_PREFIX_PATH}:/opt/ros/jazzy /usr/bin/cmake --build /home/E14Raspberry/ScooperBot/tennisbot_ws/build/serial_motor_demo_msgs -- -j4 -l4
[14.777s] Invoking command in '/home/E14Raspberry/ScooperBot/tennisbot_ws/build/serial_motor_demo_msgs': CMAKE_PREFIX_PATH=${CMAKE_PREFIX_PATH}:/opt/ros/jazzy /usr/bin/cmake --install /home/E14Raspberry/ScooperBot/tennisbot_ws/build/serial_motor_demo_msgs
[14.975s] -- Install configuration: ""
[14.985s] -- Execute custom install script
[14.994s] -- Up-to-date symlink: /home/E14Raspberry/ScooperBot/tennisbot_ws/install/serial_motor_demo_msgs/share/ament_index/resource_index/rosidl_interfaces/serial_motor_demo_msgs
[15.006s] -- Up-to-date symlink: /home/E14Raspberry/ScooperBot/tennisbot_ws/install/serial_motor_demo_msgs/share/serial_motor_demo_msgs/msg/MotorCommand.json
[15.039s] -- Up-to-date symlink: /home/E14Raspberry/ScooperBot/tennisbot_ws/install/serial_motor_demo_msgs/share/serial_motor_demo_msgs/msg/MotorVels.json
[15.049s] -- Up-to-date symlink: /home/E14Raspberry/ScooperBot/tennisbot_ws/install/serial_motor_demo_msgs/share/serial_motor_demo_msgs/msg/EncoderVals.json
[15.069s] -- Up-to-date symlink: /home/E14Raspberry/ScooperBot/tennisbot_ws/install/serial_motor_demo_msgs/include/serial_motor_demo_msgs/serial_motor_demo_msgs/msg/detail/encoder_vals__functions.h
[15.070s] -- Up-to-date symlink: /home/E14Raspberry/ScooperBot/tennisbot_ws/install/serial_motor_demo_msgs/include/serial_motor_demo_msgs/serial_motor_demo_msgs/msg/detail/encoder_vals__struct.h
[15.076s] -- Up-to-date symlink: /home/E14Raspberry/ScooperBot/tennisbot_ws/install/serial_motor_demo_msgs/include/serial_motor_demo_msgs/serial_motor_demo_msgs/msg/detail/encoder_vals__type_support.h
[15.090s] -- Up-to-date symlink: /home/E14Raspberry/ScooperBot/tennisbot_ws/install/serial_motor_demo_msgs/include/serial_motor_demo_msgs/serial_motor_demo_msgs/msg/detail/motor_command__functions.h
[15.103s] -- Up-to-date symlink: /home/E14Raspberry/ScooperBot/tennisbot_ws/install/serial_motor_demo_msgs/include/serial_motor_demo_msgs/serial_motor_demo_msgs/msg/detail/motor_command__struct.h
[15.110s] -- Up-to-date symlink: /home/E14Raspberry/ScooperBot/tennisbot_ws/install/serial_motor_demo_msgs/include/serial_motor_demo_msgs/serial_motor_demo_msgs/msg/detail/motor_command__type_support.h
[15.112s] -- Up-to-date symlink: /home/E14Raspberry/ScooperBot/tennisbot_ws/install/serial_motor_demo_msgs/include/serial_motor_demo_msgs/serial_motor_demo_msgs/msg/detail/motor_vels__functions.h
[15.119s] -- Up-to-date symlink: /home/E14Raspberry/ScooperBot/tennisbot_ws/install/serial_motor_demo_msgs/include/serial_motor_demo_msgs/serial_motor_demo_msgs/msg/detail/motor_vels__struct.h
[15.125s] -- Up-to-date symlink: /home/E14Raspberry/ScooperBot/tennisbot_ws/install/serial_motor_demo_msgs/include/serial_motor_demo_msgs/serial_motor_demo_msgs/msg/detail/motor_vels__type_support.h
[15.129s] -- Up-to-date symlink: /home/E14Raspberry/ScooperBot/tennisbot_ws/install/serial_motor_demo_msgs/include/serial_motor_demo_msgs/serial_motor_demo_msgs/msg/encoder_vals.h
[15.131s] -- Up-to-date symlink: /home/E14Raspberry/ScooperBot/tennisbot_ws/install/serial_motor_demo_msgs/include/serial_motor_demo_msgs/serial_motor_demo_msgs/msg/motor_command.h
[15.134s] -- Up-to-date symlink: /home/E14Raspberry/ScooperBot/tennisbot_ws/install/serial_motor_demo_msgs/include/serial_motor_demo_msgs/serial_motor_demo_msgs/msg/motor_vels.h
[15.137s] -- Up-to-date symlink: /home/E14Raspberry/ScooperBot/tennisbot_ws/install/serial_motor_demo_msgs/include/serial_motor_demo_msgs/serial_motor_demo_msgs/msg/rosidl_generator_c__visibility_control.h
[15.144s] -- Up-to-date symlink: /home/E14Raspberry/ScooperBot/tennisbot_ws/install/serial_motor_demo_msgs/share/serial_motor_demo_msgs/environment/library_path.sh
[15.148s] -- Up-to-date symlink: /home/E14Raspberry/ScooperBot/tennisbot_ws/install/serial_motor_demo_msgs/share/serial_motor_demo_msgs/environment/library_path.dsv
[15.166s] -- Up-to-date symlink: /home/E14Raspberry/ScooperBot/tennisbot_ws/install/serial_motor_demo_msgs/include/serial_motor_demo_msgs/serial_motor_demo_msgs/msg/detail/encoder_vals__rosidl_typesupport_fastrtps_c.h
[15.174s] -- Up-to-date symlink: /home/E14Raspberry/ScooperBot/tennisbot_ws/install/serial_motor_demo_msgs/include/serial_motor_demo_msgs/serial_motor_demo_msgs/msg/detail/motor_command__rosidl_typesupport_fastrtps_c.h
[15.178s] -- Up-to-date symlink: /home/E14Raspberry/ScooperBot/tennisbot_ws/install/serial_motor_demo_msgs/include/serial_motor_demo_msgs/serial_motor_demo_msgs/msg/detail/motor_vels__rosidl_typesupport_fastrtps_c.h
[15.181s] -- Up-to-date symlink: /home/E14Raspberry/ScooperBot/tennisbot_ws/install/serial_motor_demo_msgs/include/serial_motor_demo_msgs/serial_motor_demo_msgs/msg/rosidl_typesupport_fastrtps_c__visibility_control.h
[15.190s] -- Up-to-date symlink: /home/E14Raspberry/ScooperBot/tennisbot_ws/install/serial_motor_demo_msgs/include/serial_motor_demo_msgs/serial_motor_demo_msgs/msg/detail/encoder_vals__rosidl_typesupport_introspection_c.h
[15.204s] -- Up-to-date symlink: /home/E14Raspberry/ScooperBot/tennisbot_ws/install/serial_motor_demo_msgs/include/serial_motor_demo_msgs/serial_motor_demo_msgs/msg/detail/motor_command__rosidl_typesupport_introspection_c.h
[15.214s] -- Up-to-date symlink: /home/E14Raspberry/ScooperBot/tennisbot_ws/install/serial_motor_demo_msgs/include/serial_motor_demo_msgs/serial_motor_demo_msgs/msg/detail/motor_vels__rosidl_typesupport_introspection_c.h
[15.219s] -- Up-to-date symlink: /home/E14Raspberry/ScooperBot/tennisbot_ws/install/serial_motor_demo_msgs/include/serial_motor_demo_msgs/serial_motor_demo_msgs/msg/rosidl_typesupport_introspection_c__visibility_control.h
[15.225s] -- Up-to-date symlink: /home/E14Raspberry/ScooperBot/tennisbot_ws/install/serial_motor_demo_msgs/include/serial_motor_demo_msgs/serial_motor_demo_msgs/msg/detail/encoder_vals__builder.hpp
[15.230s] -- Up-to-date symlink: /home/E14Raspberry/ScooperBot/tennisbot_ws/install/serial_motor_demo_msgs/include/serial_motor_demo_msgs/serial_motor_demo_msgs/msg/detail/encoder_vals__struct.hpp
[15.236s] -- Up-to-date symlink: /home/E14Raspberry/ScooperBot/tennisbot_ws/install/serial_motor_demo_msgs/include/serial_motor_demo_msgs/serial_motor_demo_msgs/msg/detail/encoder_vals__traits.hpp
[15.243s] -- Up-to-date symlink: /home/E14Raspberry/ScooperBot/tennisbot_ws/install/serial_motor_demo_msgs/include/serial_motor_demo_msgs/serial_motor_demo_msgs/msg/detail/encoder_vals__type_support.hpp
[15.251s] -- Up-to-date symlink: /home/E14Raspberry/ScooperBot/tennisbot_ws/install/serial_motor_demo_msgs/include/serial_motor_demo_msgs/serial_motor_demo_msgs/msg/detail/motor_command__builder.hpp
[15.259s] -- Up-to-date symlink: /home/E14Raspberry/ScooperBot/tennisbot_ws/install/serial_motor_demo_msgs/include/serial_motor_demo_msgs/serial_motor_demo_msgs/msg/detail/motor_command__struct.hpp
[15.264s] -- Up-to-date symlink: /home/E14Raspberry/ScooperBot/tennisbot_ws/install/serial_motor_demo_msgs/include/serial_motor_demo_msgs/serial_motor_demo_msgs/msg/detail/motor_command__traits.hpp
[15.273s] -- Up-to-date symlink: /home/E14Raspberry/ScooperBot/tennisbot_ws/install/serial_motor_demo_msgs/include/serial_motor_demo_msgs/serial_motor_demo_msgs/msg/detail/motor_command__type_support.hpp
[15.285s] -- Up-to-date symlink: /home/E14Raspberry/ScooperBot/tennisbot_ws/install/serial_motor_demo_msgs/include/serial_motor_demo_msgs/serial_motor_demo_msgs/msg/detail/motor_vels__builder.hpp
[15.291s] -- Up-to-date symlink: /home/E14Raspberry/ScooperBot/tennisbot_ws/install/serial_motor_demo_msgs/include/serial_motor_demo_msgs/serial_motor_demo_msgs/msg/detail/motor_vels__struct.hpp
[15.302s] -- Up-to-date symlink: /home/E14Raspberry/ScooperBot/tennisbot_ws/install/serial_motor_demo_msgs/include/serial_motor_demo_msgs/serial_motor_demo_msgs/msg/detail/motor_vels__traits.hpp
[15.303s] -- Up-to-date symlink: /home/E14Raspberry/ScooperBot/tennisbot_ws/install/serial_motor_demo_msgs/include/serial_motor_demo_msgs/serial_motor_demo_msgs/msg/detail/motor_vels__type_support.hpp
[15.311s] -- Up-to-date symlink: /home/E14Raspberry/ScooperBot/tennisbot_ws/install/serial_motor_demo_msgs/include/serial_motor_demo_msgs/serial_motor_demo_msgs/msg/encoder_vals.hpp
[15.319s] -- Up-to-date symlink: /home/E14Raspberry/ScooperBot/tennisbot_ws/install/serial_motor_demo_msgs/include/serial_motor_demo_msgs/serial_motor_demo_msgs/msg/motor_command.hpp
[15.326s] -- Up-to-date symlink: /home/E14Raspberry/ScooperBot/tennisbot_ws/install/serial_motor_demo_msgs/include/serial_motor_demo_msgs/serial_motor_demo_msgs/msg/motor_vels.hpp
[15.333s] -- Up-to-date symlink: /home/E14Raspberry/ScooperBot/tennisbot_ws/install/serial_motor_demo_msgs/include/serial_motor_demo_msgs/serial_motor_demo_msgs/msg/rosidl_generator_cpp__visibility_control.hpp
[15.357s] -- Up-to-date symlink: /home/E14Raspberry/ScooperBot/tennisbot_ws/install/serial_motor_demo_msgs/include/serial_motor_demo_msgs/serial_motor_demo_msgs/msg/detail/encoder_vals__rosidl_typesupport_fastrtps_cpp.hpp
[15.367s] -- Up-to-date symlink: /home/E14Raspberry/ScooperBot/tennisbot_ws/install/serial_motor_demo_msgs/include/serial_motor_demo_msgs/serial_motor_demo_msgs/msg/detail/motor_command__rosidl_typesupport_fastrtps_cpp.hpp
[15.368s] -- Up-to-date symlink: /home/E14Raspberry/ScooperBot/tennisbot_ws/install/serial_motor_demo_msgs/include/serial_motor_demo_msgs/serial_motor_demo_msgs/msg/detail/motor_vels__rosidl_typesupport_fastrtps_cpp.hpp
[15.373s] -- Up-to-date symlink: /home/E14Raspberry/ScooperBot/tennisbot_ws/install/serial_motor_demo_msgs/include/serial_motor_demo_msgs/serial_motor_demo_msgs/msg/rosidl_typesupport_fastrtps_cpp__visibility_control.h
[15.383s] -- Up-to-date symlink: /home/E14Raspberry/ScooperBot/tennisbot_ws/install/serial_motor_demo_msgs/include/serial_motor_demo_msgs/serial_motor_demo_msgs/msg/detail/encoder_vals__rosidl_typesupport_introspection_cpp.hpp
[15.388s] -- Up-to-date symlink: /home/E14Raspberry/ScooperBot/tennisbot_ws/install/serial_motor_demo_msgs/include/serial_motor_demo_msgs/serial_motor_demo_msgs/msg/detail/motor_command__rosidl_typesupport_introspection_cpp.hpp
[15.395s] -- Up-to-date symlink: /home/E14Raspberry/ScooperBot/tennisbot_ws/install/serial_motor_demo_msgs/include/serial_motor_demo_msgs/serial_motor_demo_msgs/msg/detail/motor_vels__rosidl_typesupport_introspection_cpp.hpp
[15.418s] -- Up-to-date symlink: /home/E14Raspberry/ScooperBot/tennisbot_ws/install/serial_motor_demo_msgs/share/serial_motor_demo_msgs/environment/pythonpath.sh
[15.433s] -- Up-to-date symlink: /home/E14Raspberry/ScooperBot/tennisbot_ws/install/serial_motor_demo_msgs/share/serial_motor_demo_msgs/environment/pythonpath.dsv
[15.441s] -- Up-to-date symlink: /home/E14Raspberry/ScooperBot/tennisbot_ws/install/serial_motor_demo_msgs/lib/python3.12/site-packages/serial_motor_demo_msgs-0.0.0-py3.12.egg-info/PKG-INFO
[15.452s] -- Up-to-date symlink: /home/E14Raspberry/ScooperBot/tennisbot_ws/install/serial_motor_demo_msgs/lib/python3.12/site-packages/serial_motor_demo_msgs-0.0.0-py3.12.egg-info/SOURCES.txt
[15.458s] -- Up-to-date symlink: /home/E14Raspberry/ScooperBot/tennisbot_ws/install/serial_motor_demo_msgs/lib/python3.12/site-packages/serial_motor_demo_msgs-0.0.0-py3.12.egg-info/dependency_links.txt
[15.466s] -- Up-to-date symlink: /home/E14Raspberry/ScooperBot/tennisbot_ws/install/serial_motor_demo_msgs/lib/python3.12/site-packages/serial_motor_demo_msgs-0.0.0-py3.12.egg-info/top_level.txt
[15.489s] -- Up-to-date symlink: /home/E14Raspberry/ScooperBot/tennisbot_ws/install/serial_motor_demo_msgs/lib/python3.12/site-packages/serial_motor_demo_msgs/__init__.py
[15.501s] -- Up-to-date symlink: /home/E14Raspberry/ScooperBot/tennisbot_ws/install/serial_motor_demo_msgs/lib/python3.12/site-packages/serial_motor_demo_msgs/_serial_motor_demo_msgs_s.ep.rosidl_typesupport_c.c
[15.509s] -- Up-to-date symlink: /home/E14Raspberry/ScooperBot/tennisbot_ws/install/serial_motor_demo_msgs/lib/python3.12/site-packages/serial_motor_demo_msgs/_serial_motor_demo_msgs_s.ep.rosidl_typesupport_fastrtps_c.c
[15.511s] -- Up-to-date symlink: /home/E14Raspberry/ScooperBot/tennisbot_ws/install/serial_motor_demo_msgs/lib/python3.12/site-packages/serial_motor_demo_msgs/_serial_motor_demo_msgs_s.ep.rosidl_typesupport_introspection_c.c
[15.517s] -- Up-to-date symlink: /home/E14Raspberry/ScooperBot/tennisbot_ws/install/serial_motor_demo_msgs/lib/python3.12/site-packages/serial_motor_demo_msgs/msg/__init__.py
[15.524s] -- Up-to-date symlink: /home/E14Raspberry/ScooperBot/tennisbot_ws/install/serial_motor_demo_msgs/lib/python3.12/site-packages/serial_motor_demo_msgs/msg/_encoder_vals.py
[15.530s] -- Up-to-date symlink: /home/E14Raspberry/ScooperBot/tennisbot_ws/install/serial_motor_demo_msgs/lib/python3.12/site-packages/serial_motor_demo_msgs/msg/_encoder_vals_s.c
[15.538s] -- Up-to-date symlink: /home/E14Raspberry/ScooperBot/tennisbot_ws/install/serial_motor_demo_msgs/lib/python3.12/site-packages/serial_motor_demo_msgs/msg/_motor_command.py
[15.543s] -- Up-to-date symlink: /home/E14Raspberry/ScooperBot/tennisbot_ws/install/serial_motor_demo_msgs/lib/python3.12/site-packages/serial_motor_demo_msgs/msg/_motor_command_s.c
[15.559s] -- Up-to-date symlink: /home/E14Raspberry/ScooperBot/tennisbot_ws/install/serial_motor_demo_msgs/lib/python3.12/site-packages/serial_motor_demo_msgs/msg/_motor_vels.py
[15.570s] -- Up-to-date symlink: /home/E14Raspberry/ScooperBot/tennisbot_ws/install/serial_motor_demo_msgs/lib/python3.12/site-packages/serial_motor_demo_msgs/msg/_motor_vels_s.c
[15.577s] -- Up-to-date symlink: /home/E14Raspberry/ScooperBot/tennisbot_ws/install/serial_motor_demo_msgs/lib/python3.12/site-packages/serial_motor_demo_msgs/serial_motor_demo_msgs_s__rosidl_typesupport_c.so
[15.578s] -- Up-to-date symlink: /home/E14Raspberry/ScooperBot/tennisbot_ws/install/serial_motor_demo_msgs/lib/python3.12/site-packages/serial_motor_demo_msgs/serial_motor_demo_msgs_s__rosidl_typesupport_fastrtps_c.so
[15.581s] -- Up-to-date symlink: /home/E14Raspberry/ScooperBot/tennisbot_ws/install/serial_motor_demo_msgs/lib/python3.12/site-packages/serial_motor_demo_msgs/serial_motor_demo_msgs_s__rosidl_typesupport_introspection_c.so
[15.586s] -- Up-to-date symlink: /home/E14Raspberry/ScooperBot/tennisbot_ws/install/serial_motor_demo_msgs/lib/python3.12/site-packages/serial_motor_demo_msgs/serial_motor_demo_msgs_s__rosidl_typesupport_fastrtps_c.so
[15.592s] -- Up-to-date symlink: /home/E14Raspberry/ScooperBot/tennisbot_ws/install/serial_motor_demo_msgs/lib/python3.12/site-packages/serial_motor_demo_msgs/serial_motor_demo_msgs_s__rosidl_typesupport_introspection_c.so
[15.614s] -- Up-to-date symlink: /home/E14Raspberry/ScooperBot/tennisbot_ws/install/serial_motor_demo_msgs/lib/python3.12/site-packages/serial_motor_demo_msgs/serial_motor_demo_msgs_s__rosidl_typesupport_c.so
[15.618s] -- Up-to-date symlink: /home/E14Raspberry/ScooperBot/tennisbot_ws/install/serial_motor_demo_msgs/share/serial_motor_demo_msgs/msg/MotorCommand.idl
[15.620s] -- Up-to-date symlink: /home/E14Raspberry/ScooperBot/tennisbot_ws/install/serial_motor_demo_msgs/share/serial_motor_demo_msgs/msg/MotorVels.idl
[15.627s] -- Up-to-date symlink: /home/E14Raspberry/ScooperBot/tennisbot_ws/install/serial_motor_demo_msgs/share/serial_motor_demo_msgs/msg/EncoderVals.idl
[15.634s] -- Up-to-date symlink: /home/E14Raspberry/ScooperBot/tennisbot_ws/install/serial_motor_demo_msgs/share/serial_motor_demo_msgs/msg/MotorCommand.msg
[15.635s] -- Up-to-date symlink: /home/E14Raspberry/ScooperBot/tennisbot_ws/install/serial_motor_demo_msgs/share/serial_motor_demo_msgs/msg/MotorVels.msg
[15.637s] -- Up-to-date symlink: /home/E14Raspberry/ScooperBot/tennisbot_ws/install/serial_motor_demo_msgs/share/serial_motor_demo_msgs/msg/EncoderVals.msg
[15.642s] -- Up-to-date symlink: /home/E14Raspberry/ScooperBot/tennisbot_ws/install/serial_motor_demo_msgs/share/ament_index/resource_index/package_run_dependencies/serial_motor_demo_msgs
[15.660s] -- Up-to-date symlink: /home/E14Raspberry/ScooperBot/tennisbot_ws/install/serial_motor_demo_msgs/share/ament_index/resource_index/parent_prefix_path/serial_motor_demo_msgs
[15.670s] -- Up-to-date symlink: /home/E14Raspberry/ScooperBot/tennisbot_ws/install/serial_motor_demo_msgs/share/serial_motor_demo_msgs/environment/ament_prefix_path.sh
[15.671s] -- Up-to-date symlink: /home/E14Raspberry/ScooperBot/tennisbot_ws/install/serial_motor_demo_msgs/share/serial_motor_demo_msgs/environment/ament_prefix_path.dsv
[15.678s] -- Up-to-date symlink: /home/E14Raspberry/ScooperBot/tennisbot_ws/install/serial_motor_demo_msgs/share/serial_motor_demo_msgs/environment/path.sh
[15.680s] -- Up-to-date symlink: /home/E14Raspberry/ScooperBot/tennisbot_ws/install/serial_motor_demo_msgs/share/serial_motor_demo_msgs/environment/path.dsv
[15.689s] -- Up-to-date symlink: /home/E14Raspberry/ScooperBot/tennisbot_ws/install/serial_motor_demo_msgs/share/serial_motor_demo_msgs/local_setup.bash
[15.693s] -- Up-to-date symlink: /home/E14Raspberry/ScooperBot/tennisbot_ws/install/serial_motor_demo_msgs/share/serial_motor_demo_msgs/local_setup.sh
[15.695s] -- Up-to-date symlink: /home/E14Raspberry/ScooperBot/tennisbot_ws/install/serial_motor_demo_msgs/share/serial_motor_demo_msgs/local_setup.zsh
[15.704s] -- Up-to-date symlink: /home/E14Raspberry/ScooperBot/tennisbot_ws/install/serial_motor_demo_msgs/share/serial_motor_demo_msgs/local_setup.dsv
[15.705s] -- Symlinking: /home/E14Raspberry/ScooperBot/tennisbot_ws/install/serial_motor_demo_msgs/share/serial_motor_demo_msgs/package.dsv
[15.876s] -- Up-to-date symlink: /home/E14Raspberry/ScooperBot/tennisbot_ws/install/serial_motor_demo_msgs/share/ament_index/resource_index/packages/serial_motor_demo_msgs
[15.883s] -- Up-to-date symlink: /home/E14Raspberry/ScooperBot/tennisbot_ws/install/serial_motor_demo_msgs/share/serial_motor_demo_msgs/cmake/rosidl_cmake-extras.cmake
[15.888s] -- Up-to-date symlink: /home/E14Raspberry/ScooperBot/tennisbot_ws/install/serial_motor_demo_msgs/share/serial_motor_demo_msgs/cmake/ament_cmake_export_include_directories-extras.cmake
[15.892s] -- Up-to-date symlink: /home/E14Raspberry/ScooperBot/tennisbot_ws/install/serial_motor_demo_msgs/share/serial_motor_demo_msgs/cmake/ament_cmake_export_libraries-extras.cmake
[15.898s] -- Up-to-date symlink: /home/E14Raspberry/ScooperBot/tennisbot_ws/install/serial_motor_demo_msgs/share/serial_motor_demo_msgs/cmake/ament_cmake_export_targets-extras.cmake
[15.908s] -- Up-to-date symlink: /home/E14Raspberry/ScooperBot/tennisbot_ws/install/serial_motor_demo_msgs/share/serial_motor_demo_msgs/cmake/rosidl_cmake_export_typesupport_targets-extras.cmake
[15.913s] -- Up-to-date symlink: /home/E14Raspberry/ScooperBot/tennisbot_ws/install/serial_motor_demo_msgs/share/serial_motor_demo_msgs/cmake/ament_cmake_export_dependencies-extras.cmake
[15.921s] -- Up-to-date symlink: /home/E14Raspberry/ScooperBot/tennisbot_ws/install/serial_motor_demo_msgs/share/serial_motor_demo_msgs/cmake/rosidl_cmake_export_typesupport_libraries-extras.cmake
[15.927s] -- Up-to-date symlink: /home/E14Raspberry/ScooperBot/tennisbot_ws/install/serial_motor_demo_msgs/share/serial_motor_demo_msgs/cmake/serial_motor_demo_msgsConfig.cmake
[15.934s] -- Up-to-date symlink: /home/E14Raspberry/ScooperBot/tennisbot_ws/install/serial_motor_demo_msgs/share/serial_motor_demo_msgs/cmake/serial_motor_demo_msgsConfig-version.cmake
[15.941s] -- Up-to-date symlink: /home/E14Raspberry/ScooperBot/tennisbot_ws/install/serial_motor_demo_msgs/share/serial_motor_demo_msgs/package.xml
[15.945s] -- Up-to-date: /home/E14Raspberry/ScooperBot/tennisbot_ws/install/serial_motor_demo_msgs/lib/libserial_motor_demo_msgs__rosidl_generator_c.so
[15.958s] -- Up-to-date: /home/E14Raspberry/ScooperBot/tennisbot_ws/install/serial_motor_demo_msgs/lib/libserial_motor_demo_msgs__rosidl_typesupport_fastrtps_c.so
[15.963s] -- Up-to-date: /home/E14Raspberry/ScooperBot/tennisbot_ws/install/serial_motor_demo_msgs/lib/libserial_motor_demo_msgs__rosidl_typesupport_introspection_c.so
[15.977s] -- Up-to-date: /home/E14Raspberry/ScooperBot/tennisbot_ws/install/serial_motor_demo_msgs/lib/libserial_motor_demo_msgs__rosidl_typesupport_c.so
[15.985s] -- Up-to-date: /home/E14Raspberry/ScooperBot/tennisbot_ws/install/serial_motor_demo_msgs/lib/libserial_motor_demo_msgs__rosidl_typesupport_fastrtps_cpp.so
[15.991s] -- Up-to-date: /home/E14Raspberry/ScooperBot/tennisbot_ws/install/serial_motor_demo_msgs/lib/libserial_motor_demo_msgs__rosidl_typesupport_introspection_cpp.so
[16.005s] -- Up-to-date: /home/E14Raspberry/ScooperBot/tennisbot_ws/install/serial_motor_demo_msgs/lib/libserial_motor_demo_msgs__rosidl_typesupport_cpp.so
[16.519s] Listing '/home/E14Raspberry/ScooperBot/tennisbot_ws/install/serial_motor_demo_msgs/lib/python3.12/site-packages/serial_motor_demo_msgs'...
[16.524s] Listing '/home/E14Raspberry/ScooperBot/tennisbot_ws/install/serial_motor_demo_msgs/lib/python3.12/site-packages/serial_motor_demo_msgs/msg'...
[16.624s] -- Up-to-date: /home/E14Raspberry/ScooperBot/tennisbot_ws/install/serial_motor_demo_msgs/lib/libserial_motor_demo_msgs__rosidl_generator_py.so
[16.631s] -- Up-to-date: /home/E14Raspberry/ScooperBot/tennisbot_ws/install/serial_motor_demo_msgs/share/serial_motor_demo_msgs/cmake/export_serial_motor_demo_msgs__rosidl_generator_cExport.cmake
[16.640s] -- Up-to-date: /home/E14Raspberry/ScooperBot/tennisbot_ws/install/serial_motor_demo_msgs/share/serial_motor_demo_msgs/cmake/export_serial_motor_demo_msgs__rosidl_generator_cExport-noconfig.cmake
[16.644s] -- Up-to-date: /home/E14Raspberry/ScooperBot/tennisbot_ws/install/serial_motor_demo_msgs/share/serial_motor_demo_msgs/cmake/export_serial_motor_demo_msgs__rosidl_typesupport_fastrtps_cExport.cmake
[16.646s] -- Up-to-date: /home/E14Raspberry/ScooperBot/tennisbot_ws/install/serial_motor_demo_msgs/share/serial_motor_demo_msgs/cmake/export_serial_motor_demo_msgs__rosidl_typesupport_fastrtps_cExport-noconfig.cmake
[16.654s] -- Up-to-date: /home/E14Raspberry/ScooperBot/tennisbot_ws/install/serial_motor_demo_msgs/share/serial_motor_demo_msgs/cmake/serial_motor_demo_msgs__rosidl_typesupport_introspection_cExport.cmake
[16.660s] -- Up-to-date: /home/E14Raspberry/ScooperBot/tennisbot_ws/install/serial_motor_demo_msgs/share/serial_motor_demo_msgs/cmake/serial_motor_demo_msgs__rosidl_typesupport_introspection_cExport-noconfig.cmake
[16.666s] -- Up-to-date: /home/E14Raspberry/ScooperBot/tennisbot_ws/install/serial_motor_demo_msgs/share/serial_motor_demo_msgs/cmake/serial_motor_demo_msgs__rosidl_typesupport_cExport.cmake
[16.669s] -- Up-to-date: /home/E14Raspberry/ScooperBot/tennisbot_ws/install/serial_motor_demo_msgs/share/serial_motor_demo_msgs/cmake/serial_motor_demo_msgs__rosidl_typesupport_cExport-noconfig.cmake
[16.676s] -- Up-to-date: /home/E14Raspberry/ScooperBot/tennisbot_ws/install/serial_motor_demo_msgs/share/serial_motor_demo_msgs/cmake/export_serial_motor_demo_msgs__rosidl_generator_cppExport.cmake
[16.693s] -- Up-to-date: /home/E14Raspberry/ScooperBot/tennisbot_ws/install/serial_motor_demo_msgs/share/serial_motor_demo_msgs/cmake/export_serial_motor_demo_msgs__rosidl_typesupport_fastrtps_cppExport.cmake
[16.699s] -- Up-to-date: /home/E14Raspberry/ScooperBot/tennisbot_ws/install/serial_motor_demo_msgs/share/serial_motor_demo_msgs/cmake/export_serial_motor_demo_msgs__rosidl_typesupport_fastrtps_cppExport-noconfig.cmake
[16.701s] -- Up-to-date: /home/E14Raspberry/ScooperBot/tennisbot_ws/install/serial_motor_demo_msgs/share/serial_motor_demo_msgs/cmake/serial_motor_demo_msgs__rosidl_typesupport_introspection_cppExport.cmake
[16.703s] -- Up-to-date: /home/E14Raspberry/ScooperBot/tennisbot_ws/install/serial_motor_demo_msgs/share/serial_motor_demo_msgs/cmake/serial_motor_demo_msgs__rosidl_typesupport_introspection_cppExport-noconfig.cmake
[16.704s] -- Up-to-date: /home/E14Raspberry/ScooperBot/tennisbot_ws/install/serial_motor_demo_msgs/share/serial_motor_demo_msgs/cmake/serial_motor_demo_msgs__rosidl_typesupport_cppExport.cmake
[16.705s] -- Up-to-date: /home/E14Raspberry/ScooperBot/tennisbot_ws/install/serial_motor_demo_msgs/share/serial_motor_demo_msgs/cmake/serial_motor_demo_msgs__rosidl_typesupport_cppExport-noconfig.cmake
[16.724s] -- Up-to-date: /home/E14Raspberry/ScooperBot/tennisbot_ws/install/serial_motor_demo_msgs/share/serial_motor_demo_msgs/cmake/export_serial_motor_demo_msgs__rosidl_generator_pyExport.cmake
[16.728s] -- Up-to-date: /home/E14Raspberry/ScooperBot/tennisbot_ws/install/serial_motor_demo_msgs/share/serial_motor_demo_msgs/cmake/export_serial_motor_demo_msgs__rosidl_generator_pyExport-noconfig.cmake
[16.779s] Invoked command in '/home/E14Raspberry/ScooperBot/tennisbot_ws/build/serial_motor_demo_msgs' returned '0': CMAKE_PREFIX_PATH=${CMAKE_PREFIX_PATH}:/opt/ros/jazzy /usr/bin/cmake --install /home/E14Raspberry/ScooperBot/tennisbot_ws/build/serial_motor_demo_msgs
