[0.000000] (-) TimerEvent: {}
[0.003373] (-) JobUnselected: {'identifier': 'ball_tracker'}
[0.003763] (-) JobUnselected: {'identifier': 'diffdrive_arduino'}
[0.003971] (-) JobUnselected: {'identifier': 'ros2_nav_to_pose_msgs'}
[0.004161] (-) JobUnselected: {'identifier': 'serial_motor_demo'}
[0.004346] (-) JobUnselected: {'identifier': 'serial_motor_demo_msgs'}
[0.004557] (-) JobUnselected: {'identifier': 'tennisbotmaster'}
[0.004759] (-) JobUnselected: {'identifier': 'twist_stamper'}
[0.004940] (-) JobUnselected: {'identifier': 'yasmin'}
[0.005116] (-) JobUnselected: {'identifier': 'yasmin_demos'}
[0.005292] (-) JobUnselected: {'identifier': 'yasmin_msgs'}
[0.005503] (-) JobUnselected: {'identifier': 'yasmin_ros'}
[0.005700] (-) JobUnselected: {'identifier': 'yasmin_viewer'}
[0.005900] (ros2_nav_to_pose) JobQueued: {'identifier': 'ros2_nav_to_pose', 'dependencies': OrderedDict()}
[0.006110] (ros2_nav_to_pose) JobStarted: {'identifier': 'ros2_nav_to_pose'}
[0.101220] (-) TimerEvent: {}
[0.202405] (-) TimerEvent: {}
[0.303812] (-) TimerEvent: {}
[0.404905] (-) TimerEvent: {}
[0.434134] (ros2_nav_to_pose) JobEnded: {'identifier': 'ros2_nav_to_pose', 'rc': 0}
[0.440839] (-) EventReactorShutdown: {}
