[9.956s] Invoking command in '/home/E14Raspberry/ScooperBot/tennisbot_ws/build/ros2_nav_to_pose': PYTHONPATH=/home/E14Raspberry/ScooperBot/tennisbot_ws/build/ros2_nav_to_pose/prefix_override:/usr/lib/python3/dist-packages/colcon_core/task/python/colcon_distutils_commands:/home/E14Raspberry/ScooperBot/tennisbot_ws/install/ros2_nav_to_pose/lib/python3.12/site-packages:${PYTHONPATH} /usr/bin/python3 -W ignore:setup.py install is deprecated setup.py develop --editable --build-directory /home/E14Raspberry/ScooperBot/tennisbot_ws/build/ros2_nav_to_pose/build --no-deps symlink_data
[14.158s] running develop
[14.160s] /usr/lib/python3/dist-packages/setuptools/command/develop.py:40: EasyInstallDeprecationWarning: easy_install command is deprecated.
[14.162s] !!
[14.163s] 
[14.164s]         ********************************************************************************
[14.165s]         Please avoid running ``setup.py`` and ``easy_install``.
[14.166s]         Instead, use pypa/build, pypa/installer or other
[14.167s]         standards-based tools.
[14.169s] 
[14.170s]         See https://github.com/pypa/setuptools/issues/917 for details.
[14.171s]         ********************************************************************************
[14.175s] 
[14.176s] !!
[14.177s]   easy_install.initialize_options(self)
[16.878s] running egg_info
[17.130s] writing ros2_nav_to_pose.egg-info/PKG-INFO
[17.133s] writing dependency_links to ros2_nav_to_pose.egg-info/dependency_links.txt
[17.135s] writing entry points to ros2_nav_to_pose.egg-info/entry_points.txt
[17.139s] writing requirements to ros2_nav_to_pose.egg-info/requires.txt
[17.141s] writing top-level names to ros2_nav_to_pose.egg-info/top_level.txt
[17.656s] reading manifest file 'ros2_nav_to_pose.egg-info/SOURCES.txt'
[17.664s] writing manifest file 'ros2_nav_to_pose.egg-info/SOURCES.txt'
[17.936s] running build_ext
[17.940s] Creating /home/E14Raspberry/ScooperBot/tennisbot_ws/install/ros2_nav_to_pose/lib/python3.12/site-packages/ros2-nav-to-pose.egg-link (link to .)
[17.945s] Installing nav_to_pose_action_client script to /home/E14Raspberry/ScooperBot/tennisbot_ws/install/ros2_nav_to_pose/lib/ros2_nav_to_pose
[17.948s] Installing nav_to_pose_action_server script to /home/E14Raspberry/ScooperBot/tennisbot_ws/install/ros2_nav_to_pose/lib/ros2_nav_to_pose
[17.951s] 
[17.952s] Installed /home/E14Raspberry/ScooperBot/tennisbot_ws/build/ros2_nav_to_pose
[17.953s] running symlink_data
[18.228s] Invoked command in '/home/E14Raspberry/ScooperBot/tennisbot_ws/build/ros2_nav_to_pose' returned '0': PYTHONPATH=/home/E14Raspberry/ScooperBot/tennisbot_ws/build/ros2_nav_to_pose/prefix_override:/usr/lib/python3/dist-packages/colcon_core/task/python/colcon_distutils_commands:/home/E14Raspberry/ScooperBot/tennisbot_ws/install/ros2_nav_to_pose/lib/python3.12/site-packages:${PYTHONPATH} /usr/bin/python3 -W ignore:setup.py install is deprecated setup.py develop --editable --build-directory /home/E14Raspberry/ScooperBot/tennisbot_ws/build/ros2_nav_to_pose/build --no-deps symlink_data
