[25.845s] Invoking command in '/home/E14Raspberry/ScooperBot/tennisbot_ws/build/ros2_nav_to_pose': PYTHONPATH=/home/E14Raspberry/ScooperBot/tennisbot_ws/build/ros2_nav_to_pose/prefix_override:/usr/lib/python3/dist-packages/colcon_core/task/python/colcon_distutils_commands:/home/E14Raspberry/ScooperBot/tennisbot_ws/install/ros2_nav_to_pose/lib/python3.12/site-packages:${PYTHONPATH} /usr/bin/python3 -W ignore:setup.py install is deprecated setup.py develop --editable --build-directory /home/E14Raspberry/ScooperBot/tennisbot_ws/build/ros2_nav_to_pose/build --no-deps symlink_data
[36.492s] running develop
[36.500s] /usr/lib/python3/dist-packages/setuptools/command/develop.py:40: EasyInstallDeprecationWarning: easy_install command is deprecated.
[36.519s] !!
[36.533s] 
[36.537s]         ********************************************************************************
[36.544s]         Please avoid running ``setup.py`` and ``easy_install``.
[36.564s]         Instead, use pypa/build, pypa/installer or other
[36.585s]         standards-based tools.
[36.586s] 
[36.601s]         See https://github.com/pypa/setuptools/issues/917 for details.
[36.607s]         ********************************************************************************
[36.608s] 
[36.613s] !!
[36.625s]   easy_install.initialize_options(self)
[44.597s] running egg_info
[45.054s] writing ros2_nav_to_pose.egg-info/PKG-INFO
[45.058s] writing dependency_links to ros2_nav_to_pose.egg-info/dependency_links.txt
[45.063s] writing entry points to ros2_nav_to_pose.egg-info/entry_points.txt
[45.073s] writing requirements to ros2_nav_to_pose.egg-info/requires.txt
[45.075s] writing top-level names to ros2_nav_to_pose.egg-info/top_level.txt
[46.240s] reading manifest file 'ros2_nav_to_pose.egg-info/SOURCES.txt'
[46.245s] writing manifest file 'ros2_nav_to_pose.egg-info/SOURCES.txt'
[46.668s] running build_ext
[46.679s] Creating /home/E14Raspberry/ScooperBot/tennisbot_ws/install/ros2_nav_to_pose/lib/python3.12/site-packages/ros2-nav-to-pose.egg-link (link to .)
[46.701s] Installing nav_to_pose_action_client script to /home/E14Raspberry/ScooperBot/tennisbot_ws/install/ros2_nav_to_pose/lib/ros2_nav_to_pose
[46.707s] Installing nav_to_pose_action_server script to /home/E14Raspberry/ScooperBot/tennisbot_ws/install/ros2_nav_to_pose/lib/ros2_nav_to_pose
[46.709s] 
[46.733s] Installed /home/E14Raspberry/ScooperBot/tennisbot_ws/build/ros2_nav_to_pose
[46.745s] running symlink_data
[47.727s] Invoked command in '/home/E14Raspberry/ScooperBot/tennisbot_ws/build/ros2_nav_to_pose' returned '0': PYTHONPATH=/home/E14Raspberry/ScooperBot/tennisbot_ws/build/ros2_nav_to_pose/prefix_override:/usr/lib/python3/dist-packages/colcon_core/task/python/colcon_distutils_commands:/home/E14Raspberry/ScooperBot/tennisbot_ws/install/ros2_nav_to_pose/lib/python3.12/site-packages:${PYTHONPATH} /usr/bin/python3 -W ignore:setup.py install is deprecated setup.py develop --editable --build-directory /home/E14Raspberry/ScooperBot/tennisbot_ws/build/ros2_nav_to_pose/build --no-deps symlink_data
