[10.263s] Invoking command in '/home/E14Raspberry/ScooperBot/tennisbot_ws/build/ball_tracker': PYTHONPATH=/home/E14Raspberry/ScooperBot/tennisbot_ws/build/ball_tracker/prefix_override:/usr/lib/python3/dist-packages/colcon_core/task/python/colcon_distutils_commands:/home/E14Raspberry/ScooperBot/tennisbot_ws/install/ball_tracker/lib/python3.12/site-packages:${PYTHONPATH} /usr/bin/python3 -W ignore:setup.py install is deprecated setup.py develop --editable --build-directory /home/E14Raspberry/ScooperBot/tennisbot_ws/build/ball_tracker/build --no-deps symlink_data
[14.223s] running develop
[14.224s] /usr/lib/python3/dist-packages/setuptools/command/develop.py:40: EasyInstallDeprecationWarning: easy_install command is deprecated.
[14.225s] !!
[14.225s] 
[14.225s]         ********************************************************************************
[14.226s]         Please avoid running ``setup.py`` and ``easy_install``.
[14.226s]         Instead, use pypa/build, pypa/installer or other
[14.226s]         standards-based tools.
[14.227s] 
[14.227s]         See https://github.com/pypa/setuptools/issues/917 for details.
[14.227s]         ********************************************************************************
[14.228s] 
[14.228s] !!
[14.228s]   easy_install.initialize_options(self)
[17.205s] running egg_info
[17.469s] writing ball_tracker.egg-info/PKG-INFO
[17.471s] writing dependency_links to ball_tracker.egg-info/dependency_links.txt
[17.476s] writing entry points to ball_tracker.egg-info/entry_points.txt
[17.478s] writing requirements to ball_tracker.egg-info/requires.txt
[17.479s] writing top-level names to ball_tracker.egg-info/top_level.txt
[17.665s] reading manifest file 'ball_tracker.egg-info/SOURCES.txt'
[17.669s] writing manifest file 'ball_tracker.egg-info/SOURCES.txt'
[17.766s] running build_ext
[17.766s] Creating /home/E14Raspberry/ScooperBot/tennisbot_ws/install/ball_tracker/lib/python3.12/site-packages/ball-tracker.egg-link (link to .)
[17.769s] Installing detect_ball script to /home/E14Raspberry/ScooperBot/tennisbot_ws/install/ball_tracker/lib/ball_tracker
[17.770s] Installing detect_ball_3d script to /home/E14Raspberry/ScooperBot/tennisbot_ws/install/ball_tracker/lib/ball_tracker
[17.771s] Installing detect_ball_nn script to /home/E14Raspberry/ScooperBot/tennisbot_ws/install/ball_tracker/lib/ball_tracker
[17.772s] Installing detect_ball_nn_offload script to /home/E14Raspberry/ScooperBot/tennisbot_ws/install/ball_tracker/lib/ball_tracker
[17.773s] Installing follow_ball script to /home/E14Raspberry/ScooperBot/tennisbot_ws/install/ball_tracker/lib/ball_tracker
[17.774s] Installing follow_ball_action_server script to /home/E14Raspberry/ScooperBot/tennisbot_ws/install/ball_tracker/lib/ball_tracker
[17.775s] 
[17.776s] Installed /home/E14Raspberry/ScooperBot/tennisbot_ws/build/ball_tracker
[17.776s] running symlink_data
[17.934s] Invoked command in '/home/E14Raspberry/ScooperBot/tennisbot_ws/build/ball_tracker' returned '0': PYTHONPATH=/home/E14Raspberry/ScooperBot/tennisbot_ws/build/ball_tracker/prefix_override:/usr/lib/python3/dist-packages/colcon_core/task/python/colcon_distutils_commands:/home/E14Raspberry/ScooperBot/tennisbot_ws/install/ball_tracker/lib/python3.12/site-packages:${PYTHONPATH} /usr/bin/python3 -W ignore:setup.py install is deprecated setup.py develop --editable --build-directory /home/E14Raspberry/ScooperBot/tennisbot_ws/build/ball_tracker/build --no-deps symlink_data
