[0.095s] Invoking command in '/home/E14Raspberry/ScooperBot/tennisbot_ws/build/diffdrive_arduino': CMAKE_PREFIX_PATH=${CMAKE_PREFIX_PATH}:/home/E14Raspberry/ScooperBot/tennisbot_ws/install/serial_motor_demo:/opt/ros/jazzy /usr/bin/cmake --build /home/E14Raspberry/ScooperBot/tennisbot_ws/build/diffdrive_arduino -- -j4 -l4
[0.559s] [100%] Built target diffdrive_arduino
[0.799s] Invoked command in '/home/E14Raspberry/ScooperBot/tennisbot_ws/build/diffdrive_arduino' returned '0': CMAKE_PREFIX_PATH=${CMAKE_PREFIX_PATH}:/home/E14Raspberry/ScooperBot/tennisbot_ws/install/serial_motor_demo:/opt/ros/jazzy /usr/bin/cmake --build /home/E14Raspberry/ScooperBot/tennisbot_ws/build/diffdrive_arduino -- -j4 -l4
[1.185s] Invoking command in '/home/E14Raspberry/ScooperBot/tennisbot_ws/build/diffdrive_arduino': CMAKE_PREFIX_PATH=${CMAKE_PREFIX_PATH}:/home/E14Raspberry/ScooperBot/tennisbot_ws/install/serial_motor_demo:/opt/ros/jazzy /usr/bin/cmake --install /home/E14Raspberry/ScooperBot/tennisbot_ws/build/diffdrive_arduino
[1.255s] -- Install configuration: ""
[1.260s] -- Execute custom install script
[1.261s] -- Up-to-date symlink: /home/E14Raspberry/ScooperBot/tennisbot_ws/install/diffdrive_arduino/share/diffdrive_arduino//diffdrive_arduino.xml
[1.266s] -- Up-to-date symlink: /home/E14Raspberry/ScooperBot/tennisbot_ws/install/diffdrive_arduino/include/diffdrive_arduino/diffdrive_arduino/arduino_comms.hpp
[1.267s] -- Up-to-date symlink: /home/E14Raspberry/ScooperBot/tennisbot_ws/install/diffdrive_arduino/include/diffdrive_arduino/diffdrive_arduino/diffbot_system.hpp
[1.272s] -- Up-to-date symlink: /home/E14Raspberry/ScooperBot/tennisbot_ws/install/diffdrive_arduino/include/diffdrive_arduino/diffdrive_arduino/visibility_control.h
[1.273s] -- Up-to-date symlink: /home/E14Raspberry/ScooperBot/tennisbot_ws/install/diffdrive_arduino/include/diffdrive_arduino/diffdrive_arduino/wheel.hpp
[1.279s] -- Up-to-date symlink: /home/E14Raspberry/ScooperBot/tennisbot_ws/install/diffdrive_arduino/share/diffdrive_arduino/launch/view_robot.launch.py
[1.280s] -- Up-to-date symlink: /home/E14Raspberry/ScooperBot/tennisbot_ws/install/diffdrive_arduino/share/diffdrive_arduino/ros2_control/diffbot.ros2_control.xacro
[1.283s] -- Up-to-date symlink: /home/E14Raspberry/ScooperBot/tennisbot_ws/install/diffdrive_arduino/share/diffdrive_arduino/urdf/diffbot.materials.xacro
[1.287s] -- Up-to-date symlink: /home/E14Raspberry/ScooperBot/tennisbot_ws/install/diffdrive_arduino/share/diffdrive_arduino/urdf/diffbot.urdf.xacro
[1.294s] -- Up-to-date symlink: /home/E14Raspberry/ScooperBot/tennisbot_ws/install/diffdrive_arduino/share/diffdrive_arduino/urdf/diffbot_description.urdf.xacro
[1.295s] -- Up-to-date symlink: /home/E14Raspberry/ScooperBot/tennisbot_ws/install/diffdrive_arduino/share/diffdrive_arduino/rviz/diffbot.rviz
[1.295s] -- Up-to-date symlink: /home/E14Raspberry/ScooperBot/tennisbot_ws/install/diffdrive_arduino/share/diffdrive_arduino/rviz/diffbot_view.rviz
[1.299s] -- Up-to-date symlink: /home/E14Raspberry/ScooperBot/tennisbot_ws/install/diffdrive_arduino/share/diffdrive_arduino/launch/diffbot.launch.py
[1.305s] -- Up-to-date symlink: /home/E14Raspberry/ScooperBot/tennisbot_ws/install/diffdrive_arduino/share/diffdrive_arduino/config/diffbot_controllers.yaml
[1.307s] -- Up-to-date symlink: /home/E14Raspberry/ScooperBot/tennisbot_ws/install/diffdrive_arduino/share/diffdrive_arduino/environment/library_path.sh
[1.311s] -- Up-to-date symlink: /home/E14Raspberry/ScooperBot/tennisbot_ws/install/diffdrive_arduino/share/diffdrive_arduino/environment/library_path.dsv
[1.311s] -- Up-to-date symlink: /home/E14Raspberry/ScooperBot/tennisbot_ws/install/diffdrive_arduino/share/ament_index/resource_index/package_run_dependencies/diffdrive_arduino
[1.314s] -- Up-to-date symlink: /home/E14Raspberry/ScooperBot/tennisbot_ws/install/diffdrive_arduino/share/ament_index/resource_index/parent_prefix_path/diffdrive_arduino
[1.316s] -- Up-to-date symlink: /home/E14Raspberry/ScooperBot/tennisbot_ws/install/diffdrive_arduino/share/diffdrive_arduino/environment/ament_prefix_path.sh
[1.319s] -- Up-to-date symlink: /home/E14Raspberry/ScooperBot/tennisbot_ws/install/diffdrive_arduino/share/diffdrive_arduino/environment/ament_prefix_path.dsv
[1.321s] -- Up-to-date symlink: /home/E14Raspberry/ScooperBot/tennisbot_ws/install/diffdrive_arduino/share/diffdrive_arduino/environment/path.sh
[1.324s] -- Up-to-date symlink: /home/E14Raspberry/ScooperBot/tennisbot_ws/install/diffdrive_arduino/share/diffdrive_arduino/environment/path.dsv
[1.327s] -- Up-to-date symlink: /home/E14Raspberry/ScooperBot/tennisbot_ws/install/diffdrive_arduino/share/diffdrive_arduino/local_setup.bash
[1.329s] -- Up-to-date symlink: /home/E14Raspberry/ScooperBot/tennisbot_ws/install/diffdrive_arduino/share/diffdrive_arduino/local_setup.sh
[1.332s] -- Up-to-date symlink: /home/E14Raspberry/ScooperBot/tennisbot_ws/install/diffdrive_arduino/share/diffdrive_arduino/local_setup.zsh
[1.337s] -- Up-to-date symlink: /home/E14Raspberry/ScooperBot/tennisbot_ws/install/diffdrive_arduino/share/diffdrive_arduino/local_setup.dsv
[1.337s] -- Symlinking: /home/E14Raspberry/ScooperBot/tennisbot_ws/install/diffdrive_arduino/share/diffdrive_arduino/package.dsv
[1.401s] -- Up-to-date symlink: /home/E14Raspberry/ScooperBot/tennisbot_ws/install/diffdrive_arduino/share/ament_index/resource_index/packages/diffdrive_arduino
[1.407s] -- Up-to-date symlink: /home/E14Raspberry/ScooperBot/tennisbot_ws/install/diffdrive_arduino/share/ament_index/resource_index/hardware_interface__pluginlib__plugin/diffdrive_arduino
[1.411s] -- Up-to-date symlink: /home/E14Raspberry/ScooperBot/tennisbot_ws/install/diffdrive_arduino/share/diffdrive_arduino/cmake/ament_cmake_export_targets-extras.cmake
[1.412s] -- Up-to-date symlink: /home/E14Raspberry/ScooperBot/tennisbot_ws/install/diffdrive_arduino/share/diffdrive_arduino/cmake/ament_cmake_export_dependencies-extras.cmake
[1.415s] -- Up-to-date symlink: /home/E14Raspberry/ScooperBot/tennisbot_ws/install/diffdrive_arduino/share/diffdrive_arduino/cmake/diffdrive_arduinoConfig.cmake
[1.416s] -- Up-to-date symlink: /home/E14Raspberry/ScooperBot/tennisbot_ws/install/diffdrive_arduino/share/diffdrive_arduino/cmake/diffdrive_arduinoConfig-version.cmake
[1.417s] -- Up-to-date symlink: /home/E14Raspberry/ScooperBot/tennisbot_ws/install/diffdrive_arduino/share/diffdrive_arduino/package.xml
[1.423s] -- Up-to-date: /home/E14Raspberry/ScooperBot/tennisbot_ws/install/diffdrive_arduino/lib/libdiffdrive_arduino.so
[1.431s] -- Up-to-date: /home/E14Raspberry/ScooperBot/tennisbot_ws/install/diffdrive_arduino/share/diffdrive_arduino/cmake/export_diffdrive_arduinoExport.cmake
[1.431s] -- Up-to-date: /home/E14Raspberry/ScooperBot/tennisbot_ws/install/diffdrive_arduino/share/diffdrive_arduino/cmake/export_diffdrive_arduinoExport-noconfig.cmake
[1.466s] Invoked command in '/home/E14Raspberry/ScooperBot/tennisbot_ws/build/diffdrive_arduino' returned '0': CMAKE_PREFIX_PATH=${CMAKE_PREFIX_PATH}:/home/E14Raspberry/ScooperBot/tennisbot_ws/install/serial_motor_demo:/opt/ros/jazzy /usr/bin/cmake --install /home/E14Raspberry/ScooperBot/tennisbot_ws/build/diffdrive_arduino
