[0.528s] Invoking command in '/home/E14Raspberry/ScooperBot/tennisbot_ws/build/yasmin': CMAKE_PREFIX_PATH=${CMAKE_PREFIX_PATH}:/home/E14Raspberry/ScooperBot/tennisbot_ws/install/twist_stamper:/home/E14Raspberry/ScooperBot/tennisbot_ws/install/serial_motor_demo:/home/E14Raspberry/ScooperBot/tennisbot_ws/install/ros2_nav_to_pose:/home/E14Raspberry/ScooperBot/tennisbot_ws/install/ball_tracker:/opt/ros/jazzy /usr/bin/cmake --build /home/E14Raspberry/ScooperBot/tennisbot_ws/build/yasmin -- -j4 -l4
[3.005s] [  0%] Built target ament_cmake_python_symlink_yasmin
[3.350s] [100%] Built target yasmin_lib
[11.126s] running egg_info
[11.621s] writing yasmin.egg-info/PKG-INFO
[11.641s] writing dependency_links to yasmin.egg-info/dependency_links.txt
[11.663s] writing top-level names to yasmin.egg-info/top_level.txt
[13.461s] reading manifest file 'yasmin.egg-info/SOURCES.txt'
[13.484s] writing manifest file 'yasmin.egg-info/SOURCES.txt'
[14.210s] [100%] Built target ament_cmake_python_build_yasmin_egg
[14.483s] Invoked command in '/home/E14Raspberry/ScooperBot/tennisbot_ws/build/yasmin' returned '0': CMAKE_PREFIX_PATH=${CMAKE_PREFIX_PATH}:/home/E14Raspberry/ScooperBot/tennisbot_ws/install/twist_stamper:/home/E14Raspberry/ScooperBot/tennisbot_ws/install/serial_motor_demo:/home/E14Raspberry/ScooperBot/tennisbot_ws/install/ros2_nav_to_pose:/home/E14Raspberry/ScooperBot/tennisbot_ws/install/ball_tracker:/opt/ros/jazzy /usr/bin/cmake --build /home/E14Raspberry/ScooperBot/tennisbot_ws/build/yasmin -- -j4 -l4
[17.332s] Invoking command in '/home/E14Raspberry/ScooperBot/tennisbot_ws/build/yasmin': CMAKE_PREFIX_PATH=${CMAKE_PREFIX_PATH}:/home/E14Raspberry/ScooperBot/tennisbot_ws/install/twist_stamper:/home/E14Raspberry/ScooperBot/tennisbot_ws/install/serial_motor_demo:/home/E14Raspberry/ScooperBot/tennisbot_ws/install/ros2_nav_to_pose:/home/E14Raspberry/ScooperBot/tennisbot_ws/install/ball_tracker:/opt/ros/jazzy /usr/bin/cmake --install /home/E14Raspberry/ScooperBot/tennisbot_ws/build/yasmin
[17.851s] -- Install configuration: ""
[17.866s] -- Execute custom install script
[17.905s] -- Up-to-date symlink: /home/E14Raspberry/ScooperBot/tennisbot_ws/install/yasmin/lib/libyasmin_lib.a
[17.990s] -- Up-to-date symlink: /home/E14Raspberry/ScooperBot/tennisbot_ws/install/yasmin/include//yasmin/blackboard/blackboard.hpp
[18.032s] -- Up-to-date symlink: /home/E14Raspberry/ScooperBot/tennisbot_ws/install/yasmin/include//yasmin/blackboard/blackboard_value.hpp
[18.091s] -- Up-to-date symlink: /home/E14Raspberry/ScooperBot/tennisbot_ws/install/yasmin/include//yasmin/blackboard/blackboard_value_interface.hpp
[18.134s] -- Up-to-date symlink: /home/E14Raspberry/ScooperBot/tennisbot_ws/install/yasmin/include//yasmin/cb_state.hpp
[18.174s] -- Up-to-date symlink: /home/E14Raspberry/ScooperBot/tennisbot_ws/install/yasmin/include//yasmin/state.hpp
[18.175s] -- Up-to-date symlink: /home/E14Raspberry/ScooperBot/tennisbot_ws/install/yasmin/include//yasmin/state_machine.hpp
[18.180s] -- Up-to-date symlink: /home/E14Raspberry/ScooperBot/tennisbot_ws/install/yasmin/include//yasmin/yasmin_logs.hpp
[18.185s] -- Up-to-date symlink: /home/E14Raspberry/ScooperBot/tennisbot_ws/install/yasmin/share/yasmin/environment/library_path.sh
[18.191s] -- Up-to-date symlink: /home/E14Raspberry/ScooperBot/tennisbot_ws/install/yasmin/share/yasmin/environment/library_path.dsv
[18.192s] -- Up-to-date symlink: /home/E14Raspberry/ScooperBot/tennisbot_ws/install/yasmin/share/yasmin/environment/pythonpath.sh
[18.194s] -- Up-to-date symlink: /home/E14Raspberry/ScooperBot/tennisbot_ws/install/yasmin/share/yasmin/environment/pythonpath.dsv
[18.199s] -- Up-to-date symlink: /home/E14Raspberry/ScooperBot/tennisbot_ws/install/yasmin/lib/python3.12/site-packages/yasmin-2.3.1-py3.12.egg-info/PKG-INFO
[18.207s] -- Up-to-date symlink: /home/E14Raspberry/ScooperBot/tennisbot_ws/install/yasmin/lib/python3.12/site-packages/yasmin-2.3.1-py3.12.egg-info/SOURCES.txt
[18.223s] -- Up-to-date symlink: /home/E14Raspberry/ScooperBot/tennisbot_ws/install/yasmin/lib/python3.12/site-packages/yasmin-2.3.1-py3.12.egg-info/dependency_links.txt
[18.227s] -- Up-to-date symlink: /home/E14Raspberry/ScooperBot/tennisbot_ws/install/yasmin/lib/python3.12/site-packages/yasmin-2.3.1-py3.12.egg-info/top_level.txt
[18.255s] -- Up-to-date symlink: /home/E14Raspberry/ScooperBot/tennisbot_ws/install/yasmin/lib/python3.12/site-packages/yasmin/__init__.py
[18.261s] -- Up-to-date symlink: /home/E14Raspberry/ScooperBot/tennisbot_ws/install/yasmin/lib/python3.12/site-packages/yasmin/blackboard.py
[18.268s] -- Up-to-date symlink: /home/E14Raspberry/ScooperBot/tennisbot_ws/install/yasmin/lib/python3.12/site-packages/yasmin/cb_state.py
[18.287s] -- Up-to-date symlink: /home/E14Raspberry/ScooperBot/tennisbot_ws/install/yasmin/lib/python3.12/site-packages/yasmin/state.py
[18.294s] -- Up-to-date symlink: /home/E14Raspberry/ScooperBot/tennisbot_ws/install/yasmin/lib/python3.12/site-packages/yasmin/state_machine.py
[18.304s] -- Up-to-date symlink: /home/E14Raspberry/ScooperBot/tennisbot_ws/install/yasmin/lib/python3.12/site-packages/yasmin/yasmin_logs.py
[18.357s] -- Up-to-date symlink: /home/E14Raspberry/ScooperBot/tennisbot_ws/install/yasmin/pytests//run_pytests.sh
[18.372s] -- Up-to-date symlink: /home/E14Raspberry/ScooperBot/tennisbot_ws/install/yasmin/pytests//test_blackboard.py
[18.391s] -- Up-to-date symlink: /home/E14Raspberry/ScooperBot/tennisbot_ws/install/yasmin/pytests//test_cb_state.py
[18.401s] -- Up-to-date symlink: /home/E14Raspberry/ScooperBot/tennisbot_ws/install/yasmin/pytests//test_state.py
[18.421s] -- Up-to-date symlink: /home/E14Raspberry/ScooperBot/tennisbot_ws/install/yasmin/pytests//test_state_machine.py
[18.455s] -- Up-to-date symlink: /home/E14Raspberry/ScooperBot/tennisbot_ws/install/yasmin/lib/yasmin/run_pytests.sh
[18.468s] -- Up-to-date symlink: /home/E14Raspberry/ScooperBot/tennisbot_ws/install/yasmin/share/ament_index/resource_index/package_run_dependencies/yasmin
[18.490s] -- Up-to-date symlink: /home/E14Raspberry/ScooperBot/tennisbot_ws/install/yasmin/share/ament_index/resource_index/parent_prefix_path/yasmin
[18.503s] -- Up-to-date symlink: /home/E14Raspberry/ScooperBot/tennisbot_ws/install/yasmin/share/yasmin/environment/ament_prefix_path.sh
[18.519s] -- Up-to-date symlink: /home/E14Raspberry/ScooperBot/tennisbot_ws/install/yasmin/share/yasmin/environment/ament_prefix_path.dsv
[18.529s] -- Up-to-date symlink: /home/E14Raspberry/ScooperBot/tennisbot_ws/install/yasmin/share/yasmin/environment/path.sh
[18.534s] -- Up-to-date symlink: /home/E14Raspberry/ScooperBot/tennisbot_ws/install/yasmin/share/yasmin/environment/path.dsv
[18.542s] -- Up-to-date symlink: /home/E14Raspberry/ScooperBot/tennisbot_ws/install/yasmin/share/yasmin/local_setup.bash
[18.549s] -- Up-to-date symlink: /home/E14Raspberry/ScooperBot/tennisbot_ws/install/yasmin/share/yasmin/local_setup.sh
[18.565s] -- Up-to-date symlink: /home/E14Raspberry/ScooperBot/tennisbot_ws/install/yasmin/share/yasmin/local_setup.zsh
[18.574s] -- Up-to-date symlink: /home/E14Raspberry/ScooperBot/tennisbot_ws/install/yasmin/share/yasmin/local_setup.dsv
[18.583s] -- Symlinking: /home/E14Raspberry/ScooperBot/tennisbot_ws/install/yasmin/share/yasmin/package.dsv
[18.829s] -- Up-to-date symlink: /home/E14Raspberry/ScooperBot/tennisbot_ws/install/yasmin/share/ament_index/resource_index/packages/yasmin
[18.861s] -- Up-to-date symlink: /home/E14Raspberry/ScooperBot/tennisbot_ws/install/yasmin/share/yasmin/cmake/ament_cmake_export_include_directories-extras.cmake
[18.863s] -- Up-to-date symlink: /home/E14Raspberry/ScooperBot/tennisbot_ws/install/yasmin/share/yasmin/cmake/ament_cmake_export_libraries-extras.cmake
[18.872s] -- Up-to-date symlink: /home/E14Raspberry/ScooperBot/tennisbot_ws/install/yasmin/share/yasmin/cmake/ament_cmake_export_dependencies-extras.cmake
[18.884s] -- Up-to-date symlink: /home/E14Raspberry/ScooperBot/tennisbot_ws/install/yasmin/share/yasmin/cmake/yasminConfig.cmake
[18.888s] -- Up-to-date symlink: /home/E14Raspberry/ScooperBot/tennisbot_ws/install/yasmin/share/yasmin/cmake/yasminConfig-version.cmake
[18.899s] -- Up-to-date symlink: /home/E14Raspberry/ScooperBot/tennisbot_ws/install/yasmin/share/yasmin/package.xml
[19.870s] Listing '/home/E14Raspberry/ScooperBot/tennisbot_ws/install/yasmin/lib/python3.12/site-packages/yasmin'...
[19.996s] Invoked command in '/home/E14Raspberry/ScooperBot/tennisbot_ws/build/yasmin' returned '0': CMAKE_PREFIX_PATH=${CMAKE_PREFIX_PATH}:/home/E14Raspberry/ScooperBot/tennisbot_ws/install/twist_stamper:/home/E14Raspberry/ScooperBot/tennisbot_ws/install/serial_motor_demo:/home/E14Raspberry/ScooperBot/tennisbot_ws/install/ros2_nav_to_pose:/home/E14Raspberry/ScooperBot/tennisbot_ws/install/ball_tracker:/opt/ros/jazzy /usr/bin/cmake --install /home/E14Raspberry/ScooperBot/tennisbot_ws/build/yasmin
