[4.563s] Invoking command in '/home/E14Raspberry/ScooperBot/tennisbot_ws/build/twist_stamper': PYTHONPATH=/home/E14Raspberry/ScooperBot/tennisbot_ws/build/twist_stamper/prefix_override:/usr/lib/python3/dist-packages/colcon_core/task/python/colcon_distutils_commands:/home/E14Raspberry/ScooperBot/tennisbot_ws/install/twist_stamper/lib/python3.12/site-packages:${PYTHONPATH} /usr/bin/python3 -W ignore:setup.py install is deprecated setup.py develop --editable --build-directory /home/E14Raspberry/ScooperBot/tennisbot_ws/build/twist_stamper/build --no-deps symlink_data
[6.289s] running develop
[6.291s] /usr/lib/python3/dist-packages/setuptools/command/develop.py:40: EasyInstallDeprecationWarning: easy_install command is deprecated.
[6.292s] !!
[6.294s] 
[6.295s]         ********************************************************************************
[6.296s]         Please avoid running ``setup.py`` and ``easy_install``.
[6.297s]         Instead, use pypa/build, pypa/installer or other
[6.298s]         standards-based tools.
[6.299s] 
[6.300s]         See https://github.com/pypa/setuptools/issues/917 for details.
[6.301s]         ********************************************************************************
[6.301s] 
[6.302s] !!
[6.303s]   easy_install.initialize_options(self)
[7.455s] running egg_info
[7.557s] writing twist_stamper.egg-info/PKG-INFO
[7.558s] writing dependency_links to twist_stamper.egg-info/dependency_links.txt
[7.560s] writing entry points to twist_stamper.egg-info/entry_points.txt
[7.565s] writing requirements to twist_stamper.egg-info/requires.txt
[7.566s] writing top-level names to twist_stamper.egg-info/top_level.txt
[7.764s] reading manifest file 'twist_stamper.egg-info/SOURCES.txt'
[7.768s] writing manifest file 'twist_stamper.egg-info/SOURCES.txt'
[7.868s] running build_ext
[7.868s] Creating /home/E14Raspberry/ScooperBot/tennisbot_ws/install/twist_stamper/lib/python3.12/site-packages/twist-stamper.egg-link (link to .)
[7.871s] Installing twist_stamper script to /home/E14Raspberry/ScooperBot/tennisbot_ws/install/twist_stamper/lib/twist_stamper
[7.872s] Installing twist_unstamper script to /home/E14Raspberry/ScooperBot/tennisbot_ws/install/twist_stamper/lib/twist_stamper
[7.874s] 
[7.874s] Installed /home/E14Raspberry/ScooperBot/tennisbot_ws/build/twist_stamper
[7.875s] running symlink_data
[8.037s] Invoked command in '/home/E14Raspberry/ScooperBot/tennisbot_ws/build/twist_stamper' returned '0': PYTHONPATH=/home/E14Raspberry/ScooperBot/tennisbot_ws/build/twist_stamper/prefix_override:/usr/lib/python3/dist-packages/colcon_core/task/python/colcon_distutils_commands:/home/E14Raspberry/ScooperBot/tennisbot_ws/install/twist_stamper/lib/python3.12/site-packages:${PYTHONPATH} /usr/bin/python3 -W ignore:setup.py install is deprecated setup.py develop --editable --build-directory /home/E14Raspberry/ScooperBot/tennisbot_ws/build/twist_stamper/build --no-deps symlink_data
