-- The C compiler identification is GNU 13.2.0
-- The CXX compiler identification is GNU 13.2.0
-- Detecting C compiler ABI info
-- Detecting C compiler ABI info - done
-- Check for working C compiler: /usr/bin/cc - skipped
-- Detecting C compile features
-- Detecting C compile features - done
-- Detecting CXX compiler ABI info
-- Detecting CXX compiler ABI info - done
-- Check for working CXX compiler: /usr/bin/c++ - skipped
-- Detecting CXX compile features
-- Detecting CXX compile features - done
-- Build for ROS2 Jazzy
-- Found ament_cmake: 2.5.2 (/opt/ros/jazzy/share/ament_cmake/cmake)
-- Found Python3: /usr/bin/python3 (found version "3.12.3") found components: Interpreter 
-- Override CMake install command with custom implementation using symlinks instead of copying resources
-- Found rclcpp: 28.1.3 (/opt/ros/jazzy/share/rclcpp/cmake)
-- Found rosidl_generator_c: 4.6.3 (/opt/ros/jazzy/share/rosidl_generator_c/cmake)
-- Found rosidl_generator_cpp: 4.6.3 (/opt/ros/jazzy/share/rosidl_generator_cpp/cmake)
-- Using all available rosidl_typesupport_c: rosidl_typesupport_fastrtps_c;rosidl_typesupport_introspection_c
-- Using all available rosidl_typesupport_cpp: rosidl_typesupport_fastrtps_cpp;rosidl_typesupport_introspection_cpp
-- Found rmw_implementation_cmake: 7.3.1 (/opt/ros/jazzy/share/rmw_implementation_cmake/cmake)
-- Found rmw_fastrtps_cpp: 8.4.1 (/opt/ros/jazzy/share/rmw_fastrtps_cpp/cmake)
-- Found OpenSSL: /usr/lib/aarch64-linux-gnu/libcrypto.so (found version "3.0.13")  
-- Found FastRTPS: /opt/ros/jazzy/include (Required is at least version "2.13") 
-- Using RMW implementation 'rmw_fastrtps_cpp' as default
-- Found rclpy: 7.1.1 (/opt/ros/jazzy/share/rclpy/cmake)
-- Found yasmin: 2.3.1 (/home/E14Raspberry/ScooperBot/tennisbot_ws/install/yasmin/share/yasmin/cmake)
-- Found yasmin_ros: 2.3.1 (/home/E14Raspberry/ScooperBot/tennisbot_ws/install/yasmin_ros/share/yasmin_ros/cmake)
-- Found yasmin_viewer: 2.3.1 (/home/E14Raspberry/ScooperBot/tennisbot_ws/install/yasmin_viewer/share/yasmin_viewer/cmake)
-- Found nav_msgs: 5.3.5 (/opt/ros/jazzy/share/nav_msgs/cmake)
-- Found example_interfaces: 0.12.0 (/opt/ros/jazzy/share/example_interfaces/cmake)
-- Found action_tutorials_interfaces: 0.33.4 (/opt/ros/jazzy/share/action_tutorials_interfaces/cmake)
-- Configuring done (28.2s)
-- Generating done (0.7s)
-- Build files have been written to: /home/E14Raspberry/ScooperBot/tennisbot_ws/build/yasmin_demos
[ 12%] [32mBuilding CXX object CMakeFiles/yasmin_demo.dir/src/yasmin_demo.cpp.o[0m
[ 25%] [32mBuilding CXX object CMakeFiles/monitor_demo.dir/src/monitor_demo.cpp.o[0m
[ 37%] [32mBuilding CXX object CMakeFiles/service_client_demo.dir/src/service_client_demo.cpp.o[0m
[ 50%] [32mBuilding CXX object CMakeFiles/action_client_demo.dir/src/action_client_demo.cpp.o[0m
[ 62%] [32m[1mLinking CXX executable yasmin_demo[0m
[ 62%] Built target yasmin_demo
[ 75%] [32m[1mLinking CXX executable service_client_demo[0m
[ 75%] Built target service_client_demo
[ 87%] [32m[1mLinking CXX executable action_client_demo[0m
[ 87%] Built target action_client_demo
[100%] [32m[1mLinking CXX executable monitor_demo[0m
[100%] Built target monitor_demo
[100%] Built target ament_cmake_python_symlink_yasmin_demos
running egg_info
creating yasmin_demos.egg-info
writing yasmin_demos.egg-info/PKG-INFO
writing dependency_links to yasmin_demos.egg-info/dependency_links.txt
writing top-level names to yasmin_demos.egg-info/top_level.txt
writing manifest file 'yasmin_demos.egg-info/SOURCES.txt'
reading manifest file 'yasmin_demos.egg-info/SOURCES.txt'
writing manifest file 'yasmin_demos.egg-info/SOURCES.txt'
[100%] Built target ament_cmake_python_build_yasmin_demos_egg
-- Install configuration: ""
-- Execute custom install script
-- Symlinking: /home/E14Raspberry/ScooperBot/tennisbot_ws/install/yasmin_demos/lib/yasmin_demos/yasmin_demo
-- Symlinking: /home/E14Raspberry/ScooperBot/tennisbot_ws/install/yasmin_demos/lib/yasmin_demos/monitor_demo
-- Symlinking: /home/E14Raspberry/ScooperBot/tennisbot_ws/install/yasmin_demos/lib/yasmin_demos/service_client_demo
-- Symlinking: /home/E14Raspberry/ScooperBot/tennisbot_ws/install/yasmin_demos/lib/yasmin_demos/action_client_demo
-- Symlinking: /home/E14Raspberry/ScooperBot/tennisbot_ws/install/yasmin_demos/share/yasmin_demos/environment/library_path.sh
-- Symlinking: /home/E14Raspberry/ScooperBot/tennisbot_ws/install/yasmin_demos/share/yasmin_demos/environment/library_path.dsv
-- Symlinking: /home/E14Raspberry/ScooperBot/tennisbot_ws/install/yasmin_demos/share/yasmin_demos/environment/pythonpath.sh
-- Symlinking: /home/E14Raspberry/ScooperBot/tennisbot_ws/install/yasmin_demos/share/yasmin_demos/environment/pythonpath.dsv
-- Symlinking: /home/E14Raspberry/ScooperBot/tennisbot_ws/install/yasmin_demos/lib/python3.12/site-packages/yasmin_demos-2.3.1-py3.12.egg-info/PKG-INFO
-- Symlinking: /home/E14Raspberry/ScooperBot/tennisbot_ws/install/yasmin_demos/lib/python3.12/site-packages/yasmin_demos-2.3.1-py3.12.egg-info/SOURCES.txt
-- Symlinking: /home/E14Raspberry/ScooperBot/tennisbot_ws/install/yasmin_demos/lib/python3.12/site-packages/yasmin_demos-2.3.1-py3.12.egg-info/dependency_links.txt
-- Symlinking: /home/E14Raspberry/ScooperBot/tennisbot_ws/install/yasmin_demos/lib/python3.12/site-packages/yasmin_demos-2.3.1-py3.12.egg-info/top_level.txt
-- Symlinking: /home/E14Raspberry/ScooperBot/tennisbot_ws/install/yasmin_demos/lib/python3.12/site-packages/yasmin_demos/__init__.py
-- Symlinking: /home/E14Raspberry/ScooperBot/tennisbot_ws/install/yasmin_demos/lib/python3.12/site-packages/yasmin_demos/action_client_demo.py
-- Symlinking: /home/E14Raspberry/ScooperBot/tennisbot_ws/install/yasmin_demos/lib/python3.12/site-packages/yasmin_demos/monitor_demo.py
-- Symlinking: /home/E14Raspberry/ScooperBot/tennisbot_ws/install/yasmin_demos/lib/python3.12/site-packages/yasmin_demos/nav_demo.py
-- Symlinking: /home/E14Raspberry/ScooperBot/tennisbot_ws/install/yasmin_demos/lib/python3.12/site-packages/yasmin_demos/service_client_demo.py
-- Symlinking: /home/E14Raspberry/ScooperBot/tennisbot_ws/install/yasmin_demos/lib/python3.12/site-packages/yasmin_demos/yasmin_demo.py
-- Symlinking: /home/E14Raspberry/ScooperBot/tennisbot_ws/install/yasmin_demos/lib/yasmin_demos/yasmin_demo.py
-- Symlinking: /home/E14Raspberry/ScooperBot/tennisbot_ws/install/yasmin_demos/lib/yasmin_demos/monitor_demo.py
-- Symlinking: /home/E14Raspberry/ScooperBot/tennisbot_ws/install/yasmin_demos/lib/yasmin_demos/service_client_demo.py
-- Symlinking: /home/E14Raspberry/ScooperBot/tennisbot_ws/install/yasmin_demos/lib/yasmin_demos/action_client_demo.py
-- Symlinking: /home/E14Raspberry/ScooperBot/tennisbot_ws/install/yasmin_demos/lib/yasmin_demos/nav_demo.py
-- Symlinking: /home/E14Raspberry/ScooperBot/tennisbot_ws/install/yasmin_demos/share/ament_index/resource_index/package_run_dependencies/yasmin_demos
-- Symlinking: /home/E14Raspberry/ScooperBot/tennisbot_ws/install/yasmin_demos/share/ament_index/resource_index/parent_prefix_path/yasmin_demos
-- Symlinking: /home/E14Raspberry/ScooperBot/tennisbot_ws/install/yasmin_demos/share/yasmin_demos/environment/ament_prefix_path.sh
-- Symlinking: /home/E14Raspberry/ScooperBot/tennisbot_ws/install/yasmin_demos/share/yasmin_demos/environment/ament_prefix_path.dsv
-- Symlinking: /home/E14Raspberry/ScooperBot/tennisbot_ws/install/yasmin_demos/share/yasmin_demos/environment/path.sh
-- Symlinking: /home/E14Raspberry/ScooperBot/tennisbot_ws/install/yasmin_demos/share/yasmin_demos/environment/path.dsv
-- Symlinking: /home/E14Raspberry/ScooperBot/tennisbot_ws/install/yasmin_demos/share/yasmin_demos/local_setup.bash
-- Symlinking: /home/E14Raspberry/ScooperBot/tennisbot_ws/install/yasmin_demos/share/yasmin_demos/local_setup.sh
-- Symlinking: /home/E14Raspberry/ScooperBot/tennisbot_ws/install/yasmin_demos/share/yasmin_demos/local_setup.zsh
-- Symlinking: /home/E14Raspberry/ScooperBot/tennisbot_ws/install/yasmin_demos/share/yasmin_demos/local_setup.dsv
-- Symlinking: /home/E14Raspberry/ScooperBot/tennisbot_ws/install/yasmin_demos/share/yasmin_demos/package.dsv
-- Symlinking: /home/E14Raspberry/ScooperBot/tennisbot_ws/install/yasmin_demos/share/ament_index/resource_index/packages/yasmin_demos
-- Symlinking: /home/E14Raspberry/ScooperBot/tennisbot_ws/install/yasmin_demos/share/yasmin_demos/cmake/ament_cmake_export_include_directories-extras.cmake
-- Symlinking: /home/E14Raspberry/ScooperBot/tennisbot_ws/install/yasmin_demos/share/yasmin_demos/cmake/ament_cmake_export_libraries-extras.cmake
-- Symlinking: /home/E14Raspberry/ScooperBot/tennisbot_ws/install/yasmin_demos/share/yasmin_demos/cmake/yasmin_demosConfig.cmake
-- Symlinking: /home/E14Raspberry/ScooperBot/tennisbot_ws/install/yasmin_demos/share/yasmin_demos/cmake/yasmin_demosConfig-version.cmake
-- Symlinking: /home/E14Raspberry/ScooperBot/tennisbot_ws/install/yasmin_demos/share/yasmin_demos/package.xml
Listing '/home/E14Raspberry/ScooperBot/tennisbot_ws/install/yasmin_demos/lib/python3.12/site-packages/yasmin_demos'...
Compiling '/home/E14Raspberry/ScooperBot/tennisbot_ws/install/yasmin_demos/lib/python3.12/site-packages/yasmin_demos/__init__.py'...
Compiling '/home/E14Raspberry/ScooperBot/tennisbot_ws/install/yasmin_demos/lib/python3.12/site-packages/yasmin_demos/action_client_demo.py'...
Compiling '/home/E14Raspberry/ScooperBot/tennisbot_ws/install/yasmin_demos/lib/python3.12/site-packages/yasmin_demos/monitor_demo.py'...
Compiling '/home/E14Raspberry/ScooperBot/tennisbot_ws/install/yasmin_demos/lib/python3.12/site-packages/yasmin_demos/nav_demo.py'...
Compiling '/home/E14Raspberry/ScooperBot/tennisbot_ws/install/yasmin_demos/lib/python3.12/site-packages/yasmin_demos/service_client_demo.py'...
Compiling '/home/E14Raspberry/ScooperBot/tennisbot_ws/install/yasmin_demos/lib/python3.12/site-packages/yasmin_demos/yasmin_demo.py'...
