[10.540s] Invoking command in '/home/E14Raspberry/ScooperBot/tennisbot_ws/build/ros2_nav_to_pose': PYTHONPATH=/home/E14Raspberry/ScooperBot/tennisbot_ws/build/ros2_nav_to_pose/prefix_override:/usr/lib/python3/dist-packages/colcon_core/task/python/colcon_distutils_commands:/home/E14Raspberry/ScooperBot/tennisbot_ws/install/ros2_nav_to_pose/lib/python3.12/site-packages:${PYTHONPATH} /usr/bin/python3 -W ignore:setup.py install is deprecated setup.py develop --editable --build-directory /home/E14Raspberry/ScooperBot/tennisbot_ws/build/ros2_nav_to_pose/build --no-deps symlink_data
[14.326s] running develop
[14.329s] /usr/lib/python3/dist-packages/setuptools/command/develop.py:40: EasyInstallDeprecationWarning: easy_install command is deprecated.
[14.331s] !!
[14.332s] 
[14.333s]         ********************************************************************************
[14.334s]         Please avoid running ``setup.py`` and ``easy_install``.
[14.335s]         Instead, use pypa/build, pypa/installer or other
[14.336s]         standards-based tools.
[14.338s] 
[14.339s]         See https://github.com/pypa/setuptools/issues/917 for details.
[14.340s]         ********************************************************************************
[14.342s] 
[14.344s] !!
[14.346s]   easy_install.initialize_options(self)
[17.061s] running egg_info
[17.308s] writing ros2_nav_to_pose.egg-info/PKG-INFO
[17.311s] writing dependency_links to ros2_nav_to_pose.egg-info/dependency_links.txt
[17.313s] writing entry points to ros2_nav_to_pose.egg-info/entry_points.txt
[17.316s] writing requirements to ros2_nav_to_pose.egg-info/requires.txt
[17.317s] writing top-level names to ros2_nav_to_pose.egg-info/top_level.txt
[17.811s] reading manifest file 'ros2_nav_to_pose.egg-info/SOURCES.txt'
[17.821s] writing manifest file 'ros2_nav_to_pose.egg-info/SOURCES.txt'
[18.080s] running build_ext
[18.083s] Creating /home/E14Raspberry/ScooperBot/tennisbot_ws/install/ros2_nav_to_pose/lib/python3.12/site-packages/ros2-nav-to-pose.egg-link (link to .)
[18.089s] Installing nav_to_pose_action_client script to /home/E14Raspberry/ScooperBot/tennisbot_ws/install/ros2_nav_to_pose/lib/ros2_nav_to_pose
[18.092s] Installing nav_to_pose_action_server script to /home/E14Raspberry/ScooperBot/tennisbot_ws/install/ros2_nav_to_pose/lib/ros2_nav_to_pose
[18.095s] 
[18.096s] Installed /home/E14Raspberry/ScooperBot/tennisbot_ws/build/ros2_nav_to_pose
[18.098s] running symlink_data
[18.375s] Invoked command in '/home/E14Raspberry/ScooperBot/tennisbot_ws/build/ros2_nav_to_pose' returned '0': PYTHONPATH=/home/E14Raspberry/ScooperBot/tennisbot_ws/build/ros2_nav_to_pose/prefix_override:/usr/lib/python3/dist-packages/colcon_core/task/python/colcon_distutils_commands:/home/E14Raspberry/ScooperBot/tennisbot_ws/install/ros2_nav_to_pose/lib/python3.12/site-packages:${PYTHONPATH} /usr/bin/python3 -W ignore:setup.py install is deprecated setup.py develop --editable --build-directory /home/E14Raspberry/ScooperBot/tennisbot_ws/build/ros2_nav_to_pose/build --no-deps symlink_data
