[0.046s] Invoking command in '/home/E14Raspberry/tennisbot_ws/build/serial_motor_demo_msgs': CMAKE_PREFIX_PATH=/opt/ros/jazzy /usr/bin/cmake /home/E14Raspberry/tennisbot_ws/src/serial_motor_demo/serial_motor_demo_msgs -DAMENT_CMAKE_SYMLINK_INSTALL=1 -DCMAKE_INSTALL_PREFIX=/home/E14Raspberry/tennisbot_ws/install/serial_motor_demo_msgs
[1.457s] -- The C compiler identification is GNU 13.2.0
[2.431s] -- The CXX compiler identification is GNU 13.2.0
[2.529s] -- Detecting C compiler ABI info
[3.016s] -- Detecting C compiler ABI info - done
[3.051s] -- Check for working C compiler: /usr/bin/cc - skipped
[3.053s] -- Detecting C compile features
[3.055s] -- Detecting C compile features - done
[3.102s] -- Detecting CXX compiler ABI info
[3.577s] -- Detecting CXX compiler ABI info - done
[3.613s] -- Check for working CXX compiler: /usr/bin/c++ - skipped
[3.614s] -- Detecting CXX compile features
[3.616s] -- Detecting CXX compile features - done
[3.652s] -- Found ament_cmake: 2.5.2 (/opt/ros/jazzy/share/ament_cmake/cmake)
[4.308s] -- Found Python3: /usr/bin/python3 (found version "3.12.3") found components: Interpreter 
[4.652s] -- Override CMake install command with custom implementation using symlinks instead of copying resources
[4.927s] -- Found ament_lint_auto: 0.17.1 (/opt/ros/jazzy/share/ament_lint_auto/cmake)
[5.469s] -- Found rosidl_default_generators: 1.6.0 (/opt/ros/jazzy/share/rosidl_default_generators/cmake)
[5.512s] -- Using all available rosidl_typesupport_c: rosidl_typesupport_fastrtps_c;rosidl_typesupport_introspection_c
[5.842s] -- Using all available rosidl_typesupport_cpp: rosidl_typesupport_fastrtps_cpp;rosidl_typesupport_introspection_cpp
[6.113s] -- Found rosidl_adapter: 4.6.3 (/opt/ros/jazzy/share/rosidl_adapter/cmake)
[8.313s] -- Found ament_cmake_ros: 0.12.0 (/opt/ros/jazzy/share/ament_cmake_ros/cmake)
[10.235s] -- Using all available rosidl_typesupport_c: rosidl_typesupport_fastrtps_c;rosidl_typesupport_introspection_c
[12.724s] -- Using all available rosidl_typesupport_cpp: rosidl_typesupport_fastrtps_cpp;rosidl_typesupport_introspection_cpp
[12.744s] -- Found python_cmake_module: 0.11.1 (/opt/ros/jazzy/share/python_cmake_module/cmake)
[13.351s] -- Found PythonExtra: /usr/bin/python3  
[15.296s] -- Found Python3: /usr/bin/python3 (found version "3.12.3") found components: Interpreter Development NumPy Development.Module Development.Embed 
[15.471s] -- Added test 'copyright' to check source files copyright and LICENSE
[15.486s] -- Added test 'lint_cmake' to check CMake code style
[15.495s] -- Added test 'xmllint' to check XML markup files
[15.542s] -- Configuring done (15.2s)
[15.741s] -- Generating done (0.2s)
[15.755s] -- Build files have been written to: /home/E14Raspberry/tennisbot_ws/build/serial_motor_demo_msgs
[15.778s] Invoked command in '/home/E14Raspberry/tennisbot_ws/build/serial_motor_demo_msgs' returned '0': CMAKE_PREFIX_PATH=/opt/ros/jazzy /usr/bin/cmake /home/E14Raspberry/tennisbot_ws/src/serial_motor_demo/serial_motor_demo_msgs -DAMENT_CMAKE_SYMLINK_INSTALL=1 -DCMAKE_INSTALL_PREFIX=/home/E14Raspberry/tennisbot_ws/install/serial_motor_demo_msgs
[15.784s] Invoking command in '/home/E14Raspberry/tennisbot_ws/build/serial_motor_demo_msgs': CMAKE_PREFIX_PATH=/opt/ros/jazzy /usr/bin/cmake --build /home/E14Raspberry/tennisbot_ws/build/serial_motor_demo_msgs -- -j4 -l4
[16.016s] [  1%] [34m[1mGenerating type hashes for ROS interfaces[0m
[16.052s] [  1%] Built target ament_cmake_python_symlink_serial_motor_demo_msgs
[17.058s] running egg_info
[17.062s] creating serial_motor_demo_msgs.egg-info
[17.091s] [  1%] Built target serial_motor_demo_msgs__rosidl_generator_type_description
[17.140s] [  3%] [34m[1mGenerating C code for ROS interfaces[0m
[17.171s] writing serial_motor_demo_msgs.egg-info/PKG-INFO
[17.172s] writing dependency_links to serial_motor_demo_msgs.egg-info/dependency_links.txt
[17.173s] writing top-level names to serial_motor_demo_msgs.egg-info/top_level.txt
[17.174s] writing manifest file 'serial_motor_demo_msgs.egg-info/SOURCES.txt'
[17.194s] [  5%] [34m[1mGenerating C++ code for ROS interfaces[0m
[17.538s] reading manifest file 'serial_motor_demo_msgs.egg-info/SOURCES.txt'
[17.541s] writing manifest file 'serial_motor_demo_msgs.egg-info/SOURCES.txt'
[17.707s] [  5%] Built target ament_cmake_python_build_serial_motor_demo_msgs_egg
[18.832s] [  5%] Built target serial_motor_demo_msgs__cpp
[19.120s] [  7%] [32mBuilding C object CMakeFiles/serial_motor_demo_msgs__rosidl_generator_c.dir/rosidl_generator_c/serial_motor_demo_msgs/msg/detail/motor_command__description.c.o[0m
[19.121s] [  9%] [32mBuilding C object CMakeFiles/serial_motor_demo_msgs__rosidl_generator_c.dir/rosidl_generator_c/serial_motor_demo_msgs/msg/detail/motor_command__functions.c.o[0m
[19.122s] [ 11%] [32mBuilding C object CMakeFiles/serial_motor_demo_msgs__rosidl_generator_c.dir/rosidl_generator_c/serial_motor_demo_msgs/msg/detail/motor_command__type_support.c.o[0m
[19.124s] [ 12%] [32mBuilding C object CMakeFiles/serial_motor_demo_msgs__rosidl_generator_c.dir/rosidl_generator_c/serial_motor_demo_msgs/msg/detail/motor_vels__description.c.o[0m
[19.349s] [ 14%] [32mBuilding C object CMakeFiles/serial_motor_demo_msgs__rosidl_generator_c.dir/rosidl_generator_c/serial_motor_demo_msgs/msg/detail/motor_vels__functions.c.o[0m
[19.403s] [ 16%] [32mBuilding C object CMakeFiles/serial_motor_demo_msgs__rosidl_generator_c.dir/rosidl_generator_c/serial_motor_demo_msgs/msg/detail/motor_vels__type_support.c.o[0m
[19.406s] [ 18%] [32mBuilding C object CMakeFiles/serial_motor_demo_msgs__rosidl_generator_c.dir/rosidl_generator_c/serial_motor_demo_msgs/msg/detail/encoder_vals__description.c.o[0m
[19.455s] [ 20%] [32mBuilding C object CMakeFiles/serial_motor_demo_msgs__rosidl_generator_c.dir/rosidl_generator_c/serial_motor_demo_msgs/msg/detail/encoder_vals__functions.c.o[0m
[19.591s] [ 22%] [32mBuilding C object CMakeFiles/serial_motor_demo_msgs__rosidl_generator_c.dir/rosidl_generator_c/serial_motor_demo_msgs/msg/detail/encoder_vals__type_support.c.o[0m
[19.755s] [ 24%] [32m[1mLinking C shared library libserial_motor_demo_msgs__rosidl_generator_c.so[0m
[19.957s] [ 24%] Built target serial_motor_demo_msgs__rosidl_generator_c
[20.042s] [ 25%] [34m[1mGenerating C type support dispatch for ROS interfaces[0m
[20.046s] [ 31%] [34m[1mGenerating C++ type support for eProsima Fast-RTPS[0m
[20.047s] [ 31%] [34m[1mGenerating C++ introspection for ROS interfaces[0m
[20.050s] [ 31%] [34m[1mGenerating C++ type support dispatch for ROS interfaces[0m
[21.565s] [ 33%] [32mBuilding CXX object CMakeFiles/serial_motor_demo_msgs__rosidl_typesupport_cpp.dir/rosidl_typesupport_cpp/serial_motor_demo_msgs/msg/motor_command__type_support.cpp.o[0m
[21.590s] [ 35%] [32mBuilding CXX object CMakeFiles/serial_motor_demo_msgs__rosidl_typesupport_c.dir/rosidl_typesupport_c/serial_motor_demo_msgs/msg/motor_command__type_support.cpp.o[0m
[21.897s] [ 37%] [32mBuilding CXX object CMakeFiles/serial_motor_demo_msgs__rosidl_typesupport_c.dir/rosidl_typesupport_c/serial_motor_demo_msgs/msg/motor_vels__type_support.cpp.o[0m
[21.909s] [ 38%] [32mBuilding CXX object CMakeFiles/serial_motor_demo_msgs__rosidl_typesupport_introspection_cpp.dir/rosidl_typesupport_introspection_cpp/serial_motor_demo_msgs/msg/detail/motor_command__type_support.cpp.o[0m
[22.016s] [ 40%] [32mBuilding CXX object CMakeFiles/serial_motor_demo_msgs__rosidl_typesupport_fastrtps_cpp.dir/rosidl_typesupport_fastrtps_cpp/serial_motor_demo_msgs/msg/detail/dds_fastrtps/motor_command__type_support.cpp.o[0m
[22.150s] [ 42%] [32mBuilding CXX object CMakeFiles/serial_motor_demo_msgs__rosidl_typesupport_c.dir/rosidl_typesupport_c/serial_motor_demo_msgs/msg/encoder_vals__type_support.cpp.o[0m
[22.412s] [ 44%] [32m[1mLinking CXX shared library libserial_motor_demo_msgs__rosidl_typesupport_c.so[0m
[22.643s] [ 44%] Built target serial_motor_demo_msgs__rosidl_typesupport_c
[22.705s] [ 46%] [34m[1mGenerating C type support for eProsima Fast-RTPS[0m
[24.231s] [ 48%] [32mBuilding CXX object CMakeFiles/serial_motor_demo_msgs__rosidl_typesupport_cpp.dir/rosidl_typesupport_cpp/serial_motor_demo_msgs/msg/motor_vels__type_support.cpp.o[0m
[24.237s] [ 50%] [32mBuilding CXX object CMakeFiles/serial_motor_demo_msgs__rosidl_typesupport_introspection_cpp.dir/rosidl_typesupport_introspection_cpp/serial_motor_demo_msgs/msg/detail/motor_vels__type_support.cpp.o[0m
[24.907s] [ 51%] [32mBuilding CXX object CMakeFiles/serial_motor_demo_msgs__rosidl_typesupport_fastrtps_c.dir/rosidl_typesupport_fastrtps_c/serial_motor_demo_msgs/msg/detail/motor_command__type_support_c.cpp.o[0m
[25.710s] [ 53%] [32mBuilding CXX object CMakeFiles/serial_motor_demo_msgs__rosidl_typesupport_fastrtps_cpp.dir/rosidl_typesupport_fastrtps_cpp/serial_motor_demo_msgs/msg/detail/dds_fastrtps/motor_vels__type_support.cpp.o[0m
[26.541s] [ 55%] [32mBuilding CXX object CMakeFiles/serial_motor_demo_msgs__rosidl_typesupport_cpp.dir/rosidl_typesupport_cpp/serial_motor_demo_msgs/msg/encoder_vals__type_support.cpp.o[0m
[26.663s] [ 57%] [32mBuilding CXX object CMakeFiles/serial_motor_demo_msgs__rosidl_typesupport_introspection_cpp.dir/rosidl_typesupport_introspection_cpp/serial_motor_demo_msgs/msg/detail/encoder_vals__type_support.cpp.o[0m
[28.429s] [ 59%] [32mBuilding CXX object CMakeFiles/serial_motor_demo_msgs__rosidl_typesupport_fastrtps_c.dir/rosidl_typesupport_fastrtps_c/serial_motor_demo_msgs/msg/detail/motor_vels__type_support_c.cpp.o[0m
[28.873s] [ 61%] [32m[1mLinking CXX shared library libserial_motor_demo_msgs__rosidl_typesupport_cpp.so[0m
[29.116s] [ 61%] Built target serial_motor_demo_msgs__rosidl_typesupport_cpp
[29.174s] [ 62%] [32mBuilding CXX object CMakeFiles/serial_motor_demo_msgs__rosidl_typesupport_fastrtps_cpp.dir/rosidl_typesupport_fastrtps_cpp/serial_motor_demo_msgs/msg/detail/dds_fastrtps/encoder_vals__type_support.cpp.o[0m
[29.181s] [ 64%] [34m[1mGenerating C introspection for ROS interfaces[0m
[29.206s] [ 66%] [32m[1mLinking CXX shared library libserial_motor_demo_msgs__rosidl_typesupport_introspection_cpp.so[0m
[29.451s] [ 66%] Built target serial_motor_demo_msgs__rosidl_typesupport_introspection_cpp
[29.507s] [ 68%] [32mBuilding CXX object CMakeFiles/serial_motor_demo_msgs__rosidl_typesupport_fastrtps_c.dir/rosidl_typesupport_fastrtps_c/serial_motor_demo_msgs/msg/detail/encoder_vals__type_support_c.cpp.o[0m
[31.126s] [ 70%] [32mBuilding C object CMakeFiles/serial_motor_demo_msgs__rosidl_typesupport_introspection_c.dir/rosidl_typesupport_introspection_c/serial_motor_demo_msgs/msg/detail/motor_command__type_support.c.o[0m
[31.381s] [ 72%] [32mBuilding C object CMakeFiles/serial_motor_demo_msgs__rosidl_typesupport_introspection_c.dir/rosidl_typesupport_introspection_c/serial_motor_demo_msgs/msg/detail/motor_vels__type_support.c.o[0m
[31.626s] [ 74%] [32mBuilding C object CMakeFiles/serial_motor_demo_msgs__rosidl_typesupport_introspection_c.dir/rosidl_typesupport_introspection_c/serial_motor_demo_msgs/msg/detail/encoder_vals__type_support.c.o[0m
[31.870s] [ 75%] [32m[1mLinking C shared library libserial_motor_demo_msgs__rosidl_typesupport_introspection_c.so[0m
[32.063s] [ 75%] Built target serial_motor_demo_msgs__rosidl_typesupport_introspection_c
[32.588s] [ 77%] [32m[1mLinking CXX shared library libserial_motor_demo_msgs__rosidl_typesupport_fastrtps_cpp.so[0m
[32.823s] [ 77%] Built target serial_motor_demo_msgs__rosidl_typesupport_fastrtps_cpp
[32.924s] [ 79%] [32m[1mLinking CXX shared library libserial_motor_demo_msgs__rosidl_typesupport_fastrtps_c.so[0m
[33.151s] [ 79%] Built target serial_motor_demo_msgs__rosidl_typesupport_fastrtps_c
[33.250s] [ 79%] Built target serial_motor_demo_msgs
[33.346s] [ 81%] [34m[1mGenerating Python code for ROS interfaces[0m
[35.112s] [ 81%] Built target serial_motor_demo_msgs__py
[35.210s] [ 85%] [32mBuilding C object CMakeFiles/serial_motor_demo_msgs__rosidl_generator_py.dir/rosidl_generator_py/serial_motor_demo_msgs/msg/_motor_vels_s.c.o[0m
[35.211s] [ 85%] [32mBuilding C object CMakeFiles/serial_motor_demo_msgs__rosidl_generator_py.dir/rosidl_generator_py/serial_motor_demo_msgs/msg/_motor_command_s.c.o[0m
[35.215s] [ 87%] [32mBuilding C object CMakeFiles/serial_motor_demo_msgs__rosidl_generator_py.dir/rosidl_generator_py/serial_motor_demo_msgs/msg/_encoder_vals_s.c.o[0m
[35.988s] [ 88%] [32m[1mLinking C shared library libserial_motor_demo_msgs__rosidl_generator_py.so[0m
[36.190s] [ 88%] Built target serial_motor_demo_msgs__rosidl_generator_py
[36.295s] [ 92%] [32mBuilding C object CMakeFiles/serial_motor_demo_msgs_s__rosidl_typesupport_c.dir/rosidl_generator_py/serial_motor_demo_msgs/_serial_motor_demo_msgs_s.ep.rosidl_typesupport_c.c.o[0m
[36.296s] [ 92%] [32mBuilding C object CMakeFiles/serial_motor_demo_msgs_s__rosidl_typesupport_introspection_c.dir/rosidl_generator_py/serial_motor_demo_msgs/_serial_motor_demo_msgs_s.ep.rosidl_typesupport_introspection_c.c.o[0m
[36.304s] [ 94%] [32mBuilding C object CMakeFiles/serial_motor_demo_msgs_s__rosidl_typesupport_fastrtps_c.dir/rosidl_generator_py/serial_motor_demo_msgs/_serial_motor_demo_msgs_s.ep.rosidl_typesupport_fastrtps_c.c.o[0m
[36.877s] [ 96%] [32m[1mLinking C shared module rosidl_generator_py/serial_motor_demo_msgs/serial_motor_demo_msgs_s__rosidl_typesupport_c.so[0m
[36.896s] [ 98%] [32m[1mLinking C shared module rosidl_generator_py/serial_motor_demo_msgs/serial_motor_demo_msgs_s__rosidl_typesupport_introspection_c.so[0m
[36.945s] [100%] [32m[1mLinking C shared module rosidl_generator_py/serial_motor_demo_msgs/serial_motor_demo_msgs_s__rosidl_typesupport_fastrtps_c.so[0m
[37.029s] [100%] Built target serial_motor_demo_msgs_s__rosidl_typesupport_c
[37.053s] [100%] Built target serial_motor_demo_msgs_s__rosidl_typesupport_introspection_c
[37.108s] [100%] Built target serial_motor_demo_msgs_s__rosidl_typesupport_fastrtps_c
[37.160s] Invoked command in '/home/E14Raspberry/tennisbot_ws/build/serial_motor_demo_msgs' returned '0': CMAKE_PREFIX_PATH=/opt/ros/jazzy /usr/bin/cmake --build /home/E14Raspberry/tennisbot_ws/build/serial_motor_demo_msgs -- -j4 -l4
[37.864s] Invoking command in '/home/E14Raspberry/tennisbot_ws/build/serial_motor_demo_msgs': CMAKE_PREFIX_PATH=/opt/ros/jazzy /usr/bin/cmake --install /home/E14Raspberry/tennisbot_ws/build/serial_motor_demo_msgs
[37.900s] -- Install configuration: ""
[37.903s] -- Execute custom install script
[37.904s] -- Symlinking: /home/E14Raspberry/tennisbot_ws/install/serial_motor_demo_msgs/share/ament_index/resource_index/rosidl_interfaces/serial_motor_demo_msgs
[37.944s] -- Symlinking: /home/E14Raspberry/tennisbot_ws/install/serial_motor_demo_msgs/share/serial_motor_demo_msgs/msg/MotorCommand.json
[37.984s] -- Symlinking: /home/E14Raspberry/tennisbot_ws/install/serial_motor_demo_msgs/share/serial_motor_demo_msgs/msg/MotorVels.json
[38.024s] -- Symlinking: /home/E14Raspberry/tennisbot_ws/install/serial_motor_demo_msgs/share/serial_motor_demo_msgs/msg/EncoderVals.json
[38.069s] -- Symlinking: /home/E14Raspberry/tennisbot_ws/install/serial_motor_demo_msgs/include/serial_motor_demo_msgs/serial_motor_demo_msgs/msg/detail/encoder_vals__functions.h
[38.109s] -- Symlinking: /home/E14Raspberry/tennisbot_ws/install/serial_motor_demo_msgs/include/serial_motor_demo_msgs/serial_motor_demo_msgs/msg/detail/encoder_vals__struct.h
[38.151s] -- Symlinking: /home/E14Raspberry/tennisbot_ws/install/serial_motor_demo_msgs/include/serial_motor_demo_msgs/serial_motor_demo_msgs/msg/detail/encoder_vals__type_support.h
[38.191s] -- Symlinking: /home/E14Raspberry/tennisbot_ws/install/serial_motor_demo_msgs/include/serial_motor_demo_msgs/serial_motor_demo_msgs/msg/detail/motor_command__functions.h
[38.231s] -- Symlinking: /home/E14Raspberry/tennisbot_ws/install/serial_motor_demo_msgs/include/serial_motor_demo_msgs/serial_motor_demo_msgs/msg/detail/motor_command__struct.h
[38.270s] -- Symlinking: /home/E14Raspberry/tennisbot_ws/install/serial_motor_demo_msgs/include/serial_motor_demo_msgs/serial_motor_demo_msgs/msg/detail/motor_command__type_support.h
[38.310s] -- Symlinking: /home/E14Raspberry/tennisbot_ws/install/serial_motor_demo_msgs/include/serial_motor_demo_msgs/serial_motor_demo_msgs/msg/detail/motor_vels__functions.h
[38.351s] -- Symlinking: /home/E14Raspberry/tennisbot_ws/install/serial_motor_demo_msgs/include/serial_motor_demo_msgs/serial_motor_demo_msgs/msg/detail/motor_vels__struct.h
[38.392s] -- Symlinking: /home/E14Raspberry/tennisbot_ws/install/serial_motor_demo_msgs/include/serial_motor_demo_msgs/serial_motor_demo_msgs/msg/detail/motor_vels__type_support.h
[38.433s] -- Symlinking: /home/E14Raspberry/tennisbot_ws/install/serial_motor_demo_msgs/include/serial_motor_demo_msgs/serial_motor_demo_msgs/msg/encoder_vals.h
[38.474s] -- Symlinking: /home/E14Raspberry/tennisbot_ws/install/serial_motor_demo_msgs/include/serial_motor_demo_msgs/serial_motor_demo_msgs/msg/motor_command.h
[38.514s] -- Symlinking: /home/E14Raspberry/tennisbot_ws/install/serial_motor_demo_msgs/include/serial_motor_demo_msgs/serial_motor_demo_msgs/msg/motor_vels.h
[38.552s] -- Symlinking: /home/E14Raspberry/tennisbot_ws/install/serial_motor_demo_msgs/include/serial_motor_demo_msgs/serial_motor_demo_msgs/msg/rosidl_generator_c__visibility_control.h
[38.592s] -- Symlinking: /home/E14Raspberry/tennisbot_ws/install/serial_motor_demo_msgs/share/serial_motor_demo_msgs/environment/library_path.sh
[38.632s] -- Symlinking: /home/E14Raspberry/tennisbot_ws/install/serial_motor_demo_msgs/share/serial_motor_demo_msgs/environment/library_path.dsv
[38.676s] -- Symlinking: /home/E14Raspberry/tennisbot_ws/install/serial_motor_demo_msgs/include/serial_motor_demo_msgs/serial_motor_demo_msgs/msg/detail/encoder_vals__rosidl_typesupport_fastrtps_c.h
[38.719s] -- Symlinking: /home/E14Raspberry/tennisbot_ws/install/serial_motor_demo_msgs/include/serial_motor_demo_msgs/serial_motor_demo_msgs/msg/detail/motor_command__rosidl_typesupport_fastrtps_c.h
[38.759s] -- Symlinking: /home/E14Raspberry/tennisbot_ws/install/serial_motor_demo_msgs/include/serial_motor_demo_msgs/serial_motor_demo_msgs/msg/detail/motor_vels__rosidl_typesupport_fastrtps_c.h
[38.798s] -- Symlinking: /home/E14Raspberry/tennisbot_ws/install/serial_motor_demo_msgs/include/serial_motor_demo_msgs/serial_motor_demo_msgs/msg/rosidl_typesupport_fastrtps_c__visibility_control.h
[38.840s] -- Symlinking: /home/E14Raspberry/tennisbot_ws/install/serial_motor_demo_msgs/include/serial_motor_demo_msgs/serial_motor_demo_msgs/msg/detail/encoder_vals__rosidl_typesupport_introspection_c.h
[38.881s] -- Symlinking: /home/E14Raspberry/tennisbot_ws/install/serial_motor_demo_msgs/include/serial_motor_demo_msgs/serial_motor_demo_msgs/msg/detail/motor_command__rosidl_typesupport_introspection_c.h
[38.922s] -- Symlinking: /home/E14Raspberry/tennisbot_ws/install/serial_motor_demo_msgs/include/serial_motor_demo_msgs/serial_motor_demo_msgs/msg/detail/motor_vels__rosidl_typesupport_introspection_c.h
[38.963s] -- Symlinking: /home/E14Raspberry/tennisbot_ws/install/serial_motor_demo_msgs/include/serial_motor_demo_msgs/serial_motor_demo_msgs/msg/rosidl_typesupport_introspection_c__visibility_control.h
[39.007s] -- Symlinking: /home/E14Raspberry/tennisbot_ws/install/serial_motor_demo_msgs/include/serial_motor_demo_msgs/serial_motor_demo_msgs/msg/detail/encoder_vals__builder.hpp
[39.048s] -- Symlinking: /home/E14Raspberry/tennisbot_ws/install/serial_motor_demo_msgs/include/serial_motor_demo_msgs/serial_motor_demo_msgs/msg/detail/encoder_vals__struct.hpp
[39.090s] -- Symlinking: /home/E14Raspberry/tennisbot_ws/install/serial_motor_demo_msgs/include/serial_motor_demo_msgs/serial_motor_demo_msgs/msg/detail/encoder_vals__traits.hpp
[39.129s] -- Symlinking: /home/E14Raspberry/tennisbot_ws/install/serial_motor_demo_msgs/include/serial_motor_demo_msgs/serial_motor_demo_msgs/msg/detail/encoder_vals__type_support.hpp
[39.169s] -- Symlinking: /home/E14Raspberry/tennisbot_ws/install/serial_motor_demo_msgs/include/serial_motor_demo_msgs/serial_motor_demo_msgs/msg/detail/motor_command__builder.hpp
[39.210s] -- Symlinking: /home/E14Raspberry/tennisbot_ws/install/serial_motor_demo_msgs/include/serial_motor_demo_msgs/serial_motor_demo_msgs/msg/detail/motor_command__struct.hpp
[39.252s] -- Symlinking: /home/E14Raspberry/tennisbot_ws/install/serial_motor_demo_msgs/include/serial_motor_demo_msgs/serial_motor_demo_msgs/msg/detail/motor_command__traits.hpp
[39.291s] -- Symlinking: /home/E14Raspberry/tennisbot_ws/install/serial_motor_demo_msgs/include/serial_motor_demo_msgs/serial_motor_demo_msgs/msg/detail/motor_command__type_support.hpp
[39.331s] -- Symlinking: /home/E14Raspberry/tennisbot_ws/install/serial_motor_demo_msgs/include/serial_motor_demo_msgs/serial_motor_demo_msgs/msg/detail/motor_vels__builder.hpp
[39.372s] -- Symlinking: /home/E14Raspberry/tennisbot_ws/install/serial_motor_demo_msgs/include/serial_motor_demo_msgs/serial_motor_demo_msgs/msg/detail/motor_vels__struct.hpp
[39.415s] -- Symlinking: /home/E14Raspberry/tennisbot_ws/install/serial_motor_demo_msgs/include/serial_motor_demo_msgs/serial_motor_demo_msgs/msg/detail/motor_vels__traits.hpp
[39.456s] -- Symlinking: /home/E14Raspberry/tennisbot_ws/install/serial_motor_demo_msgs/include/serial_motor_demo_msgs/serial_motor_demo_msgs/msg/detail/motor_vels__type_support.hpp
[39.496s] -- Symlinking: /home/E14Raspberry/tennisbot_ws/install/serial_motor_demo_msgs/include/serial_motor_demo_msgs/serial_motor_demo_msgs/msg/encoder_vals.hpp
[39.539s] -- Symlinking: /home/E14Raspberry/tennisbot_ws/install/serial_motor_demo_msgs/include/serial_motor_demo_msgs/serial_motor_demo_msgs/msg/motor_command.hpp
[39.579s] -- Symlinking: /home/E14Raspberry/tennisbot_ws/install/serial_motor_demo_msgs/include/serial_motor_demo_msgs/serial_motor_demo_msgs/msg/motor_vels.hpp
[39.619s] -- Symlinking: /home/E14Raspberry/tennisbot_ws/install/serial_motor_demo_msgs/include/serial_motor_demo_msgs/serial_motor_demo_msgs/msg/rosidl_generator_cpp__visibility_control.hpp
[39.663s] -- Symlinking: /home/E14Raspberry/tennisbot_ws/install/serial_motor_demo_msgs/include/serial_motor_demo_msgs/serial_motor_demo_msgs/msg/detail/encoder_vals__rosidl_typesupport_fastrtps_cpp.hpp
[39.704s] -- Symlinking: /home/E14Raspberry/tennisbot_ws/install/serial_motor_demo_msgs/include/serial_motor_demo_msgs/serial_motor_demo_msgs/msg/detail/motor_command__rosidl_typesupport_fastrtps_cpp.hpp
[39.744s] -- Symlinking: /home/E14Raspberry/tennisbot_ws/install/serial_motor_demo_msgs/include/serial_motor_demo_msgs/serial_motor_demo_msgs/msg/detail/motor_vels__rosidl_typesupport_fastrtps_cpp.hpp
[39.785s] -- Symlinking: /home/E14Raspberry/tennisbot_ws/install/serial_motor_demo_msgs/include/serial_motor_demo_msgs/serial_motor_demo_msgs/msg/rosidl_typesupport_fastrtps_cpp__visibility_control.h
[39.827s] -- Symlinking: /home/E14Raspberry/tennisbot_ws/install/serial_motor_demo_msgs/include/serial_motor_demo_msgs/serial_motor_demo_msgs/msg/detail/encoder_vals__rosidl_typesupport_introspection_cpp.hpp
[39.868s] -- Symlinking: /home/E14Raspberry/tennisbot_ws/install/serial_motor_demo_msgs/include/serial_motor_demo_msgs/serial_motor_demo_msgs/msg/detail/motor_command__rosidl_typesupport_introspection_cpp.hpp
[39.908s] -- Symlinking: /home/E14Raspberry/tennisbot_ws/install/serial_motor_demo_msgs/include/serial_motor_demo_msgs/serial_motor_demo_msgs/msg/detail/motor_vels__rosidl_typesupport_introspection_cpp.hpp
[39.948s] -- Symlinking: /home/E14Raspberry/tennisbot_ws/install/serial_motor_demo_msgs/share/serial_motor_demo_msgs/environment/pythonpath.sh
[39.989s] -- Symlinking: /home/E14Raspberry/tennisbot_ws/install/serial_motor_demo_msgs/share/serial_motor_demo_msgs/environment/pythonpath.dsv
[40.031s] -- Symlinking: /home/E14Raspberry/tennisbot_ws/install/serial_motor_demo_msgs/lib/python3.12/site-packages/serial_motor_demo_msgs-0.0.0-py3.12.egg-info/PKG-INFO
[40.075s] -- Symlinking: /home/E14Raspberry/tennisbot_ws/install/serial_motor_demo_msgs/lib/python3.12/site-packages/serial_motor_demo_msgs-0.0.0-py3.12.egg-info/SOURCES.txt
[40.139s] -- Symlinking: /home/E14Raspberry/tennisbot_ws/install/serial_motor_demo_msgs/lib/python3.12/site-packages/serial_motor_demo_msgs-0.0.0-py3.12.egg-info/dependency_links.txt
[40.182s] -- Symlinking: /home/E14Raspberry/tennisbot_ws/install/serial_motor_demo_msgs/lib/python3.12/site-packages/serial_motor_demo_msgs-0.0.0-py3.12.egg-info/top_level.txt
[40.226s] -- Symlinking: /home/E14Raspberry/tennisbot_ws/install/serial_motor_demo_msgs/lib/python3.12/site-packages/serial_motor_demo_msgs/__init__.py
[40.265s] -- Symlinking: /home/E14Raspberry/tennisbot_ws/install/serial_motor_demo_msgs/lib/python3.12/site-packages/serial_motor_demo_msgs/_serial_motor_demo_msgs_s.ep.rosidl_typesupport_c.c
[40.306s] -- Symlinking: /home/E14Raspberry/tennisbot_ws/install/serial_motor_demo_msgs/lib/python3.12/site-packages/serial_motor_demo_msgs/_serial_motor_demo_msgs_s.ep.rosidl_typesupport_fastrtps_c.c
[40.346s] -- Symlinking: /home/E14Raspberry/tennisbot_ws/install/serial_motor_demo_msgs/lib/python3.12/site-packages/serial_motor_demo_msgs/_serial_motor_demo_msgs_s.ep.rosidl_typesupport_introspection_c.c
[40.387s] -- Symlinking: /home/E14Raspberry/tennisbot_ws/install/serial_motor_demo_msgs/lib/python3.12/site-packages/serial_motor_demo_msgs/msg/__init__.py
[40.427s] -- Symlinking: /home/E14Raspberry/tennisbot_ws/install/serial_motor_demo_msgs/lib/python3.12/site-packages/serial_motor_demo_msgs/msg/_encoder_vals.py
[40.467s] -- Symlinking: /home/E14Raspberry/tennisbot_ws/install/serial_motor_demo_msgs/lib/python3.12/site-packages/serial_motor_demo_msgs/msg/_encoder_vals_s.c
[40.507s] -- Symlinking: /home/E14Raspberry/tennisbot_ws/install/serial_motor_demo_msgs/lib/python3.12/site-packages/serial_motor_demo_msgs/msg/_motor_command.py
[40.549s] -- Symlinking: /home/E14Raspberry/tennisbot_ws/install/serial_motor_demo_msgs/lib/python3.12/site-packages/serial_motor_demo_msgs/msg/_motor_command_s.c
[40.592s] -- Symlinking: /home/E14Raspberry/tennisbot_ws/install/serial_motor_demo_msgs/lib/python3.12/site-packages/serial_motor_demo_msgs/msg/_motor_vels.py
[40.633s] -- Symlinking: /home/E14Raspberry/tennisbot_ws/install/serial_motor_demo_msgs/lib/python3.12/site-packages/serial_motor_demo_msgs/msg/_motor_vels_s.c
[40.674s] -- Symlinking: /home/E14Raspberry/tennisbot_ws/install/serial_motor_demo_msgs/lib/python3.12/site-packages/serial_motor_demo_msgs/serial_motor_demo_msgs_s__rosidl_typesupport_c.so
[40.714s] -- Symlinking: /home/E14Raspberry/tennisbot_ws/install/serial_motor_demo_msgs/lib/python3.12/site-packages/serial_motor_demo_msgs/serial_motor_demo_msgs_s__rosidl_typesupport_fastrtps_c.so
[40.753s] -- Symlinking: /home/E14Raspberry/tennisbot_ws/install/serial_motor_demo_msgs/lib/python3.12/site-packages/serial_motor_demo_msgs/serial_motor_demo_msgs_s__rosidl_typesupport_introspection_c.so
[40.796s] -- Up-to-date symlink: /home/E14Raspberry/tennisbot_ws/install/serial_motor_demo_msgs/lib/python3.12/site-packages/serial_motor_demo_msgs/serial_motor_demo_msgs_s__rosidl_typesupport_fastrtps_c.so
[40.798s] -- Up-to-date symlink: /home/E14Raspberry/tennisbot_ws/install/serial_motor_demo_msgs/lib/python3.12/site-packages/serial_motor_demo_msgs/serial_motor_demo_msgs_s__rosidl_typesupport_introspection_c.so
[40.800s] -- Up-to-date symlink: /home/E14Raspberry/tennisbot_ws/install/serial_motor_demo_msgs/lib/python3.12/site-packages/serial_motor_demo_msgs/serial_motor_demo_msgs_s__rosidl_typesupport_c.so
[40.800s] -- Symlinking: /home/E14Raspberry/tennisbot_ws/install/serial_motor_demo_msgs/share/serial_motor_demo_msgs/msg/MotorCommand.idl
[40.841s] -- Symlinking: /home/E14Raspberry/tennisbot_ws/install/serial_motor_demo_msgs/share/serial_motor_demo_msgs/msg/MotorVels.idl
[40.881s] -- Symlinking: /home/E14Raspberry/tennisbot_ws/install/serial_motor_demo_msgs/share/serial_motor_demo_msgs/msg/EncoderVals.idl
[40.922s] -- Symlinking: /home/E14Raspberry/tennisbot_ws/install/serial_motor_demo_msgs/share/serial_motor_demo_msgs/msg/MotorCommand.msg
[40.962s] -- Symlinking: /home/E14Raspberry/tennisbot_ws/install/serial_motor_demo_msgs/share/serial_motor_demo_msgs/msg/MotorVels.msg
[41.002s] -- Symlinking: /home/E14Raspberry/tennisbot_ws/install/serial_motor_demo_msgs/share/serial_motor_demo_msgs/msg/EncoderVals.msg
[41.043s] -- Symlinking: /home/E14Raspberry/tennisbot_ws/install/serial_motor_demo_msgs/share/ament_index/resource_index/package_run_dependencies/serial_motor_demo_msgs
[41.085s] -- Symlinking: /home/E14Raspberry/tennisbot_ws/install/serial_motor_demo_msgs/share/ament_index/resource_index/parent_prefix_path/serial_motor_demo_msgs
[41.126s] -- Symlinking: /home/E14Raspberry/tennisbot_ws/install/serial_motor_demo_msgs/share/serial_motor_demo_msgs/environment/ament_prefix_path.sh
[41.165s] -- Symlinking: /home/E14Raspberry/tennisbot_ws/install/serial_motor_demo_msgs/share/serial_motor_demo_msgs/environment/ament_prefix_path.dsv
[41.206s] -- Symlinking: /home/E14Raspberry/tennisbot_ws/install/serial_motor_demo_msgs/share/serial_motor_demo_msgs/environment/path.sh
[41.245s] -- Symlinking: /home/E14Raspberry/tennisbot_ws/install/serial_motor_demo_msgs/share/serial_motor_demo_msgs/environment/path.dsv
[41.286s] -- Symlinking: /home/E14Raspberry/tennisbot_ws/install/serial_motor_demo_msgs/share/serial_motor_demo_msgs/local_setup.bash
[41.326s] -- Symlinking: /home/E14Raspberry/tennisbot_ws/install/serial_motor_demo_msgs/share/serial_motor_demo_msgs/local_setup.sh
[41.369s] -- Symlinking: /home/E14Raspberry/tennisbot_ws/install/serial_motor_demo_msgs/share/serial_motor_demo_msgs/local_setup.zsh
[41.411s] -- Symlinking: /home/E14Raspberry/tennisbot_ws/install/serial_motor_demo_msgs/share/serial_motor_demo_msgs/local_setup.dsv
[41.451s] -- Symlinking: /home/E14Raspberry/tennisbot_ws/install/serial_motor_demo_msgs/share/serial_motor_demo_msgs/package.dsv
[41.492s] -- Symlinking: /home/E14Raspberry/tennisbot_ws/install/serial_motor_demo_msgs/share/ament_index/resource_index/packages/serial_motor_demo_msgs
[41.533s] -- Symlinking: /home/E14Raspberry/tennisbot_ws/install/serial_motor_demo_msgs/share/serial_motor_demo_msgs/cmake/rosidl_cmake-extras.cmake
[41.573s] -- Symlinking: /home/E14Raspberry/tennisbot_ws/install/serial_motor_demo_msgs/share/serial_motor_demo_msgs/cmake/ament_cmake_export_include_directories-extras.cmake
[41.614s] -- Symlinking: /home/E14Raspberry/tennisbot_ws/install/serial_motor_demo_msgs/share/serial_motor_demo_msgs/cmake/ament_cmake_export_libraries-extras.cmake
[41.653s] -- Symlinking: /home/E14Raspberry/tennisbot_ws/install/serial_motor_demo_msgs/share/serial_motor_demo_msgs/cmake/ament_cmake_export_targets-extras.cmake
[41.695s] -- Symlinking: /home/E14Raspberry/tennisbot_ws/install/serial_motor_demo_msgs/share/serial_motor_demo_msgs/cmake/rosidl_cmake_export_typesupport_targets-extras.cmake
[41.737s] -- Symlinking: /home/E14Raspberry/tennisbot_ws/install/serial_motor_demo_msgs/share/serial_motor_demo_msgs/cmake/ament_cmake_export_dependencies-extras.cmake
[41.777s] -- Symlinking: /home/E14Raspberry/tennisbot_ws/install/serial_motor_demo_msgs/share/serial_motor_demo_msgs/cmake/rosidl_cmake_export_typesupport_libraries-extras.cmake
[41.818s] -- Symlinking: /home/E14Raspberry/tennisbot_ws/install/serial_motor_demo_msgs/share/serial_motor_demo_msgs/cmake/serial_motor_demo_msgsConfig.cmake
[41.857s] -- Symlinking: /home/E14Raspberry/tennisbot_ws/install/serial_motor_demo_msgs/share/serial_motor_demo_msgs/cmake/serial_motor_demo_msgsConfig-version.cmake
[41.897s] -- Symlinking: /home/E14Raspberry/tennisbot_ws/install/serial_motor_demo_msgs/share/serial_motor_demo_msgs/package.xml
[41.938s] -- Installing: /home/E14Raspberry/tennisbot_ws/install/serial_motor_demo_msgs/lib/libserial_motor_demo_msgs__rosidl_generator_c.so
[41.941s] -- Set non-toolchain portion of runtime path of "/home/E14Raspberry/tennisbot_ws/install/serial_motor_demo_msgs/lib/libserial_motor_demo_msgs__rosidl_generator_c.so" to ""
[41.941s] -- Installing: /home/E14Raspberry/tennisbot_ws/install/serial_motor_demo_msgs/lib/libserial_motor_demo_msgs__rosidl_typesupport_fastrtps_c.so
[41.945s] -- Set non-toolchain portion of runtime path of "/home/E14Raspberry/tennisbot_ws/install/serial_motor_demo_msgs/lib/libserial_motor_demo_msgs__rosidl_typesupport_fastrtps_c.so" to ""
[41.945s] -- Installing: /home/E14Raspberry/tennisbot_ws/install/serial_motor_demo_msgs/lib/libserial_motor_demo_msgs__rosidl_typesupport_introspection_c.so
[41.949s] -- Set non-toolchain portion of runtime path of "/home/E14Raspberry/tennisbot_ws/install/serial_motor_demo_msgs/lib/libserial_motor_demo_msgs__rosidl_typesupport_introspection_c.so" to ""
[41.949s] -- Installing: /home/E14Raspberry/tennisbot_ws/install/serial_motor_demo_msgs/lib/libserial_motor_demo_msgs__rosidl_typesupport_c.so
[41.952s] -- Set non-toolchain portion of runtime path of "/home/E14Raspberry/tennisbot_ws/install/serial_motor_demo_msgs/lib/libserial_motor_demo_msgs__rosidl_typesupport_c.so" to ""
[41.953s] -- Installing: /home/E14Raspberry/tennisbot_ws/install/serial_motor_demo_msgs/lib/libserial_motor_demo_msgs__rosidl_typesupport_fastrtps_cpp.so
[41.956s] -- Set non-toolchain portion of runtime path of "/home/E14Raspberry/tennisbot_ws/install/serial_motor_demo_msgs/lib/libserial_motor_demo_msgs__rosidl_typesupport_fastrtps_cpp.so" to ""
[41.956s] -- Installing: /home/E14Raspberry/tennisbot_ws/install/serial_motor_demo_msgs/lib/libserial_motor_demo_msgs__rosidl_typesupport_introspection_cpp.so
[41.959s] -- Set non-toolchain portion of runtime path of "/home/E14Raspberry/tennisbot_ws/install/serial_motor_demo_msgs/lib/libserial_motor_demo_msgs__rosidl_typesupport_introspection_cpp.so" to ""
[41.959s] -- Installing: /home/E14Raspberry/tennisbot_ws/install/serial_motor_demo_msgs/lib/libserial_motor_demo_msgs__rosidl_typesupport_cpp.so
[41.962s] -- Set non-toolchain portion of runtime path of "/home/E14Raspberry/tennisbot_ws/install/serial_motor_demo_msgs/lib/libserial_motor_demo_msgs__rosidl_typesupport_cpp.so" to ""
[42.135s] Listing '/home/E14Raspberry/tennisbot_ws/install/serial_motor_demo_msgs/lib/python3.12/site-packages/serial_motor_demo_msgs'...
[42.136s] Compiling '/home/E14Raspberry/tennisbot_ws/install/serial_motor_demo_msgs/lib/python3.12/site-packages/serial_motor_demo_msgs/__init__.py'...
[42.137s] Listing '/home/E14Raspberry/tennisbot_ws/install/serial_motor_demo_msgs/lib/python3.12/site-packages/serial_motor_demo_msgs/msg'...
[42.138s] Compiling '/home/E14Raspberry/tennisbot_ws/install/serial_motor_demo_msgs/lib/python3.12/site-packages/serial_motor_demo_msgs/msg/__init__.py'...
[42.139s] Compiling '/home/E14Raspberry/tennisbot_ws/install/serial_motor_demo_msgs/lib/python3.12/site-packages/serial_motor_demo_msgs/msg/_encoder_vals.py'...
[42.140s] Compiling '/home/E14Raspberry/tennisbot_ws/install/serial_motor_demo_msgs/lib/python3.12/site-packages/serial_motor_demo_msgs/msg/_motor_command.py'...
[42.140s] Compiling '/home/E14Raspberry/tennisbot_ws/install/serial_motor_demo_msgs/lib/python3.12/site-packages/serial_motor_demo_msgs/msg/_motor_vels.py'...
[42.166s] -- Installing: /home/E14Raspberry/tennisbot_ws/install/serial_motor_demo_msgs/lib/libserial_motor_demo_msgs__rosidl_generator_py.so
[42.169s] -- Set non-toolchain portion of runtime path of "/home/E14Raspberry/tennisbot_ws/install/serial_motor_demo_msgs/lib/libserial_motor_demo_msgs__rosidl_generator_py.so" to ""
[42.169s] -- Installing: /home/E14Raspberry/tennisbot_ws/install/serial_motor_demo_msgs/share/serial_motor_demo_msgs/cmake/export_serial_motor_demo_msgs__rosidl_generator_cExport.cmake
[42.171s] -- Installing: /home/E14Raspberry/tennisbot_ws/install/serial_motor_demo_msgs/share/serial_motor_demo_msgs/cmake/export_serial_motor_demo_msgs__rosidl_generator_cExport-noconfig.cmake
[42.172s] -- Installing: /home/E14Raspberry/tennisbot_ws/install/serial_motor_demo_msgs/share/serial_motor_demo_msgs/cmake/export_serial_motor_demo_msgs__rosidl_typesupport_fastrtps_cExport.cmake
[42.173s] -- Installing: /home/E14Raspberry/tennisbot_ws/install/serial_motor_demo_msgs/share/serial_motor_demo_msgs/cmake/export_serial_motor_demo_msgs__rosidl_typesupport_fastrtps_cExport-noconfig.cmake
[42.175s] -- Installing: /home/E14Raspberry/tennisbot_ws/install/serial_motor_demo_msgs/share/serial_motor_demo_msgs/cmake/serial_motor_demo_msgs__rosidl_typesupport_introspection_cExport.cmake
[42.176s] -- Installing: /home/E14Raspberry/tennisbot_ws/install/serial_motor_demo_msgs/share/serial_motor_demo_msgs/cmake/serial_motor_demo_msgs__rosidl_typesupport_introspection_cExport-noconfig.cmake
[42.178s] -- Installing: /home/E14Raspberry/tennisbot_ws/install/serial_motor_demo_msgs/share/serial_motor_demo_msgs/cmake/serial_motor_demo_msgs__rosidl_typesupport_cExport.cmake
[42.179s] -- Installing: /home/E14Raspberry/tennisbot_ws/install/serial_motor_demo_msgs/share/serial_motor_demo_msgs/cmake/serial_motor_demo_msgs__rosidl_typesupport_cExport-noconfig.cmake
[42.181s] -- Installing: /home/E14Raspberry/tennisbot_ws/install/serial_motor_demo_msgs/share/serial_motor_demo_msgs/cmake/export_serial_motor_demo_msgs__rosidl_generator_cppExport.cmake
[42.182s] -- Installing: /home/E14Raspberry/tennisbot_ws/install/serial_motor_demo_msgs/share/serial_motor_demo_msgs/cmake/export_serial_motor_demo_msgs__rosidl_typesupport_fastrtps_cppExport.cmake
[42.184s] -- Installing: /home/E14Raspberry/tennisbot_ws/install/serial_motor_demo_msgs/share/serial_motor_demo_msgs/cmake/export_serial_motor_demo_msgs__rosidl_typesupport_fastrtps_cppExport-noconfig.cmake
[42.185s] -- Installing: /home/E14Raspberry/tennisbot_ws/install/serial_motor_demo_msgs/share/serial_motor_demo_msgs/cmake/serial_motor_demo_msgs__rosidl_typesupport_introspection_cppExport.cmake
[42.187s] -- Installing: /home/E14Raspberry/tennisbot_ws/install/serial_motor_demo_msgs/share/serial_motor_demo_msgs/cmake/serial_motor_demo_msgs__rosidl_typesupport_introspection_cppExport-noconfig.cmake
[42.188s] -- Installing: /home/E14Raspberry/tennisbot_ws/install/serial_motor_demo_msgs/share/serial_motor_demo_msgs/cmake/serial_motor_demo_msgs__rosidl_typesupport_cppExport.cmake
[42.189s] -- Installing: /home/E14Raspberry/tennisbot_ws/install/serial_motor_demo_msgs/share/serial_motor_demo_msgs/cmake/serial_motor_demo_msgs__rosidl_typesupport_cppExport-noconfig.cmake
[42.191s] -- Installing: /home/E14Raspberry/tennisbot_ws/install/serial_motor_demo_msgs/share/serial_motor_demo_msgs/cmake/export_serial_motor_demo_msgs__rosidl_generator_pyExport.cmake
[42.192s] -- Installing: /home/E14Raspberry/tennisbot_ws/install/serial_motor_demo_msgs/share/serial_motor_demo_msgs/cmake/export_serial_motor_demo_msgs__rosidl_generator_pyExport-noconfig.cmake
[42.201s] Invoked command in '/home/E14Raspberry/tennisbot_ws/build/serial_motor_demo_msgs' returned '0': CMAKE_PREFIX_PATH=/opt/ros/jazzy /usr/bin/cmake --install /home/E14Raspberry/tennisbot_ws/build/serial_motor_demo_msgs
