[25.772s] Invoking command in '/home/E14Raspberry/ScooperBot/tennisbot_ws/build/ball_tracker': PYTHONPATH=/home/E14Raspberry/ScooperBot/tennisbot_ws/build/ball_tracker/prefix_override:/usr/lib/python3/dist-packages/colcon_core/task/python/colcon_distutils_commands:/home/E14Raspberry/ScooperBot/tennisbot_ws/install/ball_tracker/lib/python3.12/site-packages:${PYTHONPATH} /usr/bin/python3 -W ignore:setup.py install is deprecated setup.py develop --editable --build-directory /home/E14Raspberry/ScooperBot/tennisbot_ws/build/ball_tracker/build --no-deps symlink_data
[32.819s] running develop
[32.823s] /usr/lib/python3/dist-packages/setuptools/command/develop.py:40: EasyInstallDeprecationWarning: easy_install command is deprecated.
[32.826s] !!
[32.828s] 
[32.830s]         ********************************************************************************
[32.832s]         Please avoid running ``setup.py`` and ``easy_install``.
[32.834s]         Instead, use pypa/build, pypa/installer or other
[32.836s]         standards-based tools.
[32.838s] 
[32.840s]         See https://github.com/pypa/setuptools/issues/917 for details.
[32.842s]         ********************************************************************************
[32.845s] 
[32.846s] !!
[32.848s]   easy_install.initialize_options(self)
[38.575s] running egg_info
[38.926s] writing ball_tracker.egg-info/PKG-INFO
[38.932s] writing dependency_links to ball_tracker.egg-info/dependency_links.txt
[38.937s] writing entry points to ball_tracker.egg-info/entry_points.txt
[38.947s] writing requirements to ball_tracker.egg-info/requires.txt
[38.950s] writing top-level names to ball_tracker.egg-info/top_level.txt
[39.853s] reading manifest file 'ball_tracker.egg-info/SOURCES.txt'
[39.869s] writing manifest file 'ball_tracker.egg-info/SOURCES.txt'
[40.258s] running build_ext
[40.289s] Creating /home/E14Raspberry/ScooperBot/tennisbot_ws/install/ball_tracker/lib/python3.12/site-packages/ball-tracker.egg-link (link to .)
[40.305s] Installing detect_ball script to /home/E14Raspberry/ScooperBot/tennisbot_ws/install/ball_tracker/lib/ball_tracker
[40.318s] Installing detect_ball_3d script to /home/E14Raspberry/ScooperBot/tennisbot_ws/install/ball_tracker/lib/ball_tracker
[40.325s] Installing detect_ball_nn script to /home/E14Raspberry/ScooperBot/tennisbot_ws/install/ball_tracker/lib/ball_tracker
[40.333s] Installing follow_ball script to /home/E14Raspberry/ScooperBot/tennisbot_ws/install/ball_tracker/lib/ball_tracker
[40.341s] 
[40.344s] Installed /home/E14Raspberry/ScooperBot/tennisbot_ws/build/ball_tracker
[40.349s] running symlink_data
[40.868s] Invoked command in '/home/E14Raspberry/ScooperBot/tennisbot_ws/build/ball_tracker' returned '0': PYTHONPATH=/home/E14Raspberry/ScooperBot/tennisbot_ws/build/ball_tracker/prefix_override:/usr/lib/python3/dist-packages/colcon_core/task/python/colcon_distutils_commands:/home/E14Raspberry/ScooperBot/tennisbot_ws/install/ball_tracker/lib/python3.12/site-packages:${PYTHONPATH} /usr/bin/python3 -W ignore:setup.py install is deprecated setup.py develop --editable --build-directory /home/E14Raspberry/ScooperBot/tennisbot_ws/build/ball_tracker/build --no-deps symlink_data
