[0.107s] Invoking command in '/home/E14Raspberry/ScooperBot/tennisbot_ws/build/serial_motor_demo_msgs': CMAKE_PREFIX_PATH=${CMAKE_PREFIX_PATH}:/home/E14Raspberry/ScooperBot/tennisbot_ws/install/serial_motor_demo:/opt/ros/jazzy /usr/bin/cmake --build /home/E14Raspberry/ScooperBot/tennisbot_ws/build/serial_motor_demo_msgs -- -j4 -l4
[0.495s] [  1%] Built target serial_motor_demo_msgs__rosidl_generator_type_description
[0.643s] [  1%] Built target ament_cmake_python_symlink_serial_motor_demo_msgs
[0.726s] [  3%] Built target serial_motor_demo_msgs__cpp
[0.756s] [ 24%] Built target serial_motor_demo_msgs__rosidl_generator_c
[0.985s] [ 33%] Built target serial_motor_demo_msgs__rosidl_typesupport_introspection_c
[1.073s] [ 51%] Built target serial_motor_demo_msgs__rosidl_typesupport_cpp
[1.081s] [ 50%] Built target serial_motor_demo_msgs__rosidl_typesupport_fastrtps_c
[1.227s] [ 61%] Built target serial_motor_demo_msgs__rosidl_typesupport_c
[1.362s] [ 70%] Built target serial_motor_demo_msgs__rosidl_typesupport_fastrtps_cpp
[1.413s] [ 79%] Built target serial_motor_demo_msgs__rosidl_typesupport_introspection_cpp
[1.600s] [ 79%] Built target serial_motor_demo_msgs
[1.730s] [ 81%] Built target serial_motor_demo_msgs__py
[1.856s] [ 88%] Built target serial_motor_demo_msgs__rosidl_generator_py
[1.998s] [ 92%] Built target serial_motor_demo_msgs_s__rosidl_typesupport_fastrtps_c
[2.018s] [ 96%] Built target serial_motor_demo_msgs_s__rosidl_typesupport_introspection_c
[2.047s] [100%] Built target serial_motor_demo_msgs_s__rosidl_typesupport_c
[2.170s] running egg_info
[2.245s] writing serial_motor_demo_msgs.egg-info/PKG-INFO
[2.246s] writing dependency_links to serial_motor_demo_msgs.egg-info/dependency_links.txt
[2.247s] writing top-level names to serial_motor_demo_msgs.egg-info/top_level.txt
[2.463s] reading manifest file 'serial_motor_demo_msgs.egg-info/SOURCES.txt'
[2.465s] writing manifest file 'serial_motor_demo_msgs.egg-info/SOURCES.txt'
[2.610s] [100%] Built target ament_cmake_python_build_serial_motor_demo_msgs_egg
[2.667s] Invoked command in '/home/E14Raspberry/ScooperBot/tennisbot_ws/build/serial_motor_demo_msgs' returned '0': CMAKE_PREFIX_PATH=${CMAKE_PREFIX_PATH}:/home/E14Raspberry/ScooperBot/tennisbot_ws/install/serial_motor_demo:/opt/ros/jazzy /usr/bin/cmake --build /home/E14Raspberry/ScooperBot/tennisbot_ws/build/serial_motor_demo_msgs -- -j4 -l4
[3.420s] Invoking command in '/home/E14Raspberry/ScooperBot/tennisbot_ws/build/serial_motor_demo_msgs': CMAKE_PREFIX_PATH=${CMAKE_PREFIX_PATH}:/home/E14Raspberry/ScooperBot/tennisbot_ws/install/serial_motor_demo:/opt/ros/jazzy /usr/bin/cmake --install /home/E14Raspberry/ScooperBot/tennisbot_ws/build/serial_motor_demo_msgs
[3.460s] -- Install configuration: ""
[3.462s] -- Execute custom install script
[3.463s] -- Up-to-date symlink: /home/E14Raspberry/ScooperBot/tennisbot_ws/install/serial_motor_demo_msgs/share/ament_index/resource_index/rosidl_interfaces/serial_motor_demo_msgs
[3.464s] -- Up-to-date symlink: /home/E14Raspberry/ScooperBot/tennisbot_ws/install/serial_motor_demo_msgs/share/serial_motor_demo_msgs/msg/MotorCommand.json
[3.466s] -- Up-to-date symlink: /home/E14Raspberry/ScooperBot/tennisbot_ws/install/serial_motor_demo_msgs/share/serial_motor_demo_msgs/msg/MotorVels.json
[3.467s] -- Up-to-date symlink: /home/E14Raspberry/ScooperBot/tennisbot_ws/install/serial_motor_demo_msgs/share/serial_motor_demo_msgs/msg/EncoderVals.json
[3.471s] -- Up-to-date symlink: /home/E14Raspberry/ScooperBot/tennisbot_ws/install/serial_motor_demo_msgs/include/serial_motor_demo_msgs/serial_motor_demo_msgs/msg/detail/encoder_vals__functions.h
[3.472s] -- Up-to-date symlink: /home/E14Raspberry/ScooperBot/tennisbot_ws/install/serial_motor_demo_msgs/include/serial_motor_demo_msgs/serial_motor_demo_msgs/msg/detail/encoder_vals__struct.h
[3.473s] -- Up-to-date symlink: /home/E14Raspberry/ScooperBot/tennisbot_ws/install/serial_motor_demo_msgs/include/serial_motor_demo_msgs/serial_motor_demo_msgs/msg/detail/encoder_vals__type_support.h
[3.474s] -- Up-to-date symlink: /home/E14Raspberry/ScooperBot/tennisbot_ws/install/serial_motor_demo_msgs/include/serial_motor_demo_msgs/serial_motor_demo_msgs/msg/detail/motor_command__functions.h
[3.475s] -- Up-to-date symlink: /home/E14Raspberry/ScooperBot/tennisbot_ws/install/serial_motor_demo_msgs/include/serial_motor_demo_msgs/serial_motor_demo_msgs/msg/detail/motor_command__struct.h
[3.476s] -- Up-to-date symlink: /home/E14Raspberry/ScooperBot/tennisbot_ws/install/serial_motor_demo_msgs/include/serial_motor_demo_msgs/serial_motor_demo_msgs/msg/detail/motor_command__type_support.h
[3.477s] -- Up-to-date symlink: /home/E14Raspberry/ScooperBot/tennisbot_ws/install/serial_motor_demo_msgs/include/serial_motor_demo_msgs/serial_motor_demo_msgs/msg/detail/motor_vels__functions.h
[3.478s] -- Up-to-date symlink: /home/E14Raspberry/ScooperBot/tennisbot_ws/install/serial_motor_demo_msgs/include/serial_motor_demo_msgs/serial_motor_demo_msgs/msg/detail/motor_vels__struct.h
[3.479s] -- Up-to-date symlink: /home/E14Raspberry/ScooperBot/tennisbot_ws/install/serial_motor_demo_msgs/include/serial_motor_demo_msgs/serial_motor_demo_msgs/msg/detail/motor_vels__type_support.h
[3.480s] -- Up-to-date symlink: /home/E14Raspberry/ScooperBot/tennisbot_ws/install/serial_motor_demo_msgs/include/serial_motor_demo_msgs/serial_motor_demo_msgs/msg/encoder_vals.h
[3.481s] -- Up-to-date symlink: /home/E14Raspberry/ScooperBot/tennisbot_ws/install/serial_motor_demo_msgs/include/serial_motor_demo_msgs/serial_motor_demo_msgs/msg/motor_command.h
[3.482s] -- Up-to-date symlink: /home/E14Raspberry/ScooperBot/tennisbot_ws/install/serial_motor_demo_msgs/include/serial_motor_demo_msgs/serial_motor_demo_msgs/msg/motor_vels.h
[3.483s] -- Up-to-date symlink: /home/E14Raspberry/ScooperBot/tennisbot_ws/install/serial_motor_demo_msgs/include/serial_motor_demo_msgs/serial_motor_demo_msgs/msg/rosidl_generator_c__visibility_control.h
[3.484s] -- Up-to-date symlink: /home/E14Raspberry/ScooperBot/tennisbot_ws/install/serial_motor_demo_msgs/share/serial_motor_demo_msgs/environment/library_path.sh
[3.485s] -- Up-to-date symlink: /home/E14Raspberry/ScooperBot/tennisbot_ws/install/serial_motor_demo_msgs/share/serial_motor_demo_msgs/environment/library_path.dsv
[3.489s] -- Up-to-date symlink: /home/E14Raspberry/ScooperBot/tennisbot_ws/install/serial_motor_demo_msgs/include/serial_motor_demo_msgs/serial_motor_demo_msgs/msg/detail/encoder_vals__rosidl_typesupport_fastrtps_c.h
[3.490s] -- Up-to-date symlink: /home/E14Raspberry/ScooperBot/tennisbot_ws/install/serial_motor_demo_msgs/include/serial_motor_demo_msgs/serial_motor_demo_msgs/msg/detail/motor_command__rosidl_typesupport_fastrtps_c.h
[3.491s] -- Up-to-date symlink: /home/E14Raspberry/ScooperBot/tennisbot_ws/install/serial_motor_demo_msgs/include/serial_motor_demo_msgs/serial_motor_demo_msgs/msg/detail/motor_vels__rosidl_typesupport_fastrtps_c.h
[3.492s] -- Up-to-date symlink: /home/E14Raspberry/ScooperBot/tennisbot_ws/install/serial_motor_demo_msgs/include/serial_motor_demo_msgs/serial_motor_demo_msgs/msg/rosidl_typesupport_fastrtps_c__visibility_control.h
[3.495s] -- Up-to-date symlink: /home/E14Raspberry/ScooperBot/tennisbot_ws/install/serial_motor_demo_msgs/include/serial_motor_demo_msgs/serial_motor_demo_msgs/msg/detail/encoder_vals__rosidl_typesupport_introspection_c.h
[3.496s] -- Up-to-date symlink: /home/E14Raspberry/ScooperBot/tennisbot_ws/install/serial_motor_demo_msgs/include/serial_motor_demo_msgs/serial_motor_demo_msgs/msg/detail/motor_command__rosidl_typesupport_introspection_c.h
[3.497s] -- Up-to-date symlink: /home/E14Raspberry/ScooperBot/tennisbot_ws/install/serial_motor_demo_msgs/include/serial_motor_demo_msgs/serial_motor_demo_msgs/msg/detail/motor_vels__rosidl_typesupport_introspection_c.h
[3.498s] -- Up-to-date symlink: /home/E14Raspberry/ScooperBot/tennisbot_ws/install/serial_motor_demo_msgs/include/serial_motor_demo_msgs/serial_motor_demo_msgs/msg/rosidl_typesupport_introspection_c__visibility_control.h
[3.502s] -- Up-to-date symlink: /home/E14Raspberry/ScooperBot/tennisbot_ws/install/serial_motor_demo_msgs/include/serial_motor_demo_msgs/serial_motor_demo_msgs/msg/detail/encoder_vals__builder.hpp
[3.503s] -- Up-to-date symlink: /home/E14Raspberry/ScooperBot/tennisbot_ws/install/serial_motor_demo_msgs/include/serial_motor_demo_msgs/serial_motor_demo_msgs/msg/detail/encoder_vals__struct.hpp
[3.504s] -- Up-to-date symlink: /home/E14Raspberry/ScooperBot/tennisbot_ws/install/serial_motor_demo_msgs/include/serial_motor_demo_msgs/serial_motor_demo_msgs/msg/detail/encoder_vals__traits.hpp
[3.505s] -- Up-to-date symlink: /home/E14Raspberry/ScooperBot/tennisbot_ws/install/serial_motor_demo_msgs/include/serial_motor_demo_msgs/serial_motor_demo_msgs/msg/detail/encoder_vals__type_support.hpp
[3.506s] -- Up-to-date symlink: /home/E14Raspberry/ScooperBot/tennisbot_ws/install/serial_motor_demo_msgs/include/serial_motor_demo_msgs/serial_motor_demo_msgs/msg/detail/motor_command__builder.hpp
[3.507s] -- Up-to-date symlink: /home/E14Raspberry/ScooperBot/tennisbot_ws/install/serial_motor_demo_msgs/include/serial_motor_demo_msgs/serial_motor_demo_msgs/msg/detail/motor_command__struct.hpp
[3.508s] -- Up-to-date symlink: /home/E14Raspberry/ScooperBot/tennisbot_ws/install/serial_motor_demo_msgs/include/serial_motor_demo_msgs/serial_motor_demo_msgs/msg/detail/motor_command__traits.hpp
[3.509s] -- Up-to-date symlink: /home/E14Raspberry/ScooperBot/tennisbot_ws/install/serial_motor_demo_msgs/include/serial_motor_demo_msgs/serial_motor_demo_msgs/msg/detail/motor_command__type_support.hpp
[3.510s] -- Up-to-date symlink: /home/E14Raspberry/ScooperBot/tennisbot_ws/install/serial_motor_demo_msgs/include/serial_motor_demo_msgs/serial_motor_demo_msgs/msg/detail/motor_vels__builder.hpp
[3.511s] -- Up-to-date symlink: /home/E14Raspberry/ScooperBot/tennisbot_ws/install/serial_motor_demo_msgs/include/serial_motor_demo_msgs/serial_motor_demo_msgs/msg/detail/motor_vels__struct.hpp
[3.512s] -- Up-to-date symlink: /home/E14Raspberry/ScooperBot/tennisbot_ws/install/serial_motor_demo_msgs/include/serial_motor_demo_msgs/serial_motor_demo_msgs/msg/detail/motor_vels__traits.hpp
[3.513s] -- Up-to-date symlink: /home/E14Raspberry/ScooperBot/tennisbot_ws/install/serial_motor_demo_msgs/include/serial_motor_demo_msgs/serial_motor_demo_msgs/msg/detail/motor_vels__type_support.hpp
[3.514s] -- Up-to-date symlink: /home/E14Raspberry/ScooperBot/tennisbot_ws/install/serial_motor_demo_msgs/include/serial_motor_demo_msgs/serial_motor_demo_msgs/msg/encoder_vals.hpp
[3.515s] -- Up-to-date symlink: /home/E14Raspberry/ScooperBot/tennisbot_ws/install/serial_motor_demo_msgs/include/serial_motor_demo_msgs/serial_motor_demo_msgs/msg/motor_command.hpp
[3.516s] -- Up-to-date symlink: /home/E14Raspberry/ScooperBot/tennisbot_ws/install/serial_motor_demo_msgs/include/serial_motor_demo_msgs/serial_motor_demo_msgs/msg/motor_vels.hpp
[3.517s] -- Up-to-date symlink: /home/E14Raspberry/ScooperBot/tennisbot_ws/install/serial_motor_demo_msgs/include/serial_motor_demo_msgs/serial_motor_demo_msgs/msg/rosidl_generator_cpp__visibility_control.hpp
[3.521s] -- Up-to-date symlink: /home/E14Raspberry/ScooperBot/tennisbot_ws/install/serial_motor_demo_msgs/include/serial_motor_demo_msgs/serial_motor_demo_msgs/msg/detail/encoder_vals__rosidl_typesupport_fastrtps_cpp.hpp
[3.522s] -- Up-to-date symlink: /home/E14Raspberry/ScooperBot/tennisbot_ws/install/serial_motor_demo_msgs/include/serial_motor_demo_msgs/serial_motor_demo_msgs/msg/detail/motor_command__rosidl_typesupport_fastrtps_cpp.hpp
[3.524s] -- Up-to-date symlink: /home/E14Raspberry/ScooperBot/tennisbot_ws/install/serial_motor_demo_msgs/include/serial_motor_demo_msgs/serial_motor_demo_msgs/msg/detail/motor_vels__rosidl_typesupport_fastrtps_cpp.hpp
[3.525s] -- Up-to-date symlink: /home/E14Raspberry/ScooperBot/tennisbot_ws/install/serial_motor_demo_msgs/include/serial_motor_demo_msgs/serial_motor_demo_msgs/msg/rosidl_typesupport_fastrtps_cpp__visibility_control.h
[3.527s] -- Up-to-date symlink: /home/E14Raspberry/ScooperBot/tennisbot_ws/install/serial_motor_demo_msgs/include/serial_motor_demo_msgs/serial_motor_demo_msgs/msg/detail/encoder_vals__rosidl_typesupport_introspection_cpp.hpp
[3.528s] -- Up-to-date symlink: /home/E14Raspberry/ScooperBot/tennisbot_ws/install/serial_motor_demo_msgs/include/serial_motor_demo_msgs/serial_motor_demo_msgs/msg/detail/motor_command__rosidl_typesupport_introspection_cpp.hpp
[3.530s] -- Up-to-date symlink: /home/E14Raspberry/ScooperBot/tennisbot_ws/install/serial_motor_demo_msgs/include/serial_motor_demo_msgs/serial_motor_demo_msgs/msg/detail/motor_vels__rosidl_typesupport_introspection_cpp.hpp
[3.531s] -- Up-to-date symlink: /home/E14Raspberry/ScooperBot/tennisbot_ws/install/serial_motor_demo_msgs/share/serial_motor_demo_msgs/environment/pythonpath.sh
[3.532s] -- Up-to-date symlink: /home/E14Raspberry/ScooperBot/tennisbot_ws/install/serial_motor_demo_msgs/share/serial_motor_demo_msgs/environment/pythonpath.dsv
[3.534s] -- Up-to-date symlink: /home/E14Raspberry/ScooperBot/tennisbot_ws/install/serial_motor_demo_msgs/lib/python3.12/site-packages/serial_motor_demo_msgs-0.0.0-py3.12.egg-info/PKG-INFO
[3.535s] -- Up-to-date symlink: /home/E14Raspberry/ScooperBot/tennisbot_ws/install/serial_motor_demo_msgs/lib/python3.12/site-packages/serial_motor_demo_msgs-0.0.0-py3.12.egg-info/SOURCES.txt
[3.536s] -- Up-to-date symlink: /home/E14Raspberry/ScooperBot/tennisbot_ws/install/serial_motor_demo_msgs/lib/python3.12/site-packages/serial_motor_demo_msgs-0.0.0-py3.12.egg-info/dependency_links.txt
[3.537s] -- Up-to-date symlink: /home/E14Raspberry/ScooperBot/tennisbot_ws/install/serial_motor_demo_msgs/lib/python3.12/site-packages/serial_motor_demo_msgs-0.0.0-py3.12.egg-info/top_level.txt
[3.542s] -- Up-to-date symlink: /home/E14Raspberry/ScooperBot/tennisbot_ws/install/serial_motor_demo_msgs/lib/python3.12/site-packages/serial_motor_demo_msgs/__init__.py
[3.543s] -- Up-to-date symlink: /home/E14Raspberry/ScooperBot/tennisbot_ws/install/serial_motor_demo_msgs/lib/python3.12/site-packages/serial_motor_demo_msgs/_serial_motor_demo_msgs_s.ep.rosidl_typesupport_c.c
[3.544s] -- Up-to-date symlink: /home/E14Raspberry/ScooperBot/tennisbot_ws/install/serial_motor_demo_msgs/lib/python3.12/site-packages/serial_motor_demo_msgs/_serial_motor_demo_msgs_s.ep.rosidl_typesupport_fastrtps_c.c
[3.545s] -- Up-to-date symlink: /home/E14Raspberry/ScooperBot/tennisbot_ws/install/serial_motor_demo_msgs/lib/python3.12/site-packages/serial_motor_demo_msgs/_serial_motor_demo_msgs_s.ep.rosidl_typesupport_introspection_c.c
[3.546s] -- Up-to-date symlink: /home/E14Raspberry/ScooperBot/tennisbot_ws/install/serial_motor_demo_msgs/lib/python3.12/site-packages/serial_motor_demo_msgs/msg/__init__.py
[3.547s] -- Up-to-date symlink: /home/E14Raspberry/ScooperBot/tennisbot_ws/install/serial_motor_demo_msgs/lib/python3.12/site-packages/serial_motor_demo_msgs/msg/_encoder_vals.py
[3.548s] -- Up-to-date symlink: /home/E14Raspberry/ScooperBot/tennisbot_ws/install/serial_motor_demo_msgs/lib/python3.12/site-packages/serial_motor_demo_msgs/msg/_encoder_vals_s.c
[3.549s] -- Up-to-date symlink: /home/E14Raspberry/ScooperBot/tennisbot_ws/install/serial_motor_demo_msgs/lib/python3.12/site-packages/serial_motor_demo_msgs/msg/_motor_command.py
[3.550s] -- Up-to-date symlink: /home/E14Raspberry/ScooperBot/tennisbot_ws/install/serial_motor_demo_msgs/lib/python3.12/site-packages/serial_motor_demo_msgs/msg/_motor_command_s.c
[3.551s] -- Up-to-date symlink: /home/E14Raspberry/ScooperBot/tennisbot_ws/install/serial_motor_demo_msgs/lib/python3.12/site-packages/serial_motor_demo_msgs/msg/_motor_vels.py
[3.552s] -- Up-to-date symlink: /home/E14Raspberry/ScooperBot/tennisbot_ws/install/serial_motor_demo_msgs/lib/python3.12/site-packages/serial_motor_demo_msgs/msg/_motor_vels_s.c
[3.553s] -- Up-to-date symlink: /home/E14Raspberry/ScooperBot/tennisbot_ws/install/serial_motor_demo_msgs/lib/python3.12/site-packages/serial_motor_demo_msgs/serial_motor_demo_msgs_s__rosidl_typesupport_c.so
[3.554s] -- Up-to-date symlink: /home/E14Raspberry/ScooperBot/tennisbot_ws/install/serial_motor_demo_msgs/lib/python3.12/site-packages/serial_motor_demo_msgs/serial_motor_demo_msgs_s__rosidl_typesupport_fastrtps_c.so
[3.555s] -- Up-to-date symlink: /home/E14Raspberry/ScooperBot/tennisbot_ws/install/serial_motor_demo_msgs/lib/python3.12/site-packages/serial_motor_demo_msgs/serial_motor_demo_msgs_s__rosidl_typesupport_introspection_c.so
[3.557s] -- Up-to-date symlink: /home/E14Raspberry/ScooperBot/tennisbot_ws/install/serial_motor_demo_msgs/lib/python3.12/site-packages/serial_motor_demo_msgs/serial_motor_demo_msgs_s__rosidl_typesupport_fastrtps_c.so
[3.559s] -- Up-to-date symlink: /home/E14Raspberry/ScooperBot/tennisbot_ws/install/serial_motor_demo_msgs/lib/python3.12/site-packages/serial_motor_demo_msgs/serial_motor_demo_msgs_s__rosidl_typesupport_introspection_c.so
[3.560s] -- Up-to-date symlink: /home/E14Raspberry/ScooperBot/tennisbot_ws/install/serial_motor_demo_msgs/lib/python3.12/site-packages/serial_motor_demo_msgs/serial_motor_demo_msgs_s__rosidl_typesupport_c.so
[3.561s] -- Up-to-date symlink: /home/E14Raspberry/ScooperBot/tennisbot_ws/install/serial_motor_demo_msgs/share/serial_motor_demo_msgs/msg/MotorCommand.idl
[3.563s] -- Up-to-date symlink: /home/E14Raspberry/ScooperBot/tennisbot_ws/install/serial_motor_demo_msgs/share/serial_motor_demo_msgs/msg/MotorVels.idl
[3.564s] -- Up-to-date symlink: /home/E14Raspberry/ScooperBot/tennisbot_ws/install/serial_motor_demo_msgs/share/serial_motor_demo_msgs/msg/EncoderVals.idl
[3.565s] -- Up-to-date symlink: /home/E14Raspberry/ScooperBot/tennisbot_ws/install/serial_motor_demo_msgs/share/serial_motor_demo_msgs/msg/MotorCommand.msg
[3.566s] -- Up-to-date symlink: /home/E14Raspberry/ScooperBot/tennisbot_ws/install/serial_motor_demo_msgs/share/serial_motor_demo_msgs/msg/MotorVels.msg
[3.567s] -- Up-to-date symlink: /home/E14Raspberry/ScooperBot/tennisbot_ws/install/serial_motor_demo_msgs/share/serial_motor_demo_msgs/msg/EncoderVals.msg
[3.568s] -- Up-to-date symlink: /home/E14Raspberry/ScooperBot/tennisbot_ws/install/serial_motor_demo_msgs/share/ament_index/resource_index/package_run_dependencies/serial_motor_demo_msgs
[3.570s] -- Up-to-date symlink: /home/E14Raspberry/ScooperBot/tennisbot_ws/install/serial_motor_demo_msgs/share/ament_index/resource_index/parent_prefix_path/serial_motor_demo_msgs
[3.571s] -- Up-to-date symlink: /home/E14Raspberry/ScooperBot/tennisbot_ws/install/serial_motor_demo_msgs/share/serial_motor_demo_msgs/environment/ament_prefix_path.sh
[3.572s] -- Up-to-date symlink: /home/E14Raspberry/ScooperBot/tennisbot_ws/install/serial_motor_demo_msgs/share/serial_motor_demo_msgs/environment/ament_prefix_path.dsv
[3.573s] -- Up-to-date symlink: /home/E14Raspberry/ScooperBot/tennisbot_ws/install/serial_motor_demo_msgs/share/serial_motor_demo_msgs/environment/path.sh
[3.574s] -- Up-to-date symlink: /home/E14Raspberry/ScooperBot/tennisbot_ws/install/serial_motor_demo_msgs/share/serial_motor_demo_msgs/environment/path.dsv
[3.575s] -- Up-to-date symlink: /home/E14Raspberry/ScooperBot/tennisbot_ws/install/serial_motor_demo_msgs/share/serial_motor_demo_msgs/local_setup.bash
[3.576s] -- Up-to-date symlink: /home/E14Raspberry/ScooperBot/tennisbot_ws/install/serial_motor_demo_msgs/share/serial_motor_demo_msgs/local_setup.sh
[3.577s] -- Up-to-date symlink: /home/E14Raspberry/ScooperBot/tennisbot_ws/install/serial_motor_demo_msgs/share/serial_motor_demo_msgs/local_setup.zsh
[3.578s] -- Up-to-date symlink: /home/E14Raspberry/ScooperBot/tennisbot_ws/install/serial_motor_demo_msgs/share/serial_motor_demo_msgs/local_setup.dsv
[3.578s] -- Symlinking: /home/E14Raspberry/ScooperBot/tennisbot_ws/install/serial_motor_demo_msgs/share/serial_motor_demo_msgs/package.dsv
[3.623s] -- Up-to-date symlink: /home/E14Raspberry/ScooperBot/tennisbot_ws/install/serial_motor_demo_msgs/share/ament_index/resource_index/packages/serial_motor_demo_msgs
[3.624s] -- Up-to-date symlink: /home/E14Raspberry/ScooperBot/tennisbot_ws/install/serial_motor_demo_msgs/share/serial_motor_demo_msgs/cmake/rosidl_cmake-extras.cmake
[3.625s] -- Up-to-date symlink: /home/E14Raspberry/ScooperBot/tennisbot_ws/install/serial_motor_demo_msgs/share/serial_motor_demo_msgs/cmake/ament_cmake_export_include_directories-extras.cmake
[3.627s] -- Up-to-date symlink: /home/E14Raspberry/ScooperBot/tennisbot_ws/install/serial_motor_demo_msgs/share/serial_motor_demo_msgs/cmake/ament_cmake_export_libraries-extras.cmake
[3.628s] -- Up-to-date symlink: /home/E14Raspberry/ScooperBot/tennisbot_ws/install/serial_motor_demo_msgs/share/serial_motor_demo_msgs/cmake/ament_cmake_export_targets-extras.cmake
[3.630s] -- Up-to-date symlink: /home/E14Raspberry/ScooperBot/tennisbot_ws/install/serial_motor_demo_msgs/share/serial_motor_demo_msgs/cmake/rosidl_cmake_export_typesupport_targets-extras.cmake
[3.631s] -- Up-to-date symlink: /home/E14Raspberry/ScooperBot/tennisbot_ws/install/serial_motor_demo_msgs/share/serial_motor_demo_msgs/cmake/ament_cmake_export_dependencies-extras.cmake
[3.633s] -- Up-to-date symlink: /home/E14Raspberry/ScooperBot/tennisbot_ws/install/serial_motor_demo_msgs/share/serial_motor_demo_msgs/cmake/rosidl_cmake_export_typesupport_libraries-extras.cmake
[3.634s] -- Up-to-date symlink: /home/E14Raspberry/ScooperBot/tennisbot_ws/install/serial_motor_demo_msgs/share/serial_motor_demo_msgs/cmake/serial_motor_demo_msgsConfig.cmake
[3.635s] -- Up-to-date symlink: /home/E14Raspberry/ScooperBot/tennisbot_ws/install/serial_motor_demo_msgs/share/serial_motor_demo_msgs/cmake/serial_motor_demo_msgsConfig-version.cmake
[3.637s] -- Up-to-date symlink: /home/E14Raspberry/ScooperBot/tennisbot_ws/install/serial_motor_demo_msgs/share/serial_motor_demo_msgs/package.xml
[3.638s] -- Up-to-date: /home/E14Raspberry/ScooperBot/tennisbot_ws/install/serial_motor_demo_msgs/lib/libserial_motor_demo_msgs__rosidl_generator_c.so
[3.640s] -- Up-to-date: /home/E14Raspberry/ScooperBot/tennisbot_ws/install/serial_motor_demo_msgs/lib/libserial_motor_demo_msgs__rosidl_typesupport_fastrtps_c.so
[3.642s] -- Up-to-date: /home/E14Raspberry/ScooperBot/tennisbot_ws/install/serial_motor_demo_msgs/lib/libserial_motor_demo_msgs__rosidl_typesupport_introspection_c.so
[3.644s] -- Up-to-date: /home/E14Raspberry/ScooperBot/tennisbot_ws/install/serial_motor_demo_msgs/lib/libserial_motor_demo_msgs__rosidl_typesupport_c.so
[3.646s] -- Up-to-date: /home/E14Raspberry/ScooperBot/tennisbot_ws/install/serial_motor_demo_msgs/lib/libserial_motor_demo_msgs__rosidl_typesupport_fastrtps_cpp.so
[3.648s] -- Up-to-date: /home/E14Raspberry/ScooperBot/tennisbot_ws/install/serial_motor_demo_msgs/lib/libserial_motor_demo_msgs__rosidl_typesupport_introspection_cpp.so
[3.650s] -- Up-to-date: /home/E14Raspberry/ScooperBot/tennisbot_ws/install/serial_motor_demo_msgs/lib/libserial_motor_demo_msgs__rosidl_typesupport_cpp.so
[3.809s] Listing '/home/E14Raspberry/ScooperBot/tennisbot_ws/install/serial_motor_demo_msgs/lib/python3.12/site-packages/serial_motor_demo_msgs'...
[3.810s] Listing '/home/E14Raspberry/ScooperBot/tennisbot_ws/install/serial_motor_demo_msgs/lib/python3.12/site-packages/serial_motor_demo_msgs/msg'...
[3.838s] -- Up-to-date: /home/E14Raspberry/ScooperBot/tennisbot_ws/install/serial_motor_demo_msgs/lib/libserial_motor_demo_msgs__rosidl_generator_py.so
[3.840s] -- Up-to-date: /home/E14Raspberry/ScooperBot/tennisbot_ws/install/serial_motor_demo_msgs/share/serial_motor_demo_msgs/cmake/export_serial_motor_demo_msgs__rosidl_generator_cExport.cmake
[3.840s] -- Up-to-date: /home/E14Raspberry/ScooperBot/tennisbot_ws/install/serial_motor_demo_msgs/share/serial_motor_demo_msgs/cmake/export_serial_motor_demo_msgs__rosidl_generator_cExport-noconfig.cmake
[3.841s] -- Up-to-date: /home/E14Raspberry/ScooperBot/tennisbot_ws/install/serial_motor_demo_msgs/share/serial_motor_demo_msgs/cmake/export_serial_motor_demo_msgs__rosidl_typesupport_fastrtps_cExport.cmake
[3.841s] -- Up-to-date: /home/E14Raspberry/ScooperBot/tennisbot_ws/install/serial_motor_demo_msgs/share/serial_motor_demo_msgs/cmake/export_serial_motor_demo_msgs__rosidl_typesupport_fastrtps_cExport-noconfig.cmake
[3.842s] -- Up-to-date: /home/E14Raspberry/ScooperBot/tennisbot_ws/install/serial_motor_demo_msgs/share/serial_motor_demo_msgs/cmake/serial_motor_demo_msgs__rosidl_typesupport_introspection_cExport.cmake
[3.843s] -- Up-to-date: /home/E14Raspberry/ScooperBot/tennisbot_ws/install/serial_motor_demo_msgs/share/serial_motor_demo_msgs/cmake/serial_motor_demo_msgs__rosidl_typesupport_introspection_cExport-noconfig.cmake
[3.844s] -- Up-to-date: /home/E14Raspberry/ScooperBot/tennisbot_ws/install/serial_motor_demo_msgs/share/serial_motor_demo_msgs/cmake/serial_motor_demo_msgs__rosidl_typesupport_cExport.cmake
[3.844s] -- Up-to-date: /home/E14Raspberry/ScooperBot/tennisbot_ws/install/serial_motor_demo_msgs/share/serial_motor_demo_msgs/cmake/serial_motor_demo_msgs__rosidl_typesupport_cExport-noconfig.cmake
[3.845s] -- Up-to-date: /home/E14Raspberry/ScooperBot/tennisbot_ws/install/serial_motor_demo_msgs/share/serial_motor_demo_msgs/cmake/export_serial_motor_demo_msgs__rosidl_generator_cppExport.cmake
[3.846s] -- Up-to-date: /home/E14Raspberry/ScooperBot/tennisbot_ws/install/serial_motor_demo_msgs/share/serial_motor_demo_msgs/cmake/export_serial_motor_demo_msgs__rosidl_typesupport_fastrtps_cppExport.cmake
[3.847s] -- Up-to-date: /home/E14Raspberry/ScooperBot/tennisbot_ws/install/serial_motor_demo_msgs/share/serial_motor_demo_msgs/cmake/export_serial_motor_demo_msgs__rosidl_typesupport_fastrtps_cppExport-noconfig.cmake
[3.848s] -- Up-to-date: /home/E14Raspberry/ScooperBot/tennisbot_ws/install/serial_motor_demo_msgs/share/serial_motor_demo_msgs/cmake/serial_motor_demo_msgs__rosidl_typesupport_introspection_cppExport.cmake
[3.848s] -- Up-to-date: /home/E14Raspberry/ScooperBot/tennisbot_ws/install/serial_motor_demo_msgs/share/serial_motor_demo_msgs/cmake/serial_motor_demo_msgs__rosidl_typesupport_introspection_cppExport-noconfig.cmake
[3.849s] -- Up-to-date: /home/E14Raspberry/ScooperBot/tennisbot_ws/install/serial_motor_demo_msgs/share/serial_motor_demo_msgs/cmake/serial_motor_demo_msgs__rosidl_typesupport_cppExport.cmake
[3.850s] -- Up-to-date: /home/E14Raspberry/ScooperBot/tennisbot_ws/install/serial_motor_demo_msgs/share/serial_motor_demo_msgs/cmake/serial_motor_demo_msgs__rosidl_typesupport_cppExport-noconfig.cmake
[3.850s] -- Up-to-date: /home/E14Raspberry/ScooperBot/tennisbot_ws/install/serial_motor_demo_msgs/share/serial_motor_demo_msgs/cmake/export_serial_motor_demo_msgs__rosidl_generator_pyExport.cmake
[3.851s] -- Up-to-date: /home/E14Raspberry/ScooperBot/tennisbot_ws/install/serial_motor_demo_msgs/share/serial_motor_demo_msgs/cmake/export_serial_motor_demo_msgs__rosidl_generator_pyExport-noconfig.cmake
[3.859s] Invoked command in '/home/E14Raspberry/ScooperBot/tennisbot_ws/build/serial_motor_demo_msgs' returned '0': CMAKE_PREFIX_PATH=${CMAKE_PREFIX_PATH}:/home/E14Raspberry/ScooperBot/tennisbot_ws/install/serial_motor_demo:/opt/ros/jazzy /usr/bin/cmake --install /home/E14Raspberry/ScooperBot/tennisbot_ws/build/serial_motor_demo_msgs
