[3.205s] Invoking command in '/home/E14Raspberry/ScooperBot/tennisbot_ws/build/serial_motor_demo': CMAKE_PREFIX_PATH=/home/E14Raspberry/ScooperBot/tennisbot_ws/install/serial_motor_demo_msgs:/home/E14Raspberry/ScooperBot/tennisbot_ws/install/tennisbotmaster:/home/E14Raspberry/ScooperBot/tennisbot_ws/install/serial:/home/E14Raspberry/ScooperBot/tennisbot_ws/install/diffdrive_arduino PYTHONPATH=/home/E14Raspberry/ScooperBot/tennisbot_ws/build/serial_motor_demo/prefix_override:/usr/lib/python3/dist-packages/colcon_core/task/python/colcon_distutils_commands:/home/E14Raspberry/ScooperBot/tennisbot_ws/install/serial_motor_demo/lib/python3.12/site-packages:/home/E14Raspberry/ScooperBot/tennisbot_ws/install/serial_motor_demo_msgs/lib/python3.12/site-packages:/home/E14Raspberry/ScooperBot/tennisbot_ws/build/twist_stamper:/home/E14Raspberry/ScooperBot/tennisbot_ws/install/twist_stamper/lib/python3.12/site-packages:/home/E14Raspberry/ScooperBot/tennisbot_ws/build/serial_motor_demo:/home/E14Raspberry/ScooperBot/tennisbot_ws/install/serial_motor_demo/lib/python3.12/site-packages:/opt/ros/jazzy/lib/python3.12/site-packages /usr/bin/python3 -W ignore:setup.py install is deprecated setup.py develop --editable --build-directory /home/E14Raspberry/ScooperBot/tennisbot_ws/build/serial_motor_demo/build --no-deps symlink_data
[4.506s] running develop
[4.506s] /usr/lib/python3/dist-packages/setuptools/command/develop.py:40: EasyInstallDeprecationWarning: easy_install command is deprecated.
[4.507s] !!
[4.507s] 
[4.508s]         ********************************************************************************
[4.508s]         Please avoid running ``setup.py`` and ``easy_install``.
[4.508s]         Instead, use pypa/build, pypa/installer or other
[4.509s]         standards-based tools.
[4.509s] 
[4.509s]         See https://github.com/pypa/setuptools/issues/917 for details.
[4.510s]         ********************************************************************************
[4.510s] 
[4.510s] !!
[4.511s]   easy_install.initialize_options(self)
[5.303s] running egg_info
[5.372s] writing serial_motor_demo.egg-info/PKG-INFO
[5.373s] writing dependency_links to serial_motor_demo.egg-info/dependency_links.txt
[5.375s] writing entry points to serial_motor_demo.egg-info/entry_points.txt
[5.376s] writing requirements to serial_motor_demo.egg-info/requires.txt
[5.378s] writing top-level names to serial_motor_demo.egg-info/top_level.txt
[5.527s] reading manifest file 'serial_motor_demo.egg-info/SOURCES.txt'
[5.530s] writing manifest file 'serial_motor_demo.egg-info/SOURCES.txt'
[5.607s] running build_ext
[5.607s] Creating /home/E14Raspberry/ScooperBot/tennisbot_ws/install/serial_motor_demo/lib/python3.12/site-packages/serial-motor-demo.egg-link (link to .)
[5.609s] Installing driver script to /home/E14Raspberry/ScooperBot/tennisbot_ws/install/serial_motor_demo/lib/serial_motor_demo
[5.610s] Installing gui script to /home/E14Raspberry/ScooperBot/tennisbot_ws/install/serial_motor_demo/lib/serial_motor_demo
[5.612s] 
[5.612s] Installed /home/E14Raspberry/ScooperBot/tennisbot_ws/build/serial_motor_demo
[5.612s] running symlink_data
[5.613s] creating /home/E14Raspberry/ScooperBot/tennisbot_ws/install/serial_motor_demo/share/ament_index
[5.613s] creating /home/E14Raspberry/ScooperBot/tennisbot_ws/install/serial_motor_demo/share/ament_index/resource_index
[5.614s] creating /home/E14Raspberry/ScooperBot/tennisbot_ws/install/serial_motor_demo/share/ament_index/resource_index/packages
[5.614s] symbolically linking /home/E14Raspberry/ScooperBot/tennisbot_ws/build/serial_motor_demo/resource/serial_motor_demo -> /home/E14Raspberry/ScooperBot/tennisbot_ws/install/serial_motor_demo/share/ament_index/resource_index/packages
[5.615s] symbolically linking /home/E14Raspberry/ScooperBot/tennisbot_ws/build/serial_motor_demo/package.xml -> /home/E14Raspberry/ScooperBot/tennisbot_ws/install/serial_motor_demo/share/serial_motor_demo
[5.762s] Invoked command in '/home/E14Raspberry/ScooperBot/tennisbot_ws/build/serial_motor_demo' returned '0': CMAKE_PREFIX_PATH=/home/E14Raspberry/ScooperBot/tennisbot_ws/install/serial_motor_demo_msgs:/home/E14Raspberry/ScooperBot/tennisbot_ws/install/tennisbotmaster:/home/E14Raspberry/ScooperBot/tennisbot_ws/install/serial:/home/E14Raspberry/ScooperBot/tennisbot_ws/install/diffdrive_arduino PYTHONPATH=/home/E14Raspberry/ScooperBot/tennisbot_ws/build/serial_motor_demo/prefix_override:/usr/lib/python3/dist-packages/colcon_core/task/python/colcon_distutils_commands:/home/E14Raspberry/ScooperBot/tennisbot_ws/install/serial_motor_demo/lib/python3.12/site-packages:/home/E14Raspberry/ScooperBot/tennisbot_ws/install/serial_motor_demo_msgs/lib/python3.12/site-packages:/home/E14Raspberry/ScooperBot/tennisbot_ws/build/twist_stamper:/home/E14Raspberry/ScooperBot/tennisbot_ws/install/twist_stamper/lib/python3.12/site-packages:/home/E14Raspberry/ScooperBot/tennisbot_ws/build/serial_motor_demo:/home/E14Raspberry/ScooperBot/tennisbot_ws/install/serial_motor_demo/lib/python3.12/site-packages:/opt/ros/jazzy/lib/python3.12/site-packages /usr/bin/python3 -W ignore:setup.py install is deprecated setup.py develop --editable --build-directory /home/E14Raspberry/ScooperBot/tennisbot_ws/build/serial_motor_demo/build --no-deps symlink_data
