[10.991s] Invoking command in '/home/E14Raspberry/ScooperBot/tennisbot_ws/build/serial_motor_demo': AMENT_PREFIX_PATH=/home/E14Raspberry/ScooperBot/tennisbot_ws/install/serial_motor_demo_msgs:${AMENT_PREFIX_PATH} CMAKE_PREFIX_PATH=/home/E14Raspberry/ScooperBot/tennisbot_ws/install/serial_motor_demo_msgs:${CMAKE_PREFIX_PATH} LD_LIBRARY_PATH=/home/E14Raspberry/ScooperBot/tennisbot_ws/install/serial_motor_demo_msgs/lib:${LD_LIBRARY_PATH} PYTHONPATH=/home/E14Raspberry/ScooperBot/tennisbot_ws/build/serial_motor_demo/prefix_override:/usr/lib/python3/dist-packages/colcon_core/task/python/colcon_distutils_commands:/home/E14Raspberry/ScooperBot/tennisbot_ws/install/serial_motor_demo/lib/python3.12/site-packages:/home/E14Raspberry/ScooperBot/tennisbot_ws/install/serial_motor_demo_msgs/lib/python3.12/site-packages:${PYTHONPATH} /usr/bin/python3 -W ignore:setup.py install is deprecated setup.py develop --editable --build-directory /home/E14Raspberry/ScooperBot/tennisbot_ws/build/serial_motor_demo/build --no-deps symlink_data
[15.308s] running develop
[15.310s] /usr/lib/python3/dist-packages/setuptools/command/develop.py:40: EasyInstallDeprecationWarning: easy_install command is deprecated.
[15.311s] !!
[15.312s] 
[15.313s]         ********************************************************************************
[15.314s]         Please avoid running ``setup.py`` and ``easy_install``.
[15.315s]         Instead, use pypa/build, pypa/installer or other
[15.316s]         standards-based tools.
[15.317s] 
[15.318s]         See https://github.com/pypa/setuptools/issues/917 for details.
[15.319s]         ********************************************************************************
[15.320s] 
[15.321s] !!
[15.322s]   easy_install.initialize_options(self)
[17.979s] running egg_info
[18.231s] writing serial_motor_demo.egg-info/PKG-INFO
[18.233s] writing dependency_links to serial_motor_demo.egg-info/dependency_links.txt
[18.236s] writing entry points to serial_motor_demo.egg-info/entry_points.txt
[18.238s] writing requirements to serial_motor_demo.egg-info/requires.txt
[18.239s] writing top-level names to serial_motor_demo.egg-info/top_level.txt
[18.637s] reading manifest file 'serial_motor_demo.egg-info/SOURCES.txt'
[18.641s] writing manifest file 'serial_motor_demo.egg-info/SOURCES.txt'
[18.817s] running build_ext
[18.818s] Creating /home/E14Raspberry/ScooperBot/tennisbot_ws/install/serial_motor_demo/lib/python3.12/site-packages/serial-motor-demo.egg-link (link to .)
[18.825s] Installing driver script to /home/E14Raspberry/ScooperBot/tennisbot_ws/install/serial_motor_demo/lib/serial_motor_demo
[18.827s] Installing gui script to /home/E14Raspberry/ScooperBot/tennisbot_ws/install/serial_motor_demo/lib/serial_motor_demo
[18.830s] 
[18.831s] Installed /home/E14Raspberry/ScooperBot/tennisbot_ws/build/serial_motor_demo
[18.833s] running symlink_data
[19.129s] Invoked command in '/home/E14Raspberry/ScooperBot/tennisbot_ws/build/serial_motor_demo' returned '0': AMENT_PREFIX_PATH=/home/E14Raspberry/ScooperBot/tennisbot_ws/install/serial_motor_demo_msgs:${AMENT_PREFIX_PATH} CMAKE_PREFIX_PATH=/home/E14Raspberry/ScooperBot/tennisbot_ws/install/serial_motor_demo_msgs:${CMAKE_PREFIX_PATH} LD_LIBRARY_PATH=/home/E14Raspberry/ScooperBot/tennisbot_ws/install/serial_motor_demo_msgs/lib:${LD_LIBRARY_PATH} PYTHONPATH=/home/E14Raspberry/ScooperBot/tennisbot_ws/build/serial_motor_demo/prefix_override:/usr/lib/python3/dist-packages/colcon_core/task/python/colcon_distutils_commands:/home/E14Raspberry/ScooperBot/tennisbot_ws/install/serial_motor_demo/lib/python3.12/site-packages:/home/E14Raspberry/ScooperBot/tennisbot_ws/install/serial_motor_demo_msgs/lib/python3.12/site-packages:${PYTHONPATH} /usr/bin/python3 -W ignore:setup.py install is deprecated setup.py develop --editable --build-directory /home/E14Raspberry/ScooperBot/tennisbot_ws/build/serial_motor_demo/build --no-deps symlink_data
