[16.178s] Invoking command in '/home/E14Raspberry/ScooperBot/tennisbot_ws/build/twist_stamper': PYTHONPATH=/home/E14Raspberry/ScooperBot/tennisbot_ws/build/twist_stamper/prefix_override:/usr/lib/python3/dist-packages/colcon_core/task/python/colcon_distutils_commands:/home/E14Raspberry/ScooperBot/tennisbot_ws/install/twist_stamper/lib/python3.12/site-packages:${PYTHONPATH} /usr/bin/python3 -W ignore:setup.py install is deprecated setup.py develop --editable --build-directory /home/E14Raspberry/ScooperBot/tennisbot_ws/build/twist_stamper/build --no-deps symlink_data
[21.129s] running develop
[21.132s] /usr/lib/python3/dist-packages/setuptools/command/develop.py:40: EasyInstallDeprecationWarning: easy_install command is deprecated.
[21.133s] !!
[21.140s] 
[21.143s]         ********************************************************************************
[21.146s]         Please avoid running ``setup.py`` and ``easy_install``.
[21.149s]         Instead, use pypa/build, pypa/installer or other
[21.151s]         standards-based tools.
[21.153s] 
[21.156s]         See https://github.com/pypa/setuptools/issues/917 for details.
[21.157s]         ********************************************************************************
[21.159s] 
[21.160s] !!
[21.161s]   easy_install.initialize_options(self)
[23.408s] running egg_info
[23.601s] writing twist_stamper.egg-info/PKG-INFO
[23.603s] writing dependency_links to twist_stamper.egg-info/dependency_links.txt
[23.605s] writing entry points to twist_stamper.egg-info/entry_points.txt
[23.607s] writing requirements to twist_stamper.egg-info/requires.txt
[23.608s] writing top-level names to twist_stamper.egg-info/top_level.txt
[23.809s] reading manifest file 'twist_stamper.egg-info/SOURCES.txt'
[23.812s] writing manifest file 'twist_stamper.egg-info/SOURCES.txt'
[23.907s] running build_ext
[23.908s] Creating /home/E14Raspberry/ScooperBot/tennisbot_ws/install/twist_stamper/lib/python3.12/site-packages/twist-stamper.egg-link (link to .)
[23.910s] Installing twist_stamper script to /home/E14Raspberry/ScooperBot/tennisbot_ws/install/twist_stamper/lib/twist_stamper
[23.911s] Installing twist_unstamper script to /home/E14Raspberry/ScooperBot/tennisbot_ws/install/twist_stamper/lib/twist_stamper
[23.913s] 
[23.913s] Installed /home/E14Raspberry/ScooperBot/tennisbot_ws/build/twist_stamper
[23.914s] running symlink_data
[24.078s] Invoked command in '/home/E14Raspberry/ScooperBot/tennisbot_ws/build/twist_stamper' returned '0': PYTHONPATH=/home/E14Raspberry/ScooperBot/tennisbot_ws/build/twist_stamper/prefix_override:/usr/lib/python3/dist-packages/colcon_core/task/python/colcon_distutils_commands:/home/E14Raspberry/ScooperBot/tennisbot_ws/install/twist_stamper/lib/python3.12/site-packages:${PYTHONPATH} /usr/bin/python3 -W ignore:setup.py install is deprecated setup.py develop --editable --build-directory /home/E14Raspberry/ScooperBot/tennisbot_ws/build/twist_stamper/build --no-deps symlink_data
