[13.944s] Invoking command in '/home/E14Raspberry/ScooperBot/tennisbot_ws/build/twist_stamper': PYTHONPATH=/home/E14Raspberry/ScooperBot/tennisbot_ws/build/twist_stamper/prefix_override:/usr/lib/python3/dist-packages/colcon_core/task/python/colcon_distutils_commands:/home/E14Raspberry/ScooperBot/tennisbot_ws/install/twist_stamper/lib/python3.12/site-packages:${PYTHONPATH} /usr/bin/python3 -W ignore:setup.py install is deprecated setup.py develop --editable --build-directory /home/E14Raspberry/ScooperBot/tennisbot_ws/build/twist_stamper/build --no-deps symlink_data
[18.844s] running develop
[18.847s] /usr/lib/python3/dist-packages/setuptools/command/develop.py:40: EasyInstallDeprecationWarning: easy_install command is deprecated.
[18.848s] !!
[18.850s] 
[18.853s]         ********************************************************************************
[18.859s]         Please avoid running ``setup.py`` and ``easy_install``.
[18.861s]         Instead, use pypa/build, pypa/installer or other
[18.865s]         standards-based tools.
[18.867s] 
[18.869s]         See https://github.com/pypa/setuptools/issues/917 for details.
[18.871s]         ********************************************************************************
[18.872s] 
[18.873s] !!
[18.875s]   easy_install.initialize_options(self)
[21.907s] running egg_info
[22.205s] writing twist_stamper.egg-info/PKG-INFO
[22.208s] writing dependency_links to twist_stamper.egg-info/dependency_links.txt
[22.211s] writing entry points to twist_stamper.egg-info/entry_points.txt
[22.213s] writing requirements to twist_stamper.egg-info/requires.txt
[22.218s] writing top-level names to twist_stamper.egg-info/top_level.txt
[22.793s] reading manifest file 'twist_stamper.egg-info/SOURCES.txt'
[22.802s] writing manifest file 'twist_stamper.egg-info/SOURCES.txt'
[23.090s] running build_ext
[23.094s] Creating /home/E14Raspberry/ScooperBot/tennisbot_ws/install/twist_stamper/lib/python3.12/site-packages/twist-stamper.egg-link (link to .)
[23.106s] Installing twist_stamper script to /home/E14Raspberry/ScooperBot/tennisbot_ws/install/twist_stamper/lib/twist_stamper
[23.111s] Installing twist_unstamper script to /home/E14Raspberry/ScooperBot/tennisbot_ws/install/twist_stamper/lib/twist_stamper
[23.115s] 
[23.117s] Installed /home/E14Raspberry/ScooperBot/tennisbot_ws/build/twist_stamper
[23.119s] running symlink_data
[23.432s] Invoked command in '/home/E14Raspberry/ScooperBot/tennisbot_ws/build/twist_stamper' returned '0': PYTHONPATH=/home/E14Raspberry/ScooperBot/tennisbot_ws/build/twist_stamper/prefix_override:/usr/lib/python3/dist-packages/colcon_core/task/python/colcon_distutils_commands:/home/E14Raspberry/ScooperBot/tennisbot_ws/install/twist_stamper/lib/python3.12/site-packages:${PYTHONPATH} /usr/bin/python3 -W ignore:setup.py install is deprecated setup.py develop --editable --build-directory /home/E14Raspberry/ScooperBot/tennisbot_ws/build/twist_stamper/build --no-deps symlink_data
