[1.340s] DEBUG:colcon:Command line arguments: ['/usr/bin/colcon', 'build', '--symlink-install', '--packages-select', 'ball_tracker']
[1.341s] DEBUG:colcon:Parsed command line arguments: Namespace(log_base=None, log_level=None, verb_name='build', build_base='build', install_base='install', merge_install=False, symlink_install=True, test_result_base=None, continue_on_error=False, executor='parallel', parallel_workers=4, event_handlers=None, ignore_user_meta=False, metas=['./colcon.meta'], base_paths=['.'], packages_ignore=None, packages_ignore_regex=None, paths=None, packages_up_to=None, packages_up_to_regex=None, packages_above=None, packages_above_and_dependencies=None, packages_above_depth=None, packages_select_by_dep=None, packages_skip_by_dep=None, packages_skip_up_to=None, packages_select_build_failed=False, packages_skip_build_finished=False, packages_select_test_failures=False, packages_skip_test_passed=False, packages_select=['ball_tracker'], packages_skip=None, packages_select_regex=None, packages_skip_regex=None, packages_start=None, packages_end=None, allow_overriding=[], cmake_args=None, cmake_target=None, cmake_target_skip_unavailable=False, cmake_clean_cache=False, cmake_clean_first=False, cmake_force_configure=False, ament_cmake_args=None, catkin_cmake_args=None, catkin_skip_building_tests=False, mixin_files=None, mixin=None, verb_parser=<colcon_mixin.mixin.mixin_argument.MixinArgumentDecorator object at 0xffff95b8e030>, verb_extension=<colcon_core.verb.build.BuildVerb object at 0xffff95cbd040>, main=<bound method BuildVerb.main of <colcon_core.verb.build.BuildVerb object at 0xffff95cbd040>>, mixin_verb=('build',))
[1.758s] Level 1:colcon.colcon_core.package_discovery:discover_packages(colcon_meta) check parameters
[1.759s] Level 1:colcon.colcon_core.package_discovery:discover_packages(recursive) check parameters
[1.760s] Level 1:colcon.colcon_core.package_discovery:discover_packages(ignore) check parameters
[1.760s] Level 1:colcon.colcon_core.package_discovery:discover_packages(path) check parameters
[1.760s] Level 1:colcon.colcon_core.package_discovery:discover_packages(colcon_meta) discover
[1.761s] Level 1:colcon.colcon_core.package_discovery:discover_packages(recursive) discover
[1.762s] INFO:colcon.colcon_core.package_discovery:Crawling recursively for packages in '/home/E14Raspberry/ScooperBot/tennisbot_ws'
[1.763s] Level 1:colcon.colcon_core.package_identification:_identify(.) by extensions ['ignore', 'ignore_ament_install']
[1.764s] Level 1:colcon.colcon_core.package_identification:_identify(.) by extension 'ignore'
[1.765s] Level 1:colcon.colcon_core.package_identification:_identify(.) by extension 'ignore_ament_install'
[1.766s] Level 1:colcon.colcon_core.package_identification:_identify(.) by extensions ['colcon_pkg']
[1.766s] Level 1:colcon.colcon_core.package_identification:_identify(.) by extension 'colcon_pkg'
[1.767s] Level 1:colcon.colcon_core.package_identification:_identify(.) by extensions ['colcon_meta']
[1.767s] Level 1:colcon.colcon_core.package_identification:_identify(.) by extension 'colcon_meta'
[1.768s] Level 1:colcon.colcon_core.package_identification:_identify(.) by extensions ['ros']
[1.768s] Level 1:colcon.colcon_core.package_identification:_identify(.) by extension 'ros'
[2.051s] Level 1:colcon.colcon_core.package_identification:_identify(.) by extensions ['cmake', 'python']
[2.052s] Level 1:colcon.colcon_core.package_identification:_identify(.) by extension 'cmake'
[2.052s] Level 1:colcon.colcon_core.package_identification:_identify(.) by extension 'python'
[2.053s] Level 1:colcon.colcon_core.package_identification:_identify(.) by extensions ['python_setup_py']
[2.053s] Level 1:colcon.colcon_core.package_identification:_identify(.) by extension 'python_setup_py'
[2.055s] Level 1:colcon.colcon_core.package_identification:_identify(build) by extensions ['ignore', 'ignore_ament_install']
[2.056s] Level 1:colcon.colcon_core.package_identification:_identify(build) by extension 'ignore'
[2.057s] Level 1:colcon.colcon_core.package_identification:_identify(build) ignored
[2.059s] Level 1:colcon.colcon_core.package_identification:_identify(install) by extensions ['ignore', 'ignore_ament_install']
[2.060s] Level 1:colcon.colcon_core.package_identification:_identify(install) by extension 'ignore'
[2.060s] Level 1:colcon.colcon_core.package_identification:_identify(install) ignored
[2.065s] Level 1:colcon.colcon_core.package_identification:_identify(log) by extensions ['ignore', 'ignore_ament_install']
[2.066s] Level 1:colcon.colcon_core.package_identification:_identify(log) by extension 'ignore'
[2.067s] Level 1:colcon.colcon_core.package_identification:_identify(log) ignored
[2.068s] Level 1:colcon.colcon_core.package_identification:_identify(src) by extensions ['ignore', 'ignore_ament_install']
[2.069s] Level 1:colcon.colcon_core.package_identification:_identify(src) by extension 'ignore'
[2.070s] Level 1:colcon.colcon_core.package_identification:_identify(src) by extension 'ignore_ament_install'
[2.071s] Level 1:colcon.colcon_core.package_identification:_identify(src) by extensions ['colcon_pkg']
[2.071s] Level 1:colcon.colcon_core.package_identification:_identify(src) by extension 'colcon_pkg'
[2.072s] Level 1:colcon.colcon_core.package_identification:_identify(src) by extensions ['colcon_meta']
[2.072s] Level 1:colcon.colcon_core.package_identification:_identify(src) by extension 'colcon_meta'
[2.072s] Level 1:colcon.colcon_core.package_identification:_identify(src) by extensions ['ros']
[2.073s] Level 1:colcon.colcon_core.package_identification:_identify(src) by extension 'ros'
[2.074s] Level 1:colcon.colcon_core.package_identification:_identify(src) by extensions ['cmake', 'python']
[2.074s] Level 1:colcon.colcon_core.package_identification:_identify(src) by extension 'cmake'
[2.075s] Level 1:colcon.colcon_core.package_identification:_identify(src) by extension 'python'
[2.075s] Level 1:colcon.colcon_core.package_identification:_identify(src) by extensions ['python_setup_py']
[2.076s] Level 1:colcon.colcon_core.package_identification:_identify(src) by extension 'python_setup_py'
[2.077s] Level 1:colcon.colcon_core.package_identification:_identify(src/ball_tracker) by extensions ['ignore', 'ignore_ament_install']
[2.078s] Level 1:colcon.colcon_core.package_identification:_identify(src/ball_tracker) by extension 'ignore'
[2.079s] Level 1:colcon.colcon_core.package_identification:_identify(src/ball_tracker) by extension 'ignore_ament_install'
[2.080s] Level 1:colcon.colcon_core.package_identification:_identify(src/ball_tracker) by extensions ['colcon_pkg']
[2.080s] Level 1:colcon.colcon_core.package_identification:_identify(src/ball_tracker) by extension 'colcon_pkg'
[2.081s] Level 1:colcon.colcon_core.package_identification:_identify(src/ball_tracker) by extensions ['colcon_meta']
[2.081s] Level 1:colcon.colcon_core.package_identification:_identify(src/ball_tracker) by extension 'colcon_meta'
[2.081s] Level 1:colcon.colcon_core.package_identification:_identify(src/ball_tracker) by extensions ['ros']
[2.082s] Level 1:colcon.colcon_core.package_identification:_identify(src/ball_tracker) by extension 'ros'
[2.108s] DEBUG:colcon.colcon_core.package_identification:Package 'src/ball_tracker' with type 'ros.ament_python' and name 'ball_tracker'
[2.109s] Level 1:colcon.colcon_core.package_identification:_identify(src/ball_tracker_msgs) by extensions ['ignore', 'ignore_ament_install']
[2.110s] Level 1:colcon.colcon_core.package_identification:_identify(src/ball_tracker_msgs) by extension 'ignore'
[2.111s] Level 1:colcon.colcon_core.package_identification:_identify(src/ball_tracker_msgs) by extension 'ignore_ament_install'
[2.112s] Level 1:colcon.colcon_core.package_identification:_identify(src/ball_tracker_msgs) by extensions ['colcon_pkg']
[2.112s] Level 1:colcon.colcon_core.package_identification:_identify(src/ball_tracker_msgs) by extension 'colcon_pkg'
[2.113s] Level 1:colcon.colcon_core.package_identification:_identify(src/ball_tracker_msgs) by extensions ['colcon_meta']
[2.113s] Level 1:colcon.colcon_core.package_identification:_identify(src/ball_tracker_msgs) by extension 'colcon_meta'
[2.114s] Level 1:colcon.colcon_core.package_identification:_identify(src/ball_tracker_msgs) by extensions ['ros']
[2.114s] Level 1:colcon.colcon_core.package_identification:_identify(src/ball_tracker_msgs) by extension 'ros'
[2.121s] DEBUG:colcon.colcon_core.package_identification:Package 'src/ball_tracker_msgs' with type 'ros.ament_cmake' and name 'ball_tracker_msgs'
[2.122s] Level 1:colcon.colcon_core.package_identification:_identify(src/diffdrive_arduino) by extensions ['ignore', 'ignore_ament_install']
[2.123s] Level 1:colcon.colcon_core.package_identification:_identify(src/diffdrive_arduino) by extension 'ignore'
[2.124s] Level 1:colcon.colcon_core.package_identification:_identify(src/diffdrive_arduino) by extension 'ignore_ament_install'
[2.125s] Level 1:colcon.colcon_core.package_identification:_identify(src/diffdrive_arduino) by extensions ['colcon_pkg']
[2.125s] Level 1:colcon.colcon_core.package_identification:_identify(src/diffdrive_arduino) by extension 'colcon_pkg'
[2.126s] Level 1:colcon.colcon_core.package_identification:_identify(src/diffdrive_arduino) by extensions ['colcon_meta']
[2.126s] Level 1:colcon.colcon_core.package_identification:_identify(src/diffdrive_arduino) by extension 'colcon_meta'
[2.127s] Level 1:colcon.colcon_core.package_identification:_identify(src/diffdrive_arduino) by extensions ['ros']
[2.127s] Level 1:colcon.colcon_core.package_identification:_identify(src/diffdrive_arduino) by extension 'ros'
[2.137s] DEBUG:colcon.colcon_core.package_identification:Package 'src/diffdrive_arduino' with type 'ros.ament_cmake' and name 'diffdrive_arduino'
[2.138s] Level 1:colcon.colcon_core.package_identification:_identify(src/ros2_nav_to_pose) by extensions ['ignore', 'ignore_ament_install']
[2.139s] Level 1:colcon.colcon_core.package_identification:_identify(src/ros2_nav_to_pose) by extension 'ignore'
[2.140s] Level 1:colcon.colcon_core.package_identification:_identify(src/ros2_nav_to_pose) by extension 'ignore_ament_install'
[2.140s] Level 1:colcon.colcon_core.package_identification:_identify(src/ros2_nav_to_pose) by extensions ['colcon_pkg']
[2.141s] Level 1:colcon.colcon_core.package_identification:_identify(src/ros2_nav_to_pose) by extension 'colcon_pkg'
[2.141s] Level 1:colcon.colcon_core.package_identification:_identify(src/ros2_nav_to_pose) by extensions ['colcon_meta']
[2.142s] Level 1:colcon.colcon_core.package_identification:_identify(src/ros2_nav_to_pose) by extension 'colcon_meta'
[2.142s] Level 1:colcon.colcon_core.package_identification:_identify(src/ros2_nav_to_pose) by extensions ['ros']
[2.143s] Level 1:colcon.colcon_core.package_identification:_identify(src/ros2_nav_to_pose) by extension 'ros'
[2.148s] DEBUG:colcon.colcon_core.package_identification:Package 'src/ros2_nav_to_pose' with type 'ros.ament_python' and name 'ros2_nav_to_pose'
[2.149s] Level 1:colcon.colcon_core.package_identification:_identify(src/ros2_nav_to_pose_msgs) by extensions ['ignore', 'ignore_ament_install']
[2.150s] Level 1:colcon.colcon_core.package_identification:_identify(src/ros2_nav_to_pose_msgs) by extension 'ignore'
[2.151s] Level 1:colcon.colcon_core.package_identification:_identify(src/ros2_nav_to_pose_msgs) by extension 'ignore_ament_install'
[2.152s] Level 1:colcon.colcon_core.package_identification:_identify(src/ros2_nav_to_pose_msgs) by extensions ['colcon_pkg']
[2.152s] Level 1:colcon.colcon_core.package_identification:_identify(src/ros2_nav_to_pose_msgs) by extension 'colcon_pkg'
[2.153s] Level 1:colcon.colcon_core.package_identification:_identify(src/ros2_nav_to_pose_msgs) by extensions ['colcon_meta']
[2.153s] Level 1:colcon.colcon_core.package_identification:_identify(src/ros2_nav_to_pose_msgs) by extension 'colcon_meta'
[2.153s] Level 1:colcon.colcon_core.package_identification:_identify(src/ros2_nav_to_pose_msgs) by extensions ['ros']
[2.154s] Level 1:colcon.colcon_core.package_identification:_identify(src/ros2_nav_to_pose_msgs) by extension 'ros'
[2.160s] DEBUG:colcon.colcon_core.package_identification:Package 'src/ros2_nav_to_pose_msgs' with type 'ros.ament_cmake' and name 'ros2_nav_to_pose_msgs'
[2.161s] Level 1:colcon.colcon_core.package_identification:_identify(src/serial_motor_demo) by extensions ['ignore', 'ignore_ament_install']
[2.162s] Level 1:colcon.colcon_core.package_identification:_identify(src/serial_motor_demo) by extension 'ignore'
[2.163s] Level 1:colcon.colcon_core.package_identification:_identify(src/serial_motor_demo) by extension 'ignore_ament_install'
[2.164s] Level 1:colcon.colcon_core.package_identification:_identify(src/serial_motor_demo) by extensions ['colcon_pkg']
[2.164s] Level 1:colcon.colcon_core.package_identification:_identify(src/serial_motor_demo) by extension 'colcon_pkg'
[2.165s] Level 1:colcon.colcon_core.package_identification:_identify(src/serial_motor_demo) by extensions ['colcon_meta']
[2.165s] Level 1:colcon.colcon_core.package_identification:_identify(src/serial_motor_demo) by extension 'colcon_meta'
[2.166s] Level 1:colcon.colcon_core.package_identification:_identify(src/serial_motor_demo) by extensions ['ros']
[2.166s] Level 1:colcon.colcon_core.package_identification:_identify(src/serial_motor_demo) by extension 'ros'
[2.167s] Level 1:colcon.colcon_core.package_identification:_identify(src/serial_motor_demo) by extensions ['cmake', 'python']
[2.167s] Level 1:colcon.colcon_core.package_identification:_identify(src/serial_motor_demo) by extension 'cmake'
[2.168s] Level 1:colcon.colcon_core.package_identification:_identify(src/serial_motor_demo) by extension 'python'
[2.168s] Level 1:colcon.colcon_core.package_identification:_identify(src/serial_motor_demo) by extensions ['python_setup_py']
[2.169s] Level 1:colcon.colcon_core.package_identification:_identify(src/serial_motor_demo) by extension 'python_setup_py'
[2.170s] Level 1:colcon.colcon_core.package_identification:_identify(src/serial_motor_demo/serial_motor_demo) by extensions ['ignore', 'ignore_ament_install']
[2.171s] Level 1:colcon.colcon_core.package_identification:_identify(src/serial_motor_demo/serial_motor_demo) by extension 'ignore'
[2.172s] Level 1:colcon.colcon_core.package_identification:_identify(src/serial_motor_demo/serial_motor_demo) by extension 'ignore_ament_install'
[2.173s] Level 1:colcon.colcon_core.package_identification:_identify(src/serial_motor_demo/serial_motor_demo) by extensions ['colcon_pkg']
[2.173s] Level 1:colcon.colcon_core.package_identification:_identify(src/serial_motor_demo/serial_motor_demo) by extension 'colcon_pkg'
[2.174s] Level 1:colcon.colcon_core.package_identification:_identify(src/serial_motor_demo/serial_motor_demo) by extensions ['colcon_meta']
[2.174s] Level 1:colcon.colcon_core.package_identification:_identify(src/serial_motor_demo/serial_motor_demo) by extension 'colcon_meta'
[2.174s] Level 1:colcon.colcon_core.package_identification:_identify(src/serial_motor_demo/serial_motor_demo) by extensions ['ros']
[2.175s] Level 1:colcon.colcon_core.package_identification:_identify(src/serial_motor_demo/serial_motor_demo) by extension 'ros'
[2.180s] DEBUG:colcon.colcon_core.package_identification:Package 'src/serial_motor_demo/serial_motor_demo' with type 'ros.ament_python' and name 'serial_motor_demo'
[2.182s] Level 1:colcon.colcon_core.package_identification:_identify(src/serial_motor_demo/serial_motor_demo_msgs) by extensions ['ignore', 'ignore_ament_install']
[2.182s] Level 1:colcon.colcon_core.package_identification:_identify(src/serial_motor_demo/serial_motor_demo_msgs) by extension 'ignore'
[2.183s] Level 1:colcon.colcon_core.package_identification:_identify(src/serial_motor_demo/serial_motor_demo_msgs) by extension 'ignore_ament_install'
[2.184s] Level 1:colcon.colcon_core.package_identification:_identify(src/serial_motor_demo/serial_motor_demo_msgs) by extensions ['colcon_pkg']
[2.184s] Level 1:colcon.colcon_core.package_identification:_identify(src/serial_motor_demo/serial_motor_demo_msgs) by extension 'colcon_pkg'
[2.185s] Level 1:colcon.colcon_core.package_identification:_identify(src/serial_motor_demo/serial_motor_demo_msgs) by extensions ['colcon_meta']
[2.186s] Level 1:colcon.colcon_core.package_identification:_identify(src/serial_motor_demo/serial_motor_demo_msgs) by extension 'colcon_meta'
[2.186s] Level 1:colcon.colcon_core.package_identification:_identify(src/serial_motor_demo/serial_motor_demo_msgs) by extensions ['ros']
[2.187s] Level 1:colcon.colcon_core.package_identification:_identify(src/serial_motor_demo/serial_motor_demo_msgs) by extension 'ros'
[2.192s] DEBUG:colcon.colcon_core.package_identification:Package 'src/serial_motor_demo/serial_motor_demo_msgs' with type 'ros.ament_cmake' and name 'serial_motor_demo_msgs'
[2.193s] Level 1:colcon.colcon_core.package_identification:_identify(src/tennisbotmaster) by extensions ['ignore', 'ignore_ament_install']
[2.194s] Level 1:colcon.colcon_core.package_identification:_identify(src/tennisbotmaster) by extension 'ignore'
[2.195s] Level 1:colcon.colcon_core.package_identification:_identify(src/tennisbotmaster) by extension 'ignore_ament_install'
[2.195s] Level 1:colcon.colcon_core.package_identification:_identify(src/tennisbotmaster) by extensions ['colcon_pkg']
[2.196s] Level 1:colcon.colcon_core.package_identification:_identify(src/tennisbotmaster) by extension 'colcon_pkg'
[2.196s] Level 1:colcon.colcon_core.package_identification:_identify(src/tennisbotmaster) by extensions ['colcon_meta']
[2.197s] Level 1:colcon.colcon_core.package_identification:_identify(src/tennisbotmaster) by extension 'colcon_meta'
[2.197s] Level 1:colcon.colcon_core.package_identification:_identify(src/tennisbotmaster) by extensions ['ros']
[2.198s] Level 1:colcon.colcon_core.package_identification:_identify(src/tennisbotmaster) by extension 'ros'
[2.202s] DEBUG:colcon.colcon_core.package_identification:Package 'src/tennisbotmaster' with type 'ros.ament_cmake' and name 'tennisbotmaster'
[2.203s] Level 1:colcon.colcon_core.package_identification:_identify(src/twist_stamper) by extensions ['ignore', 'ignore_ament_install']
[2.204s] Level 1:colcon.colcon_core.package_identification:_identify(src/twist_stamper) by extension 'ignore'
[2.205s] Level 1:colcon.colcon_core.package_identification:_identify(src/twist_stamper) by extension 'ignore_ament_install'
[2.206s] Level 1:colcon.colcon_core.package_identification:_identify(src/twist_stamper) by extensions ['colcon_pkg']
[2.206s] Level 1:colcon.colcon_core.package_identification:_identify(src/twist_stamper) by extension 'colcon_pkg'
[2.207s] Level 1:colcon.colcon_core.package_identification:_identify(src/twist_stamper) by extensions ['colcon_meta']
[2.207s] Level 1:colcon.colcon_core.package_identification:_identify(src/twist_stamper) by extension 'colcon_meta'
[2.208s] Level 1:colcon.colcon_core.package_identification:_identify(src/twist_stamper) by extensions ['ros']
[2.208s] Level 1:colcon.colcon_core.package_identification:_identify(src/twist_stamper) by extension 'ros'
[2.214s] DEBUG:colcon.colcon_core.package_identification:Package 'src/twist_stamper' with type 'ros.ament_python' and name 'twist_stamper'
[2.216s] Level 1:colcon.colcon_core.package_identification:_identify(src/yasmin) by extensions ['ignore', 'ignore_ament_install']
[2.217s] Level 1:colcon.colcon_core.package_identification:_identify(src/yasmin) by extension 'ignore'
[2.217s] Level 1:colcon.colcon_core.package_identification:_identify(src/yasmin) by extension 'ignore_ament_install'
[2.218s] Level 1:colcon.colcon_core.package_identification:_identify(src/yasmin) by extensions ['colcon_pkg']
[2.218s] Level 1:colcon.colcon_core.package_identification:_identify(src/yasmin) by extension 'colcon_pkg'
[2.219s] Level 1:colcon.colcon_core.package_identification:_identify(src/yasmin) by extensions ['colcon_meta']
[2.220s] Level 1:colcon.colcon_core.package_identification:_identify(src/yasmin) by extension 'colcon_meta'
[2.220s] Level 1:colcon.colcon_core.package_identification:_identify(src/yasmin) by extensions ['ros']
[2.221s] Level 1:colcon.colcon_core.package_identification:_identify(src/yasmin) by extension 'ros'
[2.222s] Level 1:colcon.colcon_core.package_identification:_identify(src/yasmin) by extensions ['cmake', 'python']
[2.223s] Level 1:colcon.colcon_core.package_identification:_identify(src/yasmin) by extension 'cmake'
[2.223s] Level 1:colcon.colcon_core.package_identification:_identify(src/yasmin) by extension 'python'
[2.224s] Level 1:colcon.colcon_core.package_identification:_identify(src/yasmin) by extensions ['python_setup_py']
[2.225s] Level 1:colcon.colcon_core.package_identification:_identify(src/yasmin) by extension 'python_setup_py'
[2.226s] Level 1:colcon.colcon_core.package_identification:_identify(src/yasmin/docs) by extensions ['ignore', 'ignore_ament_install']
[2.228s] Level 1:colcon.colcon_core.package_identification:_identify(src/yasmin/docs) by extension 'ignore'
[2.229s] Level 1:colcon.colcon_core.package_identification:_identify(src/yasmin/docs) by extension 'ignore_ament_install'
[2.229s] Level 1:colcon.colcon_core.package_identification:_identify(src/yasmin/docs) by extensions ['colcon_pkg']
[2.230s] Level 1:colcon.colcon_core.package_identification:_identify(src/yasmin/docs) by extension 'colcon_pkg'
[2.231s] Level 1:colcon.colcon_core.package_identification:_identify(src/yasmin/docs) by extensions ['colcon_meta']
[2.231s] Level 1:colcon.colcon_core.package_identification:_identify(src/yasmin/docs) by extension 'colcon_meta'
[2.232s] Level 1:colcon.colcon_core.package_identification:_identify(src/yasmin/docs) by extensions ['ros']
[2.232s] Level 1:colcon.colcon_core.package_identification:_identify(src/yasmin/docs) by extension 'ros'
[2.233s] Level 1:colcon.colcon_core.package_identification:_identify(src/yasmin/docs) by extensions ['cmake', 'python']
[2.234s] Level 1:colcon.colcon_core.package_identification:_identify(src/yasmin/docs) by extension 'cmake'
[2.234s] Level 1:colcon.colcon_core.package_identification:_identify(src/yasmin/docs) by extension 'python'
[2.235s] Level 1:colcon.colcon_core.package_identification:_identify(src/yasmin/docs) by extensions ['python_setup_py']
[2.235s] Level 1:colcon.colcon_core.package_identification:_identify(src/yasmin/docs) by extension 'python_setup_py'
[2.237s] Level 1:colcon.colcon_core.package_identification:_identify(src/yasmin/yasmin) by extensions ['ignore', 'ignore_ament_install']
[2.238s] Level 1:colcon.colcon_core.package_identification:_identify(src/yasmin/yasmin) by extension 'ignore'
[2.238s] Level 1:colcon.colcon_core.package_identification:_identify(src/yasmin/yasmin) by extension 'ignore_ament_install'
[2.239s] Level 1:colcon.colcon_core.package_identification:_identify(src/yasmin/yasmin) by extensions ['colcon_pkg']
[2.240s] Level 1:colcon.colcon_core.package_identification:_identify(src/yasmin/yasmin) by extension 'colcon_pkg'
[2.240s] Level 1:colcon.colcon_core.package_identification:_identify(src/yasmin/yasmin) by extensions ['colcon_meta']
[2.241s] Level 1:colcon.colcon_core.package_identification:_identify(src/yasmin/yasmin) by extension 'colcon_meta'
[2.241s] Level 1:colcon.colcon_core.package_identification:_identify(src/yasmin/yasmin) by extensions ['ros']
[2.241s] Level 1:colcon.colcon_core.package_identification:_identify(src/yasmin/yasmin) by extension 'ros'
[2.248s] DEBUG:colcon.colcon_core.package_identification:Package 'src/yasmin/yasmin' with type 'ros.ament_cmake' and name 'yasmin'
[2.249s] Level 1:colcon.colcon_core.package_identification:_identify(src/yasmin/yasmin_demos) by extensions ['ignore', 'ignore_ament_install']
[2.250s] Level 1:colcon.colcon_core.package_identification:_identify(src/yasmin/yasmin_demos) by extension 'ignore'
[2.251s] Level 1:colcon.colcon_core.package_identification:_identify(src/yasmin/yasmin_demos) by extension 'ignore_ament_install'
[2.251s] Level 1:colcon.colcon_core.package_identification:_identify(src/yasmin/yasmin_demos) by extensions ['colcon_pkg']
[2.252s] Level 1:colcon.colcon_core.package_identification:_identify(src/yasmin/yasmin_demos) by extension 'colcon_pkg'
[2.252s] Level 1:colcon.colcon_core.package_identification:_identify(src/yasmin/yasmin_demos) by extensions ['colcon_meta']
[2.253s] Level 1:colcon.colcon_core.package_identification:_identify(src/yasmin/yasmin_demos) by extension 'colcon_meta'
[2.253s] Level 1:colcon.colcon_core.package_identification:_identify(src/yasmin/yasmin_demos) by extensions ['ros']
[2.254s] Level 1:colcon.colcon_core.package_identification:_identify(src/yasmin/yasmin_demos) by extension 'ros'
[2.263s] DEBUG:colcon.colcon_core.package_identification:Package 'src/yasmin/yasmin_demos' with type 'ros.ament_cmake' and name 'yasmin_demos'
[2.265s] Level 1:colcon.colcon_core.package_identification:_identify(src/yasmin/yasmin_msgs) by extensions ['ignore', 'ignore_ament_install']
[2.265s] Level 1:colcon.colcon_core.package_identification:_identify(src/yasmin/yasmin_msgs) by extension 'ignore'
[2.266s] Level 1:colcon.colcon_core.package_identification:_identify(src/yasmin/yasmin_msgs) by extension 'ignore_ament_install'
[2.267s] Level 1:colcon.colcon_core.package_identification:_identify(src/yasmin/yasmin_msgs) by extensions ['colcon_pkg']
[2.267s] Level 1:colcon.colcon_core.package_identification:_identify(src/yasmin/yasmin_msgs) by extension 'colcon_pkg'
[2.268s] Level 1:colcon.colcon_core.package_identification:_identify(src/yasmin/yasmin_msgs) by extensions ['colcon_meta']
[2.268s] Level 1:colcon.colcon_core.package_identification:_identify(src/yasmin/yasmin_msgs) by extension 'colcon_meta'
[2.269s] Level 1:colcon.colcon_core.package_identification:_identify(src/yasmin/yasmin_msgs) by extensions ['ros']
[2.269s] Level 1:colcon.colcon_core.package_identification:_identify(src/yasmin/yasmin_msgs) by extension 'ros'
[2.274s] DEBUG:colcon.colcon_core.package_identification:Package 'src/yasmin/yasmin_msgs' with type 'ros.ament_cmake' and name 'yasmin_msgs'
[2.275s] Level 1:colcon.colcon_core.package_identification:_identify(src/yasmin/yasmin_ros) by extensions ['ignore', 'ignore_ament_install']
[2.276s] Level 1:colcon.colcon_core.package_identification:_identify(src/yasmin/yasmin_ros) by extension 'ignore'
[2.277s] Level 1:colcon.colcon_core.package_identification:_identify(src/yasmin/yasmin_ros) by extension 'ignore_ament_install'
[2.277s] Level 1:colcon.colcon_core.package_identification:_identify(src/yasmin/yasmin_ros) by extensions ['colcon_pkg']
[2.278s] Level 1:colcon.colcon_core.package_identification:_identify(src/yasmin/yasmin_ros) by extension 'colcon_pkg'
[2.278s] Level 1:colcon.colcon_core.package_identification:_identify(src/yasmin/yasmin_ros) by extensions ['colcon_meta']
[2.279s] Level 1:colcon.colcon_core.package_identification:_identify(src/yasmin/yasmin_ros) by extension 'colcon_meta'
[2.279s] Level 1:colcon.colcon_core.package_identification:_identify(src/yasmin/yasmin_ros) by extensions ['ros']
[2.279s] Level 1:colcon.colcon_core.package_identification:_identify(src/yasmin/yasmin_ros) by extension 'ros'
[2.286s] DEBUG:colcon.colcon_core.package_identification:Package 'src/yasmin/yasmin_ros' with type 'ros.ament_cmake' and name 'yasmin_ros'
[2.287s] Level 1:colcon.colcon_core.package_identification:_identify(src/yasmin/yasmin_viewer) by extensions ['ignore', 'ignore_ament_install']
[2.288s] Level 1:colcon.colcon_core.package_identification:_identify(src/yasmin/yasmin_viewer) by extension 'ignore'
[2.289s] Level 1:colcon.colcon_core.package_identification:_identify(src/yasmin/yasmin_viewer) by extension 'ignore_ament_install'
[2.289s] Level 1:colcon.colcon_core.package_identification:_identify(src/yasmin/yasmin_viewer) by extensions ['colcon_pkg']
[2.290s] Level 1:colcon.colcon_core.package_identification:_identify(src/yasmin/yasmin_viewer) by extension 'colcon_pkg'
[2.290s] Level 1:colcon.colcon_core.package_identification:_identify(src/yasmin/yasmin_viewer) by extensions ['colcon_meta']
[2.291s] Level 1:colcon.colcon_core.package_identification:_identify(src/yasmin/yasmin_viewer) by extension 'colcon_meta'
[2.291s] Level 1:colcon.colcon_core.package_identification:_identify(src/yasmin/yasmin_viewer) by extensions ['ros']
[2.292s] Level 1:colcon.colcon_core.package_identification:_identify(src/yasmin/yasmin_viewer) by extension 'ros'
[2.300s] DEBUG:colcon.colcon_core.package_identification:Package 'src/yasmin/yasmin_viewer' with type 'ros.ament_cmake' and name 'yasmin_viewer'
[2.301s] Level 1:colcon.colcon_core.package_identification:_identify(venv) by extensions ['ignore', 'ignore_ament_install']
[2.303s] Level 1:colcon.colcon_core.package_identification:_identify(venv) by extension 'ignore'
[2.303s] Level 1:colcon.colcon_core.package_identification:_identify(venv) ignored
[2.304s] Level 1:colcon.colcon_core.package_discovery:discover_packages(recursive) using defaults
[2.304s] Level 1:colcon.colcon_core.package_discovery:discover_packages(ignore) discover
[2.305s] Level 1:colcon.colcon_core.package_discovery:discover_packages(ignore) using defaults
[2.305s] Level 1:colcon.colcon_core.package_discovery:discover_packages(path) discover
[2.305s] Level 1:colcon.colcon_core.package_discovery:discover_packages(path) using defaults
[2.540s] INFO:colcon.colcon_core.package_selection:Skipping not selected package 'ball_tracker_msgs' in 'src/ball_tracker_msgs'
[2.540s] INFO:colcon.colcon_core.package_selection:Skipping not selected package 'diffdrive_arduino' in 'src/diffdrive_arduino'
[2.541s] INFO:colcon.colcon_core.package_selection:Skipping not selected package 'ros2_nav_to_pose' in 'src/ros2_nav_to_pose'
[2.541s] INFO:colcon.colcon_core.package_selection:Skipping not selected package 'ros2_nav_to_pose_msgs' in 'src/ros2_nav_to_pose_msgs'
[2.541s] INFO:colcon.colcon_core.package_selection:Skipping not selected package 'serial_motor_demo_msgs' in 'src/serial_motor_demo/serial_motor_demo_msgs'
[2.542s] INFO:colcon.colcon_core.package_selection:Skipping not selected package 'tennisbotmaster' in 'src/tennisbotmaster'
[2.542s] INFO:colcon.colcon_core.package_selection:Skipping not selected package 'twist_stamper' in 'src/twist_stamper'
[2.542s] INFO:colcon.colcon_core.package_selection:Skipping not selected package 'yasmin' in 'src/yasmin/yasmin'
[2.542s] INFO:colcon.colcon_core.package_selection:Skipping not selected package 'yasmin_msgs' in 'src/yasmin/yasmin_msgs'
[2.543s] INFO:colcon.colcon_core.package_selection:Skipping not selected package 'serial_motor_demo' in 'src/serial_motor_demo/serial_motor_demo'
[2.543s] INFO:colcon.colcon_core.package_selection:Skipping not selected package 'yasmin_ros' in 'src/yasmin/yasmin_ros'
[2.543s] INFO:colcon.colcon_core.package_selection:Skipping not selected package 'yasmin_viewer' in 'src/yasmin/yasmin_viewer'
[2.544s] INFO:colcon.colcon_core.package_selection:Skipping not selected package 'yasmin_demos' in 'src/yasmin/yasmin_demos'
[2.548s] Level 1:colcon.colcon_core.package_discovery:discover_packages(prefix_path) check parameters
[2.548s] Level 1:colcon.colcon_core.package_discovery:discover_packages(prefix_path) discover
[2.588s] DEBUG:colcon.colcon_installed_package_information.package_discovery:Found 14 installed packages in /home/E14Raspberry/ScooperBot/tennisbot_ws/install
[2.625s] DEBUG:colcon.colcon_installed_package_information.package_discovery:Found 342 installed packages in /opt/ros/jazzy
[2.638s] Level 1:colcon.colcon_core.package_discovery:discover_packages(prefix_path) using defaults
[3.268s] Level 5:colcon.colcon_core.verb:set package 'ball_tracker' build argument 'cmake_args' from command line to 'None'
[3.269s] Level 5:colcon.colcon_core.verb:set package 'ball_tracker' build argument 'cmake_target' from command line to 'None'
[3.269s] Level 5:colcon.colcon_core.verb:set package 'ball_tracker' build argument 'cmake_target_skip_unavailable' from command line to 'False'
[3.270s] Level 5:colcon.colcon_core.verb:set package 'ball_tracker' build argument 'cmake_clean_cache' from command line to 'False'
[3.270s] Level 5:colcon.colcon_core.verb:set package 'ball_tracker' build argument 'cmake_clean_first' from command line to 'False'
[3.270s] Level 5:colcon.colcon_core.verb:set package 'ball_tracker' build argument 'cmake_force_configure' from command line to 'False'
[3.271s] Level 5:colcon.colcon_core.verb:set package 'ball_tracker' build argument 'ament_cmake_args' from command line to 'None'
[3.271s] Level 5:colcon.colcon_core.verb:set package 'ball_tracker' build argument 'catkin_cmake_args' from command line to 'None'
[3.271s] Level 5:colcon.colcon_core.verb:set package 'ball_tracker' build argument 'catkin_skip_building_tests' from command line to 'False'
[3.272s] DEBUG:colcon.colcon_core.verb:Building package 'ball_tracker' with the following arguments: {'ament_cmake_args': None, 'build_base': '/home/E14Raspberry/ScooperBot/tennisbot_ws/build/ball_tracker', 'catkin_cmake_args': None, 'catkin_skip_building_tests': False, 'cmake_args': None, 'cmake_clean_cache': False, 'cmake_clean_first': False, 'cmake_force_configure': False, 'cmake_target': None, 'cmake_target_skip_unavailable': False, 'install_base': '/home/E14Raspberry/ScooperBot/tennisbot_ws/install/ball_tracker', 'merge_install': False, 'path': '/home/E14Raspberry/ScooperBot/tennisbot_ws/src/ball_tracker', 'symlink_install': True, 'test_result_base': None}
[3.273s] INFO:colcon.colcon_core.executor:Executing jobs using 'parallel' executor
[3.281s] DEBUG:colcon.colcon_parallel_executor.executor.parallel:run_until_complete
[3.283s] INFO:colcon.colcon_ros.task.ament_python.build:Building ROS package in '/home/E14Raspberry/ScooperBot/tennisbot_ws/src/ball_tracker' with build type 'ament_python'
[3.284s] Level 1:colcon.colcon_core.shell:create_environment_hook('ball_tracker', 'ament_prefix_path')
[3.316s] INFO:colcon.colcon_core.plugin_system:Skipping extension 'colcon_core.shell.bat': Not used on non-Windows systems
[3.323s] INFO:colcon.colcon_core.shell:Creating environment hook '/home/E14Raspberry/ScooperBot/tennisbot_ws/install/ball_tracker/share/ball_tracker/hook/ament_prefix_path.ps1'
[3.329s] INFO:colcon.colcon_core.shell:Creating environment descriptor '/home/E14Raspberry/ScooperBot/tennisbot_ws/install/ball_tracker/share/ball_tracker/hook/ament_prefix_path.dsv'
[3.334s] INFO:colcon.colcon_core.shell:Creating environment hook '/home/E14Raspberry/ScooperBot/tennisbot_ws/install/ball_tracker/share/ball_tracker/hook/ament_prefix_path.sh'
[3.341s] INFO:colcon.colcon_core.shell:Skip shell extension 'powershell' for command environment: Not usable outside of PowerShell
[3.342s] DEBUG:colcon.colcon_core.shell:Skip shell extension 'dsv' for command environment
[6.204s] INFO:colcon.colcon_core.task.python.build:Building Python package in '/home/E14Raspberry/ScooperBot/tennisbot_ws/src/ball_tracker'
[6.205s] INFO:colcon.colcon_core.shell:Skip shell extension 'powershell' for command environment: Not usable outside of PowerShell
[6.206s] DEBUG:colcon.colcon_core.shell:Skip shell extension 'dsv' for command environment
[14.538s] DEBUG:colcon.colcon_core.event_handler.log_command:Invoking command in '/home/E14Raspberry/ScooperBot/tennisbot_ws/build/ball_tracker': PYTHONPATH=/home/E14Raspberry/ScooperBot/tennisbot_ws/build/ball_tracker/prefix_override:/usr/lib/python3/dist-packages/colcon_core/task/python/colcon_distutils_commands:/home/E14Raspberry/ScooperBot/tennisbot_ws/install/ball_tracker/lib/python3.12/site-packages:${PYTHONPATH} /usr/bin/python3 -W ignore:setup.py install is deprecated setup.py develop --editable --build-directory /home/E14Raspberry/ScooperBot/tennisbot_ws/build/ball_tracker/build --no-deps symlink_data
[23.590s] Level 1:colcon.colcon_core.shell:create_environment_hook('ball_tracker', 'pythonpath_develop')
[23.592s] INFO:colcon.colcon_core.shell:Creating environment hook '/home/E14Raspberry/ScooperBot/tennisbot_ws/build/ball_tracker/share/ball_tracker/hook/pythonpath_develop.ps1'
[23.595s] DEBUG:colcon.colcon_core.event_handler.log_command:Invoked command in '/home/E14Raspberry/ScooperBot/tennisbot_ws/build/ball_tracker' returned '0': PYTHONPATH=/home/E14Raspberry/ScooperBot/tennisbot_ws/build/ball_tracker/prefix_override:/usr/lib/python3/dist-packages/colcon_core/task/python/colcon_distutils_commands:/home/E14Raspberry/ScooperBot/tennisbot_ws/install/ball_tracker/lib/python3.12/site-packages:${PYTHONPATH} /usr/bin/python3 -W ignore:setup.py install is deprecated setup.py develop --editable --build-directory /home/E14Raspberry/ScooperBot/tennisbot_ws/build/ball_tracker/build --no-deps symlink_data
[23.600s] INFO:colcon.colcon_core.shell:Creating environment descriptor '/home/E14Raspberry/ScooperBot/tennisbot_ws/build/ball_tracker/share/ball_tracker/hook/pythonpath_develop.dsv'
[23.604s] INFO:colcon.colcon_core.shell:Creating environment hook '/home/E14Raspberry/ScooperBot/tennisbot_ws/build/ball_tracker/share/ball_tracker/hook/pythonpath_develop.sh'
[23.637s] Level 1:colcon.colcon_core.environment:checking '/home/E14Raspberry/ScooperBot/tennisbot_ws/install/ball_tracker' for CMake module files
[23.645s] Level 1:colcon.colcon_core.environment:checking '/home/E14Raspberry/ScooperBot/tennisbot_ws/install/ball_tracker' for CMake config files
[23.656s] Level 1:colcon.colcon_core.environment:checking '/home/E14Raspberry/ScooperBot/tennisbot_ws/install/ball_tracker/lib'
[23.658s] Level 1:colcon.colcon_core.environment:checking '/home/E14Raspberry/ScooperBot/tennisbot_ws/install/ball_tracker/bin'
[23.659s] Level 1:colcon.colcon_core.environment:checking '/home/E14Raspberry/ScooperBot/tennisbot_ws/install/ball_tracker/lib/pkgconfig/ball_tracker.pc'
[23.661s] Level 1:colcon.colcon_core.environment:checking '/home/E14Raspberry/ScooperBot/tennisbot_ws/install/ball_tracker/lib/python3.12/site-packages'
[23.662s] Level 1:colcon.colcon_core.shell:create_environment_hook('ball_tracker', 'pythonpath')
[23.664s] INFO:colcon.colcon_core.shell:Creating environment hook '/home/E14Raspberry/ScooperBot/tennisbot_ws/install/ball_tracker/share/ball_tracker/hook/pythonpath.ps1'
[23.669s] INFO:colcon.colcon_core.shell:Creating environment descriptor '/home/E14Raspberry/ScooperBot/tennisbot_ws/install/ball_tracker/share/ball_tracker/hook/pythonpath.dsv'
[23.673s] INFO:colcon.colcon_core.shell:Creating environment hook '/home/E14Raspberry/ScooperBot/tennisbot_ws/install/ball_tracker/share/ball_tracker/hook/pythonpath.sh'
[23.679s] Level 1:colcon.colcon_core.environment:checking '/home/E14Raspberry/ScooperBot/tennisbot_ws/install/ball_tracker/bin'
[23.680s] Level 1:colcon.colcon_core.environment:create_environment_scripts_only(ball_tracker)
[23.682s] INFO:colcon.colcon_core.shell:Creating package script '/home/E14Raspberry/ScooperBot/tennisbot_ws/install/ball_tracker/share/ball_tracker/package.ps1'
[23.690s] INFO:colcon.colcon_core.shell:Creating package descriptor '/home/E14Raspberry/ScooperBot/tennisbot_ws/install/ball_tracker/share/ball_tracker/package.dsv'
[23.696s] INFO:colcon.colcon_core.shell:Creating package script '/home/E14Raspberry/ScooperBot/tennisbot_ws/install/ball_tracker/share/ball_tracker/package.sh'
[23.705s] INFO:colcon.colcon_core.shell:Creating package script '/home/E14Raspberry/ScooperBot/tennisbot_ws/install/ball_tracker/share/ball_tracker/package.bash'
[23.712s] INFO:colcon.colcon_core.shell:Creating package script '/home/E14Raspberry/ScooperBot/tennisbot_ws/install/ball_tracker/share/ball_tracker/package.zsh'
[23.719s] Level 1:colcon.colcon_core.environment:create_file_with_runtime_dependencies(/home/E14Raspberry/ScooperBot/tennisbot_ws/install/ball_tracker/share/colcon-core/packages/ball_tracker)
[23.723s] DEBUG:colcon.colcon_parallel_executor.executor.parallel:closing loop
[23.726s] DEBUG:colcon.colcon_parallel_executor.executor.parallel:loop closed
[23.727s] DEBUG:colcon.colcon_parallel_executor.executor.parallel:run_until_complete finished with '0'
[23.728s] DEBUG:colcon.colcon_core.event_reactor:joining thread
[23.795s] INFO:colcon.colcon_core.plugin_system:Skipping extension 'colcon_notification.desktop_notification.notify_send': Could not find 'notify-send'
[23.796s] INFO:colcon.colcon_core.plugin_system:Skipping extension 'colcon_notification.desktop_notification.terminal_notifier': Not used on non-Darwin systems
[23.796s] INFO:colcon.colcon_core.plugin_system:Skipping extension 'colcon_notification.desktop_notification.win32': Not used on non-Windows systems
[23.797s] INFO:colcon.colcon_notification.desktop_notification:Sending desktop notification using 'notify2'
[23.805s] DEBUG:colcon.colcon_notification.desktop_notification.notify2:Failed to initialize notify2: org.freedesktop.DBus.Error.ServiceUnknown: The name org.freedesktop.Notifications was not provided by any .service files
[23.806s] DEBUG:colcon.colcon_core.event_reactor:joined thread
[23.807s] INFO:colcon.colcon_core.shell:Creating prefix script '/home/E14Raspberry/ScooperBot/tennisbot_ws/install/local_setup.ps1'
[23.815s] INFO:colcon.colcon_core.shell:Creating prefix util module '/home/E14Raspberry/ScooperBot/tennisbot_ws/install/_local_setup_util_ps1.py'
[23.828s] INFO:colcon.colcon_core.shell:Creating prefix chain script '/home/E14Raspberry/ScooperBot/tennisbot_ws/install/setup.ps1'
[23.858s] INFO:colcon.colcon_core.shell:Creating prefix script '/home/E14Raspberry/ScooperBot/tennisbot_ws/install/local_setup.sh'
[23.864s] INFO:colcon.colcon_core.shell:Creating prefix util module '/home/E14Raspberry/ScooperBot/tennisbot_ws/install/_local_setup_util_sh.py'
[23.871s] INFO:colcon.colcon_core.shell:Creating prefix chain script '/home/E14Raspberry/ScooperBot/tennisbot_ws/install/setup.sh'
[23.899s] INFO:colcon.colcon_core.shell:Creating prefix script '/home/E14Raspberry/ScooperBot/tennisbot_ws/install/local_setup.bash'
[23.904s] INFO:colcon.colcon_core.shell:Creating prefix chain script '/home/E14Raspberry/ScooperBot/tennisbot_ws/install/setup.bash'
[23.932s] INFO:colcon.colcon_core.shell:Creating prefix script '/home/E14Raspberry/ScooperBot/tennisbot_ws/install/local_setup.zsh'
[23.938s] INFO:colcon.colcon_core.shell:Creating prefix chain script '/home/E14Raspberry/ScooperBot/tennisbot_ws/install/setup.zsh'
