[  2%] Built target ros2_nav_to_pose_msgs__rosidl_generator_type_description
[  2%] Built target ament_cmake_python_symlink_ros2_nav_to_pose_msgs
[  5%] Built target ros2_nav_to_pose_msgs__cpp
[ 20%] Built target ros2_nav_to_pose_msgs__rosidl_generator_c
[ 29%] Built target ros2_nav_to_pose_msgs__rosidl_typesupport_fastrtps_cpp
[ 38%] Built target ros2_nav_to_pose_msgs__rosidl_typesupport_cpp
[ 47%] Built target ros2_nav_to_pose_msgs__rosidl_typesupport_fastrtps_c
[ 55%] Built target ros2_nav_to_pose_msgs__rosidl_typesupport_c
[ 64%] Built target ros2_nav_to_pose_msgs__rosidl_typesupport_introspection_c
[ 73%] Built target ros2_nav_to_pose_msgs__rosidl_typesupport_introspection_cpp
[ 73%] Built target ros2_nav_to_pose_msgs
[ 76%] Built target ros2_nav_to_pose_msgs__py
running egg_info
writing ros2_nav_to_pose_msgs.egg-info/PKG-INFO
writing dependency_links to ros2_nav_to_pose_msgs.egg-info/dependency_links.txt
writing top-level names to ros2_nav_to_pose_msgs.egg-info/top_level.txt
[ 82%] Built target ros2_nav_to_pose_msgs__rosidl_generator_py
reading manifest file 'ros2_nav_to_pose_msgs.egg-info/SOURCES.txt'
writing manifest file 'ros2_nav_to_pose_msgs.egg-info/SOURCES.txt'
[ 88%] Built target ros2_nav_to_pose_msgs_s__rosidl_typesupport_introspection_c
[ 94%] Built target ros2_nav_to_pose_msgs_s__rosidl_typesupport_fastrtps_c
[100%] Built target ros2_nav_to_pose_msgs_s__rosidl_typesupport_c
[100%] Built target ament_cmake_python_build_ros2_nav_to_pose_msgs_egg
-- Install configuration: ""
-- Execute custom install script
-- Up-to-date symlink: /home/E14Raspberry/ScooperBot/tennisbot_ws/install/ros2_nav_to_pose_msgs/share/ament_index/resource_index/rosidl_interfaces/ros2_nav_to_pose_msgs
-- Up-to-date symlink: /home/E14Raspberry/ScooperBot/tennisbot_ws/install/ros2_nav_to_pose_msgs/share/ros2_nav_to_pose_msgs/action/NavigateToPose.json
-- Up-to-date symlink: /home/E14Raspberry/ScooperBot/tennisbot_ws/install/ros2_nav_to_pose_msgs/include/ros2_nav_to_pose_msgs/ros2_nav_to_pose_msgs/action/detail/navigate_to_pose__functions.h
-- Up-to-date symlink: /home/E14Raspberry/ScooperBot/tennisbot_ws/install/ros2_nav_to_pose_msgs/include/ros2_nav_to_pose_msgs/ros2_nav_to_pose_msgs/action/detail/navigate_to_pose__struct.h
-- Up-to-date symlink: /home/E14Raspberry/ScooperBot/tennisbot_ws/install/ros2_nav_to_pose_msgs/include/ros2_nav_to_pose_msgs/ros2_nav_to_pose_msgs/action/detail/navigate_to_pose__type_support.h
-- Up-to-date symlink: /home/E14Raspberry/ScooperBot/tennisbot_ws/install/ros2_nav_to_pose_msgs/include/ros2_nav_to_pose_msgs/ros2_nav_to_pose_msgs/action/navigate_to_pose.h
-- Up-to-date symlink: /home/E14Raspberry/ScooperBot/tennisbot_ws/install/ros2_nav_to_pose_msgs/include/ros2_nav_to_pose_msgs/ros2_nav_to_pose_msgs/msg/rosidl_generator_c__visibility_control.h
-- Up-to-date symlink: /home/E14Raspberry/ScooperBot/tennisbot_ws/install/ros2_nav_to_pose_msgs/share/ros2_nav_to_pose_msgs/environment/library_path.sh
-- Up-to-date symlink: /home/E14Raspberry/ScooperBot/tennisbot_ws/install/ros2_nav_to_pose_msgs/share/ros2_nav_to_pose_msgs/environment/library_path.dsv
-- Up-to-date symlink: /home/E14Raspberry/ScooperBot/tennisbot_ws/install/ros2_nav_to_pose_msgs/include/ros2_nav_to_pose_msgs/ros2_nav_to_pose_msgs/action/detail/navigate_to_pose__rosidl_typesupport_fastrtps_c.h
-- Up-to-date symlink: /home/E14Raspberry/ScooperBot/tennisbot_ws/install/ros2_nav_to_pose_msgs/include/ros2_nav_to_pose_msgs/ros2_nav_to_pose_msgs/msg/rosidl_typesupport_fastrtps_c__visibility_control.h
-- Up-to-date symlink: /home/E14Raspberry/ScooperBot/tennisbot_ws/install/ros2_nav_to_pose_msgs/include/ros2_nav_to_pose_msgs/ros2_nav_to_pose_msgs/action/detail/navigate_to_pose__builder.hpp
-- Up-to-date symlink: /home/E14Raspberry/ScooperBot/tennisbot_ws/install/ros2_nav_to_pose_msgs/include/ros2_nav_to_pose_msgs/ros2_nav_to_pose_msgs/action/detail/navigate_to_pose__struct.hpp
-- Up-to-date symlink: /home/E14Raspberry/ScooperBot/tennisbot_ws/install/ros2_nav_to_pose_msgs/include/ros2_nav_to_pose_msgs/ros2_nav_to_pose_msgs/action/detail/navigate_to_pose__traits.hpp
-- Up-to-date symlink: /home/E14Raspberry/ScooperBot/tennisbot_ws/install/ros2_nav_to_pose_msgs/include/ros2_nav_to_pose_msgs/ros2_nav_to_pose_msgs/action/detail/navigate_to_pose__type_support.hpp
-- Up-to-date symlink: /home/E14Raspberry/ScooperBot/tennisbot_ws/install/ros2_nav_to_pose_msgs/include/ros2_nav_to_pose_msgs/ros2_nav_to_pose_msgs/action/navigate_to_pose.hpp
-- Up-to-date symlink: /home/E14Raspberry/ScooperBot/tennisbot_ws/install/ros2_nav_to_pose_msgs/include/ros2_nav_to_pose_msgs/ros2_nav_to_pose_msgs/msg/rosidl_generator_cpp__visibility_control.hpp
-- Up-to-date symlink: /home/E14Raspberry/ScooperBot/tennisbot_ws/install/ros2_nav_to_pose_msgs/include/ros2_nav_to_pose_msgs/ros2_nav_to_pose_msgs/action/detail/navigate_to_pose__rosidl_typesupport_fastrtps_cpp.hpp
-- Up-to-date symlink: /home/E14Raspberry/ScooperBot/tennisbot_ws/install/ros2_nav_to_pose_msgs/include/ros2_nav_to_pose_msgs/ros2_nav_to_pose_msgs/msg/rosidl_typesupport_fastrtps_cpp__visibility_control.h
-- Up-to-date symlink: /home/E14Raspberry/ScooperBot/tennisbot_ws/install/ros2_nav_to_pose_msgs/include/ros2_nav_to_pose_msgs/ros2_nav_to_pose_msgs/action/detail/navigate_to_pose__rosidl_typesupport_introspection_c.h
-- Up-to-date symlink: /home/E14Raspberry/ScooperBot/tennisbot_ws/install/ros2_nav_to_pose_msgs/include/ros2_nav_to_pose_msgs/ros2_nav_to_pose_msgs/msg/rosidl_typesupport_introspection_c__visibility_control.h
-- Up-to-date symlink: /home/E14Raspberry/ScooperBot/tennisbot_ws/install/ros2_nav_to_pose_msgs/include/ros2_nav_to_pose_msgs/ros2_nav_to_pose_msgs/action/detail/navigate_to_pose__rosidl_typesupport_introspection_cpp.hpp
-- Up-to-date symlink: /home/E14Raspberry/ScooperBot/tennisbot_ws/install/ros2_nav_to_pose_msgs/share/ros2_nav_to_pose_msgs/environment/pythonpath.sh
-- Up-to-date symlink: /home/E14Raspberry/ScooperBot/tennisbot_ws/install/ros2_nav_to_pose_msgs/share/ros2_nav_to_pose_msgs/environment/pythonpath.dsv
-- Up-to-date symlink: /home/E14Raspberry/ScooperBot/tennisbot_ws/install/ros2_nav_to_pose_msgs/lib/python3.12/site-packages/ros2_nav_to_pose_msgs-0.1.0-py3.12.egg-info/PKG-INFO
-- Up-to-date symlink: /home/E14Raspberry/ScooperBot/tennisbot_ws/install/ros2_nav_to_pose_msgs/lib/python3.12/site-packages/ros2_nav_to_pose_msgs-0.1.0-py3.12.egg-info/SOURCES.txt
-- Up-to-date symlink: /home/E14Raspberry/ScooperBot/tennisbot_ws/install/ros2_nav_to_pose_msgs/lib/python3.12/site-packages/ros2_nav_to_pose_msgs-0.1.0-py3.12.egg-info/dependency_links.txt
-- Up-to-date symlink: /home/E14Raspberry/ScooperBot/tennisbot_ws/install/ros2_nav_to_pose_msgs/lib/python3.12/site-packages/ros2_nav_to_pose_msgs-0.1.0-py3.12.egg-info/top_level.txt
-- Up-to-date symlink: /home/E14Raspberry/ScooperBot/tennisbot_ws/install/ros2_nav_to_pose_msgs/lib/python3.12/site-packages/ros2_nav_to_pose_msgs/__init__.py
-- Up-to-date symlink: /home/E14Raspberry/ScooperBot/tennisbot_ws/install/ros2_nav_to_pose_msgs/lib/python3.12/site-packages/ros2_nav_to_pose_msgs/_ros2_nav_to_pose_msgs_s.ep.rosidl_typesupport_c.c
-- Up-to-date symlink: /home/E14Raspberry/ScooperBot/tennisbot_ws/install/ros2_nav_to_pose_msgs/lib/python3.12/site-packages/ros2_nav_to_pose_msgs/_ros2_nav_to_pose_msgs_s.ep.rosidl_typesupport_fastrtps_c.c
-- Up-to-date symlink: /home/E14Raspberry/ScooperBot/tennisbot_ws/install/ros2_nav_to_pose_msgs/lib/python3.12/site-packages/ros2_nav_to_pose_msgs/_ros2_nav_to_pose_msgs_s.ep.rosidl_typesupport_introspection_c.c
-- Up-to-date symlink: /home/E14Raspberry/ScooperBot/tennisbot_ws/install/ros2_nav_to_pose_msgs/lib/python3.12/site-packages/ros2_nav_to_pose_msgs/action/__init__.py
-- Up-to-date symlink: /home/E14Raspberry/ScooperBot/tennisbot_ws/install/ros2_nav_to_pose_msgs/lib/python3.12/site-packages/ros2_nav_to_pose_msgs/action/_navigate_to_pose.py
-- Up-to-date symlink: /home/E14Raspberry/ScooperBot/tennisbot_ws/install/ros2_nav_to_pose_msgs/lib/python3.12/site-packages/ros2_nav_to_pose_msgs/action/_navigate_to_pose_s.c
-- Up-to-date symlink: /home/E14Raspberry/ScooperBot/tennisbot_ws/install/ros2_nav_to_pose_msgs/lib/python3.12/site-packages/ros2_nav_to_pose_msgs/ros2_nav_to_pose_msgs_s__rosidl_typesupport_c.so
-- Up-to-date symlink: /home/E14Raspberry/ScooperBot/tennisbot_ws/install/ros2_nav_to_pose_msgs/lib/python3.12/site-packages/ros2_nav_to_pose_msgs/ros2_nav_to_pose_msgs_s__rosidl_typesupport_fastrtps_c.so
-- Up-to-date symlink: /home/E14Raspberry/ScooperBot/tennisbot_ws/install/ros2_nav_to_pose_msgs/lib/python3.12/site-packages/ros2_nav_to_pose_msgs/ros2_nav_to_pose_msgs_s__rosidl_typesupport_introspection_c.so
-- Up-to-date symlink: /home/E14Raspberry/ScooperBot/tennisbot_ws/install/ros2_nav_to_pose_msgs/lib/python3.12/site-packages/ros2_nav_to_pose_msgs/ros2_nav_to_pose_msgs_s__rosidl_typesupport_fastrtps_c.so
-- Up-to-date symlink: /home/E14Raspberry/ScooperBot/tennisbot_ws/install/ros2_nav_to_pose_msgs/lib/python3.12/site-packages/ros2_nav_to_pose_msgs/ros2_nav_to_pose_msgs_s__rosidl_typesupport_introspection_c.so
-- Up-to-date symlink: /home/E14Raspberry/ScooperBot/tennisbot_ws/install/ros2_nav_to_pose_msgs/lib/python3.12/site-packages/ros2_nav_to_pose_msgs/ros2_nav_to_pose_msgs_s__rosidl_typesupport_c.so
-- Up-to-date symlink: /home/E14Raspberry/ScooperBot/tennisbot_ws/install/ros2_nav_to_pose_msgs/share/ros2_nav_to_pose_msgs/action/NavigateToPose.idl
-- Up-to-date symlink: /home/E14Raspberry/ScooperBot/tennisbot_ws/install/ros2_nav_to_pose_msgs/share/ros2_nav_to_pose_msgs/action/NavigateToPose.action
-- Up-to-date symlink: /home/E14Raspberry/ScooperBot/tennisbot_ws/install/ros2_nav_to_pose_msgs/share/ament_index/resource_index/package_run_dependencies/ros2_nav_to_pose_msgs
-- Up-to-date symlink: /home/E14Raspberry/ScooperBot/tennisbot_ws/install/ros2_nav_to_pose_msgs/share/ament_index/resource_index/parent_prefix_path/ros2_nav_to_pose_msgs
-- Up-to-date symlink: /home/E14Raspberry/ScooperBot/tennisbot_ws/install/ros2_nav_to_pose_msgs/share/ros2_nav_to_pose_msgs/environment/ament_prefix_path.sh
-- Up-to-date symlink: /home/E14Raspberry/ScooperBot/tennisbot_ws/install/ros2_nav_to_pose_msgs/share/ros2_nav_to_pose_msgs/environment/ament_prefix_path.dsv
-- Up-to-date symlink: /home/E14Raspberry/ScooperBot/tennisbot_ws/install/ros2_nav_to_pose_msgs/share/ros2_nav_to_pose_msgs/environment/path.sh
-- Up-to-date symlink: /home/E14Raspberry/ScooperBot/tennisbot_ws/install/ros2_nav_to_pose_msgs/share/ros2_nav_to_pose_msgs/environment/path.dsv
-- Up-to-date symlink: /home/E14Raspberry/ScooperBot/tennisbot_ws/install/ros2_nav_to_pose_msgs/share/ros2_nav_to_pose_msgs/local_setup.bash
-- Up-to-date symlink: /home/E14Raspberry/ScooperBot/tennisbot_ws/install/ros2_nav_to_pose_msgs/share/ros2_nav_to_pose_msgs/local_setup.sh
-- Up-to-date symlink: /home/E14Raspberry/ScooperBot/tennisbot_ws/install/ros2_nav_to_pose_msgs/share/ros2_nav_to_pose_msgs/local_setup.zsh
-- Up-to-date symlink: /home/E14Raspberry/ScooperBot/tennisbot_ws/install/ros2_nav_to_pose_msgs/share/ros2_nav_to_pose_msgs/local_setup.dsv
-- Symlinking: /home/E14Raspberry/ScooperBot/tennisbot_ws/install/ros2_nav_to_pose_msgs/share/ros2_nav_to_pose_msgs/package.dsv
-- Up-to-date symlink: /home/E14Raspberry/ScooperBot/tennisbot_ws/install/ros2_nav_to_pose_msgs/share/ament_index/resource_index/packages/ros2_nav_to_pose_msgs
-- Up-to-date symlink: /home/E14Raspberry/ScooperBot/tennisbot_ws/install/ros2_nav_to_pose_msgs/share/ros2_nav_to_pose_msgs/cmake/rosidl_cmake-extras.cmake
-- Up-to-date symlink: /home/E14Raspberry/ScooperBot/tennisbot_ws/install/ros2_nav_to_pose_msgs/share/ros2_nav_to_pose_msgs/cmake/ament_cmake_export_dependencies-extras.cmake
-- Up-to-date symlink: /home/E14Raspberry/ScooperBot/tennisbot_ws/install/ros2_nav_to_pose_msgs/share/ros2_nav_to_pose_msgs/cmake/ament_cmake_export_include_directories-extras.cmake
-- Up-to-date symlink: /home/E14Raspberry/ScooperBot/tennisbot_ws/install/ros2_nav_to_pose_msgs/share/ros2_nav_to_pose_msgs/cmake/ament_cmake_export_libraries-extras.cmake
-- Up-to-date symlink: /home/E14Raspberry/ScooperBot/tennisbot_ws/install/ros2_nav_to_pose_msgs/share/ros2_nav_to_pose_msgs/cmake/ament_cmake_export_targets-extras.cmake
-- Up-to-date symlink: /home/E14Raspberry/ScooperBot/tennisbot_ws/install/ros2_nav_to_pose_msgs/share/ros2_nav_to_pose_msgs/cmake/rosidl_cmake_export_typesupport_targets-extras.cmake
-- Up-to-date symlink: /home/E14Raspberry/ScooperBot/tennisbot_ws/install/ros2_nav_to_pose_msgs/share/ros2_nav_to_pose_msgs/cmake/rosidl_cmake_export_typesupport_libraries-extras.cmake
-- Up-to-date symlink: /home/E14Raspberry/ScooperBot/tennisbot_ws/install/ros2_nav_to_pose_msgs/share/ros2_nav_to_pose_msgs/cmake/ros2_nav_to_pose_msgsConfig.cmake
-- Up-to-date symlink: /home/E14Raspberry/ScooperBot/tennisbot_ws/install/ros2_nav_to_pose_msgs/share/ros2_nav_to_pose_msgs/cmake/ros2_nav_to_pose_msgsConfig-version.cmake
-- Up-to-date symlink: /home/E14Raspberry/ScooperBot/tennisbot_ws/install/ros2_nav_to_pose_msgs/share/ros2_nav_to_pose_msgs/package.xml
-- Up-to-date: /home/E14Raspberry/ScooperBot/tennisbot_ws/install/ros2_nav_to_pose_msgs/lib/libros2_nav_to_pose_msgs__rosidl_generator_c.so
-- Up-to-date: /home/E14Raspberry/ScooperBot/tennisbot_ws/install/ros2_nav_to_pose_msgs/lib/libros2_nav_to_pose_msgs__rosidl_typesupport_fastrtps_c.so
-- Up-to-date: /home/E14Raspberry/ScooperBot/tennisbot_ws/install/ros2_nav_to_pose_msgs/lib/libros2_nav_to_pose_msgs__rosidl_typesupport_fastrtps_cpp.so
-- Up-to-date: /home/E14Raspberry/ScooperBot/tennisbot_ws/install/ros2_nav_to_pose_msgs/lib/libros2_nav_to_pose_msgs__rosidl_typesupport_introspection_c.so
-- Up-to-date: /home/E14Raspberry/ScooperBot/tennisbot_ws/install/ros2_nav_to_pose_msgs/lib/libros2_nav_to_pose_msgs__rosidl_typesupport_c.so
-- Up-to-date: /home/E14Raspberry/ScooperBot/tennisbot_ws/install/ros2_nav_to_pose_msgs/lib/libros2_nav_to_pose_msgs__rosidl_typesupport_introspection_cpp.so
-- Up-to-date: /home/E14Raspberry/ScooperBot/tennisbot_ws/install/ros2_nav_to_pose_msgs/lib/libros2_nav_to_pose_msgs__rosidl_typesupport_cpp.so
Listing '/home/E14Raspberry/ScooperBot/tennisbot_ws/install/ros2_nav_to_pose_msgs/lib/python3.12/site-packages/ros2_nav_to_pose_msgs'...
Listing '/home/E14Raspberry/ScooperBot/tennisbot_ws/install/ros2_nav_to_pose_msgs/lib/python3.12/site-packages/ros2_nav_to_pose_msgs/action'...
-- Up-to-date: /home/E14Raspberry/ScooperBot/tennisbot_ws/install/ros2_nav_to_pose_msgs/lib/libros2_nav_to_pose_msgs__rosidl_generator_py.so
-- Up-to-date: /home/E14Raspberry/ScooperBot/tennisbot_ws/install/ros2_nav_to_pose_msgs/share/ros2_nav_to_pose_msgs/cmake/export_ros2_nav_to_pose_msgs__rosidl_generator_cExport.cmake
-- Up-to-date: /home/E14Raspberry/ScooperBot/tennisbot_ws/install/ros2_nav_to_pose_msgs/share/ros2_nav_to_pose_msgs/cmake/export_ros2_nav_to_pose_msgs__rosidl_generator_cExport-noconfig.cmake
-- Up-to-date: /home/E14Raspberry/ScooperBot/tennisbot_ws/install/ros2_nav_to_pose_msgs/share/ros2_nav_to_pose_msgs/cmake/export_ros2_nav_to_pose_msgs__rosidl_typesupport_fastrtps_cExport.cmake
-- Up-to-date: /home/E14Raspberry/ScooperBot/tennisbot_ws/install/ros2_nav_to_pose_msgs/share/ros2_nav_to_pose_msgs/cmake/export_ros2_nav_to_pose_msgs__rosidl_typesupport_fastrtps_cExport-noconfig.cmake
-- Up-to-date: /home/E14Raspberry/ScooperBot/tennisbot_ws/install/ros2_nav_to_pose_msgs/share/ros2_nav_to_pose_msgs/cmake/export_ros2_nav_to_pose_msgs__rosidl_generator_cppExport.cmake
-- Up-to-date: /home/E14Raspberry/ScooperBot/tennisbot_ws/install/ros2_nav_to_pose_msgs/share/ros2_nav_to_pose_msgs/cmake/export_ros2_nav_to_pose_msgs__rosidl_typesupport_fastrtps_cppExport.cmake
-- Up-to-date: /home/E14Raspberry/ScooperBot/tennisbot_ws/install/ros2_nav_to_pose_msgs/share/ros2_nav_to_pose_msgs/cmake/export_ros2_nav_to_pose_msgs__rosidl_typesupport_fastrtps_cppExport-noconfig.cmake
-- Up-to-date: /home/E14Raspberry/ScooperBot/tennisbot_ws/install/ros2_nav_to_pose_msgs/share/ros2_nav_to_pose_msgs/cmake/ros2_nav_to_pose_msgs__rosidl_typesupport_introspection_cExport.cmake
-- Up-to-date: /home/E14Raspberry/ScooperBot/tennisbot_ws/install/ros2_nav_to_pose_msgs/share/ros2_nav_to_pose_msgs/cmake/ros2_nav_to_pose_msgs__rosidl_typesupport_introspection_cExport-noconfig.cmake
-- Up-to-date: /home/E14Raspberry/ScooperBot/tennisbot_ws/install/ros2_nav_to_pose_msgs/share/ros2_nav_to_pose_msgs/cmake/ros2_nav_to_pose_msgs__rosidl_typesupport_cExport.cmake
-- Up-to-date: /home/E14Raspberry/ScooperBot/tennisbot_ws/install/ros2_nav_to_pose_msgs/share/ros2_nav_to_pose_msgs/cmake/ros2_nav_to_pose_msgs__rosidl_typesupport_cExport-noconfig.cmake
-- Up-to-date: /home/E14Raspberry/ScooperBot/tennisbot_ws/install/ros2_nav_to_pose_msgs/share/ros2_nav_to_pose_msgs/cmake/ros2_nav_to_pose_msgs__rosidl_typesupport_introspection_cppExport.cmake
-- Up-to-date: /home/E14Raspberry/ScooperBot/tennisbot_ws/install/ros2_nav_to_pose_msgs/share/ros2_nav_to_pose_msgs/cmake/ros2_nav_to_pose_msgs__rosidl_typesupport_introspection_cppExport-noconfig.cmake
-- Up-to-date: /home/E14Raspberry/ScooperBot/tennisbot_ws/install/ros2_nav_to_pose_msgs/share/ros2_nav_to_pose_msgs/cmake/ros2_nav_to_pose_msgs__rosidl_typesupport_cppExport.cmake
-- Up-to-date: /home/E14Raspberry/ScooperBot/tennisbot_ws/install/ros2_nav_to_pose_msgs/share/ros2_nav_to_pose_msgs/cmake/ros2_nav_to_pose_msgs__rosidl_typesupport_cppExport-noconfig.cmake
-- Up-to-date: /home/E14Raspberry/ScooperBot/tennisbot_ws/install/ros2_nav_to_pose_msgs/share/ros2_nav_to_pose_msgs/cmake/export_ros2_nav_to_pose_msgs__rosidl_generator_pyExport.cmake
-- Up-to-date: /home/E14Raspberry/ScooperBot/tennisbot_ws/install/ros2_nav_to_pose_msgs/share/ros2_nav_to_pose_msgs/cmake/export_ros2_nav_to_pose_msgs__rosidl_generator_pyExport-noconfig.cmake
