[16.504s] Invoking command in '/home/E14Raspberry/ScooperBot/tennisbot_ws/build/ball_tracker': PYTHONPATH=/home/E14Raspberry/ScooperBot/tennisbot_ws/build/ball_tracker/prefix_override:/usr/lib/python3/dist-packages/colcon_core/task/python/colcon_distutils_commands:/home/E14Raspberry/ScooperBot/tennisbot_ws/install/ball_tracker/lib/python3.12/site-packages:${PYTHONPATH} /usr/bin/python3 -W ignore:setup.py install is deprecated setup.py develop --editable --build-directory /home/E14Raspberry/ScooperBot/tennisbot_ws/build/ball_tracker/build --no-deps symlink_data
[18.509s] /usr/lib/python3/dist-packages/setuptools/dist.py:744: SetuptoolsDeprecationWarning: Invalid dash-separated options
[18.511s] !!
[18.517s] 
[18.521s]         ********************************************************************************
[18.523s]         Usage of dash-separated 'script-dir' will not be supported in future
[18.532s]         versions. Please use the underscore name 'script_dir' instead.
[18.533s] 
[18.543s]         This deprecation is overdue, please update your project and remove deprecated
[18.544s]         calls to avoid build errors in the future.
[18.549s] 
[18.550s]         See https://setuptools.pypa.io/en/latest/userguide/declarative_config.html for details.
[18.554s]         ********************************************************************************
[18.555s] 
[18.557s] !!
[18.561s]   opt = self.warn_dash_deprecation(opt, section)
[22.098s] running develop
[22.105s] /usr/lib/python3/dist-packages/setuptools/command/develop.py:40: EasyInstallDeprecationWarning: easy_install command is deprecated.
[22.106s] !!
[22.111s] 
[22.112s]         ********************************************************************************
[22.115s]         Please avoid running ``setup.py`` and ``easy_install``.
[22.116s]         Instead, use pypa/build, pypa/installer or other
[22.117s]         standards-based tools.
[22.119s] 
[22.121s]         See https://github.com/pypa/setuptools/issues/917 for details.
[22.122s]         ********************************************************************************
[22.124s] 
[22.125s] !!
[22.126s]   easy_install.initialize_options(self)
[26.469s] running egg_info
[26.807s] writing ball_tracker.egg-info/PKG-INFO
[26.817s] writing dependency_links to ball_tracker.egg-info/dependency_links.txt
[26.822s] writing entry points to ball_tracker.egg-info/entry_points.txt
[26.823s] writing requirements to ball_tracker.egg-info/requires.txt
[26.827s] writing top-level names to ball_tracker.egg-info/top_level.txt
[27.685s] reading manifest file 'ball_tracker.egg-info/SOURCES.txt'
[27.700s] writing manifest file 'ball_tracker.egg-info/SOURCES.txt'
[28.091s] running build_ext
[28.094s] Creating /home/E14Raspberry/ScooperBot/tennisbot_ws/install/ball_tracker/lib/python3.12/site-packages/ball-tracker.egg-link (link to .)
[28.099s] Installing detect_ball script to /home/E14Raspberry/ScooperBot/tennisbot_ws/install/ball_tracker/lib/ball_tracker
[28.104s] Installing detect_ball_3d script to /home/E14Raspberry/ScooperBot/tennisbot_ws/install/ball_tracker/lib/ball_tracker
[28.106s] Installing detect_ball_nn script to /home/E14Raspberry/ScooperBot/tennisbot_ws/install/ball_tracker/lib/ball_tracker
[28.112s] Installing follow_ball script to /home/E14Raspberry/ScooperBot/tennisbot_ws/install/ball_tracker/lib/ball_tracker
[28.114s] 
[28.115s] Installed /home/E14Raspberry/ScooperBot/tennisbot_ws/build/ball_tracker
[28.120s] running symlink_data
[28.862s] Invoked command in '/home/E14Raspberry/ScooperBot/tennisbot_ws/build/ball_tracker' returned '0': PYTHONPATH=/home/E14Raspberry/ScooperBot/tennisbot_ws/build/ball_tracker/prefix_override:/usr/lib/python3/dist-packages/colcon_core/task/python/colcon_distutils_commands:/home/E14Raspberry/ScooperBot/tennisbot_ws/install/ball_tracker/lib/python3.12/site-packages:${PYTHONPATH} /usr/bin/python3 -W ignore:setup.py install is deprecated setup.py develop --editable --build-directory /home/E14Raspberry/ScooperBot/tennisbot_ws/build/ball_tracker/build --no-deps symlink_data
